 YYYY DAY  RAD_AU  HGI_LAT  HGI_LON
2021 153    0.8980963     6.296489     353.981036
2021 154    0.8983032     6.183046     355.262173
2021 155    0.8985906     6.066602     356.542049
2021 156    0.8989581     5.947243     357.820433
2021 157    0.8994057     5.825058     359.097098
2021 158    0.8999329     5.700139       0.371820
2021 159    0.9005394     5.572581       1.644377
2021 160    0.9012248     5.442482       2.914553
2021 161    0.9019887     5.309940       4.182134
2021 162    0.9028305     5.175059       5.446911
2021 163    0.9037498     5.037940       6.708682
2021 164    0.9047458     4.898690       7.967246
2021 165    0.9058179     4.757415       9.222410
2021 166    0.9069655     4.614222      10.473985
2021 167    0.9081879     4.469220      11.721787
2021 168    0.9094841     4.322518      12.965639
2021 169    0.9108534     4.174226      14.205368
2021 170    0.9122949     4.024452      15.440808
2021 171    0.9138078     3.873308      16.671799
2021 172    0.9153911     3.720903      17.898186
2021 173    0.9170437     3.567344      19.119821
2021 174    0.9187648     3.412741      20.336562
2021 175    0.9205532     3.257202      21.548274
2021 176    0.9224079     3.100832      22.754825
2021 177    0.9243278     2.943737      23.956094
2021 178    0.9263118     2.786021      25.151961
2021 179    0.9283587     2.627787      26.342317
2021 180    0.9304674     2.469134      27.527055
2021 181    0.9326366     2.310162      28.706077
2021 182    0.9348651     2.150967      29.879290
2021 183    0.9371518     1.991645      31.046607
2021 184    0.9394953     1.832289      32.207945
2021 185    0.9418944     1.672988      33.363231
2021 186    0.9443479     1.513831      34.512393
2021 187    0.9468544     1.354904      35.655367
2021 188    0.9494126     1.196291      36.792095
2021 189    0.9520214     1.038071      37.922523
2021 190    0.9546792     0.880323      39.046602
2021 191    0.9573849     0.723123      40.164289
2021 192    0.9601371     0.566544      41.275545
2021 193    0.9629345     0.410656      42.380338
2021 194    0.9657758     0.255527      43.478637
2021 195    0.9686597     0.101221      44.570418
2021 196    0.9715847    -0.052199      45.655661
2021 197    0.9745498    -0.204673      46.734350
2021 198    0.9775534    -0.356144      47.806473
2021 199    0.9805943    -0.506558      48.872022
2021 200    0.9836713    -0.655863      49.930993
2021 201    0.9867829    -0.804010      50.983384
2021 202    0.9899280    -0.950952      52.029200
2021 203    0.9931052    -1.096645      53.068445
2021 204    0.9963134    -1.241046      54.101130
2021 205    0.9995511    -1.384118      55.127266
2021 206    1.0028173    -1.525822      56.146870
2021 207    1.0061106    -1.666125      57.159959
2021 208    1.0094298    -1.804992      58.166554
2021 209    1.0127737    -1.942395      59.166678
2021 210    1.0161411    -2.078305      60.160357
2021 211    1.0195309    -2.212695      61.147618
2021 212    1.0229419    -2.345543      62.128493
2021 213    1.0263728    -2.476824      63.103013
2021 214    1.0298227    -2.606521      64.071212
2021 215    1.0332903    -2.734613      65.033127
2021 216    1.0367745    -2.861084      65.988794
2021 217    1.0402743    -2.985919      66.938252
2021 218    1.0437886    -3.109105      67.881544
2021 219    1.0473162    -3.230631      68.818710
2021 220    1.0508563    -3.350485      69.749794
2021 221    1.0544077    -3.468658      70.674841
2021 222    1.0579694    -3.585145      71.593896
2021 223    1.0615405    -3.699937      72.507006
2021 224    1.0651199    -3.813031      73.414220
2021 225    1.0687067    -3.924423      74.315585
2021 226    1.0723000    -4.034111      75.211152
2021 227    1.0758988    -4.142092      76.100970
2021 228    1.0795023    -4.248368      76.985090
2021 229    1.0831094    -4.352937      77.863565
2021 230    1.0867195    -4.455803      78.736445
2021 231    1.0903315    -4.556968      79.603785
2021 232    1.0939446    -4.656434      80.465636
2021 233    1.0975581    -4.754207      81.322052
2021 234    1.1011710    -4.850291      82.173087
2021 235    1.1047827    -4.944692      83.018795
2021 236    1.1083923    -5.037416      83.859231
2021 237    1.1119991    -5.128470      84.694448
2021 238    1.1156023    -5.217862      85.524502
2021 239    1.1192012    -5.305600      86.349447
2021 240    1.1227950    -5.391692      87.169338
2021 241    1.1263831    -5.476149      87.984230
2021 242    1.1299648    -5.558978      88.794178
2021 243    1.1335394    -5.640191      89.599237
2021 244    1.1371062    -5.719798      90.399466
2021 245    1.1406646    -5.797809      91.194911
2021 246    1.1442140    -5.874236      91.985630
2021 247    1.1477537    -5.949090      92.771679
2021 248    1.1512832    -6.022382      93.553111
2021 249    1.1548018    -6.094125      94.329981
2021 250    1.1583090    -6.164331      95.102344
2021 251    1.1618042    -6.233012      95.870252
2021 252    1.1652868    -6.300180      96.633759
2021 253    1.1687564    -6.365849      97.392918
2021 254    1.1722124    -6.430031      98.147783
2021 255    1.1756542    -6.492739      98.898406
2021 256    1.1790815    -6.553987      99.644839
2021 257    1.1824936    -6.613786     100.387135
2021 258    1.1858901    -6.672152     101.125346
2021 259    1.1892705    -6.729096     101.859523
2021 260    1.1926345    -6.784633     102.589717
2021 261    1.1959814    -6.838775     103.315978
2021 262    1.1993110    -6.891536     104.038358
2021 263    1.2026227    -6.942930     104.756906
2021 264    1.2059161    -6.992969     105.471673
2021 265    1.2091909    -7.041668     106.182707
2021 266    1.2124467    -7.089040     106.890057
2021 267    1.2156830    -7.135097     107.593773
2021 268    1.2188995    -7.179854     108.293902
2021 269    1.2220958    -7.223322     108.990491
2021 270    1.2252715    -7.265517     109.683590
2021 271    1.2284264    -7.306450     110.373243
2021 272    1.2315599    -7.346135     111.059499
2021 273    1.2346720    -7.384584     111.742404
2021 274    1.2377621    -7.421811     112.422002
2021 275    1.2408300    -7.457829     113.098340
2021 276    1.2438753    -7.492649     113.771463
2021 277    1.2468978    -7.526284     114.441416
2021 278    1.2498972    -7.558748     115.108242
2021 279    1.2528731    -7.590051     115.771985
2021 280    1.2558254    -7.620208     116.432689
2021 281    1.2587537    -7.649229     117.090398
2021 282    1.2616577    -7.677126     117.745153
2021 283    1.2645372    -7.703912     118.396997
2021 284    1.2673920    -7.729598     119.045973
2021 285    1.2702217    -7.754196     119.692120
2021 286    1.2730262    -7.777717     120.335481
2021 287    1.2758052    -7.800173     120.976097
2021 288    1.2785585    -7.821575     121.614007
2021 289    1.2812858    -7.841934     122.249252
2021 290    1.2839870    -7.861261     122.881872
2021 291    1.2866618    -7.879566     123.511905
2021 292    1.2893101    -7.896861     124.139391
2021 293    1.2919315    -7.913155     124.764368
2021 294    1.2945260    -7.928460     125.386874
2021 295    1.2970933    -7.942786     126.006948
2021 296    1.2996332    -7.956142     126.624626
2021 297    1.3021456    -7.968538     127.239946
2021 298    1.3046303    -7.979986     127.852945
2021 299    1.3070871    -7.990493     128.463659
2021 300    1.3095158    -8.000070     129.072124
2021 301    1.3119163    -8.008726     129.678377
2021 302    1.3142885    -8.016470     130.282452
2021 303    1.3166320    -8.023312     130.884385
2021 304    1.3189469    -8.029260     131.484210
2021 305    1.3212329    -8.034323     132.081963
2021 306    1.3234900    -8.038511     132.677678
2021 307    1.3257179    -8.041831     133.271388
2021 308    1.3279166    -8.044292     133.863127
2021 309    1.3300859    -8.045902     134.452928
2021 310    1.3322256    -8.046669     135.040825
2021 311    1.3343357    -8.046602     135.626851
2021 312    1.3364160    -8.045709     136.211037
2021 313    1.3384665    -8.043996     136.793416
2021 314    1.3404869    -8.041473     137.374021
2021 315    1.3424772    -8.038145     137.952883
2021 316    1.3444373    -8.034021     138.530033
2021 317    1.3463670    -8.029108     139.105502
2021 318    1.3482663    -8.023413     139.679322
2021 319    1.3501350    -8.016943     140.251523
2021 320    1.3519732    -8.009705     140.822136
2021 321    1.3537805    -8.001705     141.391191
2021 322    1.3555571    -7.992950     141.958718
2021 323    1.3573027    -7.983448     142.524746
2021 324    1.3590173    -7.973203     143.089306
2021 325    1.3607009    -7.962222     143.652427
2021 326    1.3623532    -7.950512     144.214138
2021 327    1.3639743    -7.938078     144.774467
2021 328    1.3655641    -7.924927     145.333444
2021 329    1.3671225    -7.911064     145.891097
2021 330    1.3686494    -7.896495     146.447454
2021 331    1.3701447    -7.881225     147.002543
2021 332    1.3716084    -7.865260     147.556394
2021 333    1.3730405    -7.848605     148.109032
2021 334    1.3744407    -7.831266     148.660487
2021 335    1.3758092    -7.813248     149.210785
2021 336    1.3771458    -7.794555     149.759953
2021 337    1.3784504    -7.775193     150.308019
2021 338    1.3797231    -7.755166     150.855010
2021 339    1.3809637    -7.734480     151.400953
2021 340    1.3821722    -7.713138     151.945873
2021 341    1.3833486    -7.691146     152.489798
2021 342    1.3844928    -7.668507     153.032755
2021 343    1.3856047    -7.645226     153.574769
2021 344    1.3866843    -7.621308     154.115866
2021 345    1.3877316    -7.596757     154.656072
2021 346    1.3887465    -7.571576     155.195414
2021 347    1.3897290    -7.545769     155.733916
2021 348    1.3906790    -7.519341     156.271606
2021 349    1.3915965    -7.492295     156.808507
2021 350    1.3924815    -7.464635     157.344646
2021 351    1.3933339    -7.436365     157.880048
2021 352    1.3941536    -7.407487     158.414738
2021 353    1.3949408    -7.378006     158.948741
2021 354    1.3956953    -7.347925     159.482082
2021 355    1.3964171    -7.317247     160.014787
2021 356    1.3971061    -7.285976     160.546880
2021 357    1.3977624    -7.254113     161.078385
2021 358    1.3983860    -7.221663     161.609328
2021 359    1.3989767    -7.188629     162.139733
2021 360    1.3995346    -7.155013     162.669625
2021 361    1.4000596    -7.120818     163.199029
2021 362    1.4005518    -7.086047     163.727968
2021 363    1.4010111    -7.050703     164.256467
2021 364    1.4014375    -7.014787     164.784552
2021 365    1.4018310    -6.978303     165.312245
2022   1    1.4021916    -6.941253     165.839571
2022   2    1.4025192    -6.903640     166.366555
2022   3    1.4028138    -6.865465     166.893221
2022   4    1.4030755    -6.826732     167.419592
2022   5    1.4033042    -6.787441     167.945694
2022   6    1.4035000    -6.747596     168.471551
2022   7    1.4036627    -6.707198     168.997185
2022   8    1.4037924    -6.666249     169.522623
2022   9    1.4038891    -6.624752     170.047887
2022  10    1.4039529    -6.582708     170.573002
2022  11    1.4039836    -6.540118     171.097993
2022  12    1.4039813    -6.496985     171.622882
2022  13    1.4039459    -6.453311     172.147695
2022  14    1.4038776    -6.409096     172.672456
2022  15    1.4037763    -6.364342     173.197189
2022  16    1.4036420    -6.319052     173.721917
2022  17    1.4034746    -6.273226     174.246666
2022  18    1.4032743    -6.226866     174.771460
2022  19    1.4030410    -6.179973     175.296322
2022  20    1.4027747    -6.132549     175.821278
2022  21    1.4024754    -6.084594     176.346351
2022  22    1.4021432    -6.036111     176.871567
2022  23    1.4017780    -5.987099     177.396950
2022  24    1.4013800    -5.937560     177.922524
2022  25    1.4009489    -5.887496     178.448313
2022  26    1.4004850    -5.836907     178.974344
2022  27    1.3999882    -5.785794     179.500640
2022  28    1.3994586    -5.734159     180.027226
2022  29    1.3988961    -5.682001     180.554128
2022  30    1.3983007    -5.629323     181.081369
2022  31    1.3976726    -5.576123     181.608977
2022  32    1.3970117    -5.522405     182.136975
2022  33    1.3963180    -5.468167     182.665388
2022  34    1.3955917    -5.413412     183.194244
2022  35    1.3948326    -5.358139     183.723566
2022  36    1.3940408    -5.302349     184.253381
2022  37    1.3932164    -5.246043     184.783714
2022  38    1.3923594    -5.189221     185.314591
2022  39    1.3914698    -5.131884     185.846038
2022  40    1.3905477    -5.074032     186.378082
2022  41    1.3895931    -5.015666     186.910748
2022  42    1.3886060    -4.956786     187.444064
2022  43    1.3875865    -4.897393     187.978055
2022  44    1.3865347    -4.837486     188.512749
2022  45    1.3854504    -4.777067     189.048172
2022  46    1.3843339    -4.716136     189.584351
2022  47    1.3831852    -4.654693     190.121313
2022  48    1.3820042    -4.592739     190.659087
2022  49    1.3807911    -4.530273     191.197699
2022  50    1.3795459    -4.467296     191.737178
2022  51    1.3782687    -4.403808     192.277550
2022  52    1.3769594    -4.339809     192.818845
2022  53    1.3756182    -4.275301     193.361091
2022  54    1.3742452    -4.210282     193.904316
2022  55    1.3728403    -4.144753     194.448548
2022  56    1.3714037    -4.078715     194.993818
2022  57    1.3699354    -4.012168     195.540154
2022  58    1.3684355    -3.945111     196.087586
2022  59    1.3669041    -3.877546     196.636142
2022  60    1.3653411    -3.809471     197.185854
2022  61    1.3637468    -3.740889     197.736751
2022  62    1.3621211    -3.671798     198.288864
2022  63    1.3604642    -3.602199     198.842223
2022  64    1.3587761    -3.532092     199.396859
2022  65    1.3570570    -3.461478     199.952804
2022  66    1.3553068    -3.390357     200.510088
2022  67    1.3535257    -3.318729     201.068744
2022  68    1.3517138    -3.246595     201.628804
2022  69    1.3498712    -3.173954     202.190299
2022  70    1.3479979    -3.100808     202.753263
2022  71    1.3460941    -3.027156     203.317729
2022  72    1.3441599    -2.953000     203.883729
2022  73    1.3421953    -2.878339     204.451297
2022  74    1.3402005    -2.803174     205.020467
2022  75    1.3381756    -2.727506     205.591274
2022  76    1.3361207    -2.651336     206.163751
2022  77    1.3340359    -2.574663     206.737934
2022  78    1.3319214    -2.497489     207.313858
2022  79    1.3297772    -2.419815     207.891559
2022  80    1.3276035    -2.341641     208.471072
2022  81    1.3254004    -2.262969     209.052433
2022  82    1.3231680    -2.183799     209.635680
2022  83    1.3209066    -2.104132     210.220850
2022  84    1.3186162    -2.023970     210.807980
2022  85    1.3162969    -1.943313     211.397107
2022  86    1.3139490    -1.862164     211.988271
2022  87    1.3115725    -1.780523     212.581509
2022  88    1.3091677    -1.698392     213.176861
2022  89    1.3067346    -1.615773     213.774367
2022  90    1.3042735    -1.532667     214.374066
2022  91    1.3017846    -1.449076     214.975998
2022  92    1.2992679    -1.365002     215.580205
2022  93    1.2967237    -1.280447     216.186728
2022  94    1.2941522    -1.195414     216.795608
2022  95    1.2915535    -1.109905     217.406888
2022  96    1.2889278    -1.023922     218.020611
2022  97    1.2862754    -0.937467     218.636818
2022  98    1.2835965    -0.850545     219.255554
2022  99    1.2808911    -0.763157     219.876864
2022 100    1.2781597    -0.675307     220.500791
2022 101    1.2754023    -0.586999     221.127381
2022 102    1.2726192    -0.498235     221.756679
2022 103    1.2698107    -0.409020     222.388731
2022 104    1.2669770    -0.319358     223.023584
2022 105    1.2641182    -0.229252     223.661284
2022 106    1.2612348    -0.138707     224.301881
2022 107    1.2583268    -0.047728     224.945421
2022 108    1.2553946     0.043680     225.591953
2022 109    1.2524385     0.135513     226.241526
2022 110    1.2494588     0.227764     226.894191
2022 111    1.2464556     0.320429     227.549997
2022 112    1.2434293     0.413500     228.208996
2022 113    1.2403803     0.506973     228.871238
2022 114    1.2373087     0.600839     229.536775
2022 115    1.2342149     0.695093     230.205661
2022 116    1.2310993     0.789727     230.877947
2022 117    1.2279621     0.884733     231.553687
2022 118    1.2248038     0.980103     232.232936
2022 119    1.2216246     1.075830     232.915748
2022 120    1.2184248     1.171904     233.602179
2022 121    1.2152050     1.268316     234.292283
2022 122    1.2119653     1.365056     234.986117
2022 123    1.2087063     1.462115     235.683738
2022 124    1.2054282     1.559482     236.385204
2022 125    1.2021316     1.657145     237.090571
2022 126    1.1988167     1.755094     237.799899
2022 127    1.1954841     1.853317     238.513247
2022 128    1.1921341     1.951801     239.230673
2022 129    1.1887673     2.050533     239.952238
2022 130    1.1853839     2.149500     240.678001
2022 131    1.1819845     2.248687     241.408024
2022 132    1.1785697     2.348079     242.142369
2022 133    1.1751397     2.447662     242.881096
2022 134    1.1716952     2.547419     243.624268
2022 135    1.1682366     2.647333     244.371948
2022 136    1.1647646     2.747388     245.124198
2022 137    1.1612795     2.847565     245.881083
2022 138    1.1577819     2.947846     246.642664
2022 139    1.1542724     3.048210     247.409008
2022 140    1.1507516     3.148639     248.180177
2022 141    1.1472200     3.249110     248.956238
2022 142    1.1436782     3.349602     249.737253
2022 143    1.1401269     3.450093     250.523290
2022 144    1.1365666     3.550558     251.314412
2022 145    1.1329980     3.650973     252.110685
2022 146    1.1294217     3.751314     252.912176
2022 147    1.1258385     3.851554     253.718948
2022 148    1.1222489     3.951666     254.531069
2022 149    1.1186536     4.051621     255.348603
2022 150    1.1150534     4.151391     256.171617
2022 151    1.1114490     4.250946     257.000174
2022 152    1.1078412     4.350254     257.834342
2022 153    1.1042306     4.449284     258.674183
2022 154    1.1006180     4.548001     259.519764
2022 155    1.0970043     4.646373     260.371148
2022 156    1.0933901     4.744363     261.228400
2022 157    1.0897765     4.841935     262.091582
2022 158    1.0861640     4.939051     262.960756
2022 159    1.0825537     5.035672     263.835986
2022 160    1.0789464     5.131758     264.717333
2022 161    1.0753430     5.227269     265.604856
2022 162    1.0717442     5.322161     266.498615
2022 163    1.0681512     5.416390     267.398669
2022 164    1.0645647     5.509913     268.305075
2022 165    1.0609858     5.602682     269.217889
2022 166    1.0574154     5.694651     270.137171
2022 167    1.0538545     5.785771     271.062964
2022 168    1.0503041     5.875991     271.995324
2022 169    1.0467652     5.965262     272.934302
2022 170    1.0432388     6.053529     273.879945
2022 171    1.0397260     6.140740     274.832300
2022 172    1.0362278     6.226840     275.791412
2022 173    1.0327453     6.311772     276.757321
2022 174    1.0292796     6.395480     277.730067
2022 175    1.0258319     6.477905     278.709688
2022 176    1.0224032     6.558987     279.696217
2022 177    1.0189947     6.638665     280.689686
2022 178    1.0156076     6.716878     281.690124
2022 179    1.0122429     6.793562     282.697556
2022 180    1.0089020     6.868653     283.712004
2022 181    1.0055860     6.942088     284.733487
2022 182    1.0022961     7.013799     285.762020
2022 183    0.9990335     7.083720     286.797614
2022 184    0.9957995     7.151783     287.840276
2022 185    0.9925954     7.217920     288.890010
2022 186    0.9894223     7.282062     289.946814
2022 187    0.9862816     7.344140     291.010683
2022 188    0.9831745     7.404083     292.081607
2022 189    0.9801023     7.461822     293.159571
2022 190    0.9770663     7.517284     294.244554
2022 191    0.9740679     7.570400     295.336533
2022 192    0.9711083     7.621098     296.435475
2022 193    0.9681888     7.669308     297.541347
2022 194    0.9653108     7.714958     298.654106
2022 195    0.9624755     7.757977     299.773705
2022 196    0.9596843     7.798297     300.900091
2022 197    0.9569386     7.835846     302.033206
2022 198    0.9542395     7.870556     303.172984
2022 199    0.9515885     7.902360     304.319354
2022 200    0.9489869     7.931190     305.472239
2022 201    0.9464359     7.956980     306.631555
2022 202    0.9439369     7.979666     307.797210
2022 203    0.9414912     7.999185     308.969109
2022 204    0.9391000     8.015476     310.147148
2022 205    0.9367646     8.028478     311.331216
2022 206    0.9344863     8.038136     312.521196
2022 207    0.9322662     8.044394     313.716965
2022 208    0.9301058     8.047198     314.918393
2022 209    0.9280061     8.046500     316.125343
2022 210    0.9259683     8.042251     317.337671
2022 211    0.9239937     8.034407     318.555227
2022 212    0.9220833     8.022927     319.777855
2022 213    0.9202383     8.007772     321.005392
2022 214    0.9184597     7.988909     322.237669
2022 215    0.9167487     7.966306     323.474511
2022 216    0.9151063     7.939936     324.715737
2022 217    0.9135335     7.909775     325.961161
2022 218    0.9120312     7.875805     327.210590
2022 219    0.9106004     7.838010     328.463825
2022 220    0.9092420     7.796380     329.720666
2022 221    0.9079568     7.750908     330.980904
2022 222    0.9067457     7.701592     332.244327
2022 223    0.9056094     7.648435     333.510718
2022 224    0.9045487     7.591444     334.779858
2022 225    0.9035642     7.530632     336.051521
2022 226    0.9026567     7.466014     337.325482
2022 227    0.9018266     7.397614     338.601509
2022 228    0.9010746     7.325456     339.879369
2022 229    0.9004012     7.249573     341.158827
2022 230    0.8998068     7.170000     342.439646
2022 231    0.8992917     7.086779     343.721586
2022 232    0.8988564     6.999953     345.004409
2022 233    0.8985012     6.909574     346.287873
2022 234    0.8982262     6.815695     347.571737
2022 235    0.8980317     6.718377     348.855759
2022 236    0.8979178     6.617681     350.139700
2022 237    0.8978845     6.513676     351.423320
2022 238    0.8979320     6.406433     352.706379
2022 239    0.8980601     6.296027     353.988639
2022 240    0.8982688     6.182538     355.269867
2022 241    0.8985579     6.066048     356.549828
2022 242    0.8989272     5.946643     357.828292
2022 243    0.8993766     5.824413     359.105031
2022 244    0.8999056     5.699450       0.379820
2022 245    0.9005140     5.571849       1.652440
2022 246    0.9012013     5.441706       2.922672
2022 247    0.9019670     5.309122       4.190304
2022 248    0.9028107     5.174199       5.455127
2022 249    0.9037318     5.037040       6.716937
2022 250    0.9047297     4.897750       7.975536
2022 251    0.9058038     4.756437       9.230728
2022 252    0.9069532     4.613206      10.482326
2022 253    0.9081774     4.468168      11.730146
2022 254    0.9094755     4.321431      12.974010
2022 255    0.9108467     4.173105      14.213746
2022 256    0.9122901     4.023299      15.449188
2022 257    0.9138049     3.872123      16.680175
2022 258    0.9153900     3.719687      17.906554
2022 259    0.9170445     3.566100      19.128176
2022 260    0.9187674     3.411470      20.344899
2022 261    0.9205576     3.255905      21.556587
2022 262    0.9224141     3.099510      22.763112
2022 263    0.9243359     2.942392      23.964348
2022 264    0.9263216     2.784654      25.160179
2022 265    0.9283703     2.626399      26.350494
2022 266    0.9304807     2.467727      27.535187
2022 267    0.9326516     2.308737      28.714161
2022 268    0.9348819     2.149526      29.887321
2022 269    0.9371702     1.990189      31.054581
2022 270    0.9395154     1.830818      32.215859
2022 271    0.9419162     1.671505      33.371081
2022 272    0.9443713     1.512337      34.520176
2022 273    0.9468795     1.353400      35.663080
2022 274    0.9494393     1.194778      36.799734
2022 275    0.9520496     1.036551      37.930086
2022 276    0.9547090     0.878797      39.054086
2022 277    0.9574162     0.721592      40.171691
2022 278    0.9601699     0.565009      41.282863
2022 279    0.9629688     0.409117      42.387568
2022 280    0.9658115     0.253986      43.485777
2022 281    0.9686968     0.099680      44.577467
2022 282    0.9716233    -0.053740      45.662616
2022 283    0.9745897    -0.206213      46.741209
2022 284    0.9775946    -0.357682      47.813235
2022 285    0.9806369    -0.508093      48.878684
2022 286    0.9837151    -0.657395      49.937553
2022 287    0.9868280    -0.805537      50.989842
2022 288    0.9899744    -0.952474      52.035553
2022 289    0.9931528    -1.098161      53.074693
2022 290    0.9963621    -1.242556      54.107271
2022 291    0.9996010    -1.385620      55.133299
2022 292    1.0028683    -1.527316      56.152794
2022 293    1.0061627    -1.667610      57.165773
2022 294    1.0094830    -1.806469      58.172256
2022 295    1.0128280    -1.943862      59.172268
2022 296    1.0161964    -2.079762      60.165835
2022 297    1.0195872    -2.214142      61.152983
2022 298    1.0229992    -2.346978      62.133744
2022 299    1.0264311    -2.478249      63.108150
2022 300    1.0298818    -2.607933      64.076234
2022 301    1.0333503    -2.736013      65.038033
2022 302    1.0368354    -2.862472      65.993585
2022 303    1.0403361    -2.987295      66.942928
2022 304    1.0438512    -3.110468      67.886104
2022 305    1.0473797    -3.231981      68.823154
2022 306    1.0509205    -3.351821      69.754122
2022 307    1.0544726    -3.469982      70.679053
2022 308    1.0580351    -3.586455      71.597992
2022 309    1.0616069    -3.701234      72.510987
2022 310    1.0651870    -3.814314      73.418085
2022 311    1.0687745    -3.925692      74.319335
2022 312    1.0723684    -4.035366      75.214787
2022 313    1.0759679    -4.143333      76.104490
2022 314    1.0795719    -4.249595      76.988496
2022 315    1.0831797    -4.354151      77.866856
2022 316    1.0867903    -4.457003      78.739623
2022 317    1.0904028    -4.558153      79.606849
2022 318    1.0940165    -4.657606      80.468587
2022 319    1.0976305    -4.755365      81.324891
2022 320    1.1012440    -4.851435      82.175815
2022 321    1.1048561    -4.945822      83.021412
2022 322    1.1084662    -5.038533      83.861737
2022 323    1.1120734    -5.129573      84.696844
2022 324    1.1156770    -5.218952      85.526788
2022 325    1.1192763    -5.306677      86.351625
2022 326    1.1228705    -5.392756      87.171408
2022 327    1.1264590    -5.477200      87.986192
2022 328    1.1300411    -5.560016      88.796033
2022 329    1.1336160    -5.641217      89.600986
2022 330    1.1371831    -5.720811      90.401110
2022 331    1.1407419    -5.798810      91.196449
2022 332    1.1442916    -5.875224      91.987065
2022 333    1.1478316    -5.950066      92.773010
2022 334    1.1513613    -6.023346      93.554340
2022 335    1.1548802    -6.095078      94.331109
2022 336    1.1583877    -6.165272      95.103370
2022 337    1.1618831    -6.233942      95.871178
2022 338    1.1653660    -6.301099      96.634585
2022 339    1.1688358    -6.366757      97.393646
2022 340    1.1722920    -6.430928      98.148413
2022 341    1.1757341    -6.493626      98.898939
2022 342    1.1791615    -6.554863      99.645276
2022 343    1.1825738    -6.614652     100.387476
2022 344    1.1859705    -6.673008     101.125592
2022 345    1.1893511    -6.729942     101.859675
2022 346    1.1927152    -6.785469     102.589775
2022 347    1.1960623    -6.839602     103.315945
2022 348    1.1993920    -6.892354     104.038233
2022 349    1.2027038    -6.943739     104.756690
2022 350    1.2059974    -6.993770     105.471367
2022 351    1.2092723    -7.042460     106.182311
2022 352    1.2125282    -7.089823     106.889573
2022 353    1.2157646    -7.135873     107.593201
2022 354    1.2189812    -7.180621     108.293243
2022 355    1.2221775    -7.224082     108.989746
2022 356    1.2253534    -7.266269     109.682759
2022 357    1.2285083    -7.307195     110.372328
2022 358    1.2316420    -7.346873     111.058500
2022 359    1.2347541    -7.385315     111.741321
2022 360    1.2378442    -7.422535     112.420837
2022 361    1.2409122    -7.458546     113.097093
2022 362    1.2439576    -7.493359     113.770135
2022 363    1.2469802    -7.526989     114.440007
2022 364    1.2499796    -7.559446     115.106753
2022 365    1.2529556    -7.590744     115.770418
2023   1    1.2559079    -7.620894     116.431044
2023   2    1.2588362    -7.649910     117.088675
2023   3    1.2617403    -7.677802     117.743353
2023   4    1.2646198    -7.704582     118.395121
2023   5    1.2674746    -7.730263     119.044021
2023   6    1.2703044    -7.754856     119.690094
2023   7    1.2731089    -7.778373     120.333381
2023   8    1.2758879    -7.800824     120.973923
2023   9    1.2786412    -7.822222     121.611760
2023  10    1.2813686    -7.842576     122.246933
2023  11    1.2840698    -7.861899     122.879481
2023  12    1.2867446    -7.880200     123.509443
2023  13    1.2893929    -7.897491     124.136858
2023  14    1.2920144    -7.913782     124.761766
2023  15    1.2946089    -7.929083     125.384202
2023  16    1.2971762    -7.943405     126.004207
2023  17    1.2997161    -7.956758     126.621817
2023  18    1.3022285    -7.969152     127.237070
2023  19    1.3047132    -7.980596     127.850001
2023  20    1.3071700    -7.991100     128.460648
2023  21    1.3095988    -8.000675     129.069047
2023  22    1.3119993    -8.009328     129.675234
2023  23    1.3143714    -8.017070     130.279244
2023  24    1.3167150    -8.023909     130.881112
2023  25    1.3190299    -8.029855     131.480873
2023  26    1.3213159    -8.034917     132.078562
2023  27    1.3235730    -8.039102     132.674213
2023  28    1.3258009    -8.042421     133.267860
2023  29    1.3279996    -8.044880     133.859536
2023  30    1.3301689    -8.046488     134.449276
2023  31    1.3323087    -8.047255     135.037111
2023  32    1.3344188    -8.047186     135.623075
2023  33    1.3364992    -8.046292     136.207200
2023  34    1.3385496    -8.044578     136.789519
2023  35    1.3405701    -8.042054     137.370064
2023  36    1.3425604    -8.038725     137.948865
2023  37    1.3445205    -8.034601     138.525956
2023  38    1.3464503    -8.029687     139.101366
2023  39    1.3483496    -8.023991     139.675127
2023  40    1.3502184    -8.017521     140.247270
2023  41    1.3520566    -8.010282     140.817825
2023  42    1.3538640    -8.002282     141.386822
2023  43    1.3556406    -7.993528     141.954291
2023  44    1.3573863    -7.984025     142.520262
2023  45    1.3591009    -7.973780     143.084765
2023  46    1.3607845    -7.962800     143.647829
2023  47    1.3624370    -7.951090     144.209483
2023  48    1.3640581    -7.938657     144.769756
2023  49    1.3656480    -7.925506     145.328677
2023  50    1.3672064    -7.911644     145.886274
2023  51    1.3687334    -7.897075     146.442576
2023  52    1.3702288    -7.881806     146.997610
2023  53    1.3716926    -7.865842     147.551405
2023  54    1.3731247    -7.849189     148.103989
2023  55    1.3745251    -7.831851     148.655388
2023  56    1.3758936    -7.813833     149.205632
2023  57    1.3772303    -7.795142     149.754746
2023  58    1.3785350    -7.775781     150.302758
2023  59    1.3798078    -7.755756     150.849694
2023  60    1.3810485    -7.735071     151.395583
2023  61    1.3822572    -7.713731     151.940450
2023  62    1.3834336    -7.691741     152.484321
2023  63    1.3845779    -7.669104     153.027224
2023  64    1.3856899    -7.645825     153.569184
2023  65    1.3867697    -7.621909     154.110228
2023  66    1.3878171    -7.597360     154.650381
2023  67    1.3888321    -7.572181     155.189669
2023  68    1.3898148    -7.546377     155.728119
2023  69    1.3907649    -7.519952     156.265755
2023  70    1.3916826    -7.492908     156.802603
2023  71    1.3925677    -7.465251     157.338689
2023  72    1.3934202    -7.436983     157.874038
2023  73    1.3942402    -7.408109     158.408675
2023  74    1.3950275    -7.378631     158.942625
2023  75    1.3957822    -7.348553     159.475913
2023  76    1.3965041    -7.317878     160.008564
2023  77    1.3971934    -7.286610     160.540604
2023  78    1.3978498    -7.254751     161.072056
2023  79    1.3984736    -7.222304     161.602946
2023  80    1.3990645    -7.189274     162.133298
2023  81    1.3996226    -7.155661     162.663137
2023  82    1.4001478    -7.121470     163.192487
2023  83    1.4006402    -7.086703     163.721373
2023  84    1.4010997    -7.051362     164.249819
2023  85    1.4015263    -7.015451     164.777849
2023  86    1.4019201    -6.978971     165.305489
2023  87    1.4022808    -6.941926     165.832761
2023  88    1.4026087    -6.904317     166.359691
2023  89    1.4029036    -6.866146     166.886303
2023  90    1.4031655    -6.827417     167.412620
2023  91    1.4033944    -6.788132     167.938668
2023  92    1.4035904    -6.748291     168.464470
2023  93    1.4037534    -6.707898     168.990050
2023  94    1.4038833    -6.666955     169.515432
2023  95    1.4039803    -6.625462     170.040642
2023  96    1.4040443    -6.583423     170.565702
2023  97    1.4040753    -6.540839     171.090637
2023  98    1.4040732    -6.497711     171.615471
2023  99    1.4040382    -6.454042     172.140228
2023 100    1.4039702    -6.409833     172.664932
2023 101    1.4038691    -6.365086     173.189609
2023 102    1.4037350    -6.319801     173.714281
2023 103    1.4035680    -6.273982     174.238973
2023 104    1.4033680    -6.227628     174.763709
2023 105    1.4031349    -6.180741     175.288514
2023 106    1.4028689    -6.133323     175.813412
2023 107    1.4025700    -6.085375     176.338428
2023 108    1.4022381    -6.036898     176.863585
2023 109    1.4018732    -5.987893     177.388909
2023 110    1.4014754    -5.938361     177.914424
2023 111    1.4010447    -5.888304     178.440155
2023 112    1.4005811    -5.837722     178.966125
2023 113    1.4000846    -5.786617     179.492361
2023 114    1.3995553    -5.734988     180.018887
2023 115    1.3989931    -5.682838     180.545727
2023 116    1.3983981    -5.630167     181.072908
2023 117    1.3977703    -5.576976     181.600453
2023 118    1.3971097    -5.523265     182.128389
2023 119    1.3964164    -5.469036     182.656740
2023 120    1.3956903    -5.414289     183.185532
2023 121    1.3949316    -5.359024     183.714791
2023 122    1.3941401    -5.303242     184.244542
2023 123    1.3933161    -5.246945     184.774810
2023 124    1.3924594    -5.190131     185.305622
2023 125    1.3915702    -5.132803     185.837004
2023 126    1.3906484    -5.074960     186.368982
2023 127    1.3896941    -5.016603     186.901582
2023 128    1.3887074    -4.957733     187.434830
2023 129    1.3876882    -4.898349     187.968753
2023 130    1.3866367    -4.838452     188.503379
2023 131    1.3855528    -4.778043     189.038732
2023 132    1.3844366    -4.717122     189.574842
2023 133    1.3832882    -4.655689     190.111735
2023 134    1.3821076    -4.593744     190.649438
2023 135    1.3808948    -4.531289     191.187979
2023 136    1.3796500    -4.468322     191.727385
2023 137    1.3783731    -4.404845     192.267685
2023 138    1.3770641    -4.340857     192.808907
2023 139    1.3757233    -4.276359     193.351079
2023 140    1.3743506    -4.211352     193.894229
2023 141    1.3729461    -4.145834     194.438386
2023 142    1.3715098    -4.079807     194.983580
2023 143    1.3700418    -4.013271     195.529839
2023 144    1.3685422    -3.946226     196.077194
2023 145    1.3670111    -3.878673     196.625672
2023 146    1.3654485    -3.810610     197.175305
2023 147    1.3638545    -3.742040     197.726123
2023 148    1.3622291    -3.672961     198.278155
2023 149    1.3605725    -3.603374     198.831433
2023 150    1.3588847    -3.533280     199.385987
2023 151    1.3571658    -3.462679     199.941849
2023 152    1.3554160    -3.391571     200.499050
2023 153    1.3536352    -3.319956     201.057622
2023 154    1.3518235    -3.247834     201.617596
2023 155    1.3499812    -3.175207     202.179006
2023 156    1.3481082    -3.102074     202.741883
2023 157    1.3462046    -3.028436     203.306261
2023 158    1.3442707    -2.954293     203.872172
2023 159    1.3423063    -2.879646     204.439651
2023 160    1.3403118    -2.804495     205.008731
2023 161    1.3382871    -2.728841     205.579446
2023 162    1.3362325    -2.652684     206.151831
2023 163    1.3341479    -2.576026     206.725921
2023 164    1.3320335    -2.498867     207.301751
2023 165    1.3298896    -2.421207     207.879357
2023 166    1.3277160    -2.343048     208.458774
2023 167    1.3255131    -2.264390     209.040038
2023 168    1.3232810    -2.185235     209.623188
2023 169    1.3210197    -2.105583     210.208258
2023 170    1.3187294    -2.025436     210.795288
2023 171    1.3164103    -1.944794     211.384315
2023 172    1.3140625    -1.863660     211.975376
2023 173    1.3116861    -1.782034     212.568512
2023 174    1.3092814    -1.699919     213.163760
2023 175    1.3068484    -1.617315     213.761161
2023 176    1.3043874    -1.534224     214.360754
2023 177    1.3018985    -1.450649     214.962579
2023 178    1.2993819    -1.366590     215.566678
2023 179    1.2968377    -1.282051     216.173092
2023 180    1.2942662    -1.197033     216.781862
2023 181    1.2916675    -1.111540     217.393031
2023 182    1.2890418    -1.025572     218.006641
2023 183    1.2863894    -0.939133     218.622735
2023 184    1.2837103    -0.852226     219.241357
2023 185    1.2810049    -0.764854     219.862551
2023 186    1.2782734    -0.677020     220.486362
2023 187    1.2755159    -0.588727     221.112834
2023 188    1.2727327    -0.499978     221.742013
2023 189    1.2699240    -0.410778     222.373945
2023 190    1.2670900    -0.321131     223.008678
2023 191    1.2642311    -0.231040     223.646256
2023 192    1.2613474    -0.140510     224.286730
2023 193    1.2584392    -0.049546     224.930146
2023 194    1.2555067     0.041848     225.576553
2023 195    1.2525503     0.133666     226.226001
2023 196    1.2495702     0.225903     226.878538
2023 197    1.2465667     0.318553     227.534216
2023 198    1.2435400     0.411611     228.193086
2023 199    1.2404905     0.505070     228.855197
2023 200    1.2374185     0.598923     229.520603
2023 201    1.2343242     0.693164     230.189357
2023 202    1.2312081     0.787785     230.861509
2023 203    1.2280704     0.882779     231.537116
2023 204    1.2249114     0.978138     232.216229
2023 205    1.2217316     1.073853     232.898905
2023 206    1.2185312     1.169916     233.585199
2023 207    1.2153107     1.266317     234.275165
2023 208    1.2120706     1.363045     234.968848
2023 209    1.2088118     1.460087     235.666288
2023 210    1.2055340     1.557437     236.367570
2023 211    1.2022375     1.655085     237.072752
2023 212    1.1989227     1.753018     237.781892
2023 213    1.1955901     1.851226     238.495050
2023 214    1.1922401     1.949695     239.212284
2023 215    1.1888731     2.048413     239.933654
2023 216    1.1854895     2.147366     240.659221
2023 217    1.1820899     2.246541     241.389046
2023 218    1.1786747     2.345921     242.123191
2023 219    1.1752443     2.445493     242.861716
2023 220    1.1717993     2.545240     243.604684
2023 221    1.1683402     2.645145     244.352159
2023 222    1.1648674     2.745192     245.104202
2023 223    1.1613816     2.845361     245.860877
2023 224    1.1578832     2.945636     246.622249
2023 225    1.1543728     3.045996     247.388381
2023 226    1.1508509     3.146421     248.159338
2023 227    1.1473182     3.246890     248.935184
2023 228    1.1437753     3.347382     249.715985
2023 229    1.1402226     3.447873     250.501805
2023 230    1.1366609     3.548341     251.292711
2023 231    1.1330908     3.648761     252.088767
2023 232    1.1295129     3.749109     252.890040
2023 233    1.1259279     3.849357     253.696594
2023 234    1.1223365     3.949479     254.508497
2023 235    1.1187393     4.049448     255.325812
2023 236    1.1151370     4.149233     256.148608
2023 237    1.1115304     4.248806     256.976948
2023 238    1.1079201     4.348135     257.810898
2023 239    1.1043070     4.447189     258.650523
2023 240    1.1006919     4.545934     259.495889
2023 241    1.0970753     4.644336     260.347060
2023 242    1.0934583     4.742360     261.204100
2023 243    1.0898415     4.839970     262.067072
2023 244    1.0862258     4.937129     262.936039
2023 245    1.0826120     5.033797     263.811065
2023 246    1.0790011     5.129935     264.692210
2023 247    1.0753938     5.225503     265.579535
2023 248    1.0717910     5.320458     266.473101
2023 249    1.0681936     5.414758     267.372966
2023 250    1.0646027     5.508357     268.279189
2023 251    1.0610189     5.601210     269.191825
2023 252    1.0574435     5.693272     270.110936
2023 253    1.0538771     5.784494     271.036566
2023 254    1.0503209     5.874827     271.968772
2023 255    1.0467759     5.964223     272.907605
2023 256    1.0432429     6.052629     273.853115
2023 257    1.0397229     6.139996     274.805350
2023 258    1.0362171     6.226270     275.764356
2023 259    1.0327262     6.311401     276.730176
2023 260    1.0292513     6.395335     277.702855
2023 261    1.0257936     6.478020     278.682423
2023 262    1.0223542     6.559405     279.668907
2023 263    1.0189332     6.639451     280.662369
2023 264    1.0155307     6.718128     281.662853
2023 265    1.0121462     6.795433     282.670413
2023 266    1.0087768     6.871449     283.685135
2023 267    1.0054064     6.946706     284.707271
