 YYYY DOY     AU    HG_LAT  HG_LON  HGI_LON   from orbital elements with epoch: 2012-May-6.9441 
 2010   1    5.27    9.42  353.90  345.43
 2010   2    5.27    9.42  339.80  345.51
 2010   3    5.27    9.42  325.69  345.59
 2010   4    5.27    9.43  311.59  345.68
 2010   5    5.26    9.43  297.49  345.76
 2010   6    5.26    9.43  283.39  345.84
 2010   7    5.26    9.43  269.29  345.93
 2010   8    5.26    9.44  255.19  346.01
 2010   9    5.26    9.44  241.09  346.10
 2010  10    5.26    9.44  226.99  346.18
 2010  11    5.26    9.44  212.89  346.26
 2010  12    5.26    9.45  198.79  346.35
 2010  13    5.26    9.45  184.69  346.43
 2010  14    5.26    9.45  170.59  346.51
 2010  15    5.26    9.45  156.49  346.60
 2010  16    5.26    9.46  142.39  346.68
 2010  17    5.26    9.46  128.29  346.77
 2010  18    5.25    9.46  114.18  346.85
 2010  19    5.25    9.46  100.08  346.93
 2010  20    5.25    9.47   85.98  347.02
 2010  21    5.25    9.47  431.88  347.10
 2010  22    5.25    9.47  417.78  347.19
 2010  23    5.25    9.47  403.68  347.27
 2010  24    5.25    9.47  389.58  347.35
 2010  25    5.25    9.48  375.48  347.44
 2010  26    5.25    9.48  361.38  347.52
 2010  27    5.25    9.48  347.28  347.61
 2010  28    5.25    9.48  333.18  347.69
 2010  29    5.25    9.49  319.08  347.78
 2010  30    5.24    9.49  304.98  347.86
 2010  31    5.24    9.49  290.88  347.94
 2010  32    5.24    9.49  276.78  348.03
 2010  33    5.24    9.49  262.68  348.11
 2010  34    5.24    9.50  248.58  348.20
 2010  35    5.24    9.50  234.48  348.28
 2010  36    5.24    9.50  220.38  348.37
 2010  37    5.24    9.50  206.28  348.45
 2010  38    5.24    9.50  192.18  348.53
 2010  39    5.24    9.51  178.08  348.62
 2010  40    5.24    9.51  163.98  348.70
 2010  41    5.24    9.51  149.88  348.79
 2010  42    5.23    9.51  135.78  348.87
 2010  43    5.23    9.51  121.68  348.96
 2010  44    5.23    9.52  107.58  349.04
 2010  45    5.23    9.52   93.48  349.13
 2010  46    5.23    9.52  439.38  349.21
 2010  47    5.23    9.52  425.28  349.30
 2010  48    5.23    9.52  411.18  349.38
 2010  49    5.23    9.53  397.08  349.47
 2010  50    5.23    9.53  382.98  349.55
 2010  51    5.23    9.53  368.88  349.64
 2010  52    5.23    9.53  354.79  349.72
 2010  53    5.23    9.53  340.69  349.81
 2010  54    5.22    9.53  326.59  349.89
 2010  55    5.22    9.54  312.49  349.98
 2010  56    5.22    9.54  298.39  350.06
 2010  57    5.22    9.54  284.29  350.15
 2010  58    5.22    9.54  270.19  350.23
 2010  59    5.22    9.54  256.09  350.32
 2010  60    5.22    9.54  241.99  350.40
 2010  61    5.22    9.54  227.89  350.49
 2010  62    5.22    9.55  213.79  350.57
 2010  63    5.22    9.55  199.69  350.66
 2010  64    5.22    9.55  185.59  350.74
 2010  65    5.22    9.55  171.49  350.83
 2010  66    5.22    9.55  157.39  350.91
 2010  67    5.21    9.55  143.30  351.00
 2010  68    5.21    9.56  129.20  351.08
 2010  69    5.21    9.56  115.10  351.17
 2010  70    5.21    9.56  101.00  351.25
 2010  71    5.21    9.56   86.90  351.34
 2010  72    5.21    9.56  432.80  351.42
 2010  73    5.21    9.56  418.70  351.51
 2010  74    5.21    9.56  404.60  351.59
 2010  75    5.21    9.56  390.50  351.68
 2010  76    5.21    9.57  376.40  351.77
 2010  77    5.21    9.57  362.31  351.85
 2010  78    5.21    9.57  348.21  351.94
 2010  79    5.20    9.57  334.11  352.02
 2010  80    5.20    9.57  320.01  352.11
 2010  81    5.20    9.57  305.91  352.19
 2010  82    5.20    9.57  291.81  352.28
 2010  83    5.20    9.57  277.71  352.36
 2010  84    5.20    9.57  263.61  352.45
 2010  85    5.20    9.58  249.52  352.54
 2010  86    5.20    9.58  235.42  352.62
 2010  87    5.20    9.58  221.32  352.71
 2010  88    5.20    9.58  207.22  352.79
 2010  89    5.20    9.58  193.12  352.88
 2010  90    5.20    9.58  179.02  352.97
 2010  91    5.20    9.58  164.92  353.05
 2010  92    5.19    9.58  150.83  353.14
 2010  93    5.19    9.58  136.73  353.22
 2010  94    5.19    9.58  122.63  353.31
 2010  95    5.19    9.59  108.53  353.40
 2010  96    5.19    9.59   94.43  353.48
 2010  97    5.19    9.59  440.33  353.57
 2010  98    5.19    9.59  426.24  353.65
 2010  99    5.19    9.59  412.14  353.74
 2010 100    5.19    9.59  398.04  353.83
 2010 101    5.19    9.59  383.94  353.91
 2010 102    5.19    9.59  369.84  354.00
 2010 103    5.19    9.59  355.74  354.08
 2010 104    5.19    9.59  341.65  354.17
 2010 105    5.18    9.59  327.55  354.26
 2010 106    5.18    9.59  313.45  354.34
 2010 107    5.18    9.59  299.35  354.43
 2010 108    5.18    9.59  285.25  354.52
 2010 109    5.18    9.59  271.16  354.60
 2010 110    5.18    9.60  257.06  354.69
 2010 111    5.18    9.60  242.96  354.78
 2010 112    5.18    9.60  228.86  354.86
 2010 113    5.18    9.60  214.76  354.95
 2010 114    5.18    9.60  200.67  355.03
 2010 115    5.18    9.60  186.57  355.12
 2010 116    5.18    9.60  172.47  355.21
 2010 117    5.17    9.60  158.37  355.29
 2010 118    5.17    9.60  144.28  355.38
 2010 119    5.17    9.60  130.18  355.47
 2010 120    5.17    9.60  116.08  355.55
 2010 121    5.17    9.60  101.98  355.64
 2010 122    5.17    9.60  447.88  355.73
 2010 123    5.17    9.60  433.79  355.81
 2010 124    5.17    9.60  419.69  355.90
 2010 125    5.17    9.60  405.59  355.99
 2010 126    5.17    9.60  391.49  356.08
 2010 127    5.17    9.60  377.40  356.16
 2010 128    5.17    9.60  363.30  356.25
 2010 129    5.17    9.60  349.20  356.34
 2010 130    5.16    9.60  335.10  356.42
 2010 131    5.16    9.60  321.01  356.51
 2010 132    5.16    9.60  306.91  356.60
 2010 133    5.16    9.60  292.81  356.68
 2010 134    5.16    9.60  278.71  356.77
 2010 135    5.16    9.60  264.62  356.86
 2010 136    5.16    9.60  250.52  356.94
 2010 137    5.16    9.60  236.42  357.03
 2010 138    5.16    9.60  222.33  357.12
 2010 139    5.16    9.60  208.23  357.21
 2010 140    5.16    9.60  194.13  357.29
 2010 141    5.16    9.60  180.03  357.38
 2010 142    5.16    9.60  165.94  357.47
 2010 143    5.15    9.60  151.84  357.56
 2010 144    5.15    9.60  137.74  357.64
 2010 145    5.15    9.60  123.65  357.73
 2010 146    5.15    9.60  109.55  357.82
 2010 147    5.15    9.60   95.45  357.90
 2010 148    5.15    9.60  441.35  357.99
 2010 149    5.15    9.60  427.26  358.08
 2010 150    5.15    9.60  413.16  358.17
 2010 151    5.15    9.60  399.06  358.25
 2010 152    5.15    9.60  384.97  358.34
 2010 153    5.15    9.60  370.87  358.43
 2010 154    5.15    9.60  356.77  358.52
 2010 155    5.15    9.60  342.68  358.60
 2010 156    5.14    9.60  328.58  358.69
 2010 157    5.14    9.60  314.48  358.78
 2010 158    5.14    9.60  300.39  358.87
 2010 159    5.14    9.59  286.29  358.96
 2010 160    5.14    9.59  272.19  359.04
 2010 161    5.14    9.59  258.10  359.13
 2010 162    5.14    9.59  244.00  359.22
 2010 163    5.14    9.59  229.90  359.31
 2010 164    5.14    9.59  215.81  359.39
 2010 165    5.14    9.59  201.71  359.48
 2010 166    5.14    9.59  187.61  359.57
 2010 167    5.14    9.59  173.52  359.66
 2010 168    5.14    9.59  159.42  359.75
 2010 169    5.13    9.59  145.32  359.83
 2010 170    5.13    9.59  131.23  359.92
 2010 171    5.13    9.59  117.13    0.01
 2010 172    5.13    9.59  103.03    0.10
 2010 173    5.13    9.58   88.94    0.19
 2010 174    5.13    9.58   74.84    0.27
 2010 175    5.13    9.58   60.75    0.36
 2010 176    5.13    9.58   46.65    0.45
 2010 177    5.13    9.58   32.55    0.54
 2010 178    5.13    9.58   18.46    0.63
 2010 179    5.13    9.58    4.36    0.71
 2010 180    5.13    9.58  350.26    0.80
 2010 181    5.13    9.58  336.17    0.89
 2010 182    5.13    9.58  322.07    0.98
 2010 183    5.12    9.58  307.98    1.07
 2010 184    5.12    9.57  293.88    1.16
 2010 185    5.12    9.57  279.78    1.24
 2010 186    5.12    9.57  265.69    1.33
 2010 187    5.12    9.57  251.59    1.42
 2010 188    5.12    9.57  237.50    1.51
 2010 189    5.12    9.57  223.40    1.60
 2010 190    5.12    9.57  209.30    1.69
 2010 191    5.12    9.57  195.21    1.78
 2010 192    5.12    9.56  181.11    1.86
 2010 193    5.12    9.56  167.02    1.95
 2010 194    5.12    9.56  152.92    2.04
 2010 195    5.12    9.56  138.83    2.13
 2010 196    5.11    9.56  124.73    2.22
 2010 197    5.11    9.56  110.63    2.31
 2010 198    5.11    9.56   96.54    2.40
 2010 199    5.11    9.55   82.44    2.48
 2010 200    5.11    9.55   68.35    2.57
 2010 201    5.11    9.55   54.25    2.66
 2010 202    5.11    9.55   40.16    2.75
 2010 203    5.11    9.55   26.06    2.84
 2010 204    5.11    9.55   11.96    2.93
 2010 205    5.11    9.55  357.87    3.02
 2010 206    5.11    9.54  343.77    3.11
 2010 207    5.11    9.54  329.68    3.19
 2010 208    5.11    9.54  315.58    3.28
 2010 209    5.11    9.54  301.49    3.37
 2010 210    5.10    9.54  287.39    3.46
 2010 211    5.10    9.54  273.30    3.55
 2010 212    5.10    9.53  259.20    3.64
 2010 213    5.10    9.53  245.11    3.73
 2010 214    5.10    9.53  231.01    3.82
 2010 215    5.10    9.53  216.91    3.91
 2010 216    5.10    9.53  202.82    4.00
 2010 217    5.10    9.53  188.72    4.09
 2010 218    5.10    9.52  174.63    4.17
 2010 219    5.10    9.52  160.53    4.26
 2010 220    5.10    9.52  146.44    4.35
 2010 221    5.10    9.52  132.34    4.44
 2010 222    5.10    9.52  118.25    4.53
 2010 223    5.09    9.51  104.15    4.62
 2010 224    5.09    9.51   90.06    4.71
 2010 225    5.09    9.51   75.96    4.80
 2010 226    5.09    9.51   61.87    4.89
 2010 227    5.09    9.51   47.77    4.98
 2010 228    5.09    9.50   33.68    5.07
 2010 229    5.09    9.50   19.58    5.16
 2010 230    5.09    9.50    5.49    5.25
 2010 231    5.09    9.50  351.39    5.34
 2010 232    5.09    9.49  337.30    5.43
 2010 233    5.09    9.49  323.20    5.52
 2010 234    5.09    9.49  309.11    5.60
 2010 235    5.09    9.49  295.01    5.69
 2010 236    5.09    9.49  280.92    5.78
 2010 237    5.08    9.48  266.82    5.87
 2010 238    5.08    9.48  252.73    5.96
 2010 239    5.08    9.48  238.64    6.05
 2010 240    5.08    9.48  224.54    6.14
 2010 241    5.08    9.47  210.45    6.23
 2010 242    5.08    9.47  196.35    6.32
 2010 243    5.08    9.47  182.26    6.41
 2010 244    5.08    9.47  168.16    6.50
 2010 245    5.08    9.46  154.07    6.59
 2010 246    5.08    9.46  139.97    6.68
 2010 247    5.08    9.46  125.88    6.77
 2010 248    5.08    9.46  111.78    6.86
 2010 249    5.08    9.45   97.69    6.95
 2010 250    5.08    9.45   83.60    7.04
 2010 251    5.07    9.45   69.50    7.13
 2010 252    5.07    9.45   55.41    7.22
 2010 253    5.07    9.44   41.31    7.31
 2010 254    5.07    9.44   27.22    7.40
 2010 255    5.07    9.44   13.12    7.49
 2010 256    5.07    9.43  359.03    7.58
 2010 257    5.07    9.43  344.93    7.67
 2010 258    5.07    9.43  330.84    7.76
 2010 259    5.07    9.43  316.75    7.85
 2010 260    5.07    9.42  302.65    7.94
 2010 261    5.07    9.42  288.56    8.03
 2010 262    5.07    9.42  274.46    8.12
 2010 263    5.07    9.41  260.37    8.21
 2010 264    5.07    9.41  246.28    8.30
 2010 265    5.07    9.41  232.18    8.39
 2010 266    5.06    9.41  218.09    8.48
 2010 267    5.06    9.40  203.99    8.57
 2010 268    5.06    9.40  189.90    8.66
 2010 269    5.06    9.40  175.81    8.75
 2010 270    5.06    9.39  161.71    8.85
 2010 271    5.06    9.39  147.62    8.94
 2010 272    5.06    9.39  133.52    9.03
 2010 273    5.06    9.38  119.43    9.12
 2010 274    5.06    9.38  105.34    9.21
 2010 275    5.06    9.38   91.24    9.30
 2010 276    5.06    9.37   77.15    9.39
 2010 277    5.06    9.37   63.05    9.48
 2010 278    5.06    9.37   48.96    9.57
 2010 279    5.06    9.36   34.87    9.66
 2010 280    5.05    9.36   20.77    9.75
 2010 281    5.05    9.36    6.68    9.84
 2010 282    5.05    9.35  352.59    9.93
 2010 283    5.05    9.35  338.49   10.02
 2010 284    5.05    9.35  324.40   10.11
 2010 285    5.05    9.34  310.30   10.20
 2010 286    5.05    9.34  296.21   10.29
 2010 287    5.05    9.34  282.12   10.39
 2010 288    5.05    9.33  268.02   10.48
 2010 289    5.05    9.33  253.93   10.57
 2010 290    5.05    9.33  239.84   10.66
 2010 291    5.05    9.32  225.74   10.75
 2010 292    5.05    9.32  211.65   10.84
 2010 293    5.05    9.32  197.56   10.93
 2010 294    5.05    9.31  183.46   11.02
 2010 295    5.04    9.31  169.37   11.11
 2010 296    5.04    9.30  155.28   11.20
 2010 297    5.04    9.30  141.18   11.29
 2010 298    5.04    9.30  127.09   11.39
 2010 299    5.04    9.29  113.00   11.48
 2010 300    5.04    9.29   98.90   11.57
 2010 301    5.04    9.29   84.81   11.66
 2010 302    5.04    9.28   70.72   11.75
 2010 303    5.04    9.28   56.62   11.84
 2010 304    5.04    9.27   42.53   11.93
 2010 305    5.04    9.27   28.44   12.02
 2010 306    5.04    9.27   14.34   12.12
 2010 307    5.04    9.26    0.25   12.21
 2010 308    5.04    9.26  346.16   12.30
 2010 309    5.04    9.25  332.06   12.39
 2010 310    5.03    9.25  317.97   12.48
 2010 311    5.03    9.25  303.88   12.57
 2010 312    5.03    9.24  289.78   12.66
 2010 313    5.03    9.24  275.69   12.75
 2010 314    5.03    9.23  261.60   12.85
 2010 315    5.03    9.23  247.51   12.94
 2010 316    5.03    9.22  233.41   13.03
 2010 317    5.03    9.22  219.32   13.12
 2010 318    5.03    9.22  205.23   13.21
 2010 319    5.03    9.21  191.13   13.30
 2010 320    5.03    9.21  177.04   13.39
 2010 321    5.03    9.20  162.95   13.49
 2010 322    5.03    9.20  148.86   13.58
 2010 323    5.03    9.19  134.76   13.67
 2010 324    5.03    9.19  120.67   13.76
 2010 325    5.02    9.19  106.58   13.85
 2010 326    5.02    9.18   92.48   13.94
 2010 327    5.02    9.18   78.39   14.04
 2010 328    5.02    9.17   64.30   14.13
 2010 329    5.02    9.17   50.21   14.22
 2010 330    5.02    9.16   36.11   14.31
 2010 331    5.02    9.16   22.02   14.40
 2010 332    5.02    9.15    7.93   14.49
 2010 333    5.02    9.15  353.84   14.59
 2010 334    5.02    9.14  339.74   14.68
 2010 335    5.02    9.14  325.65   14.77
 2010 336    5.02    9.14  311.56   14.86
 2010 337    5.02    9.13  297.47   14.95
 2010 338    5.02    9.13  283.37   15.05
 2010 339    5.02    9.12  269.28   15.14
 2010 340    5.02    9.12  255.19   15.23
 2010 341    5.01    9.11  241.10   15.32
 2010 342    5.01    9.11  227.00   15.41
 2010 343    5.01    9.10  212.91   15.51
 2010 344    5.01    9.10  198.82   15.60
 2010 345    5.01    9.09  184.73   15.69
 2010 346    5.01    9.09  170.63   15.78
 2010 347    5.01    9.08  156.54   15.87
 2010 348    5.01    9.08  142.45   15.97
 2010 349    5.01    9.07  128.36   16.06
 2010 350    5.01    9.07  114.26   16.15
 2010 351    5.01    9.06  100.17   16.24
 2010 352    5.01    9.06   86.08   16.34
 2010 353    5.01    9.05   71.99   16.43
 2010 354    5.01    9.05   57.90   16.52
 2010 355    5.01    9.04   43.80   16.61
 2010 356    5.01    9.04   29.71   16.70
 2010 357    5.00    9.03   15.62   16.80
 2010 358    5.00    9.03    1.53   16.89
 2010 359    5.00    9.02  347.44   16.98
 2010 360    5.00    9.02  333.34   17.07
 2010 361    5.00    9.01  319.25   17.17
 2010 362    5.00    9.00  305.16   17.26
 2010 363    5.00    9.00  291.07   17.35
 2010 364    5.00    8.99  276.98   17.44
 2010 365    5.00    8.99  262.88   17.54
 2011   1    5.00    8.98  248.79   17.63
 2011   2    5.00    8.98  234.70   17.72
 2011   3    5.00    8.97  220.61   17.81
 2011   4    5.00    8.97  206.52   17.91
 2011   5    5.00    8.96  192.42   18.00
 2011   6    5.00    8.96  178.33   18.09
 2011   7    5.00    8.95  164.24   18.18
 2011   8    4.99    8.94  150.15   18.28
 2011   9    4.99    8.94  136.06   18.37
 2011  10    4.99    8.93  121.97   18.46
 2011  11    4.99    8.93  107.87   18.55
 2011  12    4.99    8.92   93.78   18.65
 2011  13    4.99    8.92   79.69   18.74
 2011  14    4.99    8.91   65.60   18.83
 2011  15    4.99    8.90   51.51   18.93
 2011  16    4.99    8.90   37.42   19.02
 2011  17    4.99    8.89   23.32   19.11
 2011  18    4.99    8.89    9.23   19.20
 2011  19    4.99    8.88  355.14   19.30
 2011  20    4.99    8.88  341.05   19.39
 2011  21    4.99    8.87  326.96   19.48
 2011  22    4.99    8.86  312.87   19.57
 2011  23    4.99    8.86  298.78   19.67
 2011  24    4.98    8.85  284.68   19.76
 2011  25    4.98    8.85  270.59   19.85
 2011  26    4.98    8.84  256.50   19.95
 2011  27    4.98    8.83  242.41   20.04
 2011  28    4.98    8.83  228.32   20.13
 2011  29    4.98    8.82  214.23   20.23
 2011  30    4.98    8.82  200.14   20.32
 2011  31    4.98    8.81  186.04   20.41
 2011  32    4.98    8.80  171.95   20.50
 2011  33    4.98    8.80  157.86   20.60
 2011  34    4.98    8.79  143.77   20.69
 2011  35    4.98    8.78  129.68   20.78
 2011  36    4.98    8.78  115.59   20.88
 2011  37    4.98    8.77  101.50   20.97
 2011  38    4.98    8.77   87.41   21.06
 2011  39    4.98    8.76   73.31   21.16
 2011  40    4.98    8.75   59.22   21.25
 2011  41    4.98    8.75   45.13   21.34
 2011  42    4.97    8.74   31.04   21.44
 2011  43    4.97    8.73   16.95   21.53
 2011  44    4.97    8.73    2.86   21.62
 2011  45    4.97    8.72  348.77   21.72
 2011  46    4.97    8.71  334.68   21.81
 2011  47    4.97    8.71  320.59   21.90
 2011  48    4.97    8.70  306.49   22.00
 2011  49    4.97    8.69  292.40   22.09
 2011  50    4.97    8.69  278.31   22.18
 2011  51    4.97    8.68  264.22   22.28
 2011  52    4.97    8.67  250.13   22.37
 2011  53    4.97    8.67  236.04   22.46
 2011  54    4.97    8.66  221.95   22.56
 2011  55    4.97    8.65  207.86   22.65
 2011  56    4.97    8.65  193.77   22.74
 2011  57    4.97    8.64  179.68   22.84
 2011  58    4.97    8.63  165.59   22.93
 2011  59    4.96    8.63  151.49   23.03
 2011  60    4.96    8.62  137.40   23.12
 2011  61    4.96    8.61  123.31   23.21
 2011  62    4.96    8.61  109.22   23.31
 2011  63    4.96    8.60   95.13   23.40
 2011  64    4.96    8.59   81.04   23.49
 2011  65    4.96    8.59   66.95   23.59
 2011  66    4.96    8.58   52.86   23.68
 2011  67    4.96    8.57   38.77   23.77
 2011  68    4.96    8.56   24.68   23.87
 2011  69    4.96    8.56   10.59   23.96
 2011  70    4.96    8.55  356.50   24.06
 2011  71    4.96    8.54  342.41   24.15
 2011  72    4.96    8.54  328.32   24.24
 2011  73    4.96    8.53  314.22   24.34
 2011  74    4.96    8.52  300.13   24.43
 2011  75    4.96    8.51  286.04   24.52
 2011  76    4.96    8.51  271.95   24.62
 2011  77    4.96    8.50  257.86   24.71
 2011  78    4.95    8.49  243.77   24.81
 2011  79    4.95    8.49  229.68   24.90
 2011  80    4.95    8.48  215.59   24.99
 2011  81    4.95    8.47  201.50   25.09
 2011  82    4.95    8.46  187.41   25.18
 2011  83    4.95    8.46  173.32   25.28
 2011  84    4.95    8.45  159.23   25.37
 2011  85    4.95    8.44  145.14   25.46
 2011  86    4.95    8.43  131.05   25.56
 2011  87    4.95    8.43  116.96   25.65
 2011  88    4.95    8.42  102.87   25.75
 2011  89    4.95    8.41   88.78   25.84
 2011  90    4.95    8.40   74.69   25.93
 2011  91    4.95    8.40   60.60   26.03
 2011  92    4.95    8.39   46.51   26.12
 2011  93    4.95    8.38   32.42   26.22
 2011  94    4.95    8.37   18.33   26.31
 2011  95    4.95    8.37    4.24   26.41
 2011  96    4.95    8.36  350.15   26.50
 2011  97    4.94    8.35  336.06   26.59
 2011  98    4.94    8.34  321.97   26.69
 2011  99    4.94    8.33  307.88   26.78
 2011 100    4.94    8.33  293.79   26.88
 2011 101    4.94    8.32  279.70   26.97
 2011 102    4.94    8.31  265.61   27.07
 2011 103    4.94    8.30  251.52   27.16
 2011 104    4.94    8.29  237.43   27.25
 2011 105    4.94    8.29  223.33   27.35
 2011 106    4.94    8.28  209.24   27.44
 2011 107    4.94    8.27  195.15   27.54
 2011 108    4.94    8.26  181.06   27.63
 2011 109    4.94    8.25  166.97   27.73
 2011 110    4.94    8.25  152.88   27.82
 2011 111    4.94    8.24  138.79   27.91
 2011 112    4.94    8.23  124.71   28.01
 2011 113    4.94    8.22  110.62   28.10
 2011 114    4.94    8.21   96.53   28.20
 2011 115    4.94    8.21   82.44   28.29
 2011 116    4.93    8.20   68.35   28.39
 2011 117    4.93    8.19   54.26   28.48
 2011 118    4.93    8.18   40.17   28.58
 2011 119    4.93    8.17   26.08   28.67
 2011 120    4.93    8.16   11.99   28.77
 2011 121    4.93    8.16  357.90   28.86
 2011 122    4.93    8.15  343.81   28.95
 2011 123    4.93    8.14  329.72   29.05
 2011 124    4.93    8.13  315.63   29.14
 2011 125    4.93    8.12  301.54   29.24
 2011 126    4.93    8.11  287.45   29.33
 2011 127    4.93    8.11  273.36   29.43
 2011 128    4.93    8.10  259.27   29.52
 2011 129    4.93    8.09  245.18   29.62
 2011 130    4.93    8.08  231.09   29.71
 2011 131    4.93    8.07  217.00   29.81
 2011 132    4.93    8.06  202.91   29.90
 2011 133    4.93    8.05  188.82   30.00
 2011 134    4.93    8.05  174.73   30.09
 2011 135    4.93    8.04  160.64   30.19
 2011 136    4.93    8.03  146.55   30.28
 2011 137    4.92    8.02  132.46   30.38
 2011 138    4.92    8.01  118.37   30.47
 2011 139    4.92    8.00  104.28   30.57
 2011 140    4.92    7.99   90.19   30.66
 2011 141    4.92    7.99   76.10   30.75
 2011 142    4.92    7.98   62.01   30.85
 2011 143    4.92    7.97   47.92   30.94
 2011 144    4.92    7.96   33.83   31.04
 2011 145    4.92    7.95   19.75   31.13
 2011 146    4.92    7.94    5.66   31.23
 2011 147    4.92    7.93  351.57   31.32
 2011 148    4.92    7.92  337.48   31.42
 2011 149    4.92    7.91  323.39   31.51
 2011 150    4.92    7.91  309.30   31.61
 2011 151    4.92    7.90  295.21   31.70
 2011 152    4.92    7.89  281.12   31.80
 2011 153    4.92    7.88  267.03   31.89
 2011 154    4.92    7.87  252.94   31.99
 2011 155    4.92    7.86  238.85   32.08
 2011 156    4.92    7.85  224.76   32.18
 2011 157    4.92    7.84  210.67   32.27
 2011 158    4.92    7.83  196.58   32.37
 2011 159    4.91    7.82  182.49   32.46
 2011 160    4.91    7.81  168.40   32.56
 2011 161    4.91    7.80  154.32   32.66
 2011 162    4.91    7.80  140.23   32.75
 2011 163    4.91    7.79  126.14   32.85
 2011 164    4.91    7.78  112.05   32.94
 2011 165    4.91    7.77   97.96   33.04
 2011 166    4.91    7.76   83.87   33.13
 2011 167    4.91    7.75   69.78   33.23
 2011 168    4.91    7.74   55.69   33.32
 2011 169    4.91    7.73   41.60   33.42
 2011 170    4.91    7.72   27.51   33.51
 2011 171    4.91    7.71   13.42   33.61
 2011 172    4.91    7.70  359.33   33.70
 2011 173    4.91    7.69  345.25   33.80
 2011 174    4.91    7.68  331.16   33.89
 2011 175    4.91    7.67  317.07   33.99
 2011 176    4.91    7.66  302.98   34.08
 2011 177    4.91    7.65  288.89   34.18
 2011 178    4.91    7.64  274.80   34.27
 2011 179    4.91    7.63  260.71   34.37
 2011 180    4.91    7.62  246.62   34.47
 2011 181    4.91    7.61  232.53   34.56
 2011 182    4.90    7.61  218.44   34.66
 2011 183    4.90    7.60  204.36   34.75
 2011 184    4.90    7.59  190.27   34.85
 2011 185    4.90    7.58  176.18   34.94
 2011 186    4.90    7.57  162.09   35.04
 2011 187    4.90    7.56  148.00   35.13
 2011 188    4.90    7.55  133.91   35.23
 2011 189    4.90    7.54  119.82   35.32
 2011 190    4.90    7.53  105.73   35.42
 2011 191    4.90    7.52   91.64   35.52
 2011 192    4.90    7.51   77.56   35.61
 2011 193    4.90    7.50   63.47   35.71
 2011 194    4.90    7.49   49.38   35.80
 2011 195    4.90    7.48   35.29   35.90
 2011 196    4.90    7.47   21.20   35.99
 2011 197    4.90    7.46    7.11   36.09
 2011 198    4.90    7.45  353.02   36.18
 2011 199    4.90    7.44  338.93   36.28
 2011 200    4.90    7.43  324.84   36.38
 2011 201    4.90    7.42  310.76   36.47
 2011 202    4.90    7.41  296.67   36.57
 2011 203    4.90    7.40  282.58   36.66
 2011 204    4.90    7.39  268.49   36.76
 2011 205    4.90    7.38  254.40   36.85
 2011 206    4.89    7.36  240.31   36.95
 2011 207    4.89    7.35  226.22   37.05
 2011 208    4.89    7.34  212.13   37.14
 2011 209    4.89    7.33  198.05   37.24
 2011 210    4.89    7.32  183.96   37.33
 2011 211    4.89    7.31  169.87   37.43
 2011 212    4.89    7.30  155.78   37.52
 2011 213    4.89    7.29  141.69   37.62
 2011 214    4.89    7.28  127.60   37.72
 2011 215    4.89    7.27  113.51   37.81
 2011 216    4.89    7.26   99.43   37.91
 2011 217    4.89    7.25   85.34   38.00
 2011 218    4.89    7.24   71.25   38.10
 2011 219    4.89    7.23   57.16   38.19
 2011 220    4.89    7.22   43.07   38.29
 2011 221    4.89    7.21   28.98   38.39
 2011 222    4.89    7.20   14.89   38.48
 2011 223    4.89    7.19    0.81   38.58
 2011 224    4.89    7.18  346.72   38.67
 2011 225    4.89    7.17  332.63   38.77
 2011 226    4.89    7.16  318.54   38.87
 2011 227    4.89    7.14  304.45   38.96
 2011 228    4.89    7.13  290.36   39.06
 2011 229    4.89    7.12  276.27   39.15
 2011 230    4.89    7.11  262.19   39.25
 2011 231    4.89    7.10  248.10   39.35
 2011 232    4.89    7.09  234.01   39.44
 2011 233    4.88    7.08  219.92   39.54
 2011 234    4.88    7.07  205.83   39.63
 2011 235    4.88    7.06  191.74   39.73
 2011 236    4.88    7.05  177.66   39.83
 2011 237    4.88    7.04  163.57   39.92
 2011 238    4.88    7.03  149.48   40.02
 2011 239    4.88    7.01  135.39   40.11
 2011 240    4.88    7.00  121.30   40.21
 2011 241    4.88    6.99  107.21   40.31
 2011 242    4.88    6.98   93.13   40.40
 2011 243    4.88    6.97   79.04   40.50
 2011 244    4.88    6.96   64.95   40.59
 2011 245    4.88    6.95   50.86   40.69
 2011 246    4.88    6.94   36.77   40.79
 2011 247    4.88    6.93   22.68   40.88
 2011 248    4.88    6.91    8.60   40.98
 2011 249    4.88    6.90  354.51   41.07
 2011 250    4.88    6.89  340.42   41.17
 2011 251    4.88    6.88  326.33   41.27
 2011 252    4.88    6.87  312.24   41.36
 2011 253    4.88    6.86  298.15   41.46
 2011 254    4.88    6.85  284.07   41.55
 2011 255    4.88    6.84  269.98   41.65
 2011 256    4.88    6.82  255.89   41.75
 2011 257    4.88    6.81  241.80   41.84
 2011 258    4.88    6.80  227.71   41.94
 2011 259    4.88    6.79  213.62   42.04
 2011 260    4.88    6.78  199.54   42.13
 2011 261    4.88    6.77  185.45   42.23
 2011 262    4.87    6.76  171.36   42.32
 2011 263    4.87    6.74  157.27   42.42
 2011 264    4.87    6.73  143.18   42.52
 2011 265    4.87    6.72  129.10   42.61
 2011 266    4.87    6.71  115.01   42.71
 2011 267    4.87    6.70  100.92   42.81
 2011 268    4.87    6.69   86.83   42.90
 2011 269    4.87    6.68   72.74   43.00
 2011 270    4.87    6.66   58.66   43.09
 2011 271    4.87    6.65   44.57   43.19
 2011 272    4.87    6.64   30.48   43.29
 2011 273    4.87    6.63   16.39   43.38
 2011 274    4.87    6.62    2.30   43.48
 2011 275    4.87    6.61  348.21   43.58
 2011 276    4.87    6.59  334.13   43.67
 2011 277    4.87    6.58  320.04   43.77
 2011 278    4.87    6.57  305.95   43.86
 2011 279    4.87    6.56  291.86   43.96
 2011 280    4.87    6.55  277.77   44.06
 2011 281    4.87    6.53  263.69   44.15
 2011 282    4.87    6.52  249.60   44.25
 2011 283    4.87    6.51  235.51   44.35
 2011 284    4.87    6.50  221.42   44.44
 2011 285    4.87    6.49  207.33   44.54
 2011 286    4.87    6.48  193.25   44.64
 2011 287    4.87    6.46  179.16   44.73
 2011 288    4.87    6.45  165.07   44.83
 2011 289    4.87    6.44  150.98   44.92
 2011 290    4.87    6.43  136.89   45.02
 2011 291    4.87    6.42  122.81   45.12
 2011 292    4.87    6.40  108.72   45.21
 2011 293    4.87    6.39   94.63   45.31
 2011 294    4.87    6.38   80.54   45.41
 2011 295    4.87    6.37   66.45   45.50
 2011 296    4.86    6.35   52.37   45.60
 2011 297    4.86    6.34   38.28   45.70
 2011 298    4.86    6.33   24.19   45.79
 2011 299    4.86    6.32   10.10   45.89
 2011 300    4.86    6.31  356.01   45.99
 2011 301    4.86    6.29  341.93   46.08
 2011 302    4.86    6.28  327.84   46.18
 2011 303    4.86    6.27  313.75   46.28
 2011 304    4.86    6.26  299.66   46.37
 2011 305    4.86    6.24  285.58   46.47
 2011 306    4.86    6.23  271.49   46.56
 2011 307    4.86    6.22  257.40   46.66
 2011 308    4.86    6.21  243.31   46.76
 2011 309    4.86    6.20  229.22   46.85
 2011 310    4.86    6.18  215.14   46.95
 2011 311    4.86    6.17  201.05   47.05
 2011 312    4.86    6.16  186.96   47.14
 2011 313    4.86    6.15  172.87   47.24
 2011 314    4.86    6.13  158.78   47.34
 2011 315    4.86    6.12  144.70   47.43
 2011 316    4.86    6.11  130.61   47.53
 2011 317    4.86    6.10  116.52   47.63
 2011 318    4.86    6.08  102.43   47.72
 2011 319    4.86    6.07   88.35   47.82
 2011 320    4.86    6.06   74.26   47.92
 2011 321    4.86    6.05   60.17   48.01
 2011 322    4.86    6.03   46.08   48.11
 2011 323    4.86    6.02   31.99   48.21
 2011 324    4.86    6.01   17.91   48.30
 2011 325    4.86    6.00    3.82   48.40
 2011 326    4.86    5.98  349.73   48.50
 2011 327    4.86    5.97  335.64   48.59
 2011 328    4.86    5.96  321.56   48.69
 2011 329    4.86    5.94  307.47   48.79
 2011 330    4.86    5.93  293.38   48.88
 2011 331    4.86    5.92  279.29   48.98
 2011 332    4.86    5.91  265.20   49.08
 2011 333    4.86    5.89  251.12   49.17
 2011 334    4.86    5.88  237.03   49.27
 2011 335    4.86    5.87  222.94   49.37
 2011 336    4.85    5.85  208.85   49.46
 2011 337    4.85    5.84  194.77   49.56
 2011 338    4.85    5.83  180.68   49.66
 2011 339    4.85    5.82  166.59   49.75
 2011 340    4.85    5.80  152.50   49.85
 2011 341    4.85    5.79  138.42   49.95
 2011 342    4.85    5.78  124.33   50.04
 2011 343    4.85    5.76  110.24   50.14
 2011 344    4.85    5.75   96.15   50.24
 2011 345    4.85    5.74   82.06   50.33
 2011 346    4.85    5.72   67.98   50.43
 2011 347    4.85    5.71   53.89   50.53
 2011 348    4.85    5.70   39.80   50.62
 2011 349    4.85    5.69   25.71   50.72
 2011 350    4.85    5.67   11.63   50.82
 2011 351    4.85    5.66  357.54   50.91
 2011 352    4.85    5.65  343.45   51.01
 2011 353    4.85    5.63  329.36   51.11
 2011 354    4.85    5.62  315.28   51.20
 2011 355    4.85    5.61  301.19   51.30
 2011 356    4.85    5.59  287.10   51.40
 2011 357    4.85    5.58  273.01   51.49
 2011 358    4.85    5.57  258.93   51.59
 2011 359    4.85    5.55  244.84   51.69
 2011 360    4.85    5.54  230.75   51.78
 2011 361    4.85    5.53  216.66   51.88
 2011 362    4.85    5.51  202.57   51.98
 2011 363    4.85    5.50  188.49   52.07
 2011 364    4.85    5.49  174.40   52.17
 2011 365    4.85    5.47  160.31   52.27
 2012   1    4.85    5.46  146.22   52.37
 2012   2    4.85    5.45  132.14   52.46
 2012   3    4.85    5.43  118.05   52.56
 2012   4    4.85    5.42  103.96   52.66
 2012   5    4.85    5.41   89.87   52.75
 2012   6    4.85    5.39   75.79   52.85
 2012   7    4.85    5.38   61.70   52.95
 2012   8    4.85    5.37   47.61   53.04
 2012   9    4.85    5.35   33.52   53.14
 2012  10    4.85    5.34   19.44   53.24
 2012  11    4.85    5.33    5.35   53.33
 2012  12    4.85    5.31  351.26   53.43
 2012  13    4.85    5.30  337.17   53.53
 2012  14    4.85    5.29  323.09   53.62
 2012  15    4.85    5.27  309.00   53.72
 2012  16    4.85    5.26  294.91   53.82
 2012  17    4.85    5.24  280.82   53.91
 2012  18    4.85    5.23  266.74   54.01
 2012  19    4.85    5.22  252.65   54.11
 2012  20    4.85    5.20  238.56   54.20
 2012  21    4.85    5.19  224.47   54.30
 2012  22    4.85    5.18  210.39   54.40
 2012  23    4.85    5.16  196.30   54.50
 2012  24    4.85    5.15  182.21   54.59
 2012  25    4.84    5.13  168.12   54.69
 2012  26    4.84    5.12  154.03   54.79
 2012  27    4.84    5.11  139.95   54.88
 2012  28    4.84    5.09  125.86   54.98
 2012  29    4.84    5.08  111.77   55.08
 2012  30    4.84    5.07   97.68   55.17
 2012  31    4.84    5.05   83.60   55.27
 2012  32    4.84    5.04   69.51   55.37
 2012  33    4.84    5.02   55.42   55.46
 2012  34    4.84    5.01   41.33   55.56
 2012  35    4.84    5.00   27.25   55.66
 2012  36    4.84    4.98   13.16   55.75
 2012  37    4.84    4.97  359.07   55.85
 2012  38    4.84    4.95  344.98   55.95
 2012  39    4.84    4.94  330.90   56.04
 2012  40    4.84    4.93  316.81   56.14
 2012  41    4.84    4.91  302.72   56.24
 2012  42    4.84    4.90  288.63   56.34
 2012  43    4.84    4.88  274.55   56.43
 2012  44    4.84    4.87  260.46   56.53
 2012  45    4.84    4.86  246.37   56.63
 2012  46    4.84    4.84  232.28   56.72
 2012  47    4.84    4.83  218.20   56.82
 2012  48    4.84    4.81  204.11   56.92
 2012  49    4.84    4.80  190.02   57.01
 2012  50    4.84    4.79  175.93   57.11
 2012  51    4.84    4.77  161.85   57.21
 2012  52    4.84    4.76  147.76   57.30
 2012  53    4.84    4.74  133.67   57.40
 2012  54    4.84    4.73  119.58   57.50
 2012  55    4.84    4.71  105.50   57.59
 2012  56    4.84    4.70   91.41   57.69
 2012  57    4.84    4.69   77.32   57.79
 2012  58    4.84    4.67   63.23   57.89
 2012  59    4.84    4.66   49.15   57.98
 2012  60    4.84    4.64   35.06   58.08
 2012  61    4.84    4.63   20.97   58.18
 2012  62    4.84    4.62    6.88   58.27
 2012  63    4.84    4.60  352.80   58.37
 2012  64    4.84    4.59  338.71   58.47
 2012  65    4.84    4.57  324.62   58.56
 2012  66    4.84    4.56  310.53   58.66
 2012  67    4.84    4.54  296.45   58.76
 2012  68    4.84    4.53  282.36   58.85
 2012  69    4.84    4.51  268.27   58.95
 2012  70    4.84    4.50  254.18   59.05
 2012  71    4.84    4.49  240.10   59.14
 2012  72    4.84    4.47  226.01   59.24
 2012  73    4.84    4.46  211.92   59.34
 2012  74    4.84    4.44  197.83   59.44
 2012  75    4.84    4.43  183.75   59.53
 2012  76    4.84    4.41  169.66   59.63
 2012  77    4.84    4.40  155.57   59.73
 2012  78    4.84    4.38  141.48   59.82
 2012  79    4.84    4.37  127.40   59.92
 2012  80    4.84    4.36  113.31   60.02
 2012  81    4.84    4.34   99.22   60.11
 2012  82    4.84    4.33   85.13   60.21
 2012  83    4.84    4.31   71.05   60.31
 2012  84    4.84    4.30   56.96   60.40
 2012  85    4.84    4.28   42.87   60.50
 2012  86    4.84    4.27   28.78   60.60
 2012  87    4.84    4.25   14.70   60.69
 2012  88    4.84    4.24    0.61   60.79
 2012  89    4.84    4.22  346.52   60.89
 2012  90    4.84    4.21  332.43   60.99
 2012  91    4.84    4.19  318.35   61.08
 2012  92    4.84    4.18  304.26   61.18
 2012  93    4.84    4.17  290.17   61.28
 2012  94    4.84    4.15  276.08   61.37
 2012  95    4.84    4.14  261.99   61.47
 2012  96    4.84    4.12  247.91   61.57
 2012  97    4.84    4.11  233.82   61.66
 2012  98    4.84    4.09  219.73   61.76
 2012  99    4.84    4.08  205.64   61.86
 2012 100    4.84    4.06  191.56   61.95
 2012 101    4.84    4.05  177.47   62.05
 2012 102    4.84    4.03  163.38   62.15
 2012 103    4.84    4.02  149.29   62.24
 2012 104    4.84    4.00  135.21   62.34
 2012 105    4.84    3.99  121.12   62.44
 2012 106    4.84    3.97  107.03   62.53
 2012 107    4.84    3.96   92.94   62.63
 2012 108    4.84    3.94   78.86   62.73
 2012 109    4.84    3.93   64.77   62.82
 2012 110    4.84    3.91   50.68   62.92
 2012 111    4.84    3.90   36.59   63.02
 2012 112    4.84    3.88   22.51   63.12
 2012 113    4.84    3.87    8.42   63.21
 2012 114    4.84    3.85  354.33   63.31
 2012 115    4.84    3.84  340.24   63.41
 2012 116    4.84    3.82  326.16   63.50
 2012 117    4.84    3.81  312.07   63.60
 2012 118    4.84    3.79  297.98   63.70
 2012 119    4.84    3.78  283.89   63.79
 2012 120    4.84    3.76  269.81   63.89
 2012 121    4.84    3.75  255.72   63.99
 2012 122    4.84    3.73  241.63   64.08
 2012 123    4.84    3.72  227.54   64.18
 2012 124    4.84    3.70  213.45   64.28
 2012 125    4.84    3.69  199.37   64.37
 2012 126    4.84    3.67  185.28   64.47
 2012 127    4.84    3.66  171.19   64.57
 2012 128    4.84    3.64  157.10   64.66
 2012 129    4.84    3.63  143.02   64.76
 2012 130    4.84    3.61  128.93   64.86
 2012 131    4.84    3.60  114.84   64.95
 2012 132    4.84    3.58  100.75   65.05
 2012 133    4.84    3.57   86.67   65.15
 2012 134    4.84    3.55   72.58   65.24
 2012 135    4.84    3.54   58.49   65.34
 2012 136    4.84    3.52   44.40   65.44
 2012 137    4.84    3.51   30.32   65.53
 2012 138    4.84    3.49   16.23   65.63
 2012 139    4.84    3.48    2.14   65.73
 2012 140    4.84    3.46  348.05   65.82
 2012 141    4.84    3.45  333.96   65.92
 2012 142    4.84    3.43  319.88   66.02
 2012 143    4.84    3.42  305.79   66.11
 2012 144    4.84    3.40  291.70   66.21
 2012 145    4.84    3.39  277.61   66.31
 2012 146    4.84    3.37  263.53   66.40
 2012 147    4.84    3.35  249.44   66.50
 2012 148    4.84    3.34  235.35   66.60
 2012 149    4.84    3.32  221.26   66.69
 2012 150    4.84    3.31  207.18   66.79
 2012 151    4.84    3.29  193.09   66.89
 2012 152    4.84    3.28  179.00   66.98
 2012 153    4.84    3.26  164.91   67.08
 2012 154    4.84    3.25  150.82   67.18
 2012 155    4.84    3.23  136.74   67.27
 2012 156    4.84    3.22  122.65   67.37
 2012 157    4.84    3.20  108.56   67.47
 2012 158    4.84    3.19   94.47   67.56
 2012 159    4.84    3.17   80.39   67.66
 2012 160    4.84    3.15   66.30   67.76
 2012 161    4.84    3.14   52.21   67.85
 2012 162    4.84    3.12   38.12   67.95
 2012 163    4.84    3.11   24.03   68.05
 2012 164    4.84    3.09    9.95   68.14
 2012 165    4.84    3.08  355.86   68.24
 2012 166    4.84    3.06  341.77   68.34
 2012 167    4.84    3.05  327.68   68.43
 2012 168    4.84    3.03  313.60   68.53
 2012 169    4.84    3.02  299.51   68.63
 2012 170    4.84    3.00  285.42   68.72
 2012 171    4.84    2.98  271.33   68.82
 2012 172    4.84    2.97  257.24   68.92
 2012 173    4.84    2.95  243.16   69.01
 2012 174    4.84    2.94  229.07   69.11
 2012 175    4.84    2.92  214.98   69.21
 2012 176    4.84    2.91  200.89   69.30
 2012 177    4.84    2.89  186.81   69.40
 2012 178    4.84    2.88  172.72   69.50
 2012 179    4.84    2.86  158.63   69.59
 2012 180    4.84    2.85  144.54   69.69
 2012 181    4.84    2.83  130.45   69.79
 2012 182    4.84    2.81  116.37   69.88
 2012 182    4.84    2.80  102.28   69.98
 2012 183    4.84    2.78   88.19   70.08
 2012 184    4.84    2.77   74.10   70.17
 2012 185    4.84    2.75   60.01   70.27
 2012 186    4.84    2.74   45.93   70.37
 2012 187    4.84    2.72   31.84   70.46
 2012 188    4.84    2.70   17.75   70.56
 2012 190    4.84    2.69    3.66   70.65
 2012 191    4.84    2.67  349.57   70.75
 2012 192    4.84    2.66  335.49   70.85
 2012 193    4.84    2.64  321.40   70.94
 2012 194    4.84    2.63  307.31   71.04
 2012 195    4.84    2.61  293.22   71.14
 2012 196    4.84    2.60  279.14   71.23
 2012 197    4.84    2.58  265.05   71.33
 2012 198    4.84    2.56  250.96   71.43
 2012 199    4.84    2.55  236.87   71.52
 2012 200    4.84    2.53  222.78   71.62
 2012 201    4.84    2.52  208.70   71.72
 2012 202    4.84    2.50  194.61   71.81
 2012 203    4.84    2.49  180.52   71.91
 2012 204    4.84    2.47  166.43   72.00
 2012 205    4.84    2.45  152.34   72.10
 2012 206    4.84    2.44  138.26   72.20
 2012 207    4.84    2.42  124.17   72.29
 2012 208    4.84    2.41  110.08   72.39
 2012 209    4.84    2.39   95.99   72.49
 2012 210    4.84    2.37   81.90   72.58
 2012 211    4.84    2.36   67.81   72.68
 2012 212    4.84    2.34   53.73   72.78
 2012 213    4.84    2.33   39.64   72.87
 2012 214    4.84    2.31   25.55   72.97
 2012 215    4.84    2.30   11.46   73.06
 2012 216    4.84    2.28  357.37   73.16
 2012 217    4.84    2.26  343.29   73.26
 2012 218    4.84    2.25  329.20   73.35
 2012 219    4.84    2.23  315.11   73.45
 2012 220    4.84    2.22  301.02   73.55
 2012 221    4.84    2.20  286.93   73.64
 2012 222    4.84    2.19  272.85   73.74
 2012 223    4.84    2.17  258.76   73.83
 2012 224    4.84    2.15  244.67   73.93
 2012 225    4.84    2.14  230.58   74.03
 2012 226    4.84    2.12  216.49   74.12
 2012 227    4.84    2.11  202.40   74.22
 2012 228    4.84    2.09  188.32   74.32
 2012 229    4.84    2.07  174.23   74.41
 2012 230    4.84    2.06  160.14   74.51
 2012 231    4.84    2.04  146.05   74.60
 2012 232    4.85    2.03  131.96   74.70
 2012 233    4.85    2.01  117.88   74.80
 2012 234    4.85    1.99  103.79   74.89
 2012 235    4.85    1.98   89.70   74.99
 2012 236    4.85    1.96   75.61   75.09
 2012 237    4.85    1.95   61.52   75.18
 2012 238    4.85    1.93   47.43   75.28
 2012 239    4.85    1.92   33.35   75.37
 2012 240    4.85    1.90   19.26   75.47
 2012 241    4.85    1.88    5.17   75.57
 2012 242    4.85    1.87  351.08   75.66
 2012 243    4.85    1.85  336.99   75.76
 2012 244    4.85    1.84  322.90   75.85
 2012 245    4.85    1.82  308.82   75.95
 2012 246    4.85    1.80  294.73   76.05
 2012 247    4.85    1.79  280.64   76.14
 2012 248    4.85    1.77  266.55   76.24
 2012 249    4.85    1.76  252.46   76.33
 2012 250    4.85    1.74  238.37   76.43
 2012 251    4.85    1.72  224.29   76.53
 2012 252    4.85    1.71  210.20   76.62
 2012 253    4.85    1.69  196.11   76.72
 2012 254    4.85    1.68  182.02   76.81
 2012 255    4.85    1.66  167.93   76.91
 2012 256    4.85    1.64  153.84   77.01
 2012 257    4.85    1.63  139.76   77.10
 2012 258    4.85    1.61  125.67   77.20
 2012 259    4.85    1.60  111.58   77.29
 2012 260    4.85    1.58   97.49   77.39
 2012 261    4.85    1.56   83.40   77.49
 2012 262    4.85    1.55   69.31   77.58
 2012 263    4.85    1.53   55.23   77.68
 2012 264    4.85    1.52   41.14   77.77
 2012 265    4.85    1.50   27.05   77.87
 2012 266    4.85    1.48   12.96   77.97
 2012 267    4.85    1.47  358.87   78.06
 2012 268    4.85    1.45  344.78   78.16
 2012 269    4.85    1.44  330.69   78.25
 2012 270    4.85    1.42  316.61   78.35
 2012 271    4.85    1.40  302.52   78.45
 2012 272    4.85    1.39  288.43   78.54
 2012 273    4.85    1.37  274.34   78.64
 2012 274    4.85    1.36  260.25   78.73
 2012 275    4.85    1.34  246.16   78.83
 2012 276    4.85    1.32  232.07   78.92
 2012 277    4.85    1.31  217.99   79.02
 2012 278    4.85    1.29  203.90   79.12
 2012 279    4.85    1.28  189.81   79.21
 2012 280    4.85    1.26  175.72   79.31
 2012 281    4.85    1.24  161.63   79.40
 2012 282    4.85    1.23  147.54   79.50
 2012 283    4.85    1.21  133.45   79.60
 2012 284    4.85    1.20  119.37   79.69
 2012 285    4.85    1.18  105.28   79.79
 2012 286    4.86    1.16   91.19   79.88
 2012 287    4.86    1.15   77.10   79.98
 2012 288    4.86    1.13   63.01   80.07
 2012 289    4.86    1.11   48.92   80.17
 2012 290    4.86    1.10   34.83   80.26
 2012 291    4.86    1.08   20.74   80.36
 2012 292    4.86    1.07    6.66   80.46
 2012 293    4.86    1.05  352.57   80.55
 2012 294    4.86    1.03  338.48   80.65
 2012 295    4.86    1.02  324.39   80.74
 2012 296    4.86    1.00  310.30   80.84
 2012 297    4.86    0.99  296.21   80.93
 2012 298    4.86    0.97  282.12   81.03
 2012 299    4.86    0.95  268.03   81.13
 2012 300    4.86    0.94  253.95   81.22
 2012 301    4.86    0.92  239.86   81.32
 2012 302    4.86    0.91  225.77   81.41
 2012 303    4.86    0.89  211.68   81.51
 2012 304    4.86    0.87  197.59   81.60
 2012 305    4.86    0.86  183.50   81.70
 2012 306    4.86    0.84  169.41   81.79
 2012 307    4.86    0.83  155.32   81.89
 2012 308    4.86    0.81  141.23   81.99
 2012 309    4.86    0.79  127.15   82.08
 2012 310    4.86    0.78  113.06   82.18
 2012 311    4.86    0.76   98.97   82.27
 2012 312    4.86    0.74   84.88   82.37
 2012 313    4.86    0.73   70.79   82.46
 2012 314    4.86    0.71   56.70   82.56
 2012 315    4.86    0.70   42.61   82.65
 2012 316    4.86    0.68   28.52   82.75
 2012 317    4.86    0.66   14.43   82.84
 2012 318    4.86    0.65    0.34   82.94
 2012 319    4.86    0.63  346.26   83.03
 2012 320    4.86    0.62  332.17   83.13
 2012 321    4.86    0.60  318.08   83.23
 2012 322    4.86    0.58  303.99   83.32
 2012 323    4.86    0.57  289.90   83.42
 2012 324    4.86    0.55  275.81   83.51
 2012 325    4.86    0.54  261.72   83.61
 2012 326    4.87    0.52  247.63   83.70
 2012 327    4.87    0.50  233.54   83.80
 2012 328    4.87    0.49  219.45   83.89
 2012 329    4.87    0.47  205.36   83.99
 2012 330    4.87    0.46  191.28   84.08
 2012 331    4.87    0.44  177.19   84.18
 2012 332    4.87    0.42  163.10   84.27
 2012 333    4.87    0.41  149.01   84.37
 2012 334    4.87    0.39  134.92   84.46
 2012 335    4.87    0.37  120.83   84.56
 2012 336    4.87    0.36  106.74   84.65
 2012 337    4.87    0.34   92.65   84.75
 2012 338    4.87    0.33   78.56   84.84
 2012 339    4.87    0.31   64.47   84.94
 2012 340    4.87    0.29   50.38   85.03
 2012 341    4.87    0.28   36.29   85.13
 2012 342    4.87    0.26   22.20   85.23
 2012 343    4.87    0.25    8.12   85.32
 2012 344    4.87    0.23  354.03   85.42
 2012 345    4.87    0.21  339.94   85.51
 2012 346    4.87    0.20  325.85   85.61
 2012 347    4.87    0.18  311.76   85.70
 2012 348    4.87    0.17  297.67   85.80
 2012 349    4.87    0.15  283.58   85.89
 2012 350    4.87    0.13  269.49   85.99
 2012 351    4.87    0.12  255.40   86.08
 2012 352    4.87    0.10  241.31   86.18
 2012 353    4.87    0.09  227.22   86.27
 2012 354    4.87    0.07  213.13   86.37
 2012 355    4.87    0.05  199.04   86.46
 2012 356    4.87    0.04  184.95   86.56
 2012 357    4.87    0.02  170.86   86.65
 2012 358    4.87    0.00  156.77   86.75
 2012 359    4.87   -0.01  142.68   86.84
 2012 360    4.88   -0.03  128.60   86.93
 2012 361    4.88   -0.04  114.51   87.03
 2012 362    4.88   -0.06  100.42   87.12
 2012 363    4.88   -0.08   86.33   87.22
 2012 364    4.88   -0.09   72.24   87.31
 2012 365    4.88   -0.11   58.15   87.41
 2012 366    4.88   -0.12   44.06   87.50
 2012 366    4.88   -0.14   29.97   87.60
 2013   1    4.88   -0.16   15.88   87.69
 2013   2    4.88   -0.17    1.79   87.79
 2013   3    4.88   -0.19  347.70   87.88
 2013   4    4.88   -0.20  333.61   87.98
 2013   5    4.88   -0.22  319.52   88.07
 2013   6    4.88   -0.24  305.43   88.17
 2013   7    4.88   -0.25  291.34   88.26
 2013   8    4.88   -0.27  277.25   88.36
 2013   9    4.88   -0.28  263.16   88.45
 2013  10    4.88   -0.30  249.07   88.55
 2013  11    4.88   -0.32  234.98   88.64
 2013  12    4.88   -0.33  220.89   88.74
 2013  13    4.88   -0.35  206.80   88.83
 2013  14    4.88   -0.36  192.71   88.92
 2013  15    4.88   -0.38  178.62   89.02
 2013  16    4.88   -0.40  164.53   89.11
 2013  17    4.88   -0.41  150.44   89.21
 2013  18    4.88   -0.43  136.35   89.30
 2013  19    4.88   -0.44  122.26   89.40
 2013  20    4.88   -0.46  108.17   89.49
 2013  21    4.88   -0.48   94.08   89.59
 2013  22    4.89   -0.49   79.99   89.68
 2013  23    4.89   -0.51   65.90   89.78
 2013  24    4.89   -0.52   51.81   89.87
 2013  25    4.89   -0.54   37.72   89.96
 2013  26    4.89   -0.56   23.63   90.06
 2013  27    4.89   -0.57    9.54   90.15
 2013  28    4.89   -0.59  355.45   90.25
 2013  29    4.89   -0.60  341.36   90.34
 2013  30    4.89   -0.62  327.27   90.44
 2013  31    4.89   -0.64  313.18   90.53
 2013  32    4.89   -0.65  299.09   90.63
 2013  33    4.89   -0.67  285.00   90.72
 2013  34    4.89   -0.68  270.91   90.81
 2013  35    4.89   -0.70  256.82   90.91
 2013  36    4.89   -0.71  242.73   91.00
 2013  37    4.89   -0.73  228.64   91.10
 2013  38    4.89   -0.75  214.55   91.19
 2013  39    4.89   -0.76  200.46   91.29
 2013  40    4.89   -0.78  186.37   91.38
 2013  41    4.89   -0.79  172.28   91.47
 2013  42    4.89   -0.81  158.19   91.57
 2013  43    4.89   -0.83  144.10   91.66
 2013  44    4.89   -0.84  130.01   91.76
 2013  45    4.89   -0.86  115.92   91.85
 2013  46    4.89   -0.87  101.83   91.95
 2013  47    4.89   -0.89   87.74   92.04
 2013  48    4.89   -0.91   73.65   92.13
 2013  49    4.90   -0.92   59.56   92.23
 2013  50    4.90   -0.94   45.47   92.32
 2013  51    4.90   -0.95   31.38   92.42
 2013  52    4.90   -0.97   17.29   92.51
 2013  53    4.90   -0.98    3.20   92.60
 2013  54    4.90   -1.00  349.11   92.70
 2013  55    4.90   -1.02  335.02   92.79
 2013  56    4.90   -1.03  320.93   92.89
 2013  57    4.90   -1.05  306.84   92.98
 2013  58    4.90   -1.06  292.75   93.07
 2013  59    4.90   -1.08  278.66   93.17
 2013  60    4.90   -1.10  264.57   93.26
 2013  61    4.90   -1.11  250.48   93.36
 2013  62    4.90   -1.13  236.39   93.45
 2013  63    4.90   -1.14  222.30   93.54
 2013  64    4.90   -1.16  208.21   93.64
 2013  65    4.90   -1.17  194.12   93.73
 2013  66    4.90   -1.19  180.02   93.83
 2013  67    4.90   -1.21  165.93   93.92
 2013  68    4.90   -1.22  151.84   94.01
 2013  69    4.90   -1.24  137.75   94.11
 2013  70    4.90   -1.25  123.66   94.20
 2013  71    4.90   -1.27  109.57   94.29
 2013  72    4.90   -1.28   95.48   94.39
 2013  73    4.91   -1.30   81.39   94.48
 2013  74    4.91   -1.32   67.30   94.58
 2013  75    4.91   -1.33   53.21   94.67
 2013  76    4.91   -1.35   39.12   94.76
 2013  77    4.91   -1.36   25.03   94.86
 2013  78    4.91   -1.38   10.94   94.95
 2013  79    4.91   -1.39  356.85   95.04
 2013  80    4.91   -1.41  342.76   95.14
 2013  81    4.91   -1.43  328.67   95.23
 2013  82    4.91   -1.44  314.57   95.33
 2013  83    4.91   -1.46  300.48   95.42
 2013  84    4.91   -1.47  286.39   95.51
 2013  85    4.91   -1.49  272.30   95.61
 2013  86    4.91   -1.50  258.21   95.70
 2013  87    4.91   -1.52  244.12   95.79
 2013  88    4.91   -1.53  230.03   95.89
 2013  89    4.91   -1.55  215.94   95.98
 2013  90    4.91   -1.57  201.85   96.07
 2013  91    4.91   -1.58  187.76   96.17
 2013  92    4.91   -1.60  173.67   96.26
 2013  93    4.91   -1.61  159.58   96.35
 2013  94    4.91   -1.63  145.48   96.45
 2013  95    4.91   -1.64  131.39   96.54
 2013  96    4.92   -1.66  117.30   96.64
 2013  97    4.92   -1.68  103.21   96.73
 2013  98    4.92   -1.69   89.12   96.82
 2013  99    4.92   -1.71   75.03   96.92
 2013 100    4.92   -1.72   60.94   97.01
 2013 101    4.92   -1.74   46.85   97.10
 2013 102    4.92   -1.75   32.76   97.20
 2013 103    4.92   -1.77   18.67   97.29
 2013 104    4.92   -1.78    4.57   97.38
 2013 105    4.92   -1.80  350.48   97.48
 2013 106    4.92   -1.81  336.39   97.57
 2013 107    4.92   -1.83  322.30   97.66
 2013 108    4.92   -1.85  308.21   97.76
 2013 109    4.92   -1.86  294.12   97.85
 2013 110    4.92   -1.88  280.03   97.94
 2013 111    4.92   -1.89  265.94   98.03
 2013 112    4.92   -1.91  251.85   98.13
 2013 113    4.92   -1.92  237.75   98.22
 2013 114    4.92   -1.94  223.66   98.31
 2013 115    4.92   -1.95  209.57   98.41
 2013 116    4.92   -1.97  195.48   98.50
 2013 117    4.92   -1.98  181.39   98.59
 2013 118    4.93   -2.00  167.30   98.69
 2013 119    4.93   -2.02  153.21   98.78
 2013 120    4.93   -2.03  139.11   98.87
 2013 121    4.93   -2.05  125.02   98.97
 2013 122    4.93   -2.06  110.93   99.06
 2013 123    4.93   -2.08   96.84   99.15
 2013 124    4.93   -2.09   82.75   99.24
 2013 125    4.93   -2.11   68.66   99.34
 2013 126    4.93   -2.12   54.57   99.43
 2013 127    4.93   -2.14   40.47   99.52
 2013 128    4.93   -2.15   26.38   99.62
 2013 129    4.93   -2.17   12.29   99.71
 2013 130    4.93   -2.18  358.20   99.80
 2013 131    4.93   -2.20  344.11   99.90
 2013 132    4.93   -2.21  330.02   99.99
 2013 133    4.93   -2.23  315.93  100.08
 2013 134    4.93   -2.25  301.83  100.17
 2013 135    4.93   -2.26  287.74  100.27
 2013 136    4.93   -2.28  273.65  100.36
 2013 137    4.93   -2.29  259.56  100.45
 2013 138    4.93   -2.31  245.47  100.55
 2013 139    4.94   -2.32  231.38  100.64
 2013 140    4.94   -2.34  217.28  100.73
 2013 141    4.94   -2.35  203.19  100.82
 2013 142    4.94   -2.37  189.10  100.92
 2013 143    4.94   -2.38  175.01  101.01
 2013 144    4.94   -2.40  160.92  101.10
 2013 145    4.94   -2.41  146.83  101.19
 2013 146    4.94   -2.43  132.73  101.29
 2013 147    4.94   -2.44  118.64  101.38
 2013 148    4.94   -2.46  104.55  101.47
 2013 149    4.94   -2.47   90.46  101.56
 2013 150    4.94   -2.49   76.37  101.66
 2013 151    4.94   -2.50   62.27  101.75
 2013 152    4.94   -2.52   48.18  101.84
 2013 153    4.94   -2.53   34.09  101.93
 2013 154    4.94   -2.55   20.00  102.03
 2013 155    4.94   -2.56    5.91  102.12
 2013 156    4.94   -2.58  351.82  102.21
 2013 157    4.94   -2.59  337.72  102.30
 2013 158    4.95   -2.61  323.63  102.40
 2013 159    4.95   -2.62  309.54  102.49
 2013 160    4.95   -2.64  295.45  102.58
 2013 161    4.95   -2.65  281.36  102.67
 2013 162    4.95   -2.67  267.26  102.77
 2013 163    4.95   -2.68  253.17  102.86
 2013 164    4.95   -2.70  239.08  102.95
 2013 165    4.95   -2.71  224.99  103.04
 2013 166    4.95   -2.73  210.90  103.14
 2013 167    4.95   -2.74  196.80  103.23
 2013 168    4.95   -2.76  182.71  103.32
 2013 169    4.95   -2.77  168.62  103.41
 2013 170    4.95   -2.79  154.53  103.50
 2013 171    4.95   -2.80  140.43  103.60
 2013 172    4.95   -2.82  126.34  103.69
 2013 173    4.95   -2.83  112.25  103.78
 2013 174    4.95   -2.85   98.16  103.87
 2013 175    4.95   -2.86   84.07  103.97
 2013 176    4.95   -2.88   69.97  104.06
 2013 177    4.96   -2.89   55.88  104.15
 2013 178    4.96   -2.91   41.79  104.24
 2013 179    4.96   -2.92   27.70  104.33
 2013 180    4.96   -2.94   13.60  104.43
 2013 181    4.96   -2.95  359.51  104.52
 2013 182    4.96   -2.97  345.42  104.61
 2013 183    4.96   -2.98  331.33  104.70
 2013 184    4.96   -3.00  317.23  104.79
 2013 185    4.96   -3.01  303.14  104.89
 2013 186    4.96   -3.03  289.05  104.98
 2013 187    4.96   -3.04  274.96  105.07
 2013 189    4.96   -3.05  260.86  105.16
 2013 190    4.96   -3.07  246.77  105.25
 2013 191    4.96   -3.08  232.68  105.34
 2013 192    4.96   -3.10  218.59  105.44
 2013 193    4.96   -3.11  204.49  105.53
 2013 194    4.96   -3.13  190.40  105.62
 2013 195    4.96   -3.14  176.31  105.71
 2013 196    4.96   -3.16  162.22  105.80
 2013 197    4.97   -3.17  148.12  105.90
 2013 198    4.97   -3.19  134.03  105.99
 2013 199    4.97   -3.20  119.94  106.08
 2013 200    4.97   -3.22  105.85  106.17
 2013 201    4.97   -3.23   91.75  106.26
 2013 202    4.97   -3.24   77.66  106.35
 2013 203    4.97   -3.26   63.57  106.45
 2013 204    4.97   -3.27   49.47  106.54
 2013 205    4.97   -3.29   35.38  106.63
 2013 206    4.97   -3.30   21.29  106.72
 2013 207    4.97   -3.32    7.20  106.81
 2013 208    4.97   -3.33  353.10  106.90
 2013 209    4.97   -3.35  339.01  107.00
 2013 210    4.97   -3.36  324.92  107.09
 2013 211    4.97   -3.38  310.82  107.18
 2013 212    4.97   -3.39  296.73  107.27
 2013 213    4.97   -3.40  282.64  107.36
 2013 214    4.98   -3.42  268.55  107.45
 2013 215    4.98   -3.43  254.45  107.54
 2013 216    4.98   -3.45  240.36  107.64
 2013 217    4.98   -3.46  226.27  107.73
 2013 218    4.98   -3.48  212.17  107.82
 2013 219    4.98   -3.49  198.08  107.91
 2013 220    4.98   -3.50  183.99  108.00
 2013 221    4.98   -3.52  169.89  108.09
 2013 222    4.98   -3.53  155.80  108.18
 2013 223    4.98   -3.55  141.71  108.27
 2013 224    4.98   -3.56  127.61  108.37
 2013 225    4.98   -3.58  113.52  108.46
 2013 226    4.98   -3.59   99.43  108.55
 2013 227    4.98   -3.61   85.34  108.64
 2013 228    4.98   -3.62   71.24  108.73
 2013 229    4.98   -3.63   57.15  108.82
 2013 230    4.98   -3.65   43.06  108.91
 2013 231    4.99   -3.66   28.96  109.00
 2013 232    4.99   -3.68   14.87  109.10
 2013 233    4.99   -3.69    0.78  109.19
 2013 234    4.99   -3.70  346.68  109.28
 2013 235    4.99   -3.72  332.59  109.37
 2013 236    4.99   -3.73  318.50  109.46
 2013 237    4.99   -3.75  304.40  109.55
 2013 238    4.99   -3.76  290.31  109.64
 2013 239    4.99   -3.78  276.22  109.73
 2013 240    4.99   -3.79  262.12  109.82
 2013 241    4.99   -3.80  248.03  109.91
 2013 242    4.99   -3.82  233.94  110.01
 2013 243    4.99   -3.83  219.84  110.10
 2013 244    4.99   -3.85  205.75  110.19
 2013 245    4.99   -3.86  191.65  110.28
 2013 246    4.99   -3.87  177.56  110.37
 2013 247    4.99   -3.89  163.47  110.46
 2013 248    5.00   -3.90  149.37  110.55
 2013 249    5.00   -3.92  135.28  110.64
 2013 250    5.00   -3.93  121.19  110.73
 2013 251    5.00   -3.94  107.09  110.82
 2013 252    5.00   -3.96   93.00  110.91
 2013 253    5.00   -3.97   78.91  111.00
 2013 254    5.00   -3.99   64.81  111.09
 2013 255    5.00   -4.00   50.72  111.19
 2013 256    5.00   -4.01   36.62  111.28
 2013 257    5.00   -4.03   22.53  111.37
 2013 258    5.00   -4.04    8.44  111.46
 2013 259    5.00   -4.05  354.34  111.55
 2013 260    5.00   -4.07  340.25  111.64
 2013 261    5.00   -4.08  326.16  111.73
 2013 262    5.00   -4.10  312.06  111.82
 2013 263    5.00   -4.11  297.97  111.91
 2013 264    5.01   -4.12  283.87  112.00
 2013 265    5.01   -4.14  269.78  112.09
 2013 266    5.01   -4.15  255.69  112.18
 2013 267    5.01   -4.17  241.59  112.27
 2013 268    5.01   -4.18  227.50  112.36
 2013 269    5.01   -4.19  213.40  112.45
 2013 270    5.01   -4.21  199.31  112.54
 2013 271    5.01   -4.22  185.22  112.63
 2013 272    5.01   -4.23  171.12  112.72
 2013 273    5.01   -4.25  157.03  112.81
 2013 274    5.01   -4.26  142.93  112.90
 2013 275    5.01   -4.27  128.84  112.99
 2013 276    5.01   -4.29  114.75  113.09
 2013 277    5.01   -4.30  100.65  113.18
 2013 278    5.01   -4.32   86.56  113.27
 2013 279    5.01   -4.33   72.46  113.36
 2013 280    5.02   -4.34   58.37  113.45
 2013 281    5.02   -4.36   44.27  113.54
 2013 282    5.02   -4.37   30.18  113.63
 2013 283    5.02   -4.38   16.09  113.72
 2013 284    5.02   -4.40    1.99  113.81
 2013 285    5.02   -4.41  347.90  113.90
 2013 286    5.02   -4.42  333.80  113.99
 2013 287    5.02   -4.44  319.71  114.08
 2013 288    5.02   -4.45  305.61  114.17
 2013 289    5.02   -4.46  291.52  114.26
 2013 290    5.02   -4.48  277.43  114.35
 2013 291    5.02   -4.49  263.33  114.44
 2013 292    5.02   -4.50  249.24  114.53
 2013 293    5.02   -4.52  235.14  114.62
 2013 294    5.02   -4.53  221.05  114.71
 2013 295    5.02   -4.54  206.95  114.80
 2013 296    5.03   -4.56  192.86  114.89
 2013 297    5.03   -4.57  178.76  114.98
 2013 298    5.03   -4.58  164.67  115.07
 2013 299    5.03   -4.60  150.58  115.16
 2013 300    5.03   -4.61  136.48  115.25
 2013 301    5.03   -4.62  122.39  115.34
 2013 302    5.03   -4.64  108.29  115.43
 2013 303    5.03   -4.65   94.20  115.51
 2013 304    5.03   -4.66   80.10  115.60
 2013 305    5.03   -4.68   66.01  115.69
 2013 306    5.03   -4.69   51.91  115.78
 2013 307    5.03   -4.70   37.82  115.87
 2013 308    5.03   -4.72   23.72  115.96
 2013 309    5.03   -4.73    9.63  116.05
 2013 310    5.03   -4.74  355.53  116.14
 2013 311    5.04   -4.76  341.44  116.23
 2013 312    5.04   -4.77  327.34  116.32
 2013 313    5.04   -4.78  313.25  116.41
 2013 314    5.04   -4.79  299.15  116.50
 2013 315    5.04   -4.81  285.06  116.59
 2013 316    5.04   -4.82  270.96  116.68
 2013 317    5.04   -4.83  256.87  116.77
 2013 318    5.04   -4.85  242.77  116.86
 2013 319    5.04   -4.86  228.68  116.95
 2013 320    5.04   -4.87  214.58  117.04
 2013 321    5.04   -4.89  200.49  117.13
 2013 322    5.04   -4.90  186.39  117.22
 2013 323    5.04   -4.91  172.30  117.31
 2013 324    5.04   -4.92  158.20  117.39
 2013 325    5.04   -4.94  144.11  117.48
 2013 326    5.05   -4.95  130.01  117.57
 2013 327    5.05   -4.96  115.92  117.66
 2013 328    5.05   -4.98  101.82  117.75
 2013 329    5.05   -4.99   87.73  117.84
 2013 330    5.05   -5.00   73.63  117.93
 2013 331    5.05   -5.01   59.54  118.02
 2013 332    5.05   -5.03   45.44  118.11
 2013 333    5.05   -5.04   31.35  118.20
 2013 334    5.05   -5.05   17.25  118.29
 2013 335    5.05   -5.07    3.16  118.38
 2013 336    5.05   -5.08  349.06  118.46
 2013 337    5.05   -5.09  334.97  118.55
 2013 338    5.05   -5.10  320.87  118.64
 2013 339    5.05   -5.12  306.78  118.73
 2013 340    5.05   -5.13  292.68  118.82
 2013 341    5.06   -5.14  278.58  118.91
 2013 342    5.06   -5.15  264.49  119.00
 2013 343    5.06   -5.17  250.39  119.09
 2013 344    5.06   -5.18  236.30  119.18
 2013 345    5.06   -5.19  222.20  119.27
 2013 346    5.06   -5.20  208.11  119.35
 2013 347    5.06   -5.22  194.01  119.44
 2013 348    5.06   -5.23  179.92  119.53
 2013 349    5.06   -5.24  165.82  119.62
 2013 350    5.06   -5.26  151.72  119.71
 2013 351    5.06   -5.27  137.63  119.80
 2013 352    5.06   -5.28  123.53  119.89
 2013 353    5.06   -5.29  109.44  119.98
 2013 354    5.06   -5.30   95.34  120.06
 2013 355    5.07   -5.32   81.25  120.15
 2013 356    5.07   -5.33   67.15  120.24
 2013 357    5.07   -5.34   53.05  120.33
 2013 358    5.07   -5.35   38.96  120.42
 2013 359    5.07   -5.37   24.86  120.51
 2013 360    5.07   -5.38   10.77  120.60
 2013 361    5.07   -5.39  356.67  120.68
 2013 362    5.07   -5.40  342.58  120.77
 2013 363    5.07   -5.42  328.48  120.86
 2013 364    5.07   -5.43  314.38  120.95
 2013 365    5.07   -5.44  300.29  121.04
 2014   1    5.07   -5.45  286.19  121.13
 2014   1    5.07   -5.47  272.10  121.22
 2014   2    5.07   -5.48  258.00  121.30
 2014   3    5.07   -5.49  243.90  121.39
 2014   4    5.08   -5.50  229.81  121.48
 2014   5    5.08   -5.51  215.71  121.57
 2014   6    5.08   -5.53  201.62  121.66
 2014   7    5.08   -5.54  187.52  121.75
 2014   8    5.08   -5.55  173.42  121.83
 2014   9    5.08   -5.56  159.33  121.92
 2014  10    5.08   -5.57  145.23  122.01
 2014  11    5.08   -5.59  131.13  122.10
 2014  12    5.08   -5.60  117.04  122.19
 2014  13    5.08   -5.61  102.94  122.27
 2014  14    5.08   -5.62   88.85  122.36
 2014  15    5.08   -5.63   74.75  122.45
 2014  16    5.08   -5.65   60.65  122.54
 2014  17    5.08   -5.66   46.56  122.63
 2014  18    5.09   -5.67   32.46  122.72
 2014  19    5.09   -5.68   18.36  122.80
 2014  20    5.09   -5.69    4.27  122.89
 2014  21    5.09   -5.71  350.17  122.98
 2014  22    5.09   -5.72  336.08  123.07
 2014  23    5.09   -5.73  321.98  123.16
 2014  24    5.09   -5.74  307.88  123.24
 2014  25    5.09   -5.75  293.79  123.33
 2014  26    5.09   -5.77  279.69  123.42
 2014  27    5.09   -5.78  265.59  123.51
 2014  28    5.09   -5.79  251.50  123.59
 2014  29    5.09   -5.80  237.40  123.68
 2014  30    5.09   -5.81  223.30  123.77
 2014  31    5.09   -5.82  209.21  123.86
 2014  32    5.10   -5.84  195.11  123.95
 2014  33    5.10   -5.85  181.01  124.03
 2014  34    5.10   -5.86  166.92  124.12
 2014  35    5.10   -5.87  152.82  124.21
 2014  36    5.10   -5.88  138.72  124.30
 2014  37    5.10   -5.89  124.63  124.38
 2014  38    5.10   -5.91  110.53  124.47
 2014  39    5.10   -5.92   96.43  124.56
 2014  40    5.10   -5.93   82.34  124.65
 2014  41    5.10   -5.94   68.24  124.73
 2014  42    5.10   -5.95   54.14  124.82
 2014  43    5.10   -5.96   40.05  124.91
 2014  44    5.10   -5.98   25.95  125.00
 2014  45    5.11   -5.99   11.85  125.08
 2014  46    5.11   -6.00  357.75  125.17
 2014  47    5.11   -6.01  343.66  125.26
 2014  48    5.11   -6.02  329.56  125.35
 2014  49    5.11   -6.03  315.46  125.43
 2014  50    5.11   -6.04  301.37  125.52
 2014  51    5.11   -6.06  287.27  125.61
 2014  52    5.11   -6.07  273.17  125.70
 2014  53    5.11   -6.08  259.08  125.78
 2014  54    5.11   -6.09  244.98  125.87
 2014  55    5.11   -6.10  230.88  125.96
 2014  56    5.11   -6.11  216.78  126.05
 2014  57    5.11   -6.12  202.69  126.13
 2014  58    5.11   -6.13  188.59  126.22
 2014  59    5.12   -6.15  174.49  126.31
 2014  60    5.12   -6.16  160.40  126.39
 2014  61    5.12   -6.17  146.30  126.48
 2014  62    5.12   -6.18  132.20  126.57
 2014  63    5.12   -6.19  118.10  126.66
 2014  64    5.12   -6.20  104.01  126.74
 2014  65    5.12   -6.21   89.91  126.83
 2014  66    5.12   -6.22   75.81  126.92
 2014  67    5.12   -6.24   61.71  127.00
 2014  68    5.12   -6.25   47.62  127.09
 2014  69    5.12   -6.26   33.52  127.18
 2014  70    5.12   -6.27   19.42  127.27
 2014  71    5.12   -6.28    5.32  127.35
 2014  72    5.13   -6.29  351.23  127.44
 2014  73    5.13   -6.30  337.13  127.53
 2014  74    5.13   -6.31  323.03  127.61
 2014  75    5.13   -6.32  308.93  127.70
 2014  76    5.13   -6.33  294.84  127.79
 2014  77    5.13   -6.35  280.74  127.87
 2014  78    5.13   -6.36  266.64  127.96
 2014  79    5.13   -6.37  252.54  128.05
 2014  80    5.13   -6.38  238.45  128.13
 2014  81    5.13   -6.39  224.35  128.22
 2014  82    5.13   -6.40  210.25  128.31
 2014  83    5.13   -6.41  196.15  128.39
 2014  84    5.13   -6.42  182.06  128.48
 2014  85    5.13   -6.43  167.96  128.57
 2014  86    5.14   -6.44  153.86  128.65
 2014  87    5.14   -6.45  139.76  128.74
 2014  88    5.14   -6.46  125.66  128.83
 2014  89    5.14   -6.48  111.57  128.91
 2014  90    5.14   -6.49   97.47  129.00
 2014  91    5.14   -6.50   83.37  129.09
 2014  92    5.14   -6.51   69.27  129.17
 2014  93    5.14   -6.52   55.17  129.26
 2014  94    5.14   -6.53   41.08  129.35
 2014  95    5.14   -6.54   26.98  129.43
 2014  96    5.14   -6.55   12.88  129.52
 2014  97    5.14   -6.56  358.78  129.60
 2014  98    5.14   -6.57  344.68  129.69
 2014  99    5.15   -6.58  330.59  129.78
 2014 100    5.15   -6.59  316.49  129.86
 2014 101    5.15   -6.60  302.39  129.95
 2014 102    5.15   -6.61  288.29  130.04
 2014 103    5.15   -6.62  274.19  130.12
 2014 104    5.15   -6.63  260.10  130.21
 2014 105    5.15   -6.64  246.00  130.29
 2014 106    5.15   -6.65  231.90  130.38
 2014 107    5.15   -6.67  217.80  130.47
 2014 108    5.15   -6.68  203.70  130.55
 2014 109    5.15   -6.69  189.60  130.64
 2014 110    5.15   -6.70  175.51  130.73
 2014 111    5.15   -6.71  161.41  130.81
 2014 112    5.16   -6.72  147.31  130.90
 2014 113    5.16   -6.73  133.21  130.98
 2014 114    5.16   -6.74  119.11  131.07
 2014 115    5.16   -6.75  105.01  131.16
 2014 116    5.16   -6.76   90.92  131.24
 2014 117    5.16   -6.77   76.82  131.33
 2014 118    5.16   -6.78   62.72  131.41
 2014 119    5.16   -6.79   48.62  131.50
 2014 120    5.16   -6.80   34.52  131.58
 2014 121    5.16   -6.81   20.42  131.67
 2014 122    5.16   -6.82    6.32  131.76
 2014 123    5.16   -6.83  352.23  131.84
 2014 124    5.16   -6.84  338.13  131.93
 2014 125    5.17   -6.85  324.03  132.01
 2014 126    5.17   -6.86  309.93  132.10
 2014 127    5.17   -6.87  295.83  132.19
 2014 128    5.17   -6.88  281.73  132.27
 2014 129    5.17   -6.89  267.63  132.36
 2014 130    5.17   -6.90  253.53  132.44
 2014 131    5.17   -6.91  239.44  132.53
 2014 132    5.17   -6.92  225.34  132.61
 2014 133    5.17   -6.93  211.24  132.70
 2014 134    5.17   -6.94  197.14  132.78
 2014 135    5.17   -6.95  183.04  132.87
 2014 136    5.17   -6.96  168.94  132.96
 2014 137    5.17   -6.97  154.84  133.04
 2014 138    5.18   -6.98  140.74  133.13
 2014 139    5.18   -6.99  126.65  133.21
 2014 140    5.18   -7.00  112.55  133.30
 2014 141    5.18   -7.01   98.45  133.38
 2014 142    5.18   -7.02   84.35  133.47
 2014 143    5.18   -7.03   70.25  133.55
 2014 144    5.18   -7.04   56.15  133.64
 2014 145    5.18   -7.05   42.05  133.72
 2014 146    5.18   -7.06   27.95  133.81
 2014 147    5.18   -7.07   13.85  133.89
 2014 148    5.18   -7.08  359.75  133.98
 2014 149    5.18   -7.09  345.65  134.06
 2014 150    5.19   -7.10  331.56  134.15
 2014 151    5.19   -7.11  317.46  134.24
 2014 152    5.19   -7.11  303.36  134.32
 2014 153    5.19   -7.12  289.26  134.41
 2014 154    5.19   -7.13  275.16  134.49
 2014 155    5.19   -7.14  261.06  134.58
 2014 156    5.19   -7.15  246.96  134.66
 2014 157    5.19   -7.16  232.86  134.75
 2014 158    5.19   -7.17  218.76  134.83
 2014 159    5.19   -7.18  204.66  134.92
 2014 160    5.19   -7.19  190.56  135.00
 2014 161    5.19   -7.20  176.46  135.09
 2014 162    5.19   -7.21  162.36  135.17
 2014 163    5.20   -7.22  148.26  135.26
 2014 164    5.20   -7.23  134.16  135.34
 2014 165    5.20   -7.24  120.06  135.43
 2014 166    5.20   -7.25  105.96  135.51
 2014 167    5.20   -7.26   91.86  135.59
 2014 168    5.20   -7.27   77.77  135.68
 2014 169    5.20   -7.27   63.67  135.76
 2014 170    5.20   -7.28   49.57  135.85
 2014 171    5.20   -7.29   35.47  135.93
 2014 172    5.20   -7.30   21.37  136.02
 2014 173    5.20   -7.31    7.27  136.10
 2014 174    5.20   -7.32  353.17  136.19
 2014 175    5.21   -7.33  339.07  136.27
 2014 176    5.21   -7.34  324.97  136.36
 2014 177    5.21   -7.35  310.87  136.44
 2014 178    5.21   -7.36  296.77  136.53
 2014 179    5.21   -7.37  282.67  136.61
 2014 180    5.21   -7.38  268.57  136.70
 2014 181    5.21   -7.38  254.47  136.78
 2014 182    5.21   -7.39  240.37  136.86
 2014 183    5.21   -7.40  226.27  136.95
 2014 184    5.21   -7.41  212.17  137.03
 2014 185    5.21   -7.42  198.07  137.12
 2014 186    5.21   -7.43  183.97  137.20
 2014 187    5.21   -7.44  169.87  137.29
 2014 189    5.22   -7.45  155.77  137.37
 2014 190    5.22   -7.46  141.67  137.45
 2014 191    5.22   -7.46  127.57  137.54
 2014 192    5.22   -7.47  113.47  137.62
 2014 193    5.22   -7.48   99.37  137.71
 2014 194    5.22   -7.49   85.27  137.79
 2014 195    5.22   -7.50   71.17  137.88
 2014 196    5.22   -7.51   57.07  137.96
 2014 197    5.22   -7.52   42.97  138.04
 2014 198    5.22   -7.53   28.87  138.13
 2014 199    5.22   -7.54   14.77  138.21
 2014 200    5.22   -7.54    0.67  138.30
 2014 201    5.23   -7.55  346.57  138.38
 2014 202    5.23   -7.56  332.47  138.46
 2014 203    5.23   -7.57  318.37  138.55
 2014 204    5.23   -7.58  304.26  138.63
 2014 205    5.23   -7.59  290.16  138.72
 2014 206    5.23   -7.60  276.06  138.80
 2014 207    5.23   -7.60  261.96  138.88
 2014 208    5.23   -7.61  247.86  138.97
 2014 209    5.23   -7.62  233.76  139.05
 2014 210    5.23   -7.63  219.66  139.14
 2014 211    5.23   -7.64  205.56  139.22
 2014 212    5.23   -7.65  191.46  139.30
 2014 213    5.23   -7.66  177.36  139.39
 2014 214    5.24   -7.66  163.26  139.47
 2014 215    5.24   -7.67  149.16  139.56
 2014 216    5.24   -7.68  135.06  139.64
 2014 217    5.24   -7.69  120.96  139.72
 2014 218    5.24   -7.70  106.86  139.81
 2014 219    5.24   -7.71   92.76  139.89
 2014 220    5.24   -7.71   78.66  139.97
 2014 221    5.24   -7.72   64.55  140.06
 2014 222    5.24   -7.73   50.45  140.14
 2014 223    5.24   -7.74   36.35  140.22
 2014 224    5.24   -7.75   22.25  140.31
 2014 225    5.24   -7.76    8.15  140.39
 2014 226    5.25   -7.76  354.05  140.47
 2014 227    5.25   -7.77  339.95  140.56
 2014 228    5.25   -7.78  325.85  140.64
 2014 229    5.25   -7.79  311.75  140.73
 2014 230    5.25   -7.80  297.65  140.81
 2014 231    5.25   -7.80  283.55  140.89
 2014 232    5.25   -7.81  269.44  140.98
 2014 233    5.25   -7.82  255.34  141.06
 2014 234    5.25   -7.83  241.24  141.14
 2014 235    5.25   -7.84  227.14  141.23
 2014 236    5.25   -7.84  213.04  141.31
 2014 237    5.25   -7.85  198.94  141.39
 2014 238    5.26   -7.86  184.84  141.48
 2014 239    5.26   -7.87  170.74  141.56
 2014 240    5.26   -7.88  156.64  141.64
 2014 241    5.26   -7.88  142.53  141.72
 2014 242    5.26   -7.89  128.43  141.81
 2014 243    5.26   -7.90  114.33  141.89
 2014 244    5.26   -7.91  100.23  141.97
 2014 245    5.26   -7.92   86.13  142.06
 2014 246    5.26   -7.92   72.03  142.14
 2014 247    5.26   -7.93   57.93  142.22
 2014 248    5.26   -7.94   43.82  142.31
 2014 249    5.26   -7.95   29.72  142.39
 2014 250    5.26   -7.96   15.62  142.47
 2014 251    5.27   -7.96    1.52  142.55
 2014 252    5.27   -7.97  347.42  142.64
 2014 253    5.27   -7.98  333.32  142.72
 2014 254    5.27   -7.99  319.22  142.80
 2014 255    5.27   -7.99  305.11  142.89
 2014 256    5.27   -8.00  291.01  142.97
 2014 257    5.27   -8.01  276.91  143.05
 2014 258    5.27   -8.02  262.81  143.13
 2014 259    5.27   -8.02  248.71  143.22
 2014 260    5.27   -8.03  234.61  143.30
 2014 261    5.27   -8.04  220.50  143.38
 2014 262    5.27   -8.05  206.40  143.47
 2014 263    5.28   -8.05  192.30  143.55
 2014 264    5.28   -8.06  178.20  143.63
 2014 265    5.28   -8.07  164.10  143.71
 2014 266    5.28   -8.08  150.00  143.80
 2014 267    5.28   -8.08  135.89  143.88
 2014 268    5.28   -8.09  121.79  143.96
 2014 269    5.28   -8.10  107.69  144.04
 2014 270    5.28   -8.11   93.59  144.13
 2014 271    5.28   -8.11   79.49  144.21
 2014 272    5.28   -8.12   65.38  144.29
 2014 273    5.28   -8.13   51.28  144.37
 2014 274    5.28   -8.14   37.18  144.46
 2014 275    5.29   -8.14   23.08  144.54
 2014 276    5.29   -8.15    8.98  144.62
 2014 277    5.29   -8.16  354.87  144.70
 2014 278    5.29   -8.17  340.77  144.79
 2014 279    5.29   -8.17  326.67  144.87
 2014 280    5.29   -8.18  312.57  144.95
 2014 281    5.29   -8.19  298.47  145.03
 2014 282    5.29   -8.19  284.36  145.11
 2014 283    5.29   -8.20  270.26  145.20
 2014 284    5.29   -8.21  256.16  145.28
 2014 285    5.29   -8.22  242.06  145.36
 2014 286    5.29   -8.22  227.95  145.44
 2014 287    5.30   -8.23  213.85  145.53
 2014 288    5.30   -8.24  199.75  145.61
 2014 289    5.30   -8.24  185.65  145.69
 2014 290    5.30   -8.25  171.55  145.77
 2014 291    5.30   -8.26  157.44  145.85
 2014 292    5.30   -8.26  143.34  145.94
 2014 293    5.30   -8.27  129.24  146.02
 2014 294    5.30   -8.28  115.14  146.10
 2014 295    5.30   -8.29  101.03  146.18
 2014 296    5.30   -8.29   86.93  146.26
 2014 297    5.30   -8.30   72.83  146.35
 2014 298    5.30   -8.31   58.73  146.43
 2014 299    5.31   -8.31   44.62  146.51
 2014 300    5.31   -8.32   30.52  146.59
 2014 301    5.31   -8.33   16.42  146.67
 2014 302    5.31   -8.33    2.32  146.75
 2014 303    5.31   -8.34  348.21  146.84
 2014 304    5.31   -8.35  334.11  146.92
 2014 305    5.31   -8.35  320.01  147.00
 2014 306    5.31   -8.36  305.90  147.08
 2014 307    5.31   -8.37  291.80  147.16
 2014 308    5.31   -8.37  277.70  147.24
 2014 309    5.31   -8.38  263.60  147.33
 2014 310    5.31   -8.39  249.49  147.41
 2014 311    5.32   -8.39  235.39  147.49
 2014 312    5.32   -8.40  221.29  147.57
 2014 313    5.32   -8.41  207.18  147.65
 2014 314    5.32   -8.41  193.08  147.73
 2014 315    5.32   -8.42  178.98  147.82
 2014 316    5.32   -8.43  164.88  147.90
 2014 317    5.32   -8.43  150.77  147.98
 2014 318    5.32   -8.44  136.67  148.06
 2014 319    5.32   -8.45  122.57  148.14
 2014 320    5.32   -8.45  108.46  148.22
 2014 321    5.32   -8.46   94.36  148.30
 2014 322    5.32   -8.46   80.26  148.38
 2014 323    5.33   -8.47   66.15  148.47
 2014 324    5.33   -8.48   52.05  148.55
 2014 325    5.33   -8.48   37.95  148.63
 2014 326    5.33   -8.49   23.85  148.71
 2014 327    5.33   -8.50    9.74  148.79
 2014 328    5.33   -8.50  355.64  148.87
 2014 329    5.33   -8.51  341.54  148.95
 2014 330    5.33   -8.52  327.43  149.03
 2014 331    5.33   -8.52  313.33  149.12
 2014 332    5.33   -8.53  299.23  149.20
 2014 333    5.33   -8.53  285.12  149.28
 2014 334    5.33   -8.54  271.02  149.36
 2014 335    5.34   -8.55  256.92  149.44
 2014 336    5.34   -8.55  242.81  149.52
 2014 337    5.34   -8.56  228.71  149.60
 2014 338    5.34   -8.56  214.61  149.68
 2014 339    5.34   -8.57  200.50  149.76
 2014 340    5.34   -8.58  186.40  149.84
 2014 341    5.34   -8.58  172.30  149.93
 2014 342    5.34   -8.59  158.19  150.01
 2014 343    5.34   -8.60  144.09  150.09
 2014 344    5.34   -8.60  129.98  150.17
 2014 345    5.34   -8.61  115.88  150.25
 2014 346    5.34   -8.61  101.78  150.33
 2014 347    5.35   -8.62   87.67  150.41
 2014 348    5.35   -8.62   73.57  150.49
 2014 349    5.35   -8.63   59.47  150.57
 2014 350    5.35   -8.64   45.36  150.65
 2014 351    5.35   -8.64   31.26  150.73
 2014 352    5.35   -8.65   17.15  150.81
 2014 353    5.35   -8.65    3.05  150.89
 2014 354    5.35   -8.66  348.95  150.97
 2014 355    5.35   -8.67  334.84  151.06
 2014 356    5.35   -8.67  320.74  151.14
 2014 357    5.35   -8.68  306.64  151.22
 2014 358    5.35   -8.68  292.53  151.30
 2014 359    5.36   -8.69  278.43  151.38
 2014 360    5.36   -8.69  264.32  151.46
 2014 361    5.36   -8.70  250.22  151.54
 2014 362    5.36   -8.71  236.12  151.62
 2014 363    5.36   -8.71  222.01  151.70
 2014 364    5.36   -8.72  207.91  151.78
 2014 365    5.36   -8.72  193.80  151.86
