 YYYY DOY     AU    HG_LAT  HG_LON  HGI_LON   from orbital elements with epoch: 2010-Nov-10.1353
 2008   1   11.38   73.44  286.59  349.33
 2008   2   11.38   73.46  272.32  349.24
 2008   3   11.38   73.49  258.04  349.15
 2008   4   11.37   73.51  243.77  349.06
 2008   5   11.37   73.53  229.49  348.96
 2008   6   11.37   73.55  215.21  348.87
 2008   7   11.37   73.57  200.94  348.78
 2008   8   11.36   73.59  186.66  348.69
 2008   9   11.36   73.61  172.38  348.59
 2008  10   11.36   73.64  158.10  348.50
 2008  11   11.35   73.66  143.82  348.41
 2008  12   11.35   73.68  129.55  348.31
 2008  13   11.35   73.70  115.27  348.22
 2008  14   11.35   73.72  100.99  348.12
 2008  15   11.34   73.74   86.71  348.03
 2008  16   11.34   73.76  432.43  347.93
 2008  17   11.34   73.79  418.15  347.84
 2008  18   11.34   73.81  403.87  347.74
 2008  19   11.33   73.83  389.59  347.64
 2008  20   11.33   73.85  375.31  347.55
 2008  21   11.33   73.87  361.03  347.45
 2008  22   11.33   73.89  346.75  347.35
 2008  23   11.32   73.91  332.46  347.26
 2008  24   11.32   73.93  318.18  347.16
 2008  25   11.32   73.95  303.90  347.06
 2008  26   11.32   73.97  289.62  346.96
 2008  27   11.31   74.00  275.33  346.87
 2008  28   11.31   74.02  261.05  346.77
 2008  29   11.31   74.04  246.77  346.67
 2008  30   11.31   74.06  232.48  346.57
 2008  31   11.30   74.08  218.20  346.47
 2008  32   11.30   74.10  203.92  346.37
 2008  33   11.30   74.12  189.63  346.27
 2008  34   11.30   74.14  175.35  346.17
 2008  35   11.29   74.16  161.06  346.07
 2008  36   11.29   74.18  146.78  345.97
 2008  37   11.29   74.20  132.49  345.87
 2008  38   11.29   74.22  118.20  345.76
 2008  39   11.28   74.24  103.92  345.66
 2008  40   11.28   74.26   89.63  345.56
 2008  41   11.28   74.28  435.34  345.46
 2008  42   11.28   74.30  421.06  345.35
 2008  43   11.27   74.32  406.77  345.25
 2008  44   11.27   74.34  392.48  345.15
 2008  45   11.27   74.36  378.19  345.04
 2008  46   11.26   74.38  363.90  344.94
 2008  47   11.26   74.40  349.62  344.83
 2008  48   11.26   74.42  335.33  344.73
 2008  49   11.26   74.44  321.04  344.62
 2008  50   11.25   74.46  306.75  344.52
 2008  51   11.25   74.48  292.46  344.41
 2008  52   11.25   74.50  278.17  344.31
 2008  53   11.25   74.52  263.88  344.20
 2008  54   11.24   74.54  249.59  344.09
 2008  55   11.24   74.56  235.29  343.99
 2008  56   11.24   74.58  221.00  343.88
 2008  57   11.24   74.60  206.71  343.77
 2008  58   11.23   74.62  192.42  343.67
 2008  59   11.23   74.64  178.13  343.56
 2008  60   11.23   74.66  163.83  343.45
 2008  61   11.23   74.68  149.54  343.34
 2008  62   11.22   74.70  135.25  343.23
 2008  63   11.22   74.72  120.95  343.12
 2008  64   11.22   74.74  106.66  343.01
 2008  65   11.22   74.76   92.36  342.90
 2008  66   11.21   74.78   78.07  342.79
 2008  67   11.21   74.80  423.77  342.68
 2008  68   11.21   74.82  409.48  342.57
 2008  69   11.21   74.84  395.18  342.46
 2008  70   11.20   74.86  380.89  342.35
 2008  71   11.20   74.87  366.59  342.23
 2008  72   11.20   74.89  352.29  342.12
 2008  73   11.20   74.91  337.99  342.01
 2008  74   11.19   74.93  323.70  341.90
 2008  75   11.19   74.95  309.40  341.78
 2008  76   11.19   74.97  295.10  341.67
 2008  77   11.19   74.99  280.80  341.55
 2008  78   11.18   75.01  266.50  341.44
 2008  79   11.18   75.03  252.21  341.32
 2008  80   11.18   75.04  237.91  341.21
 2008  81   11.18   75.06  223.61  341.09
 2008  82   11.17   75.08  209.31  340.98
 2008  83   11.17   75.10  195.01  340.86
 2008  84   11.17   75.12  180.70  340.75
 2008  85   11.17   75.14  166.40  340.63
 2008  86   11.16   75.15  152.10  340.51
 2008  87   11.16   75.17  137.80  340.40
 2008  88   11.16   75.19  123.50  340.28
 2008  89   11.16   75.21  109.20  340.16
 2008  90   11.15   75.23   94.89  340.04
 2008  91   11.15   75.25   80.59  339.92
 2008  92   11.15   75.26  426.29  339.80
 2008  93   11.15   75.28  411.98  339.68
 2008  94   11.15   75.30  397.68  339.56
 2008  95   11.14   75.32  383.37  339.44
 2008  96   11.14   75.34  369.07  339.32
 2008  97   11.14   75.35  354.76  339.20
 2008  98   11.14   75.37  340.46  339.08
 2008  99   11.13   75.39  326.15  338.96
 2008 100   11.13   75.41  311.85  338.84
 2008 101   11.13   75.42  297.54  338.72
 2008 102   11.13   75.44  283.23  338.59
 2008 103   11.12   75.46  268.93  338.47
 2008 104   11.12   75.48  254.62  338.35
 2008 105   11.12   75.49  240.31  338.23
 2008 106   11.12   75.51  226.00  338.10
 2008 107   11.11   75.53  211.69  337.98
 2008 108   11.11   75.54  197.39  337.85
 2008 109   11.11   75.56  183.08  337.73
 2008 110   11.11   75.58  168.77  337.60
 2008 111   11.10   75.60  154.46  337.48
 2008 112   11.10   75.61  140.15  337.35
 2008 113   11.10   75.63  125.84  337.23
 2008 114   11.10   75.65  111.53  337.10
 2008 115   11.09   75.66   97.21  336.97
 2008 116   11.09   75.68   82.90  336.84
 2008 117   11.09   75.70  428.59  336.72
 2008 118   11.09   75.71  414.28  336.59
 2008 119   11.08   75.73  399.97  336.46
 2008 120   11.08   75.75  385.65  336.33
 2008 121   11.08   75.76  371.34  336.20
 2008 122   11.08   75.78  357.03  336.07
 2008 123   11.07   75.79  342.71  335.94
 2008 124   11.07   75.81  328.40  335.81
 2008 125   11.07   75.83  314.08  335.68
 2008 126   11.07   75.84  299.77  335.55
 2008 127   11.07   75.86  285.45  335.42
 2008 128   11.06   75.87  271.14  335.29
 2008 129   11.06   75.89  256.82  335.16
 2008 130   11.06   75.91  242.50  335.03
 2008 131   11.06   75.92  228.19  334.89
 2008 132   11.05   75.94  213.87  334.76
 2008 133   11.05   75.95  199.55  334.63
 2008 134   11.05   75.97  185.23  334.50
 2008 135   11.05   75.98  170.92  334.36
 2008 136   11.04   76.00  156.60  334.23
 2008 137   11.04   76.02  142.28  334.09
 2008 138   11.04   76.03  127.96  333.96
 2008 139   11.04   76.05  113.64  333.82
 2008 140   11.03   76.06   99.32  333.69
 2008 141   11.03   76.08   85.00  333.55
 2008 142   11.03   76.09   70.68  333.42
 2008 143   11.03   76.11  416.36  333.28
 2008 144   11.02   76.12  402.04  333.14
 2008 145   11.02   76.14  387.71  333.00
 2008 146   11.02   76.15  373.39  332.87
 2008 147   11.02   76.16  359.07  332.73
 2008 148   11.02   76.18  344.75  332.59
 2008 149   11.01   76.19  330.42  332.45
 2008 150   11.01   76.21  316.10  332.31
 2008 151   11.01   76.22  301.78  332.17
 2008 152   11.01   76.24  287.45  332.03
 2008 153   11.00   76.25  273.13  331.89
 2008 154   11.00   76.26  258.80  331.75
 2008 155   11.00   76.28  244.48  331.61
 2008 156   11.00   76.29  230.15  331.47
 2008 157   10.99   76.31  215.83  331.33
 2008 158   10.99   76.32  201.50  331.19
 2008 159   10.99   76.33  187.17  331.05
 2008 160   10.99   76.35  172.85  330.90
 2008 161   10.98   76.36  158.52  330.76
 2008 162   10.98   76.38  144.19  330.62
 2008 163   10.98   76.39  129.87  330.47
 2008 164   10.98   76.40  115.54  330.33
 2008 165   10.98   76.42  101.21  330.19
 2008 166   10.97   76.43   86.88  330.04
 2008 167   10.97   76.44   72.55  329.90
 2008 168   10.97   76.45  418.22  329.75
 2008 169   10.97   76.47  403.89  329.61
 2008 170   10.96   76.48  389.56  329.46
 2008 171   10.96   76.49  375.23  329.32
 2008 172   10.96   76.51  360.90  329.17
 2008 173   10.96   76.52  346.57  329.02
 2008 174   10.95   76.53  332.24  328.87
 2008 175   10.95   76.54  317.91  328.73
 2008 176   10.95   76.56  303.57  328.58
 2008 177   10.95   76.57  289.24  328.43
 2008 178   10.95   76.58  274.91  328.28
 2008 179   10.94   76.59  260.57  328.13
 2008 180   10.94   76.61  246.24  327.98
 2008 181   10.94   76.62  231.91  327.84
 2008 182   10.94   76.63  217.57  327.69
 2008 183   10.93   76.64  203.24  327.54
 2008 184   10.93   76.65  188.90  327.39
 2008 185   10.93   76.66  174.57  327.23
 2008 186   10.93   76.68  160.23  327.08
 2008 187   10.93   76.69  145.90  326.93
 2008 188   10.92   76.70  131.56  326.78
 2008 189   10.92   76.71  117.23  326.63
 2008 190   10.92   76.72  102.89  326.48
 2008 191   10.92   76.73   88.55  326.32
 2008 192   10.91   76.74   74.21  326.17
 2008 193   10.91   76.75  419.88  326.02
 2008 194   10.91   76.77  405.54  325.86
 2008 195   10.91   76.78  391.20  325.71
 2008 196   10.90   76.79  376.86  325.56
 2008 197   10.90   76.80  362.52  325.40
 2008 198   10.90   76.81  348.18  325.25
 2008 199   10.90   76.82  333.84  325.09
 2008 200   10.90   76.83  319.50  324.94
 2008 201   10.89   76.84  305.16  324.78
 2008 202   10.89   76.85  290.82  324.62
 2008 203   10.89   76.86  276.48  324.47
 2008 204   10.89   76.87  262.14  324.31
 2008 205   10.88   76.88  247.80  324.15
 2008 206   10.88   76.89  233.46  324.00
 2008 207   10.88   76.90  219.12  323.84
 2008 208   10.88   76.91  204.77  323.68
 2008 209   10.88   76.92  190.43  323.52
 2008 210   10.87   76.93  176.09  323.37
 2008 211   10.87   76.94  161.75  323.21
 2008 212   10.87   76.95  147.40  323.05
 2008 213   10.87   76.96  133.06  322.89
 2008 214   10.86   76.96  118.72  322.73
 2008 215   10.86   76.97  104.37  322.57
 2008 216   10.86   76.98   90.03  322.41
 2008 217   10.86   76.99   75.68  322.25
 2008 218   10.86   77.00   61.34  322.09
 2008 219   10.85   77.01  406.99  321.93
 2008 220   10.85   77.02  392.65  321.77
 2008 221   10.85   77.03  378.30  321.60
 2008 222   10.85   77.03  363.95  321.44
 2008 223   10.84   77.04  349.61  321.28
 2008 224   10.84   77.05  335.26  321.12
 2008 225   10.84   77.06  320.91  320.96
 2008 226   10.84   77.07  306.57  320.79
 2008 227   10.84   77.07  292.22  320.63
 2008 228   10.83   77.08  277.87  320.47
 2008 229   10.83   77.09  263.52  320.30
 2008 230   10.83   77.10  249.17  320.14
 2008 231   10.83   77.10  234.83  319.97
 2008 232   10.82   77.11  220.48  319.81
 2008 233   10.82   77.12  206.13  319.65
 2008 234   10.82   77.13  191.78  319.48
 2008 235   10.82   77.13  177.43  319.32
 2008 236   10.82   77.14  163.08  319.15
 2008 237   10.81   77.15  148.73  318.98
 2008 238   10.81   77.15  134.38  318.82
 2008 239   10.81   77.16  120.03  318.65
 2008 240   10.81   77.17  105.68  318.49
 2008 241   10.81   77.17   91.33  318.32
 2008 242   10.80   77.18   76.98  318.15
 2008 243   10.80   77.19   62.62  317.99
 2008 244   10.80   77.19  408.27  317.82
 2008 245   10.80   77.20  393.92  317.65
 2008 246   10.79   77.20  379.57  317.48
 2008 247   10.79   77.21  365.22  317.32
 2008 248   10.79   77.22  350.86  317.15
 2008 249   10.79   77.22  336.51  316.98
 2008 250   10.79   77.23  322.16  316.81
 2008 251   10.78   77.23  307.81  316.64
 2008 252   10.78   77.24  293.45  316.47
 2008 253   10.78   77.24  279.10  316.30
 2008 254   10.78   77.25  264.75  316.13
 2008 255   10.78   77.25  250.39  315.96
 2008 256   10.77   77.26  236.04  315.79
 2008 257   10.77   77.26  221.68  315.63
 2008 258   10.77   77.27  207.33  315.45
 2008 259   10.77   77.27  192.97  315.28
 2008 260   10.76   77.28  178.62  315.11
 2008 261   10.76   77.28  164.26  314.94
 2008 262   10.76   77.29  149.91  314.77
 2008 263   10.76   77.29  135.55  314.60
 2008 264   10.76   77.29  121.20  314.43
 2008 265   10.75   77.30  106.84  314.26
 2008 266   10.75   77.30   92.49  314.09
 2008 267   10.75   77.30   78.13  313.92
 2008 268   10.75   77.31   63.77  313.74
 2008 269   10.75   77.31   49.42  313.57
 2008 270   10.74   77.32  395.06  313.40
 2008 271   10.74   77.32  380.70  313.23
 2008 272   10.74   77.32  366.35  313.05
 2008 273   10.74   77.32  351.99  312.88
 2008 274   10.73   77.33  337.63  312.71
 2008 275   10.73   77.33  323.27  312.54
 2008 276   10.73   77.33  308.92  312.36
 2008 277   10.73   77.34  294.56  312.19
 2008 278   10.73   77.34  280.20  312.02
 2008 279   10.72   77.34  265.84  311.84
 2008 280   10.72   77.34  251.49  311.67
 2008 281   10.72   77.34  237.13  311.50
 2008 282   10.72   77.35  222.77  311.32
 2008 283   10.72   77.35  208.41  311.15
 2008 284   10.71   77.35  194.05  310.97
 2008 285   10.71   77.35  179.69  310.80
 2008 286   10.71   77.35  165.33  310.62
 2008 287   10.71   77.36  150.98  310.45
 2008 288   10.71   77.36  136.62  310.28
 2008 289   10.70   77.36  122.26  310.10
 2008 290   10.70   77.36  107.90  309.93
 2008 291   10.70   77.36   93.54  309.75
 2008 292   10.70   77.36   79.18  309.58
 2008 293   10.70   77.36   64.82  309.40
 2008 294   10.69   77.36   50.46  309.23
 2008 295   10.69   77.36  396.10  309.05
 2008 296   10.69   77.36  381.74  308.88
 2008 297   10.69   77.36  367.38  308.70
 2008 298   10.69   77.36  353.02  308.52
 2008 299   10.68   77.36  338.66  308.35
 2008 300   10.68   77.36  324.30  308.17
 2008 301   10.68   77.36  309.94  308.00
 2008 302   10.68   77.36  295.58  307.82
 2008 303   10.68   77.36  281.22  307.65
 2008 304   10.67   77.36  266.86  307.47
 2008 305   10.67   77.36  252.50  307.29
 2008 306   10.67   77.36  238.14  307.12
 2008 307   10.67   77.36  223.78  306.94
 2008 308   10.66   77.36  209.42  306.77
 2008 309   10.66   77.36  195.06  306.59
 2008 310   10.66   77.36  180.70  306.41
 2008 311   10.66   77.36  166.34  306.24
 2008 312   10.66   77.36  151.98  306.06
 2008 313   10.65   77.35  137.62  305.89
 2008 314   10.65   77.35  123.26  305.71
 2008 315   10.65   77.35  108.90  305.53
 2008 316   10.65   77.35   94.54  305.36
 2008 317   10.65   77.35   80.17  305.18
 2008 318   10.64   77.34   65.81  305.00
 2008 319   10.64   77.34   51.45  304.83
 2008 320   10.64   77.34  397.09  304.65
 2008 321   10.64   77.34  382.73  304.48
 2008 322   10.64   77.33  368.37  304.30
 2008 323   10.63   77.33  354.01  304.12
 2008 324   10.63   77.33  339.65  303.95
 2008 325   10.63   77.33  325.29  303.77
 2008 326   10.63   77.32  310.93  303.59
 2008 327   10.63   77.32  296.57  303.42
 2008 328   10.62   77.32  282.21  303.24
 2008 329   10.62   77.31  267.85  303.07
 2008 330   10.62   77.31  253.49  302.89
 2008 331   10.62   77.31  239.13  302.71
 2008 332   10.62   77.30  224.76  302.54
 2008 333   10.62   77.30  210.40  302.36
 2008 334   10.61   77.30  196.04  302.18
 2008 335   10.61   77.29  181.68  302.01
 2008 336   10.61   77.29  167.32  301.83
 2008 337   10.61   77.28  152.96  301.66
 2008 338   10.61   77.28  138.60  301.48
 2008 339   10.60   77.27  124.24  301.31
 2008 340   10.60   77.27  109.88  301.13
 2008 341   10.60   77.26   95.52  300.95
 2008 342   10.60   77.26   81.16  300.78
 2008 343   10.60   77.25   66.80  300.60
 2008 344   10.59   77.25   52.44  300.43
 2008 345   10.59   77.24   38.08  300.25
 2008 346   10.59   77.24  383.72  300.08
 2008 347   10.59   77.23  369.36  299.90
 2008 348   10.59   77.23  355.00  299.73
 2008 349   10.58   77.22  340.64  299.55
 2008 350   10.58   77.22  326.29  299.38
 2008 351   10.58   77.21  311.93  299.20
 2008 352   10.58   77.20  297.57  299.03
 2008 353   10.58   77.20  283.21  298.85
 2008 354   10.57   77.19  268.85  298.68
 2008 355   10.57   77.18  254.49  298.50
 2008 356   10.57   77.18  240.13  298.33
 2008 357   10.57   77.17  225.77  298.15
 2008 358   10.57   77.16  211.41  297.98
 2008 359   10.56   77.16  197.06  297.81
 2008 360   10.56   77.15  182.70  297.63
 2008 361   10.56   77.14  168.34  297.46
 2008 362   10.56   77.14  153.98  297.29
 2008 363   10.56   77.13  139.62  297.11
 2008 364   10.56   77.12  125.27  296.94
 2008 365   10.55   77.11  110.91  296.77
 2008 366   10.55   77.11   96.55  296.59
 2008 366   10.55   77.10   82.19  296.42
 2009   1   10.55   77.09   67.84  296.25
 2009   2   10.55   77.08   53.48  296.07
 2009   3   10.54   77.07   39.12  295.90
 2009   4   10.54   77.07  384.77  295.73
 2009   5   10.54   77.06  370.41  295.56
 2009   6   10.54   77.05  356.05  295.39
 2009   7   10.54   77.04  341.70  295.21
 2009   8   10.53   77.03  327.34  295.04
 2009   9   10.53   77.02  312.99  294.87
 2009  10   10.53   77.01  298.63  294.70
 2009  11   10.53   77.00  284.27  294.53
 2009  12   10.53   77.00  269.92  294.36
 2009  13   10.53   76.99  255.56  294.19
 2009  14   10.52   76.98  241.21  294.02
 2009  15   10.52   76.97  226.85  293.85
 2009  16   10.52   76.96  212.50  293.68
 2009  17   10.52   76.95  198.14  293.51
 2009  18   10.52   76.94  183.79  293.34
 2009  19   10.51   76.93  169.44  293.17
 2009  20   10.51   76.92  155.08  293.00
 2009  21   10.51   76.91  140.73  292.83
 2009  22   10.51   76.90  126.38  292.66
 2009  23   10.51   76.89  112.02  292.49
 2009  24   10.51   76.88   97.67  292.32
 2009  25   10.50   76.87   83.32  292.15
 2009  26   10.50   76.85   68.96  291.98
 2009  27   10.50   76.84   54.61  291.82
 2009  28   10.50   76.83   40.26  291.65
 2009  29   10.50   76.82   25.91  291.48
 2009  30   10.49   76.81  371.56  291.31
 2009  31   10.49   76.80  357.20  291.15
 2009  32   10.49   76.79  342.85  290.98
 2009  33   10.49   76.78  328.50  290.81
 2009  34   10.49   76.76  314.15  290.65
 2009  35   10.49   76.75  299.80  290.48
 2009  36   10.48   76.74  285.45  290.31
 2009  37   10.48   76.73  271.10  290.15
 2009  38   10.48   76.72  256.75  289.98
 2009  39   10.48   76.70  242.40  289.82
 2009  40   10.48   76.69  228.05  289.65
 2009  41   10.47   76.68  213.70  289.49
 2009  42   10.47   76.67  199.35  289.32
 2009  43   10.47   76.65  185.00  289.16
 2009  44   10.47   76.64  170.66  289.00
 2009  45   10.47   76.63  156.31  288.83
 2009  46   10.47   76.61  141.96  288.67
 2009  47   10.46   76.60  127.61  288.50
 2009  48   10.46   76.59  113.26  288.34
 2009  49   10.46   76.57   98.92  288.18
 2009  50   10.46   76.56   84.57  288.02
 2009  51   10.46   76.55   70.22  287.85
 2009  52   10.45   76.53   55.88  287.69
 2009  53   10.45   76.52   41.53  287.53
 2009  54   10.45   76.51   27.19  287.37
 2009  55   10.45   76.49  372.84  287.21
 2009  56   10.45   76.48  358.50  287.05
 2009  57   10.45   76.46  344.15  286.89
 2009  58   10.44   76.45  329.81  286.73
 2009  59   10.44   76.43  315.46  286.57
 2009  60   10.44   76.42  301.12  286.41
 2009  61   10.44   76.41  286.77  286.25
 2009  62   10.44   76.39  272.43  286.09
 2009  63   10.44   76.38  258.09  285.93
 2009  64   10.43   76.36  243.74  285.77
 2009  65   10.43   76.35  229.40  285.61
 2009  66   10.43   76.33  215.06  285.45
 2009  67   10.43   76.32  200.72  285.30
 2009  68   10.43   76.30  186.37  285.14
 2009  69   10.43   76.28  172.03  284.98
 2009  70   10.42   76.27  157.69  284.83
 2009  71   10.42   76.25  143.35  284.67
 2009  72   10.42   76.24  129.01  284.51
 2009  73   10.42   76.22  114.67  284.36
 2009  74   10.42   76.21  100.33  284.20
 2009  75   10.41   76.19   85.99  284.05
 2009  76   10.41   76.17   71.65  283.89
 2009  77   10.41   76.16   57.31  283.74
 2009  78   10.41   76.14   42.97  283.58
 2009  79   10.41   76.12   28.64  283.43
 2009  80   10.41   76.11  374.30  283.27
 2009  81   10.40   76.09  359.96  283.12
 2009  82   10.40   76.07  345.62  282.97
 2009  83   10.40   76.06  331.28  282.82
 2009  84   10.40   76.04  316.95  282.66
 2009  85   10.40   76.02  302.61  282.51
 2009  86   10.40   76.01  288.27  282.36
 2009  87   10.39   75.99  273.94  282.21
 2009  88   10.39   75.97  259.60  282.06
 2009  89   10.39   75.95  245.27  281.91
 2009  90   10.39   75.94  230.93  281.75
 2009  91   10.39   75.92  216.60  281.60
 2009  92   10.39   75.90  202.26  281.45
 2009  93   10.38   75.88  187.93  281.30
 2009  94   10.38   75.86  173.60  281.16
 2009  95   10.38   75.85  159.26  281.01
 2009  96   10.38   75.83  144.93  280.86
 2009  97   10.38   75.81  130.60  280.71
 2009  98   10.38   75.79  116.26  280.56
 2009  99   10.37   75.77  101.93  280.41
 2009 100   10.37   75.75   87.60  280.27
 2009 101   10.37   75.73   73.27  280.12
 2009 102   10.37   75.72   58.94  279.97
 2009 103   10.37   75.70   44.61  279.83
 2009 104   10.37   75.68   30.28  279.68
 2009 105   10.36   75.66   15.95  279.54
 2009 106   10.36   75.64  361.62  279.39
 2009 107   10.36   75.62  347.29  279.24
 2009 108   10.36   75.60  332.96  279.10
 2009 109   10.36   75.58  318.63  278.96
 2009 110   10.36   75.56  304.30  278.81
 2009 111   10.36   75.54  289.97  278.67
 2009 112   10.35   75.52  275.65  278.53
 2009 113   10.35   75.50  261.32  278.38
 2009 114   10.35   75.48  246.99  278.24
 2009 115   10.35   75.46  232.67  278.10
 2009 116   10.35   75.44  218.34  277.96
 2009 117   10.35   75.42  204.01  277.81
 2009 118   10.34   75.40  189.69  277.67
 2009 119   10.34   75.38  175.36  277.53
 2009 120   10.34   75.36  161.04  277.39
 2009 121   10.34   75.34  146.71  277.25
 2009 122   10.34   75.32  132.39  277.11
 2009 123   10.34   75.30  118.06  276.97
 2009 124   10.33   75.28  103.74  276.83
 2009 125   10.33   75.26   89.42  276.69
 2009 126   10.33   75.24   75.09  276.55
 2009 127   10.33   75.22   60.77  276.42
 2009 128   10.33   75.19   46.45  276.28
 2009 129   10.33   75.17   32.13  276.14
 2009 130   10.32   75.15   17.81  276.00
 2009 131   10.32   75.13  363.49  275.87
 2009 132   10.32   75.11  349.16  275.73
 2009 133   10.32   75.09  334.84  275.59
 2009 134   10.32   75.07  320.52  275.46
 2009 135   10.32   75.04  306.20  275.32
 2009 136   10.32   75.02  291.88  275.19
 2009 137   10.31   75.00  277.57  275.05
 2009 138   10.31   74.98  263.25  274.92
 2009 139   10.31   74.96  248.93  274.79
 2009 140   10.31   74.93  234.61  274.65
 2009 141   10.31   74.91  220.29  274.52
 2009 142   10.31   74.89  205.97  274.39
 2009 143   10.30   74.87  191.66  274.25
 2009 144   10.30   74.84  177.34  274.12
 2009 145   10.30   74.82  163.02  273.99
 2009 146   10.30   74.80  148.71  273.86
 2009 147   10.30   74.77  134.39  273.73
 2009 148   10.30   74.75  120.08  273.59
 2009 149   10.30   74.73  105.76  273.46
 2009 150   10.29   74.71   91.45  273.33
 2009 151   10.29   74.68   77.13  273.20
 2009 152   10.29   74.66   62.82  273.07
 2009 153   10.29   74.64   48.51  272.95
 2009 154   10.29   74.61   34.19  272.82
 2009 155   10.29   74.59   19.88  272.69
 2009 156   10.29   74.57  365.57  272.56
 2009 157   10.28   74.54  351.26  272.43
 2009 158   10.28   74.52  336.94  272.30
 2009 159   10.28   74.49  322.63  272.18
 2009 160   10.28   74.47  308.32  272.05
 2009 161   10.28   74.45  294.01  271.92
 2009 162   10.28   74.42  279.70  271.80
 2009 163   10.27   74.40  265.39  271.67
 2009 164   10.27   74.37  251.08  271.55
 2009 165   10.27   74.35  236.77  271.42
 2009 166   10.27   74.33  222.46  271.30
 2009 167   10.27   74.30  208.15  271.17
 2009 168   10.27   74.28  193.84  271.05
 2009 169   10.27   74.25  179.54  270.92
 2009 170   10.26   74.23  165.23  270.80
 2009 171   10.26   74.20  150.92  270.68
 2009 172   10.26   74.18  136.61  270.56
 2009 173   10.26   74.15  122.31  270.43
 2009 174   10.26   74.13  108.00  270.31
 2009 175   10.26   74.10   93.69  270.19
 2009 176   10.26   74.08   79.39  270.07
 2009 177   10.25   74.05   65.08  269.95
 2009 178   10.25   74.03   50.78  269.83
 2009 179   10.25   74.00   36.47  269.71
 2009 180   10.25   73.98   22.17  269.59
 2009 181   10.25   73.95    7.87  269.47
 2009 182   10.25   73.93  353.56  269.35
 2009 183   10.25   73.90  339.26  269.23
 2009 184   10.24   73.87  324.96  269.11
 2009 185   10.24   73.85  310.65  268.99
 2009 186   10.24   73.82  296.35  268.87
 2009 187   10.24   73.80  282.05  268.76
 2009 189   10.24   73.77  267.75  268.64
 2009 190   10.24   73.74  253.44  268.52
 2009 191   10.24   73.72  239.14  268.41
 2009 192   10.23   73.69  224.84  268.29
 2009 193   10.23   73.67  210.54  268.17
 2009 194   10.23   73.64  196.24  268.06
 2009 195   10.23   73.61  181.94  267.94
 2009 196   10.23   73.59  167.64  267.83
 2009 197   10.23   73.56  153.34  267.71
 2009 198   10.23   73.53  139.05  267.60
 2009 199   10.22   73.51  124.75  267.48
 2009 200   10.22   73.48  110.45  267.37
 2009 201   10.22   73.45   96.15  267.26
 2009 202   10.22   73.43   81.85  267.14
 2009 203   10.22   73.40   67.56  267.03
 2009 204   10.22   73.37   53.26  266.92
 2009 205   10.22   73.35   38.96  266.81
 2009 206   10.21   73.32   24.67  266.70
 2009 207   10.21   73.29   10.37  266.58
 2009 208   10.21   73.26  356.08  266.47
 2009 209   10.21   73.24  341.78  266.36
 2009 210   10.21   73.21  327.49  266.25
 2009 211   10.21   73.18  313.19  266.14
 2009 212   10.21   73.15  298.90  266.03
 2009 213   10.20   73.13  284.60  265.92
 2009 214   10.20   73.10  270.31  265.81
 2009 215   10.20   73.07  256.02  265.70
 2009 216   10.20   73.04  241.72  265.60
 2009 217   10.20   73.02  227.43  265.49
 2009 218   10.20   72.99  213.14  265.38
 2009 219   10.20   72.96  198.85  265.27
 2009 220   10.20   72.93  184.56  265.17
 2009 221   10.19   72.90  170.27  265.06
 2009 222   10.19   72.87  155.97  264.95
 2009 223   10.19   72.85  141.68  264.85
 2009 224   10.19   72.82  127.39  264.74
 2009 225   10.19   72.79  113.10  264.63
 2009 226   10.19   72.76   98.81  264.53
 2009 227   10.19   72.73   84.52  264.42
 2009 228   10.18   72.70   70.23  264.32
 2009 229   10.18   72.68   55.95  264.21
 2009 230   10.18   72.65   41.66  264.11
 2009 231   10.18   72.62   27.37  264.01
 2009 232   10.18   72.59   13.08  263.90
 2009 233   10.18   72.56  358.79  263.80
 2009 234   10.18   72.53  344.51  263.70
 2009 235   10.18   72.50  330.22  263.59
 2009 236   10.17   72.47  315.93  263.49
 2009 237   10.17   72.44  301.65  263.39
 2009 238   10.17   72.41  287.36  263.29
 2009 239   10.17   72.39  273.07  263.19
 2009 240   10.17   72.36  258.79  263.09
 2009 241   10.17   72.33  244.50  262.99
 2009 242   10.17   72.30  230.22  262.88
 2009 243   10.17   72.27  215.93  262.78
 2009 244   10.16   72.24  201.65  262.68
 2009 245   10.16   72.21  187.37  262.59
 2009 246   10.16   72.18  173.08  262.49
 2009 247   10.16   72.15  158.80  262.39
 2009 248   10.16   72.12  144.52  262.29
 2009 249   10.16   72.09  130.23  262.19
 2009 250   10.16   72.06  115.95  262.09
 2009 251   10.16   72.03  101.67  261.99
 2009 252   10.15   72.00   87.39  261.90
 2009 253   10.15   71.97   73.10  261.80
 2009 254   10.15   71.94   58.82  261.70
 2009 255   10.15   71.91   44.54  261.61
 2009 256   10.15   71.88   30.26  261.51
 2009 257   10.15   71.85   15.98  261.41
 2009 258   10.15   71.82    1.70  261.32
 2009 259   10.15   71.79  347.42  261.22
 2009 260   10.14   71.76  333.14  261.13
 2009 261   10.14   71.73  318.86  261.03
 2009 262   10.14   71.70  304.58  260.94
 2009 263   10.14   71.67  290.30  260.84
 2009 264   10.14   71.64  276.03  260.75
 2009 265   10.14   71.61  261.75  260.65
 2009 266   10.14   71.57  247.47  260.56
 2009 267   10.14   71.54  233.19  260.47
 2009 268   10.13   71.51  218.91  260.37
 2009 269   10.13   71.48  204.64  260.28
 2009 270   10.13   71.45  190.36  260.19
 2009 271   10.13   71.42  176.08  260.10
 2009 272   10.13   71.39  161.81  260.01
 2009 273   10.13   71.36  147.53  259.91
 2009 274   10.13   71.33  133.26  259.82
 2009 275   10.13   71.30  118.98  259.73
 2009 276   10.12   71.26  104.71  259.64
 2009 277   10.12   71.23   90.43  259.55
 2009 278   10.12   71.20   76.16  259.46
 2009 279   10.12   71.17   61.88  259.37
 2009 280   10.12   71.14   47.61  259.28
 2009 281   10.12   71.11   33.33  259.19
 2009 282   10.12   71.08   19.06  259.10
 2009 283   10.12   71.04    4.79  259.01
 2009 284   10.12   71.01  350.51  258.92
 2009 285   10.11   70.98  336.24  258.84
 2009 286   10.11   70.95  321.97  258.75
 2009 287   10.11   70.92  307.70  258.66
 2009 288   10.11   70.88  293.42  258.57
 2009 289   10.11   70.85  279.15  258.48
 2009 290   10.11   70.82  264.88  258.40
 2009 291   10.11   70.79  250.61  258.31
 2009 292   10.11   70.76  236.34  258.22
 2009 293   10.11   70.72  222.07  258.14
 2009 294   10.10   70.69  207.80  258.05
 2009 295   10.10   70.66  193.53  257.97
 2009 296   10.10   70.63  179.26  257.88
 2009 297   10.10   70.60  164.99  257.80
 2009 298   10.10   70.56  150.72  257.71
 2009 299   10.10   70.53  136.45  257.63
 2009 300   10.10   70.50  122.18  257.54
 2009 301   10.10   70.47  107.91  257.46
 2009 302   10.10   70.43   93.64  257.37
 2009 303   10.09   70.40   79.37  257.29
 2009 304   10.09   70.37   65.11  257.21
 2009 305   10.09   70.34   50.84  257.12
 2009 306   10.09   70.30   36.57  257.04
 2009 307   10.09   70.27   22.30  256.96
 2009 308   10.09   70.24    8.04  256.87
 2009 309   10.09   70.20  353.77  256.79
 2009 310   10.09   70.17  339.50  256.71
 2009 311   10.09   70.14  325.24  256.63
 2009 312   10.08   70.11  310.97  256.55
 2009 313   10.08   70.07  296.71  256.46
 2009 314   10.08   70.04  282.44  256.38
 2009 315   10.08   70.01  268.18  256.30
 2009 316   10.08   69.97  253.91  256.22
 2009 317   10.08   69.94  239.65  256.14
 2009 318   10.08   69.91  225.38  256.06
 2009 319   10.08   69.87  211.12  255.98
 2009 320   10.08   69.84  196.85  255.90
 2009 321   10.07   69.81  182.59  255.82
 2009 322   10.07   69.77  168.33  255.74
 2009 323   10.07   69.74  154.06  255.66
 2009 324   10.07   69.71  139.80  255.59
 2009 325   10.07   69.67  125.54  255.51
 2009 326   10.07   69.64  111.27  255.43
 2009 327   10.07   69.60   97.01  255.35
 2009 328   10.07   69.57   82.75  255.27
 2009 329   10.07   69.54   68.49  255.20
 2009 330   10.07   69.50   54.23  255.12
 2009 331   10.06   69.47   39.96  255.04
 2009 332   10.06   69.44   25.70  254.96
 2009 333   10.06   69.40   11.44  254.89
 2009 334   10.06   69.37  357.18  254.81
 2009 335   10.06   69.33  342.92  254.74
 2009 336   10.06   69.30  328.66  254.66
 2009 337   10.06   69.27  314.40  254.58
 2009 338   10.06   69.23  300.14  254.51
 2009 339   10.06   69.20  285.88  254.43
 2009 340   10.05   69.16  271.62  254.36
 2009 341   10.05   69.13  257.36  254.28
 2009 342   10.05   69.10  243.10  254.21
 2009 343   10.05   69.06  228.84  254.13
 2009 344   10.05   69.03  214.59  254.06
 2009 345   10.05   68.99  200.33  253.99
 2009 346   10.05   68.96  186.07  253.91
 2009 347   10.05   68.92  171.81  253.84
 2009 348   10.05   68.89  157.55  253.77
 2009 349   10.05   68.85  143.30  253.69
 2009 350   10.04   68.82  129.04  253.62
 2009 351   10.04   68.79  114.78  253.55
 2009 352   10.04   68.75  100.52  253.47
 2009 353   10.04   68.72   86.27  253.40
 2009 354   10.04   68.68   72.01  253.33
 2009 355   10.04   68.65   57.76  253.26
 2009 356   10.04   68.61   43.50  253.19
 2009 357   10.04   68.58   29.24  253.11
 2009 358   10.04   68.54   14.99  253.04
 2009 359   10.04   68.51    0.73  252.97
 2009 360   10.04   68.47  346.48  252.90
 2009 361   10.03   68.44  332.22  252.83
 2009 362   10.03   68.40  317.97  252.76
 2009 363   10.03   68.37  303.71  252.69
 2009 364   10.03   68.33  289.46  252.62
 2009 365   10.03   68.30  275.20  252.55
 2009 365   10.03   68.26  260.95  252.48
 2010   1   10.03   68.23  246.70  252.41
 2010   2   10.03   68.19  232.44  252.34
 2010   3   10.03   68.16  218.19  252.27
 2010   4   10.03   68.12  203.94  252.20
 2010   5   10.03   68.09  189.68  252.14
 2010   6   10.02   68.05  175.43  252.07
 2010   7   10.02   68.02  161.18  252.00
 2010   8   10.02   67.98  146.93  251.93
 2010   9   10.02   67.94  132.67  251.86
 2010  10   10.02   67.91  118.42  251.80
 2010  11   10.02   67.87  104.17  251.73
 2010  12   10.02   67.84   89.92  251.66
 2010  13   10.02   67.80   75.67  251.59
 2010  14   10.02   67.77   61.42  251.53
 2010  15   10.02   67.73   47.16  251.46
 2010  16   10.02   67.70   32.91  251.39
 2010  17   10.01   67.66   18.66  251.33
 2010  18   10.01   67.62    4.41  251.26
 2010  19   10.01   67.59  350.16  251.20
 2010  20   10.01   67.55  335.91  251.13
 2010  21   10.01   67.52  321.66  251.07
 2010  22   10.01   67.48  307.41  251.00
 2010  23   10.01   67.44  293.16  250.93
 2010  24   10.01   67.41  278.91  250.87
 2010  25   10.01   67.37  264.66  250.80
 2010  26   10.01   67.34  250.41  250.74
 2010  27   10.01   67.30  236.17  250.68
 2010  28   10.00   67.26  221.92  250.61
 2010  29   10.00   67.23  207.67  250.55
 2010  30   10.00   67.19  193.42  250.48
 2010  31   10.00   67.16  179.17  250.42
 2010  32   10.00   67.12  164.92  250.36
 2010  33   10.00   67.08  150.68  250.29
 2010  34   10.00   67.05  136.43  250.23
 2010  35   10.00   67.01  122.18  250.17
 2010  36   10.00   66.97  107.94  250.10
 2010  37   10.00   66.94   93.69  250.04
 2010  38   10.00   66.90   79.44  249.98
 2010  39   10.00   66.87   65.19  249.92
 2010  40    9.99   66.83   50.95  249.85
 2010  41    9.99   66.79   36.70  249.79
 2010  42    9.99   66.76   22.46  249.73
 2010  43    9.99   66.72    8.21  249.67
 2010  44    9.99   66.68  353.96  249.61
 2010  45    9.99   66.65  339.72  249.55
 2010  46    9.99   66.61  325.47  249.49
 2010  47    9.99   66.57  311.23  249.43
 2010  48    9.99   66.54  296.98  249.36
 2010  49    9.99   66.50  282.74  249.30
 2010  50    9.99   66.46  268.49  249.24
 2010  51    9.99   66.43  254.25  249.18
 2010  52    9.99   66.39  240.00  249.12
 2010  53    9.98   66.35  225.76  249.06
 2010  54    9.98   66.32  211.52  249.00
 2010  55    9.98   66.28  197.27  248.94
 2010  56    9.98   66.24  183.03  248.88
 2010  57    9.98   66.20  168.78  248.83
 2010  58    9.98   66.17  154.54  248.77
 2010  59    9.98   66.13  140.30  248.71
 2010  60    9.98   66.09  126.05  248.65
 2010  61    9.98   66.06  111.81  248.59
 2010  62    9.98   66.02   97.57  248.53
 2010  63    9.98   65.98   83.33  248.47
 2010  64    9.98   65.94   69.08  248.42
 2010  65    9.98   65.91   54.84  248.36
 2010  66    9.97   65.87   40.60  248.30
 2010  67    9.97   65.83   26.36  248.24
 2010  68    9.97   65.80   12.12  248.19
 2010  69    9.97   65.76  357.87  248.13
 2010  70    9.97   65.72  343.63  248.07
 2010  71    9.97   65.68  329.39  248.01
 2010  72    9.97   65.65  315.15  247.96
 2010  73    9.97   65.61  300.91  247.90
 2010  74    9.97   65.57  286.67  247.84
 2010  75    9.97   65.53  272.43  247.79
 2010  76    9.97   65.50  258.19  247.73
 2010  77    9.97   65.46  243.95  247.68
 2010  78    9.97   65.42  229.71  247.62
 2010  79    9.97   65.38  215.47  247.56
 2010  80    9.96   65.35  201.23  247.51
 2010  81    9.96   65.31  186.99  247.45
 2010  82    9.96   65.27  172.75  247.40
 2010  83    9.96   65.23  158.51  247.34
 2010  84    9.96   65.20  144.27  247.29
 2010  85    9.96   65.16  130.03  247.23
 2010  86    9.96   65.12  115.79  247.18
 2010  87    9.96   65.08  101.55  247.12
 2010  88    9.96   65.05   87.31  247.07
 2010  89    9.96   65.01   73.07  247.01
 2010  90    9.96   64.97   58.83  246.96
 2010  91    9.96   64.93   44.60  246.91
 2010  92    9.96   64.89   30.36  246.85
 2010  93    9.96   64.86   16.12  246.80
 2010  94    9.95   64.82    1.88  246.75
 2010  95    9.95   64.78  347.64  246.69
 2010  96    9.95   64.74  333.41  246.64
 2010  97    9.95   64.70  319.17  246.59
 2010  98    9.95   64.67  304.93  246.53
 2010  99    9.95   64.63  290.69  246.48
 2010 100    9.95   64.59  276.46  246.43
 2010 101    9.95   64.55  262.22  246.37
 2010 102    9.95   64.51  247.98  246.32
 2010 103    9.95   64.48  233.75  246.27
 2010 104    9.95   64.44  219.51  246.22
 2010 105    9.95   64.40  205.27  246.17
 2010 106    9.95   64.36  191.04  246.11
 2010 107    9.95   64.32  176.80  246.06
 2010 108    9.95   64.28  162.57  246.01
 2010 109    9.95   64.25  148.33  245.96
 2010 110    9.94   64.21  134.09  245.91
 2010 111    9.94   64.17  119.86  245.86
 2010 112    9.94   64.13  105.62  245.81
 2010 113    9.94   64.09   91.39  245.76
 2010 114    9.94   64.05   77.15  245.70
 2010 115    9.94   64.02   62.92  245.65
 2010 116    9.94   63.98   48.68  245.60
 2010 117    9.94   63.94   34.45  245.55
 2010 118    9.94   63.90   20.21  245.50
 2010 119    9.94   63.86    5.98  245.45
 2010 120    9.94   63.82  351.74  245.40
 2010 121    9.94   63.79  337.51  245.35
 2010 122    9.94   63.75  323.28  245.30
 2010 123    9.94   63.71  309.04  245.25
 2010 124    9.94   63.67  294.81  245.20
 2010 125    9.94   63.63  280.57  245.16
 2010 126    9.94   63.59  266.34  245.11
 2010 127    9.93   63.55  252.11  245.06
 2010 128    9.93   63.51  237.87  245.01
 2010 129    9.93   63.48  223.64  244.96
 2010 130    9.93   63.44  209.41  244.91
 2010 131    9.93   63.40  195.17  244.86
 2010 132    9.93   63.36  180.94  244.81
 2010 133    9.93   63.32  166.71  244.77
 2010 134    9.93   63.28  152.48  244.72
 2010 135    9.93   63.24  138.24  244.67
 2010 136    9.93   63.20  124.01  244.62
 2010 137    9.93   63.17  109.78  244.57
 2010 138    9.93   63.13   95.55  244.53
 2010 139    9.93   63.09   81.32  244.48
 2010 140    9.93   63.05   67.08  244.43
 2010 141    9.93   63.01   52.85  244.38
 2010 142    9.93   62.97   38.62  244.34
 2010 143    9.93   62.93   24.39  244.29
 2010 144    9.93   62.89   10.16  244.24
 2010 145    9.93   62.85  355.93  244.20
 2010 146    9.92   62.81  341.70  244.15
 2010 147    9.92   62.78  327.46  244.10
 2010 148    9.92   62.74  313.23  244.06
 2010 149    9.92   62.70  299.00  244.01
 2010 150    9.92   62.66  284.77  243.96
 2010 151    9.92   62.62  270.54  243.92
 2010 152    9.92   62.58  256.31  243.87
 2010 153    9.92   62.54  242.08  243.83
 2010 154    9.92   62.50  227.85  243.78
 2010 155    9.92   62.46  213.62  243.73
 2010 156    9.92   62.42  199.39  243.69
 2010 157    9.92   62.38  185.16  243.64
 2010 158    9.92   62.34  170.93  243.60
 2010 159    9.92   62.31  156.70  243.55
 2010 160    9.92   62.27  142.47  243.51
 2010 161    9.92   62.23  128.24  243.46
 2010 162    9.92   62.19  114.01  243.42
 2010 163    9.92   62.15   99.79  243.37
 2010 164    9.92   62.11   85.56  243.33
 2010 165    9.92   62.07   71.33  243.28
 2010 166    9.92   62.03   57.10  243.24
 2010 167    9.91   61.99   42.87  243.19
 2010 168    9.91   61.95   28.64  243.15
 2010 169    9.91   61.91   14.41  243.11
 2010 170    9.91   61.87    0.18  243.06
 2010 171    9.91   61.83  345.96  243.02
 2010 172    9.91   61.79  331.73  242.98
 2010 173    9.91   61.75  317.50  242.93
 2010 174    9.91   61.71  303.27  242.89
 2010 175    9.91   61.67  289.04  242.84
 2010 176    9.91   61.63  274.82  242.80
 2010 177    9.91   61.59  260.59  242.76
 2010 178    9.91   61.55  246.36  242.71
 2010 179    9.91   61.52  232.13  242.67
 2010 180    9.91   61.48  217.91  242.63
 2010 181    9.91   61.44  203.68  242.59
 2010 182    9.91   61.40  189.45  242.54
 2010 183    9.91   61.36  175.23  242.50
 2010 184    9.91   61.32  161.00  242.46
 2010 185    9.91   61.28  146.77  242.42
 2010 186    9.91   61.24  132.55  242.37
 2010 187    9.91   61.20  118.32  242.33
 2010 188    9.91   61.16  104.09  242.29
 2010 190    9.91   61.12   89.87  242.25
 2010 191    9.91   61.08   75.64  242.21
 2010 192    9.91   61.04   61.41  242.16
 2010 193    9.90   61.00   47.19  242.12
 2010 194    9.90   60.96   32.96  242.08
 2010 195    9.90   60.92   18.74  242.04
 2010 196    9.90   60.88    4.51  242.00
 2010 197    9.90   60.84  350.28  241.96
 2010 198    9.90   60.80  336.06  241.92
 2010 199    9.90   60.76  321.83  241.88
 2010 200    9.90   60.72  307.61  241.83
 2010 201    9.90   60.68  293.38  241.79
 2010 202    9.90   60.64  279.16  241.75
 2010 203    9.90   60.60  264.93  241.71
 2010 204    9.90   60.56  250.71  241.67
 2010 205    9.90   60.52  236.48  241.63
 2010 206    9.90   60.48  222.26  241.59
 2010 207    9.90   60.44  208.03  241.55
 2010 208    9.90   60.40  193.81  241.51
 2010 209    9.90   60.36  179.58  241.47
 2010 210    9.90   60.32  165.36  241.43
 2010 211    9.90   60.28  151.14  241.39
 2010 212    9.90   60.24  136.91  241.35
 2010 213    9.90   60.20  122.69  241.31
 2010 214    9.90   60.16  108.46  241.27
 2010 215    9.90   60.12   94.24  241.23
 2010 216    9.90   60.08   80.02  241.19
 2010 217    9.90   60.04   65.79  241.15
 2010 218    9.90   60.00   51.57  241.11
 2010 219    9.90   59.96   37.35  241.07
 2010 220    9.90   59.92   23.12  241.04
 2010 221    9.90   59.88    8.90  241.00
 2010 222    9.90   59.84  354.68  240.96
 2010 223    9.89   59.80  340.45  240.92
 2010 224    9.89   59.75  326.23  240.88
 2010 225    9.89   59.71  312.01  240.84
 2010 226    9.89   59.67  297.78  240.80
 2010 227    9.89   59.63  283.56  240.77
 2010 228    9.89   59.59  269.34  240.73
 2010 229    9.89   59.55  255.12  240.69
 2010 230    9.89   59.51  240.89  240.65
 2010 231    9.89   59.47  226.67  240.61
 2010 232    9.89   59.43  212.45  240.57
 2010 233    9.89   59.39  198.23  240.54
 2010 234    9.89   59.35  184.00  240.50
 2010 235    9.89   59.31  169.78  240.46
 2010 236    9.89   59.27  155.56  240.42
 2010 237    9.89   59.23  141.34  240.39
 2010 238    9.89   59.19  127.12  240.35
 2010 239    9.89   59.15  112.89  240.31
 2010 240    9.89   59.11   98.67  240.27
 2010 241    9.89   59.07   84.45  240.24
 2010 242    9.89   59.03   70.23  240.20
 2010 243    9.89   58.99   56.01  240.16
 2010 244    9.89   58.95   41.79  240.13
 2010 245    9.89   58.90   27.57  240.09
 2010 246    9.89   58.86   13.34  240.05
 2010 247    9.89   58.82  359.12  240.02
 2010 248    9.89   58.78  344.90  239.98
 2010 249    9.89   58.74  330.68  239.94
 2010 250    9.89   58.70  316.46  239.91
 2010 251    9.89   58.66  302.24  239.87
 2010 252    9.89   58.62  288.02  239.83
 2010 253    9.89   58.58  273.80  239.80
 2010 254    9.89   58.54  259.58  239.76
 2010 255    9.89   58.50  245.36  239.73
 2010 256    9.89   58.46  231.14  239.69
 2010 257    9.89   58.42  216.92  239.65
 2010 258    9.89   58.38  202.70  239.62
 2010 259    9.89   58.34  188.48  239.58
 2010 260    9.89   58.29  174.26  239.55
 2010 261    9.89   58.25  160.04  239.51
 2010 262    9.89   58.21  145.82  239.48
 2010 263    9.89   58.17  131.60  239.44
 2010 264    9.89   58.13  117.38  239.41
 2010 265    9.89   58.09  103.16  239.37
 2010 266    9.89   58.05   88.94  239.34
 2010 267    9.89   58.01   74.72  239.30
 2010 268    9.89   57.97   60.50  239.27
 2010 269    9.89   57.93   46.28  239.23
 2010 270    9.89   57.89   32.06  239.20
 2010 271    9.89   57.85   17.84  239.16
 2010 272    9.89   57.80    3.62  239.13
 2010 273    9.88   57.76  349.41  239.09
 2010 274    9.88   57.72  335.19  239.06
 2010 275    9.88   57.68  320.97  239.02
 2010 276    9.88   57.64  306.75  238.99
 2010 277    9.88   57.60  292.53  238.96
 2010 278    9.88   57.56  278.31  238.92
 2010 279    9.88   57.52  264.09  238.89
 2010 280    9.88   57.48  249.88  238.85
 2010 281    9.88   57.44  235.66  238.82
 2010 282    9.88   57.39  221.44  238.79
 2010 283    9.88   57.35  207.22  238.75
 2010 284    9.88   57.31  193.00  238.72
 2010 285    9.88   57.27  178.78  238.68
 2010 286    9.88   57.23  164.57  238.65
 2010 287    9.88   57.19  150.35  238.62
 2010 288    9.88   57.15  136.13  238.58
 2010 289    9.88   57.11  121.91  238.55
 2010 290    9.88   57.07  107.70  238.52
 2010 291    9.88   57.03   93.48  238.48
 2010 292    9.88   56.98   79.26  238.45
 2010 293    9.88   56.94   65.04  238.42
 2010 294    9.88   56.90   50.83  238.39
 2010 295    9.88   56.86   36.61  238.35
 2010 296    9.88   56.82   22.39  238.32
 2010 297    9.88   56.78    8.17  238.29
 2010 298    9.88   56.74  353.96  238.25
 2010 299    9.88   56.70  339.74  238.22
 2010 300    9.88   56.66  325.52  238.19
 2010 301    9.88   56.61  311.31  238.16
 2010 302    9.88   56.57  297.09  238.12
 2010 303    9.88   56.53  282.87  238.09
 2010 304    9.88   56.49  268.66  238.06
 2010 305    9.88   56.45  254.44  238.03
 2010 306    9.88   56.41  240.22  238.00
 2010 307    9.88   56.37  226.01  237.96
 2010 308    9.88   56.33  211.79  237.93
 2010 309    9.88   56.28  197.57  237.90
 2010 310    9.88   56.24  183.36  237.87
 2010 311    9.88   56.20  169.14  237.84
 2010 312    9.88   56.16  154.93  237.80
 2010 313    9.88   56.12  140.71  237.77
 2010 314    9.88   56.08  126.49  237.74
 2010 315    9.88   56.04  112.28  237.71
 2010 316    9.88   56.00   98.06  237.68
 2010 317    9.88   55.95   83.85  237.65
 2010 318    9.88   55.91   69.63  237.62
 2010 319    9.88   55.87   55.41  237.58
 2010 320    9.88   55.83   41.20  237.55
 2010 321    9.88   55.79   26.98  237.52
 2010 322    9.88   55.75   12.77  237.49
 2010 323    9.88   55.71  358.55  237.46
 2010 324    9.88   55.66  344.34  237.43
 2010 325    9.88   55.62  330.12  237.40
 2010 326    9.88   55.58  315.91  237.37
 2010 327    9.88   55.54  301.69  237.34
 2010 328    9.88   55.50  287.48  237.31
 2010 329    9.88   55.46  273.26  237.28
 2010 330    9.88   55.42  259.05  237.24
 2010 331    9.88   55.37  244.83  237.21
 2010 332    9.88   55.33  230.62  237.18
 2010 333    9.88   55.29  216.40  237.15
 2010 334    9.88   55.25  202.19  237.12
 2010 335    9.88   55.21  187.97  237.09
 2010 336    9.88   55.17  173.76  237.06
 2010 337    9.88   55.13  159.54  237.03
 2010 338    9.88   55.08  145.33  237.00
 2010 339    9.88   55.04  131.12  236.97
 2010 340    9.88   55.00  116.90  236.94
 2010 341    9.88   54.96  102.69  236.91
 2010 342    9.88   54.92   88.47  236.88
 2010 343    9.88   54.88   74.26  236.85
 2010 344    9.88   54.84   60.05  236.82
 2010 345    9.88   54.79   45.83  236.79
 2010 346    9.88   54.75   31.62  236.77
 2010 347    9.88   54.71   17.40  236.74
 2010 348    9.88   54.67    3.19  236.71
 2010 349    9.88   54.63  348.98  236.68
 2010 350    9.88   54.59  334.76  236.65
 2010 351    9.88   54.55  320.55  236.62
 2010 352    9.88   54.50  306.34  236.59
 2010 353    9.88   54.46  292.12  236.56
 2010 354    9.88   54.42  277.91  236.53
 2010 355    9.88   54.38  263.70  236.50
 2010 356    9.89   54.34  249.48  236.47
 2010 357    9.89   54.30  235.27  236.44
 2010 358    9.89   54.25  221.06  236.42
 2010 359    9.89   54.21  206.84  236.39
 2010 360    9.89   54.17  192.63  236.36
 2010 361    9.89   54.13  178.42  236.33
 2010 362    9.89   54.09  164.20  236.30
 2010 363    9.89   54.05  149.99  236.27
 2010 364    9.89   54.00  135.78  236.24
 2010 365    9.89   53.96  121.56  236.22
 2010 365    9.89   53.92  107.35  236.19
 2011   1    9.89   53.88   93.14  236.16
 2011   2    9.89   53.84   78.93  236.13
 2011   3    9.89   53.80   64.71  236.10
 2011   4    9.89   53.75   50.50  236.08
 2011   5    9.89   53.71   36.29  236.05
 2011   6    9.89   53.67   22.08  236.02
 2011   7    9.89   53.63    7.86  235.99
 2011   8    9.89   53.59  353.65  235.96
 2011   9    9.89   53.55  339.44  235.94
 2011  10    9.89   53.50  325.23  235.91
 2011  11    9.89   53.46  311.02  235.88
 2011  12    9.89   53.42  296.80  235.85
 2011  13    9.89   53.38  282.59  235.82
 2011  14    9.89   53.34  268.38  235.80
 2011  15    9.89   53.30  254.17  235.77
 2011  16    9.89   53.25  239.96  235.74
 2011  17    9.89   53.21  225.74  235.72
 2011  18    9.89   53.17  211.53  235.69
 2011  19    9.89   53.13  197.32  235.66
 2011  20    9.89   53.09  183.11  235.63
 2011  21    9.89   53.05  168.90  235.61
 2011  22    9.89   53.00  154.69  235.58
 2011  23    9.89   52.96  140.48  235.55
 2011  24    9.89   52.92  126.26  235.53
 2011  25    9.89   52.88  112.05  235.50
 2011  26    9.89   52.84   97.84  235.47
 2011  27    9.89   52.80   83.63  235.44
 2011  28    9.89   52.75   69.42  235.42
 2011  29    9.89   52.71   55.21  235.39
 2011  30    9.89   52.67   41.00  235.36
 2011  31    9.89   52.63   26.79  235.34
 2011  32    9.89   52.59   12.57  235.31
 2011  33    9.89   52.54  358.36  235.28
 2011  34    9.89   52.50  344.15  235.26
 2011  35    9.89   52.46  329.94  235.23
 2011  36    9.89   52.42  315.73  235.21
 2011  37    9.89   52.38  301.52  235.18
 2011  38    9.89   52.34  287.31  235.15
 2011  39    9.89   52.29  273.10  235.13
 2011  40    9.90   52.25  258.89  235.10
 2011  41    9.90   52.21  244.68  235.07
 2011  42    9.90   52.17  230.47  235.05
 2011  43    9.90   52.13  216.26  235.02
 2011  44    9.90   52.08  202.05  235.00
 2011  45    9.90   52.04  187.84  234.97
 2011  46    9.90   52.00  173.63  234.94
 2011  47    9.90   51.96  159.42  234.92
 2011  48    9.90   51.92  145.21  234.89
 2011  49    9.90   51.88  131.00  234.87
 2011  50    9.90   51.83  116.79  234.84
 2011  51    9.90   51.79  102.58  234.82
 2011  52    9.90   51.75   88.37  234.79
 2011  53    9.90   51.71   74.16  234.76
 2011  54    9.90   51.67   59.95  234.74
 2011  55    9.90   51.62   45.74  234.71
 2011  56    9.90   51.58   31.53  234.69
 2011  57    9.90   51.54   17.32  234.66
 2011  58    9.90   51.50    3.11  234.64
 2011  59    9.90   51.46  348.90  234.61
 2011  60    9.90   51.42  334.69  234.59
 2011  61    9.90   51.37  320.48  234.56
 2011  62    9.90   51.33  306.27  234.54
 2011  63    9.90   51.29  292.06  234.51
 2011  64    9.90   51.25  277.85  234.49
 2011  65    9.90   51.21  263.64  234.46
 2011  66    9.90   51.16  249.43  234.44
 2011  67    9.90   51.12  235.22  234.41
 2011  68    9.90   51.08  221.01  234.39
 2011  69    9.90   51.04  206.80  234.36
 2011  70    9.90   51.00  192.59  234.34
 2011  71    9.91   50.95  178.39  234.31
 2011  72    9.91   50.91  164.18  234.29
 2011  73    9.91   50.87  149.97  234.26
 2011  74    9.91   50.83  135.76  234.24
 2011  75    9.91   50.79  121.55  234.22
 2011  76    9.91   50.74  107.34  234.19
 2011  77    9.91   50.70   93.13  234.17
 2011  78    9.91   50.66   78.92  234.14
 2011  79    9.91   50.62   64.72  234.12
 2011  80    9.91   50.58   50.51  234.09
 2011  81    9.91   50.54   36.30  234.07
 2011  82    9.91   50.49   22.09  234.05
 2011  83    9.91   50.45    7.88  234.02
 2011  84    9.91   50.41  353.67  234.00
 2011  85    9.91   50.37  339.46  233.97
 2011  86    9.91   50.33  325.26  233.95
 2011  87    9.91   50.28  311.05  233.93
 2011  88    9.91   50.24  296.84  233.90
 2011  89    9.91   50.20  282.63  233.88
 2011  90    9.91   50.16  268.42  233.85
 2011  91    9.91   50.12  254.21  233.83
 2011  92    9.91   50.07  240.01  233.81
 2011  93    9.91   50.03  225.80  233.78
 2011  94    9.91   49.99  211.59  233.76
 2011  95    9.92   49.95  197.38  233.74
 2011  96    9.92   49.91  183.17  233.71
 2011  97    9.92   49.86  168.97  233.69
 2011  98    9.92   49.82  154.76  233.67
 2011  99    9.92   49.78  140.55  233.64
 2011 100    9.92   49.74  126.34  233.62
 2011 101    9.92   49.70  112.14  233.60
 2011 102    9.92   49.65   97.93  233.57
 2011 103    9.92   49.61   83.72  233.55
 2011 104    9.92   49.57   69.51  233.53
 2011 105    9.92   49.53   55.30  233.50
 2011 106    9.92   49.49   41.10  233.48
 2011 107    9.92   49.44   26.89  233.46
 2011 108    9.92   49.40   12.68  233.43
 2011 109    9.92   49.36  358.48  233.41
 2011 110    9.92   49.32  344.27  233.39
 2011 111    9.92   49.28  330.06  233.36
 2011 112    9.92   49.24  315.85  233.34
 2011 113    9.92   49.19  301.65  233.32
 2011 114    9.92   49.15  287.44  233.30
 2011 115    9.92   49.11  273.23  233.27
 2011 116    9.93   49.07  259.02  233.25
 2011 117    9.93   49.03  244.82  233.23
 2011 118    9.93   48.98  230.61  233.21
 2011 119    9.93   48.94  216.40  233.18
 2011 120    9.93   48.90  202.20  233.16
 2011 121    9.93   48.86  187.99  233.14
 2011 122    9.93   48.82  173.78  233.12
 2011 123    9.93   48.77  159.58  233.09
 2011 124    9.93   48.73  145.37  233.07
 2011 125    9.93   48.69  131.16  233.05
 2011 126    9.93   48.65  116.96  233.03
 2011 127    9.93   48.61  102.75  233.00
 2011 128    9.93   48.56   88.54  232.98
 2011 129    9.93   48.52   74.34  232.96
 2011 130    9.93   48.48   60.13  232.94
 2011 131    9.93   48.44   45.92  232.91
 2011 132    9.93   48.40   31.72  232.89
 2011 133    9.93   48.35   17.51  232.87
 2011 134    9.93   48.31    3.30  232.85
 2011 135    9.94   48.27  349.10  232.83
 2011 136    9.94   48.23  334.89  232.80
 2011 137    9.94   48.19  320.68  232.78
 2011 138    9.94   48.14  306.48  232.76
 2011 139    9.94   48.10  292.27  232.74
 2011 140    9.94   48.06  278.07  232.72
 2011 141    9.94   48.02  263.86  232.70
 2011 142    9.94   47.98  249.65  232.67
 2011 143    9.94   47.94  235.45  232.65
 2011 144    9.94   47.89  221.24  232.63
 2011 145    9.94   47.85  207.04  232.61
 2011 146    9.94   47.81  192.83  232.59
 2011 147    9.94   47.77  178.62  232.57
 2011 148    9.94   47.73  164.42  232.55
 2011 149    9.94   47.68  150.21  232.52
 2011 150    9.94   47.64  136.01  232.50
 2011 151    9.94   47.60  121.80  232.48
 2011 152    9.95   47.56  107.60  232.46
 2011 153    9.95   47.52   93.39  232.44
 2011 154    9.95   47.47   79.18  232.42
 2011 155    9.95   47.43   64.98  232.40
 2011 156    9.95   47.39   50.77  232.37
 2011 157    9.95   47.35   36.57  232.35
 2011 158    9.95   47.31   22.36  232.33
 2011 159    9.95   47.26    8.16  232.31
 2011 160    9.95   47.22  353.95  232.29
 2011 161    9.95   47.18  339.75  232.27
 2011 162    9.95   47.14  325.54  232.25
 2011 163    9.95   47.10  311.33  232.23
 2011 164    9.95   47.05  297.13  232.21
 2011 165    9.95   47.01  282.92  232.19
 2011 166    9.95   46.97  268.72  232.17
 2011 167    9.95   46.93  254.51  232.14
 2011 168    9.96   46.89  240.31  232.12
 2011 169    9.96   46.85  226.10  232.10
 2011 170    9.96   46.80  211.90  232.08
 2011 171    9.96   46.76  197.69  232.06
 2011 172    9.96   46.72  183.49  232.04
 2011 173    9.96   46.68  169.28  232.02
 2011 174    9.96   46.64  155.08  232.00
 2011 175    9.96   46.59  140.87  231.98
 2011 176    9.96   46.55  126.67  231.96
 2011 177    9.96   46.51  112.46  231.94
 2011 178    9.96   46.47   98.26  231.92
 2011 179    9.96   46.43   84.05  231.90
 2011 180    9.96   46.38   69.85  231.88
 2011 181    9.96   46.34   55.65  231.86
 2011 182    9.96   46.30   41.44  231.84
 2011 183    9.97   46.26   27.24  231.82
 2011 184    9.97   46.22   13.03  231.80
 2011 185    9.97   46.17  358.83  231.78
 2011 186    9.97   46.13  344.62  231.76
 2011 187    9.97   46.09  330.42  231.74
 2011 188    9.97   46.05  316.21  231.72
 2011 190    9.97   46.01  302.01  231.70
 2011 191    9.97   45.97  287.80  231.68
 2011 192    9.97   45.92  273.60  231.66
 2011 193    9.97   45.88  259.40  231.64
 2011 194    9.97   45.84  245.19  231.62
 2011 195    9.97   45.80  230.99  231.60
 2011 196    9.97   45.76  216.78  231.58
 2011 197    9.98   45.71  202.58  231.56
 2011 198    9.98   45.67  188.38  231.54
 2011 199    9.98   45.63  174.17  231.52
 2011 200    9.98   45.59  159.97  231.50
 2011 201    9.98   45.55  145.76  231.48
 2011 202    9.98   45.51  131.56  231.46
 2011 203    9.98   45.46  117.35  231.44
 2011 204    9.98   45.42  103.15  231.42
 2011 205    9.98   45.38   88.95  231.40
 2011 206    9.98   45.34   74.74  231.38
 2011 207    9.98   45.30   60.54  231.36
 2011 208    9.98   45.25   46.34  231.34
 2011 209    9.98   45.21   32.13  231.32
 2011 210    9.98   45.17   17.93  231.30
 2011 211    9.99   45.13    3.72  231.28
 2011 212    9.99   45.09  349.52  231.26
 2011 213    9.99   45.05  335.32  231.24
 2011 214    9.99   45.00  321.11  231.23
 2011 215    9.99   44.96  306.91  231.21
 2011 216    9.99   44.92  292.71  231.19
 2011 217    9.99   44.88  278.50  231.17
 2011 218    9.99   44.84  264.30  231.15
 2011 219    9.99   44.79  250.10  231.13
 2011 220    9.99   44.75  235.89  231.11
 2011 221    9.99   44.71  221.69  231.09
 2011 222    9.99   44.67  207.49  231.07
 2011 223   10.00   44.63  193.28  231.05
 2011 224   10.00   44.59  179.08  231.03
 2011 225   10.00   44.54  164.88  231.02
 2011 226   10.00   44.50  150.67  231.00
 2011 227   10.00   44.46  136.47  230.98
 2011 228   10.00   44.42  122.27  230.96
 2011 229   10.00   44.38  108.06  230.94
 2011 230   10.00   44.34   93.86  230.92
 2011 231   10.00   44.29   79.66  230.90
 2011 232   10.00   44.25   65.45  230.88
 2011 233   10.00   44.21   51.25  230.87
 2011 234   10.00   44.17   37.05  230.85
 2011 235   10.01   44.13   22.84  230.83
 2011 236   10.01   44.09    8.64  230.81
 2011 237   10.01   44.04  354.44  230.79
 2011 238   10.01   44.00  340.23  230.77
 2011 239   10.01   43.96  326.03  230.75
 2011 240   10.01   43.92  311.83  230.74
 2011 241   10.01   43.88  297.63  230.72
 2011 242   10.01   43.84  283.42  230.70
 2011 243   10.01   43.79  269.22  230.68
 2011 244   10.01   43.75  255.02  230.66
 2011 245   10.01   43.71  240.82  230.64
 2011 246   10.01   43.67  226.61  230.63
 2011 247   10.02   43.63  212.41  230.61
 2011 248   10.02   43.59  198.21  230.59
 2011 249   10.02   43.54  184.00  230.57
 2011 250   10.02   43.50  169.80  230.55
 2011 251   10.02   43.46  155.60  230.53
 2011 252   10.02   43.42  141.40  230.52
 2011 253   10.02   43.38  127.19  230.50
 2011 254   10.02   43.34  112.99  230.48
 2011 255   10.02   43.29   98.79  230.46
 2011 256   10.02   43.25   84.59  230.44
 2011 257   10.02   43.21   70.39  230.43
 2011 258   10.03   43.17   56.18  230.41
 2011 259   10.03   43.13   41.98  230.39
 2011 260   10.03   43.09   27.78  230.37
 2011 261   10.03   43.04   13.58  230.35
 2011 262   10.03   43.00  359.37  230.34
 2011 263   10.03   42.96  345.17  230.32
 2011 264   10.03   42.92  330.97  230.30
 2011 265   10.03   42.88  316.77  230.28
 2011 266   10.03   42.84  302.56  230.27
 2011 267   10.03   42.79  288.36  230.25
 2011 268   10.04   42.75  274.16  230.23
 2011 269   10.04   42.71  259.96  230.21
 2011 270   10.04   42.67  245.76  230.20
 2011 271   10.04   42.63  231.55  230.18
 2011 272   10.04   42.59  217.35  230.16
 2011 273   10.04   42.55  203.15  230.14
 2011 274   10.04   42.50  188.95  230.13
 2011 275   10.04   42.46  174.75  230.11
 2011 276   10.04   42.42  160.55  230.09
 2011 277   10.04   42.38  146.34  230.07
 2011 278   10.04   42.34  132.14  230.06
 2011 279   10.05   42.30  117.94  230.04
 2011 280   10.05   42.26  103.74  230.02
 2011 281   10.05   42.21   89.54  230.00
 2011 282   10.05   42.17   75.33  229.99
 2011 283   10.05   42.13   61.13  229.97
 2011 284   10.05   42.09   46.93  229.95
 2011 285   10.05   42.05   32.73  229.93
 2011 286   10.05   42.01   18.53  229.92
 2011 287   10.05   41.96    4.33  229.90
 2011 288   10.05   41.92  350.12  229.88
 2011 289   10.06   41.88  335.92  229.87
 2011 290   10.06   41.84  321.72  229.85
 2011 291   10.06   41.80  307.52  229.83
 2011 292   10.06   41.76  293.32  229.81
 2011 293   10.06   41.72  279.12  229.80
 2011 294   10.06   41.67  264.92  229.78
 2011 295   10.06   41.63  250.71  229.76
 2011 296   10.06   41.59  236.51  229.75
 2011 297   10.06   41.55  222.31  229.73
 2011 298   10.06   41.51  208.11  229.71
 2011 299   10.07   41.47  193.91  229.70
 2011 300   10.07   41.43  179.71  229.68
 2011 301   10.07   41.38  165.51  229.66
 2011 302   10.07   41.34  151.31  229.65
 2011 303   10.07   41.30  137.10  229.63
 2011 304   10.07   41.26  122.90  229.61
 2011 305   10.07   41.22  108.70  229.60
 2011 306   10.07   41.18   94.50  229.58
 2011 307   10.07   41.14   80.30  229.56
 2011 308   10.08   41.10   66.10  229.55
 2011 309   10.08   41.05   51.90  229.53
 2011 310   10.08   41.01   37.70  229.51
 2011 311   10.08   40.97   23.50  229.50
 2011 312   10.08   40.93    9.30  229.48
 2011 313   10.08   40.89  355.09  229.46
 2011 314   10.08   40.85  340.89  229.45
 2011 315   10.08   40.81  326.69  229.43
 2011 316   10.08   40.77  312.49  229.41
 2011 317   10.08   40.72  298.29  229.40
 2011 318   10.09   40.68  284.09  229.38
 2011 319   10.09   40.64  269.89  229.36
 2011 320   10.09   40.60  255.69  229.35
 2011 321   10.09   40.56  241.49  229.33
 2011 322   10.09   40.52  227.29  229.31
 2011 323   10.09   40.48  213.09  229.30
 2011 324   10.09   40.44  198.89  229.28
 2011 325   10.09   40.39  184.69  229.27
 2011 326   10.09   40.35  170.48  229.25
 2011 327   10.10   40.31  156.28  229.23
 2011 328   10.10   40.27  142.08  229.22
 2011 329   10.10   40.23  127.88  229.20
 2011 330   10.10   40.19  113.68  229.19
 2011 331   10.10   40.15   99.48  229.17
 2011 332   10.10   40.11   85.28  229.15
 2011 333   10.10   40.06   71.08  229.14
 2011 334   10.10   40.02   56.88  229.12
 2011 335   10.10   39.98   42.68  229.10
 2011 336   10.11   39.94   28.48  229.09
 2011 337   10.11   39.90   14.28  229.07
 2011 338   10.11   39.86    0.08  229.06
 2011 339   10.11   39.82  345.88  229.04
 2011 340   10.11   39.78  331.68  229.03
 2011 341   10.11   39.74  317.48  229.01
 2011 342   10.11   39.69  303.28  228.99
 2011 343   10.11   39.65  289.08  228.98
 2011 344   10.12   39.61  274.88  228.96
 2011 345   10.12   39.57  260.68  228.95
 2011 346   10.12   39.53  246.48  228.93
 2011 347   10.12   39.49  232.28  228.91
 2011 348   10.12   39.45  218.08  228.90
 2011 349   10.12   39.41  203.88  228.88
 2011 350   10.12   39.37  189.68  228.87
 2011 351   10.12   39.32  175.48  228.85
 2011 352   10.12   39.28  161.28  228.84
 2011 353   10.13   39.24  147.08  228.82
 2011 354   10.13   39.20  132.88  228.80
 2011 355   10.13   39.16  118.68  228.79
 2011 356   10.13   39.12  104.48  228.77
 2011 357   10.13   39.08   90.28  228.76
 2011 358   10.13   39.04   76.08  228.74
 2011 359   10.13   39.00   61.88  228.73
 2011 360   10.13   38.96   47.68  228.71
 2011 361   10.14   38.91   33.48  228.70
 2011 362   10.14   38.87   19.28  228.68
 2011 363   10.14   38.83    5.08  228.67
 2011 364   10.14   38.79  350.88  228.65
 2011 365   10.14   38.75  336.68  228.64
 2012   1   10.14   38.71  322.48  228.62
 2012   1   10.14   38.67  308.28  228.60
 2012   2   10.14   38.63  294.08  228.59
 2012   3   10.15   38.59  279.88  228.57
 2012   4   10.15   38.55  265.68  228.56
 2012   5   10.15   38.51  251.48  228.54
 2012   6   10.15   38.46  237.28  228.53
 2012   7   10.15   38.42  223.08  228.51
 2012   8   10.15   38.38  208.88  228.50
 2012   9   10.15   38.34  194.68  228.48
 2012  10   10.15   38.30  180.48  228.47
 2012  11   10.16   38.26  166.28  228.45
 2012  12   10.16   38.22  152.08  228.44
 2012  13   10.16   38.18  137.88  228.42
 2012  14   10.16   38.14  123.68  228.41
 2012  15   10.16   38.10  109.49  228.39
 2012  16   10.16   38.06   95.29  228.38
 2012  17   10.16   38.02   81.09  228.36
 2012  18   10.16   37.98   66.89  228.35
 2012  19   10.17   37.93   52.69  228.33
 2012  20   10.17   37.89   38.49  228.32
 2012  21   10.17   37.85   24.29  228.30
 2012  22   10.17   37.81   10.09  228.29
 2012  23   10.17   37.77  355.89  228.27
 2012  24   10.17   37.73  341.69  228.26
 2012  25   10.17   37.69  327.49  228.24
 2012  26   10.17   37.65  313.29  228.23
 2012  27   10.18   37.61  299.09  228.21
 2012  28   10.18   37.57  284.90  228.20
 2012  29   10.18   37.53  270.70  228.18
 2012  30   10.18   37.49  256.50  228.17
 2012  31   10.18   37.45  242.30  228.15
 2012  32   10.18   37.41  228.10  228.14
 2012  33   10.18   37.36  213.90  228.13
 2012  34   10.18   37.32  199.70  228.11
 2012  35   10.19   37.28  185.50  228.10
 2012  36   10.19   37.24  171.30  228.08
 2012  37   10.19   37.20  157.10  228.07
 2012  38   10.19   37.16  142.90  228.05
 2012  39   10.19   37.12  128.71  228.04
 2012  40   10.19   37.08  114.51  228.02
 2012  41   10.19   37.04  100.31  228.01
 2012  42   10.20   37.00   86.11  227.99
 2012  43   10.20   36.96   71.91  227.98
 2012  44   10.20   36.92   57.71  227.97
 2012  45   10.20   36.88   43.51  227.95
 2012  46   10.20   36.84   29.31  227.94
 2012  47   10.20   36.80   15.12  227.92
 2012  48   10.20   36.76    0.92  227.91
 2012  49   10.20   36.72  346.72  227.89
 2012  50   10.21   36.68  332.52  227.88
 2012  51   10.21   36.63  318.32  227.87
 2012  52   10.21   36.59  304.12  227.85
 2012  53   10.21   36.55  289.92  227.84
 2012  54   10.21   36.51  275.72  227.82
 2012  55   10.21   36.47  261.53  227.81
 2012  56   10.21   36.43  247.33  227.79
 2012  57   10.22   36.39  233.13  227.78
 2012  58   10.22   36.35  218.93  227.77
 2012  59   10.22   36.31  204.73  227.75
 2012  60   10.22   36.27  190.53  227.74
 2012  61   10.22   36.23  176.33  227.72
 2012  62   10.22   36.19  162.14  227.71
 2012  63   10.22   36.15  147.94  227.70
 2012  64   10.23   36.11  133.74  227.68
 2012  65   10.23   36.07  119.54  227.67
 2012  66   10.23   36.03  105.34  227.65
 2012  67   10.23   35.99   91.14  227.64
 2012  68   10.23   35.95   76.95  227.63
 2012  69   10.23   35.91   62.75  227.61
 2012  70   10.23   35.87   48.55  227.60
 2012  71   10.24   35.83   34.35  227.58
 2012  72   10.24   35.79   20.15  227.57
 2012  73   10.24   35.75    5.95  227.56
 2012  74   10.24   35.71  351.76  227.54
 2012  75   10.24   35.67  337.56  227.53
 2012  76   10.24   35.63  323.36  227.51
 2012  77   10.24   35.59  309.16  227.50
 2012  78   10.25   35.55  294.96  227.49
 2012  79   10.25   35.50  280.76  227.47
 2012  80   10.25   35.46  266.57  227.46
 2012  81   10.25   35.42  252.37  227.44
 2012  82   10.25   35.38  238.17  227.43
 2012  83   10.25   35.34  223.97  227.42
 2012  84   10.25   35.30  209.77  227.40
 2012  85   10.26   35.26  195.58  227.39
 2012  86   10.26   35.22  181.38  227.38
 2012  87   10.26   35.18  167.18  227.36
 2012  88   10.26   35.14  152.98  227.35
 2012  89   10.26   35.10  138.78  227.34
 2012  90   10.26   35.06  124.59  227.32
 2012  91   10.26   35.02  110.39  227.31
 2012  92   10.27   34.98   96.19  227.29
 2012  93   10.27   34.94   81.99  227.28
 2012  94   10.27   34.90   67.79  227.27
 2012  95   10.27   34.86   53.60  227.25
 2012  96   10.27   34.82   39.40  227.24
 2012  97   10.27   34.78   25.20  227.23
 2012  98   10.27   34.74   11.00  227.21
 2012  99   10.28   34.70  356.80  227.20
 2012 100   10.28   34.66  342.61  227.19
 2012 101   10.28   34.62  328.41  227.17
 2012 102   10.28   34.58  314.21  227.16
 2012 103   10.28   34.54  300.01  227.15
 2012 104   10.28   34.50  285.82  227.13
 2012 105   10.28   34.46  271.62  227.12
 2012 106   10.29   34.42  257.42  227.11
 2012 107   10.29   34.38  243.22  227.09
 2012 108   10.29   34.34  229.02  227.08
 2012 109   10.29   34.30  214.83  227.07
 2012 110   10.29   34.26  200.63  227.05
 2012 111   10.29   34.22  186.43  227.04
 2012 112   10.30   34.18  172.23  227.03
 2012 113   10.30   34.14  158.04  227.01
 2012 114   10.30   34.10  143.84  227.00
 2012 115   10.30   34.06  129.64  226.99
 2012 116   10.30   34.02  115.44  226.97
 2012 117   10.30   33.98  101.25  226.96
 2012 118   10.30   33.94   87.05  226.95
 2012 119   10.31   33.90   72.85  226.93
 2012 120   10.31   33.86   58.65  226.92
 2012 121   10.31   33.82   44.46  226.91
 2012 122   10.31   33.78   30.26  226.90
 2012 123   10.31   33.74   16.06  226.88
 2012 124   10.31   33.71    1.86  226.87
 2012 125   10.32   33.67  347.67  226.86
 2012 126   10.32   33.63  333.47  226.84
 2012 127   10.32   33.59  319.27  226.83
 2012 128   10.32   33.55  305.07  226.82
 2012 129   10.32   33.51  290.88  226.80
 2012 130   10.32   33.47  276.68  226.79
 2012 131   10.32   33.43  262.48  226.78
 2012 132   10.33   33.39  248.28  226.77
 2012 133   10.33   33.35  234.09  226.75
 2012 134   10.33   33.31  219.89  226.74
 2012 135   10.33   33.27  205.69  226.73
 2012 136   10.33   33.23  191.50  226.71
 2012 137   10.33   33.19  177.30  226.70
 2012 138   10.34   33.15  163.10  226.69
 2012 139   10.34   33.11  148.90  226.68
 2012 140   10.34   33.07  134.71  226.66
 2012 141   10.34   33.03  120.51  226.65
 2012 142   10.34   32.99  106.31  226.64
 2012 143   10.34   32.95   92.12  226.62
 2012 144   10.35   32.91   77.92  226.61
 2012 145   10.35   32.87   63.72  226.60
 2012 146   10.35   32.83   49.52  226.59
 2012 147   10.35   32.79   35.33  226.57
 2012 148   10.35   32.75   21.13  226.56
 2012 149   10.35   32.71    6.93  226.55
 2012 150   10.35   32.68  352.74  226.54
 2012 151   10.36   32.64  338.54  226.52
 2012 152   10.36   32.60  324.34  226.51
 2012 153   10.36   32.56  310.14  226.50
 2012 154   10.36   32.52  295.95  226.49
 2012 155   10.36   32.48  281.75  226.47
 2012 156   10.36   32.44  267.55  226.46
 2012 157   10.37   32.40  253.36  226.45
 2012 158   10.37   32.36  239.16  226.44
 2012 159   10.37   32.32  224.96  226.42
 2012 160   10.37   32.28  210.77  226.41
 2012 161   10.37   32.24  196.57  226.40
 2012 162   10.37   32.20  182.37  226.39
 2012 163   10.38   32.16  168.18  226.37
 2012 164   10.38   32.12  153.98  226.36
 2012 165   10.38   32.08  139.78  226.35
 2012 166   10.38   32.04  125.59  226.34
 2012 167   10.38   32.01  111.39  226.32
 2012 168   10.38   31.97   97.19  226.31
 2012 169   10.39   31.93   82.99  226.30
 2012 170   10.39   31.89   68.80  226.29
 2012 171   10.39   31.85   54.60  226.27
 2012 172   10.39   31.81   40.40  226.26
 2012 173   10.39   31.77   26.21  226.25
 2012 174   10.39   31.73   12.01  226.24
 2012 175   10.40   31.69  357.81  226.23
 2012 176   10.40   31.65  343.62  226.21
 2012 177   10.40   31.61  329.42  226.20
 2012 178   10.40   31.57  315.22  226.19
 2012 179   10.40   31.53  301.03  226.18
 2012 180   10.40   31.50  286.83  226.16
 2012 181   10.41   31.46  272.64  226.15
 2012 182   10.41   31.42  258.44  226.14
 2012 183   10.41   31.38  244.24  226.13
 2012 184   10.41   31.34  230.05  226.12
 2012 185   10.41   31.30  215.85  226.10
 2012 186   10.41   31.26  201.65  226.09
 2012 187   10.42   31.22  187.46  226.08
 2012 188   10.42   31.18  173.26  226.07
 2012 189   10.42   31.14  159.06  226.05
 2012 190   10.42   31.10  144.87  226.04
 2012 191   10.42   31.07  130.67  226.03
 2012 192   10.42   31.03  116.47  226.02
 2012 193   10.43   30.99  102.28  226.01
 2012 194   10.43   30.95   88.08  225.99
 2012 195   10.43   30.91   73.88  225.98
 2012 196   10.43   30.87   59.69  225.97
 2012 197   10.43   30.83   45.49  225.96
 2012 198   10.44   30.79   31.30  225.95
 2012 199   10.44   30.75   17.10  225.94
 2012 200   10.44   30.72    2.90  225.92
 2012 201   10.44   30.68  348.71  225.91
 2012 202   10.44   30.64  334.51  225.90
 2012 203   10.44   30.60  320.31  225.89
 2012 204   10.45   30.56  306.12  225.88
 2012 205   10.45   30.52  291.92  225.86
 2012 206   10.45   30.48  277.73  225.85
 2012 207   10.45   30.44  263.53  225.84
 2012 208   10.45   30.40  249.33  225.83
 2012 209   10.45   30.37  235.14  225.82
 2012 210   10.46   30.33  220.94  225.80
 2012 211   10.46   30.29  206.74  225.79
 2012 212   10.46   30.25  192.55  225.78
 2012 213   10.46   30.21  178.35  225.77
 2012 214   10.46   30.17  164.16  225.76
 2012 215   10.47   30.13  149.96  225.75
 2012 216   10.47   30.09  135.76  225.73
 2012 217   10.47   30.06  121.57  225.72
 2012 218   10.47   30.02  107.37  225.71
 2012 219   10.47   29.98   93.18  225.70
 2012 220   10.47   29.94   78.98  225.69
 2012 221   10.48   29.90   64.78  225.68
 2012 222   10.48   29.86   50.59  225.66
 2012 223   10.48   29.82   36.39  225.65
 2012 224   10.48   29.79   22.20  225.64
 2012 225   10.48   29.75    8.00  225.63
 2012 226   10.48   29.71  353.80  225.62
 2012 227   10.49   29.67  339.61  225.61
 2012 228   10.49   29.63  325.41  225.60
 2012 229   10.49   29.59  311.22  225.58
 2012 230   10.49   29.55  297.02  225.57
 2012 231   10.49   29.52  282.82  225.56
 2012 232   10.50   29.48  268.63  225.55
 2012 233   10.50   29.44  254.43  225.54
 2012 234   10.50   29.40  240.24  225.53
 2012 235   10.50   29.36  226.04  225.51
 2012 236   10.50   29.32  211.84  225.50
 2012 237   10.50   29.28  197.65  225.49
 2012 238   10.51   29.25  183.45  225.48
 2012 239   10.51   29.21  169.26  225.47
 2012 240   10.51   29.17  155.06  225.46
 2012 241   10.51   29.13  140.87  225.45
 2012 242   10.51   29.09  126.67  225.43
 2012 243   10.52   29.05  112.47  225.42
 2012 244   10.52   29.02   98.28  225.41
 2012 245   10.52   28.98   84.08  225.40
 2012 246   10.52   28.94   69.89  225.39
 2012 247   10.52   28.90   55.69  225.38
 2012 248   10.52   28.86   41.50  225.37
 2012 249   10.53   28.82   27.30  225.36
 2012 250   10.53   28.79   13.10  225.34
 2012 251   10.53   28.75  358.91  225.33
 2012 252   10.53   28.71  344.71  225.32
 2012 253   10.53   28.67  330.52  225.31
 2012 254   10.54   28.63  316.32  225.30
 2012 255   10.54   28.59  302.13  225.29
 2012 256   10.54   28.56  287.93  225.28
 2012 257   10.54   28.52  273.73  225.27
 2012 258   10.54   28.48  259.54  225.25
 2012 259   10.55   28.44  245.34  225.24
 2012 260   10.55   28.40  231.15  225.23
 2012 261   10.55   28.36  216.95  225.22
 2012 262   10.55   28.33  202.76  225.21
 2012 263   10.55   28.29  188.56  225.20
 2012 264   10.55   28.25  174.37  225.19
 2012 265   10.56   28.21  160.17  225.18
 2012 266   10.56   28.17  145.98  225.17
 2012 267   10.56   28.14  131.78  225.15
 2012 268   10.56   28.10  117.58  225.14
 2012 269   10.56   28.06  103.39  225.13
 2012 270   10.57   28.02   89.19  225.12
 2012 271   10.57   27.98   75.00  225.11
 2012 272   10.57   27.95   60.80  225.10
 2012 273   10.57   27.91   46.61  225.09
 2012 274   10.57   27.87   32.41  225.08
 2012 275   10.58   27.83   18.22  225.07
 2012 276   10.58   27.79    4.02  225.06
 2012 277   10.58   27.76  349.83  225.04
 2012 278   10.58   27.72  335.63  225.03
 2012 279   10.58   27.68  321.44  225.02
 2012 280   10.59   27.64  307.24  225.01
 2012 281   10.59   27.60  293.04  225.00
 2012 282   10.59   27.57  278.85  224.99
 2012 283   10.59   27.53  264.65  224.98
 2012 284   10.59   27.49  250.46  224.97
 2012 285   10.60   27.45  236.26  224.96
 2012 286   10.60   27.41  222.07  224.95
 2012 287   10.60   27.38  207.87  224.94
 2012 288   10.60   27.34  193.68  224.92
 2012 289   10.60   27.30  179.48  224.91
 2012 290   10.60   27.26  165.29  224.90
 2012 291   10.61   27.23  151.09  224.89
 2012 292   10.61   27.19  136.90  224.88
 2012 293   10.61   27.15  122.70  224.87
 2012 294   10.61   27.11  108.51  224.86
 2012 295   10.61   27.08   94.31  224.85
 2012 296   10.62   27.04   80.12  224.84
 2012 297   10.62   27.00   65.92  224.83
 2012 298   10.62   26.96   51.73  224.82
 2012 299   10.62   26.92   37.53  224.81
 2012 300   10.62   26.89   23.34  224.80
 2012 301   10.63   26.85    9.14  224.79
 2012 302   10.63   26.81  354.95  224.77
 2012 303   10.63   26.77  340.75  224.76
 2012 304   10.63   26.74  326.56  224.75
 2012 305   10.63   26.70  312.36  224.74
 2012 306   10.64   26.66  298.17  224.73
 2012 307   10.64   26.62  283.97  224.72
 2012 308   10.64   26.59  269.78  224.71
 2012 309   10.64   26.55  255.58  224.70
 2012 310   10.64   26.51  241.39  224.69
 2012 311   10.65   26.47  227.19  224.68
 2012 312   10.65   26.44  213.00  224.67
 2012 313   10.65   26.40  198.80  224.66
 2012 314   10.65   26.36  184.61  224.65
 2012 315   10.65   26.32  170.41  224.64
 2012 316   10.66   26.29  156.22  224.63
 2012 317   10.66   26.25  142.02  224.62
 2012 318   10.66   26.21  127.83  224.61
 2012 319   10.66   26.17  113.63  224.60
 2012 320   10.66   26.14   99.44  224.58
 2012 321   10.67   26.10   85.24  224.57
 2012 322   10.67   26.06   71.05  224.56
 2012 323   10.67   26.02   56.85  224.55
 2012 324   10.67   25.99   42.66  224.54
 2012 325   10.67   25.95   28.46  224.53
 2012 326   10.68   25.91   14.27  224.52
 2012 327   10.68   25.87    0.07  224.51
 2012 328   10.68   25.84  345.88  224.50
 2012 329   10.68   25.80  331.68  224.49
 2012 330   10.68   25.76  317.49  224.48
 2012 331   10.69   25.73  303.29  224.47
 2012 332   10.69   25.69  289.10  224.46
 2012 333   10.69   25.65  274.90  224.45
 2012 334   10.69   25.61  260.71  224.44
 2012 335   10.69   25.58  246.51  224.43
 2012 336   10.70   25.54  232.32  224.42
 2012 337   10.70   25.50  218.13  224.41
 2012 338   10.70   25.47  203.93  224.40
 2012 339   10.70   25.43  189.74  224.39
 2012 340   10.71   25.39  175.54  224.38
 2012 341   10.71   25.35  161.35  224.37
 2012 342   10.71   25.32  147.15  224.36
 2012 343   10.71   25.28  132.96  224.35
 2012 344   10.71   25.24  118.76  224.34
 2012 345   10.72   25.21  104.57  224.33
 2012 346   10.72   25.17   90.37  224.32
 2012 347   10.72   25.13   76.18  224.31
 2012 348   10.72   25.09   61.98  224.30
 2012 349   10.72   25.06   47.79  224.29
 2012 350   10.73   25.02   33.60  224.28
 2012 351   10.73   24.98   19.40  224.27
 2012 352   10.73   24.95    5.21  224.26
 2012 353   10.73   24.91  351.01  224.25
 2012 354   10.73   24.87  336.82  224.23
 2012 355   10.74   24.84  322.62  224.22
 2012 356   10.74   24.80  308.43  224.21
 2012 357   10.74   24.76  294.23  224.20
 2012 358   10.74   24.73  280.04  224.19
 2012 359   10.74   24.69  265.85  224.18
 2012 360   10.75   24.65  251.65  224.17
 2012 361   10.75   24.62  237.46  224.16
 2012 362   10.75   24.58  223.26  224.15
 2012 363   10.75   24.54  209.07  224.14
 2012 364   10.76   24.50  194.87  224.13
 2012 365   10.76   24.47  180.68  224.12
