 YYYY DAY  RAD_AU  HGI_LAT  HGI_LON
2012   1    5.63    -3.2     161.1
2012   2    5.63    -3.2     161.1
2012   3    5.63    -3.2     161.2
2012   4    5.63    -3.2     161.2
2012   5    5.63    -3.2     161.3
2012   6    5.63    -3.2     161.3
2012   7    5.63    -3.2     161.4
2012   8    5.63    -3.2     161.4
2012   9    5.63    -3.2     161.4
2012  10    5.63    -3.2     161.5
2012  11    5.63    -3.2     161.5
2012  12    5.63    -3.2     161.6
2012  13    5.64    -3.2     161.6
2012  14    5.64    -3.2     161.7
2012  15    5.64    -3.2     161.7
2012  16    5.64    -3.2     161.8
2012  17    5.64    -3.2     161.8
2012  18    5.64    -3.2     161.8
2012  19    5.64    -3.2     161.9
2012  20    5.64    -3.2     161.9
2012  21    5.64    -3.2     162.0
2012  22    5.64    -3.2     162.0
2012  23    5.64    -3.2     162.1
2012  24    5.64    -3.2     162.1
2012  25    5.64    -3.2     162.2
2012  26    5.65    -3.2     162.2
2012  27    5.65    -3.2     162.2
2012  28    5.65    -3.2     162.3
2012  29    5.65    -3.2     162.3
2012  30    5.65    -3.2     162.4
2012  31    5.65    -3.2     162.4
2012  32    5.65    -3.2     162.5
2012  33    5.65    -3.2     162.5
2012  34    5.65    -3.2     162.5
2012  35    5.65    -3.2     162.6
2012  36    5.65    -3.2     162.6
2012  37    5.65    -3.2     162.7
2012  38    5.65    -3.2     162.7
2012  39    5.65    -3.2     162.8
2012  40    5.65    -3.2     162.8
2012  41    5.65    -3.2     162.9
2012  42    5.66    -3.2     162.9
2012  43    5.66    -3.2     162.9
2012  44    5.66    -3.2     163.0
2012  45    5.66    -3.2     163.0
2012  46    5.66    -3.2     163.1
2012  47    5.66    -3.2     163.1
2012  48    5.66    -3.2     163.2
2012  49    5.66    -3.2     163.2
2012  50    5.66    -3.2     163.3
2012  51    5.66    -3.2     163.3
2012  52    5.66    -3.2     163.3
2012  53    5.66    -3.2     163.4
2012  54    5.66    -3.2     163.4
2012  55    5.66    -3.2     163.5
2012  56    5.66    -3.2     163.5
2012  57    5.66    -3.2     163.6
2012  58    5.66    -3.2     163.6
2012  59    5.66    -3.2     163.6
2012  60    5.67    -3.2     163.7
2012  61    5.67    -3.2     163.7
2012  62    5.67    -3.2     163.8
2012  63    5.67    -3.2     163.8
2012  64    5.67    -3.2     163.9
2012  65    5.67    -3.2     163.9
2012  66    5.67    -3.2     164.0
2012  67    5.67    -3.2     164.0
2012  68    5.67    -3.2     164.0
2012  69    5.67    -3.2     164.1
2012  70    5.67    -3.2     164.1
2012  71    5.67    -3.2     164.2
2012  72    5.67    -3.2     164.2
2012  73    5.67    -3.2     164.3
2012  74    5.67    -3.2     164.3
2012  75    5.67    -3.2     164.4
2012  76    5.67    -3.2     164.4
2012  77    5.67    -3.2     164.4
2012  78    5.67    -3.2     164.5
2012  79    5.67    -3.2     164.5
2012  80    5.67    -3.2     164.6
2012  81    5.67    -3.2     164.6
2012  82    5.67    -3.2     164.7
2012  83    5.67    -3.2     164.7
2012  84    5.68    -3.2     164.7
2012  85    5.68    -3.2     164.8
2012  86    5.68    -3.2     164.8
2012  87    5.68    -3.2     164.9
2012  88    5.68    -3.2     164.9
2012  89    5.68    -3.2     165.0
2012  90    5.68    -3.2     165.0
2012  91    5.68    -3.2     165.1
2012  92    5.68    -3.2     165.1
2012  93    5.68    -3.2     165.1
2012  94    5.68    -3.2     165.2
2012  95    5.68    -3.2     165.2
2012  96    5.68    -3.2     165.3
2012  97    5.68    -3.2     165.3
2012  98    5.68    -3.2     165.4
2012  99    5.68    -3.2     165.4
2012 100    5.68    -3.2     165.4
2012 101    5.68    -3.2     165.5
2012 102    5.68    -3.2     165.5
2012 103    5.68    -3.2     165.6
2012 104    5.68    -3.2     165.6
2012 105    5.68    -3.2     165.7
2012 106    5.68    -3.2     165.7
2012 107    5.68    -3.2     165.8
2012 108    5.68    -3.2     165.8
2012 109    5.68    -3.2     165.8
2012 110    5.68    -3.2     165.9
2012 111    5.68    -3.2     165.9
2012 112    5.68    -3.2     166.0
2012 113    5.68    -3.2     166.0
2012 114    5.68    -3.2     166.1
2012 115    5.68    -3.2     166.1
2012 116    5.68    -3.2     166.1
2012 117    5.68    -3.2     166.2
2012 118    5.68    -3.2     166.2
2012 119    5.68    -3.2     166.3
2012 120    5.68    -3.2     166.3
2012 121    5.68    -3.2     166.4
2012 122    5.68    -3.2     166.4
2012 123    5.68    -3.2     166.5
2012 124    5.68    -3.2     166.5
2012 125    5.68    -3.2     166.5
2012 126    5.68    -3.2     166.6
2012 127    5.68    -3.2     166.6
2012 128    5.68    -3.2     166.7
2012 129    5.68    -3.2     166.7
2012 130    5.68    -3.2     166.8
2012 131    5.68    -3.2     166.8
2012 132    5.68    -3.2     166.8
2012 133    5.68    -3.2     166.9
2012 134    5.69    -3.2     166.9
2012 135    5.69    -3.2     167.0
2012 136    5.69    -3.2     167.0
2012 137    5.69    -3.2     167.1
2012 138    5.69    -3.2     167.1
2012 139    5.69    -3.2     167.1
2012 140    5.69    -3.2     167.2
2012 141    5.69    -3.2     167.2
2012 142    5.69    -3.2     167.3
2012 143    5.69    -3.2     167.3
2012 144    5.69    -3.2     167.4
2012 145    5.69    -3.2     167.4
2012 146    5.69    -3.2     167.5
2012 147    5.69    -3.2     167.5
2012 148    5.69    -3.2     167.5
2012 149    5.69    -3.2     167.6
2012 150    5.69    -3.2     167.6
2012 151    5.69    -3.2     167.7
2012 152    5.69    -3.2     167.7
2012 153    5.68    -3.2     167.8
2012 154    5.68    -3.2     167.8
2012 155    5.68    -3.2     167.8
2012 156    5.68    -3.2     167.9
2012 157    5.68    -3.2     167.9
2012 158    5.68    -3.2     168.0
2012 159    5.68    -3.2     168.0
2012 160    5.68    -3.2     168.1
2012 161    5.68    -3.2     168.1
2012 162    5.68    -3.2     168.2
2012 163    5.68    -3.2     168.2
2012 164    5.68    -3.2     168.2
2012 165    5.68    -3.2     168.3
2012 166    5.68    -3.2     168.3
2012 167    5.68    -3.2     168.4
2012 168    5.68    -3.2     168.4
2012 169    5.68    -3.2     168.5
2012 170    5.68    -3.2     168.5
2012 171    5.68    -3.2     168.5
2012 172    5.68    -3.2     168.6
2012 173    5.68    -3.2     168.6
2012 174    5.68    -3.2     168.7
2012 175    5.68    -3.2     168.7
2012 176    5.68    -3.2     168.8
2012 177    5.68    -3.2     168.8
2012 178    5.68    -3.2     168.9
2012 179    5.68    -3.2     168.9
2012 180    5.68    -3.2     168.9
2012 181    5.68    -3.2     169.0
2012 182    5.68    -3.2     169.0
2012 182    5.68    -3.2     169.1
2012 183    5.68    -3.2     169.1
2012 184    5.68    -3.2     169.2
2012 185    5.68    -3.2     169.2
2012 186    5.68    -3.1     169.2
2012 187    5.68    -3.1     169.3
2012 188    5.68    -3.1     169.3
2012 190    5.68    -3.1     169.4
2012 191    5.68    -3.1     169.4
2012 192    5.68    -3.1     169.5
2012 193    5.68    -3.1     169.5
2012 194    5.68    -3.1     169.5
2012 195    5.68    -3.1     169.6
2012 196    5.68    -3.1     169.6
2012 197    5.68    -3.1     169.7
2012 198    5.68    -3.1     169.7
2012 199    5.68    -3.1     169.8
2012 200    5.68    -3.1     169.8
2012 201    5.68    -3.1     169.9
2012 202    5.68    -3.1     169.9
2012 203    5.67    -3.1     169.9
2012 204    5.67    -3.1     170.0
2012 205    5.67    -3.1     170.0
2012 206    5.67    -3.1     170.1
2012 207    5.67    -3.1     170.1
2012 208    5.67    -3.1     170.2
2012 209    5.67    -3.1     170.2
2012 210    5.67    -3.1     170.3
2012 211    5.67    -3.1     170.3
2012 212    5.67    -3.1     170.3
2012 213    5.67    -3.1     170.4
2012 214    5.67    -3.1     170.4
2012 215    5.67    -3.1     170.5
2012 216    5.67    -3.1     170.5
2012 217    5.67    -3.1     170.6
2012 218    5.67    -3.1     170.6
2012 219    5.67    -3.1     170.6
2012 220    5.67    -3.1     170.7
2012 221    5.67    -3.1     170.7
2012 222    5.67    -3.1     170.8
2012 223    5.67    -3.1     170.8
2012 224    5.67    -3.1     170.9
2012 225    5.67    -3.1     170.9
2012 226    5.67    -3.1     171.0
2012 227    5.66    -3.1     171.0
2012 228    5.66    -3.1     171.0
2012 229    5.66    -3.1     171.1
2012 230    5.66    -3.1     171.1
2012 231    5.66    -3.1     171.2
2012 232    5.66    -3.1     171.2
2012 233    5.66    -3.1     171.3
2012 234    5.66    -3.1     171.3
2012 235    5.66    -3.1     171.3
2012 236    5.66    -3.1     171.4
2012 237    5.66    -3.1     171.4
2012 238    5.66    -3.1     171.5
2012 239    5.66    -3.1     171.5
2012 240    5.66    -3.1     171.6
2012 241    5.66    -3.1     171.6
2012 242    5.66    -3.1     171.7
2012 243    5.66    -3.1     171.7
2012 244    5.66    -3.1     171.7
2012 245    5.65    -3.1     171.8
2012 246    5.65    -3.1     171.8
2012 247    5.65    -3.1     171.9
2012 248    5.65    -3.1     171.9
2012 249    5.65    -3.1     172.0
2012 250    5.65    -3.1     172.0
2012 251    5.65    -3.1     172.1
2012 252    5.65    -3.1     172.1
2012 253    5.65    -3.1     172.1
2012 254    5.65    -3.1     172.2
2012 255    5.65    -3.1     172.2
2012 256    5.65    -3.1     172.3
2012 257    5.65    -3.1     172.3
2012 258    5.65    -3.1     172.4
2012 259    5.65    -3.1     172.4
2012 260    5.65    -3.1     172.5
2012 261    5.64    -3.1     172.5
2012 262    5.64    -3.1     172.5
2012 263    5.64    -3.1     172.6
2012 264    5.64    -3.1     172.6
2012 265    5.64    -3.1     172.7
2012 266    5.64    -3.1     172.7
2012 267    5.64    -3.1     172.8
2012 268    5.64    -3.1     172.8
2012 269    5.64    -3.1     172.8
2012 270    5.64    -3.1     172.9
2012 271    5.64    -3.1     172.9
2012 272    5.64    -3.1     173.0
2012 273    5.64    -3.1     173.0
2012 274    5.63    -3.1     173.1
2012 275    5.63    -3.1     173.1
2012 276    5.63    -3.1     173.2
2012 277    5.63    -3.1     173.2
2012 278    5.63    -3.1     173.2
2012 279    5.63    -3.1     173.3
2012 280    5.63    -3.1     173.3
2012 281    5.63    -3.1     173.4
2012 282    5.63    -3.1     173.4
2012 283    5.63    -3.1     173.5
2012 284    5.63    -3.1     173.5
2012 285    5.63    -3.1     173.6
2012 286    5.63    -3.1     173.6
2012 287    5.62    -3.1     173.6
2012 288    5.62    -3.1     173.7
2012 289    5.62    -3.1     173.7
2012 290    5.62    -3.1     173.8
2012 291    5.62    -3.1     173.8
2012 292    5.62    -3.1     173.9
2012 293    5.62    -3.1     173.9
2012 294    5.62    -3.1     174.0
2012 295    5.62    -3.1     174.0
2012 296    5.62    -3.1     174.1
2012 297    5.62    -3.1     174.1
2012 298    5.61    -3.1     174.1
2012 299    5.61    -3.1     174.2
2012 300    5.61    -3.1     174.2
2012 301    5.61    -3.1     174.3
2012 302    5.61    -3.1     174.3
2012 303    5.61    -3.1     174.4
2012 304    5.61    -3.1     174.4
2012 305    5.61    -3.1     174.5
2012 306    5.61    -3.1     174.5
2012 307    5.61    -3.1     174.5
2012 308    5.61    -3.1     174.6
2012 309    5.60    -3.1     174.6
2012 310    5.60    -3.1     174.7
2012 311    5.60    -3.1     174.7
2012 312    5.60    -3.1     174.8
2012 313    5.60    -3.1     174.8
2012 314    5.60    -3.1     174.9
2012 315    5.60    -3.1     174.9
2012 316    5.60    -3.1     174.9
2012 317    5.60    -3.1     175.0
2012 318    5.60    -3.1     175.0
2012 319    5.59    -3.1     175.1
2012 320    5.59    -3.1     175.1
2012 321    5.59    -3.1     175.2
2012 322    5.59    -3.1     175.2
2012 323    5.59    -3.1     175.3
2012 324    5.59    -3.1     175.3
2012 325    5.59    -3.1     175.4
2012 326    5.59    -3.1     175.4
2012 327    5.59    -3.1     175.4
2012 328    5.58    -3.1     175.5
2012 329    5.58    -3.1     175.5
2012 330    5.58    -3.1     175.6
2012 331    5.58    -3.1     175.6
2012 332    5.58    -3.1     175.7
2012 333    5.58    -3.1     175.7
2012 334    5.58    -3.1     175.8
2012 335    5.58    -3.1     175.8
2012 336    5.58    -3.1     175.9
2012 337    5.57    -3.1     175.9
2012 338    5.57    -3.1     175.9
2012 339    5.57    -3.1     176.0
2012 340    5.57    -3.1     176.0
2012 341    5.57    -3.1     176.1
2012 342    5.57    -3.1     176.1
2012 343    5.57    -3.1     176.2
2012 344    5.57    -3.1     176.2
2012 345    5.57    -3.1     176.3
2012 346    5.56    -3.1     176.3
2012 347    5.56    -3.1     176.4
2012 348    5.56    -3.1     176.4
2012 349    5.56    -3.1     176.4
2012 350    5.56    -3.1     176.5
2012 351    5.56    -3.1     176.5
2012 352    5.56    -3.1     176.6
2012 353    5.56    -3.1     176.6
2012 354    5.55    -3.1     176.7
2012 355    5.55    -3.1     176.7
2012 356    5.55    -3.1     176.8
2012 357    5.55    -3.1     176.8
2012 358    5.55    -3.1     176.9
2012 359    5.55    -3.1     176.9
2012 360    5.55    -3.1     176.9
2012 361    5.55    -3.1     177.0
2012 362    5.54    -3.1     177.0
2012 363    5.54    -3.1     177.1
2012 364    5.54    -3.1     177.1
2012 365    5.54    -3.1     177.2
2012 366    5.54    -3.1     177.2
2012 366    5.54    -3.1     177.3
2013   1    5.54    -3.1     177.3
2013   2    5.53    -3.1     177.4
2013   3    5.53    -3.1     177.4
2013   4    5.53    -3.1     177.5
2013   5    5.53    -3.1     177.5
2013   6    5.53    -3.1     177.5
2013   7    5.53    -3.1     177.6
2013   8    5.53    -3.1     177.6
2013   9    5.53    -3.1     177.7
2013  10    5.52    -3.1     177.7
2013  11    5.52    -3.1     177.8
2013  12    5.52    -3.1     177.8
2013  13    5.52    -3.1     177.9
2013  14    5.52    -3.1     177.9
2013  15    5.52    -3.1     178.0
2013  16    5.52    -3.1     178.0
2013  17    5.51    -3.1     178.1
2013  18    5.51    -3.1     178.1
2013  19    5.51    -3.1     178.1
2013  20    5.51    -3.1     178.2
2013  21    5.51    -3.1     178.2
2013  22    5.51    -3.1     178.3
2013  23    5.51    -3.1     178.3
2013  24    5.50    -3.1     178.4
2013  25    5.50    -3.1     178.4
2013  26    5.50    -3.1     178.5
2013  27    5.50    -3.1     178.5
2013  28    5.50    -3.1     178.6
2013  29    5.50    -3.1     178.6
2013  30    5.49    -3.1     178.7
2013  31    5.49    -3.1     178.7
2013  32    5.49    -3.1     178.7
2013  33    5.49    -3.1     178.8
2013  34    5.49    -3.1     178.8
2013  35    5.49    -3.1     178.9
2013  36    5.49    -3.1     178.9
2013  37    5.48    -3.1     179.0
2013  38    5.48    -3.1     179.0
2013  39    5.48    -3.1     179.1
2013  40    5.48    -3.1     179.1
2013  41    5.48    -3.0     179.2
2013  42    5.48    -3.0     179.2
2013  43    5.47    -3.0     179.3
2013  44    5.47    -3.0     179.3
2013  45    5.47    -3.0     179.4
2013  46    5.47    -3.0     179.4
2013  47    5.47    -3.0     179.5
2013  48    5.47    -3.0     179.5
2013  49    5.46    -3.0     179.5
2013  50    5.46    -3.0     179.6
2013  51    5.46    -3.0     179.6
2013  52    5.46    -3.0     179.7
2013  53    5.46    -3.0     179.7
2013  54    5.46    -3.0     179.8
2013  55    5.45    -3.0     179.8
2013  56    5.45    -3.0     179.9
2013  57    5.45    -3.0     179.9
2013  58    5.45    -3.0     180.0
2013  59    5.45    -3.0     180.0
2013  60    5.45    -3.0     180.1
2013  61    5.44    -3.0     180.1
2013  62    5.44    -3.0     180.2
2013  63    5.44    -3.0     180.2
2013  64    5.44    -3.0     180.3
2013  65    5.44    -3.0     180.3
2013  66    5.44    -3.0     180.4
2013  67    5.43    -3.0     180.4
2013  68    5.43    -3.0     180.4
2013  69    5.43    -3.0     180.5
2013  70    5.43    -3.0     180.5
2013  71    5.43    -3.0     180.6
2013  72    5.43    -3.0     180.6
2013  73    5.42    -3.0     180.7
2013  74    5.42    -3.0     180.7
2013  75    5.42    -3.0     180.8
2013  76    5.42    -3.0     180.8
2013  77    5.42    -3.0     180.9
2013  78    5.41    -3.0     180.9
2013  79    5.41    -3.0     181.0
2013  80    5.41    -3.0     181.0
2013  81    5.41    -3.0     181.1
2013  82    5.41    -3.0     181.1
2013  83    5.41    -3.0     181.2
2013  84    5.40    -3.0     181.2
2013  85    5.40    -3.0     181.3
2013  86    5.40    -3.0     181.3
2013  87    5.40    -3.0     181.4
2013  88    5.40    -3.0     181.4
2013  89    5.39    -3.0     181.5
2013  90    5.39    -3.0     181.5
2013  91    5.39    -3.0     181.6
2013  92    5.39    -3.0     181.6
2013  93    5.39    -3.0     181.7
2013  94    5.39    -3.0     181.7
2013  95    5.38    -3.0     181.8
2013  96    5.38    -3.0     181.8
2013  97    5.38    -3.0     181.8
2013  98    5.38    -3.0     181.9
2013  99    5.38    -3.0     181.9
2013 100    5.37    -3.0     182.0
2013 101    5.37    -3.0     182.0
2013 102    5.37    -3.0     182.1
2013 103    5.37    -3.0     182.1
2013 104    5.37    -3.0     182.2
2013 105    5.36    -3.0     182.2
2013 106    5.36    -3.0     182.3
2013 107    5.36    -3.0     182.3
2013 108    5.36    -3.0     182.4
2013 109    5.36    -3.0     182.4
2013 110    5.35    -3.0     182.5
2013 111    5.35    -3.0     182.5
2013 112    5.35    -3.0     182.6
2013 113    5.35    -3.0     182.6
2013 114    5.35    -3.0     182.7
2013 115    5.34    -3.0     182.7
2013 116    5.34    -3.0     182.8
2013 117    5.34    -3.0     182.8
2013 118    5.34    -3.0     182.9
2013 119    5.34    -3.0     182.9
2013 120    5.33    -3.0     183.0
2013 121    5.33    -3.0     183.0
2013 122    5.33    -3.0     183.1
2013 123    5.33    -3.0     183.1
2013 124    5.32    -3.0     183.2
2013 125    5.32    -3.0     183.2
2013 126    5.32    -3.0     183.3
2013 127    5.32    -3.0     183.3
2013 128    5.32    -3.0     183.4
2013 129    5.31    -3.0     183.4
2013 130    5.31    -3.0     183.5
2013 131    5.31    -3.0     183.5
2013 132    5.31    -3.0     183.6
2013 133    5.31    -3.0     183.6
2013 134    5.30    -3.0     183.7
2013 135    5.30    -3.0     183.7
2013 136    5.30    -3.0     183.8
2013 137    5.30    -3.0     183.8
2013 138    5.29    -3.0     183.9
2013 139    5.29    -3.0     183.9
2013 140    5.29    -3.0     184.0
2013 141    5.29    -3.0     184.0
2013 142    5.29    -3.0     184.1
2013 143    5.28    -3.0     184.1
2013 144    5.28    -3.0     184.2
2013 145    5.28    -3.0     184.2
2013 146    5.28    -3.0     184.3
2013 147    5.27    -3.0     184.3
2013 148    5.27    -3.0     184.4
2013 149    5.27    -3.0     184.4
2013 150    5.27    -3.0     184.5
2013 151    5.27    -3.0     184.5
2013 152    5.26    -3.0     184.6
2013 153    5.26    -3.0     184.6
2013 154    5.26    -3.0     184.7
2013 155    5.26    -3.0     184.7
2013 156    5.25    -3.0     184.8
2013 157    5.25    -3.0     184.8
2013 158    5.25    -3.0     184.9
2013 159    5.25    -2.9     184.9
2013 160    5.24    -2.9     185.0
2013 161    5.24    -2.9     185.0
2013 162    5.24    -2.9     185.1
2013 163    5.24    -2.9     185.1
2013 164    5.24    -2.9     185.2
2013 165    5.23    -2.9     185.2
2013 166    5.23    -2.9     185.3
2013 167    5.23    -2.9     185.4
2013 168    5.23    -2.9     185.4
2013 169    5.22    -2.9     185.5
2013 170    5.22    -2.9     185.5
2013 171    5.22    -2.9     185.6
2013 172    5.22    -2.9     185.6
2013 173    5.21    -2.9     185.7
2013 174    5.21    -2.9     185.7
2013 175    5.21    -2.9     185.8
2013 176    5.21    -2.9     185.8
2013 177    5.20    -2.9     185.9
2013 178    5.20    -2.9     185.9
2013 179    5.20    -2.9     186.0
2013 180    5.20    -2.9     186.0
2013 181    5.19    -2.9     186.1
2013 182    5.19    -2.9     186.1
2013 183    5.19    -2.9     186.2
2013 184    5.19    -2.9     186.2
2013 185    5.18    -2.9     186.3
2013 186    5.18    -2.9     186.3
2013 187    5.18    -2.9     186.4
2013 188    5.18    -2.9     186.4
2013 190    5.17    -2.9     186.5
2013 191    5.17    -2.9     186.6
2013 192    5.17    -2.9     186.6
2013 193    5.17    -2.9     186.7
2013 194    5.16    -2.9     186.7
2013 195    5.16    -2.9     186.8
2013 196    5.16    -2.9     186.8
2013 197    5.16    -2.9     186.9
2013 198    5.15    -2.9     186.9
2013 199    5.15    -2.9     187.0
2013 200    5.15    -2.9     187.0
2013 201    5.15    -2.9     187.1
2013 202    5.14    -2.9     187.1
2013 203    5.14    -2.9     187.2
2013 204    5.14    -2.9     187.2
2013 205    5.14    -2.9     187.3
2013 206    5.13    -2.9     187.3
2013 207    5.13    -2.9     187.4
2013 208    5.13    -2.9     187.5
2013 209    5.12    -2.9     187.5
2013 210    5.12    -2.9     187.6
2013 211    5.12    -2.9     187.6
2013 212    5.12    -2.9     187.7
2013 213    5.11    -2.9     187.7
2013 214    5.11    -2.9     187.8
2013 215    5.11    -2.9     187.8
2013 216    5.11    -2.9     187.9
2013 217    5.10    -2.9     187.9
2013 218    5.10    -2.9     188.0
2013 219    5.10    -2.9     188.0
2013 220    5.10    -2.9     188.1
2013 221    5.09    -2.9     188.2
2013 222    5.09    -2.9     188.2
2013 223    5.09    -2.9     188.3
2013 224    5.08    -2.9     188.3
2013 225    5.08    -2.9     188.4
2013 226    5.08    -2.9     188.4
2013 227    5.08    -2.9     188.5
2013 228    5.07    -2.9     188.5
2013 229    5.07    -2.9     188.6
2013 230    5.07    -2.9     188.6
2013 231    5.06    -2.9     188.7
2013 232    5.06    -2.9     188.8
2013 233    5.06    -2.9     188.8
2013 234    5.06    -2.9     188.9
2013 235    5.05    -2.9     188.9
2013 236    5.05    -2.9     189.0
2013 237    5.05    -2.9     189.0
2013 238    5.05    -2.9     189.1
2013 239    5.04    -2.9     189.1
2013 240    5.04    -2.9     189.2
2013 241    5.04    -2.9     189.3
2013 242    5.03    -2.9     189.3
2013 243    5.03    -2.9     189.4
2013 244    5.03    -2.9     189.4
2013 245    5.02    -2.8     189.5
2013 246    5.02    -2.8     189.5
2013 247    5.02    -2.8     189.6
2013 248    5.02    -2.8     189.6
2013 249    5.01    -2.8     189.7
2013 250    5.01    -2.8     189.8
2013 251    5.01    -2.8     189.8
2013 252    5.00    -2.8     189.9
2013 253    5.00    -2.8     189.9
2013 254    5.00    -2.8     190.0
2013 255    5.00    -2.8     190.0
2013 256    4.99    -2.8     190.1
2013 257    4.99    -2.8     190.2
2013 258    4.99    -2.8     190.2
2013 259    4.98    -2.8     190.3
2013 260    4.98    -2.8     190.3
2013 261    4.98    -2.8     190.4
2013 262    4.97    -2.8     190.4
2013 263    4.97    -2.8     190.5
2013 264    4.97    -2.8     190.5
2013 265    4.97    -2.8     190.6
2013 266    4.96    -2.8     190.7
2013 267    4.96    -2.8     190.7
2013 268    4.96    -2.8     190.8
2013 269    4.95    -2.8     190.8
2013 270    4.95    -2.8     190.9
2013 271    4.95    -2.8     191.0
2013 272    4.94    -2.8     191.0
2013 273    4.94    -2.8     191.1
2013 274    4.94    -2.8     191.1
2013 275    4.93    -2.8     191.2
2013 276    4.93    -2.8     191.2
2013 277    4.93    -2.8     191.3
2013 278    4.93    -2.8     191.4
2013 279    4.92    -2.8     191.4
2013 280    4.92    -2.8     191.5
2013 281    4.92    -2.8     191.5
2013 282    4.91    -2.8     191.6
2013 283    4.91    -2.8     191.6
2013 284    4.91    -2.8     191.7
2013 285    4.90    -2.8     191.8
2013 286    4.90    -2.8     191.8
2013 287    4.90    -2.8     191.9
2013 288    4.89    -2.8     191.9
2013 289    4.89    -2.8     192.0
2013 290    4.89    -2.8     192.1
2013 291    4.88    -2.8     192.1
2013 292    4.88    -2.8     192.2
2013 293    4.88    -2.8     192.2
2013 294    4.87    -2.8     192.3
2013 295    4.87    -2.8     192.4
2013 296    4.87    -2.8     192.4
2013 297    4.86    -2.8     192.5
2013 298    4.86    -2.8     192.5
2013 299    4.86    -2.8     192.6
2013 300    4.85    -2.8     192.7
2013 301    4.85    -2.8     192.7
2013 302    4.85    -2.8     192.8
2013 303    4.84    -2.8     192.8
2013 304    4.84    -2.8     192.9
2013 305    4.84    -2.8     193.0
2013 306    4.83    -2.8     193.0
2013 307    4.83    -2.8     193.1
2013 308    4.83    -2.8     193.1
2013 309    4.82    -2.8     193.2
2013 310    4.82    -2.8     193.3
2013 311    4.82    -2.8     193.3
2013 312    4.81    -2.7     193.4
2013 313    4.81    -2.7     193.4
2013 314    4.81    -2.7     193.5
2013 315    4.80    -2.7     193.6
2013 316    4.80    -2.7     193.6
2013 317    4.80    -2.7     193.7
2013 318    4.79    -2.7     193.7
2013 319    4.79    -2.7     193.8
2013 320    4.79    -2.7     193.9
2013 321    4.78    -2.7     193.9
2013 322    4.78    -2.7     194.0
2013 323    4.78    -2.7     194.0
2013 324    4.77    -2.7     194.1
2013 325    4.77    -2.7     194.2
2013 326    4.77    -2.7     194.2
2013 327    4.76    -2.7     194.3
2013 328    4.76    -2.7     194.4
2013 329    4.76    -2.7     194.4
2013 330    4.75    -2.7     194.5
2013 331    4.75    -2.7     194.5
2013 332    4.75    -2.7     194.6
2013 333    4.74    -2.7     194.7
2013 334    4.74    -2.7     194.7
2013 335    4.73    -2.7     194.8
2013 336    4.73    -2.7     194.9
2013 337    4.73    -2.7     194.9
2013 338    4.72    -2.7     195.0
2013 339    4.72    -2.7     195.0
2013 340    4.72    -2.7     195.1
2013 341    4.71    -2.7     195.2
2013 342    4.71    -2.7     195.2
2013 343    4.71    -2.7     195.3
2013 344    4.70    -2.7     195.4
2013 345    4.70    -2.7     195.4
2013 346    4.69    -2.7     195.5
2013 347    4.69    -2.7     195.6
2013 348    4.69    -2.7     195.6
2013 349    4.68    -2.7     195.7
2013 350    4.68    -2.7     195.7
2013 351    4.68    -2.7     195.8
2013 352    4.67    -2.7     195.9
2013 353    4.67    -2.7     195.9
2013 354    4.67    -2.7     196.0
2013 355    4.66    -2.7     196.1
2013 356    4.66    -2.7     196.1
2013 357    4.65    -2.7     196.2
2013 358    4.65    -2.7     196.3
2013 359    4.65    -2.7     196.3
2013 360    4.64    -2.7     196.4
2013 361    4.64    -2.7     196.5
2013 362    4.64    -2.7     196.5
2013 363    4.63    -2.7     196.6
2013 364    4.63    -2.7     196.7
2013 365    4.62    -2.7     196.7
2013 365    4.62    -2.7     196.8
2014   1    4.62    -2.6     196.9
2014   2    4.61    -2.6     196.9
2014   3    4.61    -2.6     197.0
2014   4    4.61    -2.6     197.1
2014   5    4.60    -2.6     197.1
2014   6    4.60    -2.6     197.2
2014   7    4.59    -2.6     197.3
2014   8    4.59    -2.6     197.3
2014   9    4.59    -2.6     197.4
2014  10    4.58    -2.6     197.5
2014  11    4.58    -2.6     197.5
2014  12    4.57    -2.6     197.6
2014  13    4.57    -2.6     197.7
2014  14    4.57    -2.6     197.7
2014  15    4.56    -2.6     197.8
2014  16    4.56    -2.6     197.9
2014  17    4.56    -2.6     197.9
2014  18    4.55    -2.6     198.0
2014  19    4.55    -2.6     198.1
2014  20    4.54    -2.6     198.1
2014  21    4.54    -2.6     198.2
2014  22    4.54    -2.6     198.3
2014  23    4.53    -2.6     198.3
2014  24    4.53    -2.6     198.4
2014  25    4.52    -2.6     198.5
2014  26    4.52    -2.6     198.5
2014  27    4.52    -2.6     198.6
2014  28    4.51    -2.6     198.7
2014  29    4.51    -2.6     198.8
2014  30    4.50    -2.6     198.8
2014  31    4.50    -2.6     198.9
2014  32    4.50    -2.6     199.0
2014  33    4.49    -2.6     199.0
2014  34    4.49    -2.6     199.1
2014  35    4.48    -2.6     199.2
2014  36    4.48    -2.6     199.2
2014  37    4.48    -2.6     199.3
2014  38    4.47    -2.6     199.4
2014  39    4.47    -2.6     199.5
2014  40    4.46    -2.6     199.5
2014  41    4.46    -2.6     199.6
2014  42    4.45    -2.6     199.7
2014  43    4.45    -2.6     199.7
2014  44    4.45    -2.6     199.8
2014  45    4.44    -2.6     199.9
2014  46    4.44    -2.6     199.9
2014  47    4.43    -2.5     200.0
2014  48    4.43    -2.5     200.1
2014  49    4.43    -2.5     200.2
2014  50    4.42    -2.5     200.2
2014  51    4.42    -2.5     200.3
2014  52    4.41    -2.5     200.4
2014  53    4.41    -2.5     200.5
2014  54    4.40    -2.5     200.5
2014  55    4.40    -2.5     200.6
2014  56    4.40    -2.5     200.7
2014  57    4.39    -2.5     200.7
2014  58    4.39    -2.5     200.8
2014  59    4.38    -2.5     200.9
2014  60    4.38    -2.5     201.0
2014  61    4.37    -2.5     201.0
2014  62    4.37    -2.5     201.1
2014  63    4.37    -2.5     201.2
2014  64    4.36    -2.5     201.3
2014  65    4.36    -2.5     201.3
2014  66    4.35    -2.5     201.4
2014  67    4.35    -2.5     201.5
2014  68    4.34    -2.5     201.6
2014  69    4.34    -2.5     201.6
2014  70    4.34    -2.5     201.7
2014  71    4.33    -2.5     201.8
2014  72    4.33    -2.5     201.9
2014  73    4.32    -2.5     201.9
2014  74    4.32    -2.5     202.0
2014  75    4.31    -2.5     202.1
2014  76    4.31    -2.5     202.2
2014  77    4.31    -2.5     202.2
2014  78    4.30    -2.5     202.3
2014  79    4.30    -2.5     202.4
2014  80    4.29    -2.5     202.5
2014  81    4.29    -2.5     202.5
2014  82    4.28    -2.5     202.6
2014  83    4.28    -2.5     202.7
2014  84    4.27    -2.5     202.8
2014  85    4.27    -2.5     202.8
2014  86    4.27    -2.4     202.9
2014  87    4.26    -2.4     203.0
2014  88    4.26    -2.4     203.1
2014  89    4.25    -2.4     203.2
2014  90    4.25    -2.4     203.2
2014  91    4.24    -2.4     203.3
2014  92    4.24    -2.4     203.4
2014  93    4.23    -2.4     203.5
2014  94    4.23    -2.4     203.5
2014  95    4.22    -2.4     203.6
2014  96    4.22    -2.4     203.7
2014  97    4.22    -2.4     203.8
2014  98    4.21    -2.4     203.9
2014  99    4.21    -2.4     203.9
2014 100    4.20    -2.4     204.0
2014 101    4.20    -2.4     204.1
2014 102    4.19    -2.4     204.2
2014 103    4.19    -2.4     204.3
2014 104    4.18    -2.4     204.3
2014 105    4.18    -2.4     204.4
2014 106    4.17    -2.4     204.5
2014 107    4.17    -2.4     204.6
2014 108    4.16    -2.4     204.7
2014 109    4.16    -2.4     204.7
2014 110    4.16    -2.4     204.8
2014 111    4.15    -2.4     204.9
2014 112    4.15    -2.4     205.0
2014 113    4.14    -2.4     205.1
2014 114    4.14    -2.4     205.2
2014 115    4.13    -2.4     205.2
2014 116    4.13    -2.4     205.3
2014 117    4.12    -2.4     205.4
2014 118    4.12    -2.4     205.5
2014 119    4.11    -2.4     205.6
2014 120    4.11    -2.4     205.7
2014 121    4.10    -2.3     205.7
2014 122    4.10    -2.3     205.8
2014 123    4.09    -2.3     205.9
2014 124    4.09    -2.3     206.0
2014 125    4.08    -2.3     206.1
2014 126    4.08    -2.3     206.2
2014 127    4.07    -2.3     206.2
2014 128    4.07    -2.3     206.3
2014 129    4.06    -2.3     206.4
2014 130    4.06    -2.3     206.5
2014 131    4.05    -2.3     206.6
2014 132    4.05    -2.3     206.7
2014 133    4.04    -2.3     206.8
2014 134    4.04    -2.3     206.8
2014 135    4.03    -2.3     206.9
2014 136    4.03    -2.3     207.0
2014 137    4.03    -2.3     207.1
2014 138    4.02    -2.3     207.2
2014 139    4.02    -2.3     207.3
2014 140    4.01    -2.3     207.4
2014 141    4.01    -2.3     207.5
2014 142    4.00    -2.3     207.5
2014 143    4.00    -2.3     207.6
2014 144    3.99    -2.3     207.7
2014 145    3.99    -2.3     207.8
2014 146    3.98    -2.3     207.9
2014 147    3.98    -2.3     208.0
2014 148    3.97    -2.3     208.1
2014 149    3.97    -2.3     208.2
2014 150    3.96    -2.3     208.3
2014 151    3.96    -2.2     208.3
2014 152    3.95    -2.2     208.4
2014 153    3.95    -2.2     208.5
2014 154    3.94    -2.2     208.6
2014 155    3.93    -2.2     208.7
2014 156    3.93    -2.2     208.8
2014 157    3.92    -2.2     208.9
2014 158    3.92    -2.2     209.0
2014 159    3.91    -2.2     209.1
2014 160    3.91    -2.2     209.2
2014 161    3.90    -2.2     209.3
2014 162    3.90    -2.2     209.3
2014 163    3.89    -2.2     209.4
2014 164    3.89    -2.2     209.5
2014 165    3.88    -2.2     209.6
2014 166    3.88    -2.2     209.7
2014 167    3.87    -2.2     209.8
2014 168    3.87    -2.2     209.9
2014 169    3.86    -2.2     210.0
2014 170    3.86    -2.2     210.1
2014 171    3.85    -2.2     210.2
2014 172    3.85    -2.2     210.3
2014 173    3.84    -2.2     210.4
2014 174    3.84    -2.2     210.5
2014 175    3.83    -2.2     210.6
2014 176    3.83    -2.2     210.7
2014 177    3.82    -2.2     210.8
2014 178    3.82    -2.1     210.9
2014 179    3.81    -2.1     211.0
2014 180    3.80    -2.1     211.1
2014 181    3.80    -2.1     211.1
2014 182    3.79    -2.1     211.2
2014 183    3.79    -2.1     211.3
2014 184    3.78    -2.1     211.4
2014 185    3.78    -2.1     211.5
2014 186    3.77    -2.1     211.6
2014 187    3.77    -2.1     211.7
2014 188    3.76    -2.1     211.8
2014 190    3.76    -2.1     211.9
2014 191    3.75    -2.1     212.0
2014 192    3.75    -2.1     212.1
2014 193    3.74    -2.1     212.2
2014 194    3.73    -2.1     212.3
2014 195    3.73    -2.1     212.4
2014 196    3.72    -2.1     212.5
2014 197    3.72    -2.1     212.6
2014 198    3.71    -2.1     212.7
2014 199    3.71    -2.1     212.8
2014 200    3.70    -2.1     213.0
2014 201    3.70    -2.1     213.1
2014 202    3.69    -2.1     213.2
2014 203    3.69    -2.0     213.3
2014 204    3.68    -2.0     213.4
2014 205    3.67    -2.0     213.5
2014 206    3.67    -2.0     213.6
2014 207    3.66    -2.0     213.7
2014 208    3.66    -2.0     213.8
2014 209    3.65    -2.0     213.9
2014 210    3.65    -2.0     214.0
2014 211    3.64    -2.0     214.1
2014 212    3.63    -2.0     214.2
2014 213    3.63    -2.0     214.3
2014 214    3.62    -2.0     214.4
2014 215    3.62    -2.0     214.5
2014 216    3.61    -2.0     214.6
2014 217    3.61    -2.0     214.7
2014 218    3.60    -2.0     214.9
2014 219    3.60    -2.0     215.0
2014 220    3.59    -2.0     215.1
2014 221    3.58    -2.0     215.2
2014 222    3.58    -2.0     215.3
2014 223    3.57    -2.0     215.4
2014 224    3.57    -2.0     215.5
2014 225    3.56    -1.9     215.6
2014 226    3.55    -1.9     215.7
2014 227    3.55    -1.9     215.8
2014 228    3.54    -1.9     216.0
2014 229    3.54    -1.9     216.1
2014 230    3.53    -1.9     216.2
2014 231    3.53    -1.9     216.3
2014 232    3.52    -1.9     216.4
2014 233    3.51    -1.9     216.5
2014 234    3.51    -1.9     216.6
2014 235    3.50    -1.9     216.7
2014 236    3.50    -1.9     216.9
2014 237    3.49    -1.9     217.0
2014 238    3.49    -1.9     217.1
2014 239    3.48    -1.9     217.2
2014 240    3.47    -1.9     217.3
2014 241    3.47    -1.9     217.4
2014 242    3.46    -1.9     217.6
2014 243    3.46    -1.9     217.7
2014 244    3.45    -1.9     217.8
2014 245    3.44    -1.8     217.9
2014 246    3.44    -1.8     218.0
2014 247    3.43    -1.8     218.2
2014 248    3.43    -1.8     218.3
2014 249    3.42    -1.8     218.4
2014 250    3.41    -1.8     218.5
2014 251    3.41    -1.8     218.6
2014 252    3.40    -1.8     218.8
2014 253    3.40    -1.8     218.9
2014 254    3.39    -1.8     219.0
2014 255    3.38    -1.8     219.1
2014 256    3.38    -1.8     219.2
2014 257    3.37    -1.8     219.4
2014 258    3.37    -1.8     219.5
2014 259    3.36    -1.8     219.6
2014 260    3.35    -1.8     219.7
2014 261    3.35    -1.8     219.9
2014 262    3.34    -1.8     220.0
2014 263    3.33    -1.7     220.1
2014 264    3.33    -1.7     220.2
2014 265    3.32    -1.7     220.4
2014 266    3.32    -1.7     220.5
2014 267    3.31    -1.7     220.6
2014 268    3.30    -1.7     220.8
2014 269    3.30    -1.7     220.9
2014 270    3.29    -1.7     221.0
2014 271    3.29    -1.7     221.1
2014 272    3.28    -1.7     221.3
2014 273    3.27    -1.7     221.4
2014 274    3.27    -1.7     221.5
2014 275    3.26    -1.7     221.7
2014 276    3.25    -1.7     221.8
2014 277    3.25    -1.7     221.9
2014 278    3.24    -1.7     222.1
2014 279    3.24    -1.6     222.2
2014 280    3.23    -1.6     222.3
2014 281    3.22    -1.6     222.5
2014 282    3.22    -1.6     222.6
2014 283    3.21    -1.6     222.7
2014 284    3.20    -1.6     222.9
2014 285    3.20    -1.6     223.0
2014 286    3.19    -1.6     223.2
2014 287    3.18    -1.6     223.3
2014 288    3.18    -1.6     223.4
2014 289    3.17    -1.6     223.6
2014 290    3.17    -1.6     223.7
2014 291    3.16    -1.6     223.9
2014 292    3.15    -1.6     224.0
2014 293    3.15    -1.6     224.1
2014 294    3.14    -1.6     224.3
2014 295    3.13    -1.5     224.4
2014 296    3.13    -1.5     224.6
2014 297    3.12    -1.5     224.7
2014 298    3.11    -1.5     224.9
2014 299    3.11    -1.5     225.0
2014 300    3.10    -1.5     225.1
2014 301    3.09    -1.5     225.3
2014 302    3.09    -1.5     225.4
2014 303    3.08    -1.5     225.6
2014 304    3.07    -1.5     225.7
2014 305    3.07    -1.5     225.9
2014 306    3.06    -1.5     226.0
2014 307    3.05    -1.5     226.2
2014 308    3.05    -1.4     226.3
2014 309    3.04    -1.4     226.5
2014 310    3.03    -1.4     226.6
2014 311    3.03    -1.4     226.8
2014 312    3.02    -1.4     227.0
2014 313    3.01    -1.4     227.1
2014 314    3.01    -1.4     227.3
2014 315    3.00    -1.4     227.4
2014 316    2.99    -1.4     227.6
2014 317    2.99    -1.4     227.7
2014 318    2.98    -1.4     227.9
2014 319    2.97    -1.4     228.0
2014 320    2.97    -1.4     228.2
2014 321    2.96    -1.3     228.4
2014 322    2.95    -1.3     228.5
2014 323    2.95    -1.3     228.7
2014 324    2.94    -1.3     228.9
2014 325    2.93    -1.3     229.0
2014 326    2.93    -1.3     229.2
2014 327    2.92    -1.3     229.3
2014 328    2.91    -1.3     229.5
2014 329    2.91    -1.3     229.7
2014 330    2.90    -1.3     229.8
2014 331    2.89    -1.3     230.0
2014 332    2.89    -1.3     230.2
2014 333    2.88    -1.2     230.3
2014 334    2.87    -1.2     230.5
2014 335    2.87    -1.2     230.7
2014 336    2.86    -1.2     230.9
2014 337    2.85    -1.2     231.0
2014 338    2.84    -1.2     231.2
2014 339    2.84    -1.2     231.4
2014 340    2.83    -1.2     231.6
2014 341    2.82    -1.2     231.7
2014 342    2.82    -1.2     231.9
2014 343    2.81    -1.2     232.1
2014 344    2.80    -1.2     232.3
2014 345    2.80    -1.1     232.4
2014 346    2.79    -1.1     232.6
2014 347    2.78    -1.1     232.8
2014 348    2.77    -1.1     233.0
2014 349    2.77    -1.1     233.2
2014 350    2.76    -1.1     233.4
2014 351    2.75    -1.1     233.5
2014 352    2.75    -1.1     233.7
2014 353    2.74    -1.1     233.9
2014 354    2.73    -1.1     234.1
2014 355    2.73    -1.0     234.3
2014 356    2.72    -1.0     234.5
2014 357    2.71    -1.0     234.7
2014 358    2.70    -1.0     234.9
2014 359    2.70    -1.0     235.1
2014 360    2.69    -1.0     235.2
2014 361    2.68    -1.0     235.4
2014 362    2.68    -1.0     235.6
2014 363    2.67    -1.0     235.8
2014 364    2.66    -1.0     236.0
2014 365    2.65    -0.9     236.2
2014 365    2.65    -0.9     236.4
2015   1    2.64    -0.9     236.6
2015   2    2.63    -0.9     236.8
2015   3    2.62    -0.9     237.0
2015   4    2.62    -0.9     237.2
2015   5    2.61    -0.9     237.4
2015   6    2.60    -0.9     237.7
2015   7    2.60    -0.9     237.9
2015   8    2.59    -0.8     238.1
2015   9    2.58    -0.8     238.3
2015  10    2.57    -0.8     238.5
2015  11    2.57    -0.8     238.7
2015  12    2.56    -0.8     238.9
2015  13    2.55    -0.8     239.1
2015  14    2.54    -0.8     239.4
2015  15    2.54    -0.8     239.6
2015  16    2.53    -0.8     239.8
2015  17    2.52    -0.7     240.0
2015  18    2.52    -0.7     240.2
2015  19    2.51    -0.7     240.5
2015  20    2.50    -0.7     240.7
2015  21    2.49    -0.7     240.9
2015  22    2.49    -0.7     241.1
2015  23    2.48    -0.7     241.4
2015  24    2.47    -0.7     241.6
2015  25    2.46    -0.6     241.8
2015  26    2.46    -0.6     242.1
2015  27    2.45    -0.6     242.3
2015  28    2.44    -0.6     242.5
2015  29    2.43    -0.6     242.8
2015  30    2.43    -0.6     243.0
2015  31    2.42    -0.6     243.2
2015  32    2.41    -0.6     243.5
2015  33    2.40    -0.5     243.7
2015  34    2.40    -0.5     244.0
2015  35    2.39    -0.5     244.2
2015  36    2.38    -0.5     244.5
2015  37    2.37    -0.5     244.7
2015  38    2.37    -0.5     245.0
2015  39    2.36    -0.5     245.2
2015  40    2.35    -0.4     245.5
2015  41    2.34    -0.4     245.7
2015  42    2.34    -0.4     246.0
2015  43    2.33    -0.4     246.2
2015  44    2.32    -0.4     246.5
2015  45    2.31    -0.4     246.8
2015  46    2.31    -0.4     247.0
2015  47    2.30    -0.3     247.3
2015  48    2.29    -0.3     247.5
2015  49    2.28    -0.3     247.8
2015  50    2.28    -0.3     248.1
2015  51    2.27    -0.3     248.4
2015  52    2.26    -0.3     248.6
2015  53    2.25    -0.3     248.9
2015  54    2.24    -0.2     249.2
2015  55    2.24    -0.2     249.5
2015  56    2.23    -0.2     249.8
2015  57    2.22    -0.2     250.0
2015  58    2.21    -0.2     250.3
2015  59    2.21    -0.2     250.6
2015  60    2.20    -0.1     250.9
2015  61    2.19    -0.1     251.2
2015  62    2.18    -0.1     251.5
2015  63    2.18    -0.1     251.8
2015  64    2.17    -0.1     252.1
2015  65    2.16    -0.1     252.4
2015  66    2.15     0.0     252.7
2015  67    2.14     0.0     253.0
2015  68    2.14     0.0     253.3
2015  69    2.13     0.0     253.6
2015  70    2.12     0.0     253.9
2015  71    2.11     0.0     254.2
2015  72    2.11     0.1     254.5
2015  73    2.10     0.1     254.9
2015  74    2.09     0.1     255.2
2015  75    2.08     0.1     255.5
2015  76    2.08     0.1     255.8
2015  77    2.07     0.1     256.2
2015  78    2.06     0.2     256.5
2015  79    2.05     0.2     256.8
2015  80    2.04     0.2     257.2
2015  81    2.04     0.2     257.5
2015  82    2.03     0.2     257.8
2015  83    2.02     0.3     258.2
2015  84    2.01     0.3     258.5
2015  85    2.01     0.3     258.9
2015  86    2.00     0.3     259.2
2015  87    1.99     0.3     259.6
2015  88    1.98     0.4     259.9
