 YYYY DOY     AU    HG_LAT  HG_LON  HGI_LON   from orbital elements with epoch: 2001-May-9.7229 
 1999   1   12.05  -11.76   20.28  258.90
 1999   2   12.04  -11.75    6.12  258.93
 1999   3   12.04  -11.75  351.96  258.95
 1999   4   12.04  -11.74  337.80  258.98
 1999   5   12.04  -11.73  323.65  259.01
 1999   6   12.04  -11.73  309.49  259.03
 1999   7   12.04  -11.72  295.33  259.06
 1999   8   12.04  -11.71  281.17  259.08
 1999   9   12.04  -11.70  267.01  259.11
 1999  10   12.04  -11.70  252.85  259.14
 1999  11   12.04  -11.69  238.69  259.16
 1999  12   12.04  -11.68  224.54  259.19
 1999  13   12.04  -11.68  210.38  259.21
 1999  14   12.04  -11.67  196.22  259.24
 1999  15   12.04  -11.66  182.06  259.27
 1999  16   12.04  -11.66  167.90  259.29
 1999  17   12.04  -11.65  153.74  259.32
 1999  18   12.04  -11.64  139.59  259.34
 1999  19   12.04  -11.64  125.43  259.37
 1999  20   12.04  -11.63  111.27  259.40
 1999  21   12.04  -11.62   97.11  259.42
 1999  22   12.04  -11.61   82.95  259.45
 1999  23   12.03  -11.61   68.79  259.47
 1999  24   12.03  -11.60   54.64  259.50
 1999  25   12.03  -11.59   40.48  259.53
 1999  26   12.03  -11.59   26.32  259.55
 1999  27   12.03  -11.58   12.16  259.58
 1999  28   12.03  -11.57  358.00  259.60
 1999  29   12.03  -11.57  343.84  259.63
 1999  30   12.03  -11.56  329.69  259.66
 1999  31   12.03  -11.55  315.53  259.68
 1999  32   12.03  -11.54  301.37  259.71
 1999  33   12.03  -11.54  287.21  259.73
 1999  34   12.03  -11.53  273.05  259.76
 1999  35   12.03  -11.52  258.89  259.79
 1999  36   12.03  -11.52  244.73  259.81
 1999  37   12.03  -11.51  230.58  259.84
 1999  38   12.03  -11.50  216.42  259.86
 1999  39   12.03  -11.50  202.26  259.89
 1999  40   12.03  -11.49  188.10  259.92
 1999  41   12.03  -11.48  173.94  259.94
 1999  42   12.03  -11.47  159.78  259.97
 1999  43   12.03  -11.47  145.63  259.99
 1999  44   12.03  -11.46  131.47  260.02
 1999  45   12.02  -11.45  117.31  260.05
 1999  46   12.02  -11.45  103.15  260.07
 1999  47   12.02  -11.44   88.99  260.10
 1999  48   12.02  -11.43   74.83  260.12
 1999  49   12.02  -11.43   60.68  260.15
 1999  50   12.02  -11.42   46.52  260.18
 1999  51   12.02  -11.41   32.36  260.20
 1999  52   12.02  -11.40   18.20  260.23
 1999  53   12.02  -11.40    4.04  260.25
 1999  54   12.02  -11.39  349.88  260.28
 1999  55   12.02  -11.38  335.73  260.31
 1999  56   12.02  -11.38  321.57  260.33
 1999  57   12.02  -11.37  307.41  260.36
 1999  58   12.02  -11.36  293.25  260.38
 1999  59   12.02  -11.36  279.09  260.41
 1999  60   12.02  -11.35  264.93  260.44
 1999  61   12.02  -11.34  250.78  260.46
 1999  62   12.02  -11.33  236.62  260.49
 1999  63   12.02  -11.33  222.46  260.51
 1999  64   12.02  -11.32  208.30  260.54
 1999  65   12.02  -11.31  194.14  260.57
 1999  66   12.02  -11.31  179.98  260.59
 1999  67   12.02  -11.30  165.83  260.62
 1999  68   12.01  -11.29  151.67  260.64
 1999  69   12.01  -11.28  137.51  260.67
 1999  70   12.01  -11.28  123.35  260.70
 1999  71   12.01  -11.27  109.19  260.72
 1999  72   12.01  -11.26   95.03  260.75
 1999  73   12.01  -11.26   80.87  260.77
 1999  74   12.01  -11.25   66.72  260.80
 1999  75   12.01  -11.24   52.56  260.83
 1999  76   12.01  -11.23   38.40  260.85
 1999  77   12.01  -11.23   24.24  260.88
 1999  78   12.01  -11.22   10.08  260.90
 1999  79   12.01  -11.21  355.92  260.93
 1999  80   12.01  -11.21  341.77  260.96
 1999  81   12.01  -11.20  327.61  260.98
 1999  82   12.01  -11.19  313.45  261.01
 1999  83   12.01  -11.19  299.29  261.03
 1999  84   12.01  -11.18  285.13  261.06
 1999  85   12.01  -11.17  270.97  261.09
 1999  86   12.01  -11.16  256.82  261.11
 1999  87   12.01  -11.16  242.66  261.14
 1999  88   12.01  -11.15  228.50  261.16
 1999  89   12.01  -11.14  214.34  261.19
 1999  90   12.01  -11.14  200.18  261.22
 1999  91   12.00  -11.13  186.02  261.24
 1999  92   12.00  -11.12  171.87  261.27
 1999  93   12.00  -11.11  157.71  261.30
 1999  94   12.00  -11.11  143.55  261.32
 1999  95   12.00  -11.10  129.39  261.35
 1999  96   12.00  -11.09  115.23  261.37
 1999  97   12.00  -11.09  101.07  261.40
 1999  98   12.00  -11.08   86.92  261.43
 1999  99   12.00  -11.07   72.76  261.45
 1999 100   12.00  -11.06   58.60  261.48
 1999 101   12.00  -11.06   44.44  261.50
 1999 102   12.00  -11.05   30.28  261.53
 1999 103   12.00  -11.04   16.12  261.56
 1999 104   12.00  -11.03    1.97  261.58
 1999 105   12.00  -11.03  347.81  261.61
 1999 106   12.00  -11.02  333.65  261.63
 1999 107   12.00  -11.01  319.49  261.66
 1999 108   12.00  -11.01  305.33  261.69
 1999 109   12.00  -11.00  291.17  261.71
 1999 110   12.00  -10.99  277.02  261.74
 1999 111   12.00  -10.98  262.86  261.76
 1999 112   12.00  -10.98  248.70  261.79
 1999 113   12.00  -10.97  234.54  261.82
 1999 114   11.99  -10.96  220.38  261.84
 1999 115   11.99  -10.96  206.22  261.87
 1999 116   11.99  -10.95  192.07  261.89
 1999 117   11.99  -10.94  177.91  261.92
 1999 118   11.99  -10.93  163.75  261.95
 1999 119   11.99  -10.93  149.59  261.97
 1999 120   11.99  -10.92  135.43  262.00
 1999 121   11.99  -10.91  121.27  262.02
 1999 122   11.99  -10.91  107.12  262.05
 1999 123   11.99  -10.90   92.96  262.08
 1999 124   11.99  -10.89   78.80  262.10
 1999 125   11.99  -10.88   64.64  262.13
 1999 126   11.99  -10.88   50.48  262.15
 1999 127   11.99  -10.87   36.32  262.18
 1999 128   11.99  -10.86   22.17  262.21
 1999 129   11.99  -10.85    8.01  262.23
 1999 130   11.99  -10.85  353.85  262.26
 1999 131   11.99  -10.84  339.69  262.29
 1999 132   11.99  -10.83  325.53  262.31
 1999 133   11.99  -10.83  311.37  262.34
 1999 134   11.99  -10.82  297.22  262.36
 1999 135   11.99  -10.81  283.06  262.39
 1999 136   11.99  -10.80  268.90  262.42
 1999 137   11.99  -10.80  254.74  262.44
 1999 138   11.99  -10.79  240.58  262.47
 1999 139   11.98  -10.78  226.42  262.49
 1999 140   11.98  -10.77  212.27  262.52
 1999 141   11.98  -10.77  198.11  262.55
 1999 142   11.98  -10.76  183.95  262.57
 1999 143   11.98  -10.75  169.79  262.60
 1999 144   11.98  -10.75  155.63  262.62
 1999 145   11.98  -10.74  141.47  262.65
 1999 146   11.98  -10.73  127.32  262.68
 1999 147   11.98  -10.72  113.16  262.70
 1999 148   11.98  -10.72   99.00  262.73
 1999 149   11.98  -10.71   84.84  262.75
 1999 150   11.98  -10.70   70.68  262.78
 1999 151   11.98  -10.69   56.52  262.81
 1999 152   11.98  -10.69   42.37  262.83
 1999 153   11.98  -10.68   28.21  262.86
 1999 154   11.98  -10.67   14.05  262.88
 1999 155   11.98  -10.67  359.89  262.91
 1999 156   11.98  -10.66  345.73  262.94
 1999 157   11.98  -10.65  331.57  262.96
 1999 158   11.98  -10.64  317.42  262.99
 1999 159   11.98  -10.64  303.26  263.02
 1999 160   11.98  -10.63  289.10  263.04
 1999 161   11.98  -10.62  274.94  263.07
 1999 162   11.98  -10.61  260.78  263.09
 1999 163   11.98  -10.61  246.62  263.12
 1999 164   11.97  -10.60  232.47  263.15
 1999 165   11.97  -10.59  218.31  263.17
 1999 166   11.97  -10.58  204.15  263.20
 1999 167   11.97  -10.58  189.99  263.22
 1999 168   11.97  -10.57  175.83  263.25
 1999 169   11.97  -10.56  161.67  263.28
 1999 170   11.97  -10.56  147.52  263.30
 1999 171   11.97  -10.55  133.36  263.33
 1999 172   11.97  -10.54  119.20  263.35
 1999 173   11.97  -10.53  105.04  263.38
 1999 174   11.97  -10.53   90.88  263.41
 1999 175   11.97  -10.52   76.72  263.43
 1999 176   11.97  -10.51   62.57  263.46
 1999 177   11.97  -10.50   48.41  263.48
 1999 178   11.97  -10.50   34.25  263.51
 1999 179   11.97  -10.49   20.09  263.54
 1999 180   11.97  -10.48    5.93  263.56
 1999 181   11.97  -10.47  351.77  263.59
 1999 182   11.97  -10.47  337.62  263.62
 1999 183   11.97  -10.46  323.46  263.64
 1999 184   11.97  -10.45  309.30  263.67
 1999 185   11.97  -10.44  295.14  263.69
 1999 186   11.97  -10.44  280.98  263.72
 1999 187   11.97  -10.43  266.82  263.75
 1999 188   11.97  -10.42  252.67  263.77
 1999 189   11.97  -10.41  238.51  263.80
 1999 190   11.96  -10.41  224.35  263.82
 1999 191   11.96  -10.40  210.19  263.85
 1999 192   11.96  -10.39  196.03  263.88
 1999 193   11.96  -10.39  181.88  263.90
 1999 194   11.96  -10.38  167.72  263.93
 1999 195   11.96  -10.37  153.56  263.95
 1999 196   11.96  -10.36  139.40  263.98
 1999 197   11.96  -10.36  125.24  264.01
 1999 198   11.96  -10.35  111.08  264.03
 1999 199   11.96  -10.34   96.93  264.06
 1999 200   11.96  -10.33   82.77  264.08
 1999 201   11.96  -10.33   68.61  264.11
 1999 202   11.96  -10.32   54.45  264.14
 1999 203   11.96  -10.31   40.29  264.16
 1999 204   11.96  -10.30   26.13  264.19
 1999 205   11.96  -10.30   11.98  264.22
 1999 206   11.96  -10.29  357.82  264.24
 1999 207   11.96  -10.28  343.66  264.27
 1999 208   11.96  -10.27  329.50  264.29
 1999 209   11.96  -10.27  315.34  264.32
 1999 210   11.96  -10.26  301.18  264.35
 1999 211   11.96  -10.25  287.03  264.37
 1999 212   11.96  -10.24  272.87  264.40
 1999 213   11.96  -10.24  258.71  264.42
 1999 214   11.96  -10.23  244.55  264.45
 1999 215   11.96  -10.22  230.39  264.48
 1999 216   11.96  -10.21  216.23  264.50
 1999 217   11.95  -10.21  202.08  264.53
 1999 218   11.95  -10.20  187.92  264.55
 1999 219   11.95  -10.19  173.76  264.58
 1999 220   11.95  -10.18  159.60  264.61
 1999 221   11.95  -10.18  145.44  264.63
 1999 222   11.95  -10.17  131.28  264.66
 1999 223   11.95  -10.16  117.13  264.69
 1999 224   11.95  -10.15  102.97  264.71
 1999 225   11.95  -10.15   88.81  264.74
 1999 226   11.95  -10.14   74.65  264.76
 1999 227   11.95  -10.13   60.49  264.79
 1999 228   11.95  -10.12   46.33  264.82
 1999 229   11.95  -10.12   32.18  264.84
 1999 230   11.95  -10.11   18.02  264.87
 1999 231   11.95  -10.10    3.86  264.89
 1999 232   11.95  -10.09  349.70  264.92
 1999 233   11.95  -10.09  335.54  264.95
 1999 234   11.95  -10.08  321.38  264.97
 1999 235   11.95  -10.07  307.23  265.00
 1999 236   11.95  -10.06  293.07  265.02
 1999 237   11.95  -10.06  278.91  265.05
 1999 238   11.95  -10.05  264.75  265.08
 1999 239   11.95  -10.04  250.59  265.10
 1999 240   11.95  -10.03  236.44  265.13
 1999 241   11.95  -10.03  222.28  265.16
 1999 242   11.95  -10.02  208.12  265.18
 1999 243   11.95  -10.01  193.96  265.21
 1999 244   11.95  -10.00  179.80  265.23
 1999 245   11.95  -10.00  165.64  265.26
 1999 246   11.94   -9.99  151.49  265.29
 1999 247   11.94   -9.98  137.33  265.31
 1999 248   11.94   -9.97  123.17  265.34
 1999 249   11.94   -9.97  109.01  265.36
 1999 250   11.94   -9.96   94.85  265.39
 1999 251   11.94   -9.95   80.69  265.42
 1999 252   11.94   -9.94   66.54  265.44
 1999 253   11.94   -9.94   52.38  265.47
 1999 254   11.94   -9.93   38.22  265.49
 1999 255   11.94   -9.92   24.06  265.52
 1999 256   11.94   -9.91    9.90  265.55
 1999 257   11.94   -9.91  355.74  265.57
 1999 258   11.94   -9.90  341.59  265.60
 1999 259   11.94   -9.89  327.43  265.63
 1999 260   11.94   -9.88  313.27  265.65
 1999 261   11.94   -9.87  299.11  265.68
 1999 262   11.94   -9.87  284.95  265.70
 1999 263   11.94   -9.86  270.79  265.73
 1999 264   11.94   -9.85  256.64  265.76
 1999 265   11.94   -9.84  242.48  265.78
 1999 266   11.94   -9.84  228.32  265.81
 1999 267   11.94   -9.83  214.16  265.83
 1999 268   11.94   -9.82  200.00  265.86
 1999 269   11.94   -9.81  185.84  265.89
 1999 270   11.94   -9.81  171.69  265.91
 1999 271   11.94   -9.80  157.53  265.94
 1999 272   11.94   -9.79  143.37  265.96
 1999 273   11.94   -9.78  129.21  265.99
 1999 274   11.94   -9.78  115.05  266.02
 1999 275   11.93   -9.77  100.90  266.04
 1999 276   11.93   -9.76   86.74  266.07
 1999 277   11.93   -9.75   72.58  266.10
 1999 278   11.93   -9.75   58.42  266.12
 1999 279   11.93   -9.74   44.26  266.15
 1999 280   11.93   -9.73   30.10  266.17
 1999 281   11.93   -9.72   15.95  266.20
 1999 282   11.93   -9.72    1.79  266.23
 1999 283   11.93   -9.71  347.63  266.25
 1999 284   11.93   -9.70  333.47  266.28
 1999 285   11.93   -9.69  319.31  266.30
 1999 286   11.93   -9.68  305.15  266.33
 1999 287   11.93   -9.68  291.00  266.36
 1999 288   11.93   -9.67  276.84  266.38
 1999 289   11.93   -9.66  262.68  266.41
 1999 290   11.93   -9.65  248.52  266.43
 1999 291   11.93   -9.65  234.36  266.46
 1999 292   11.93   -9.64  220.20  266.49
 1999 293   11.93   -9.63  206.05  266.51
 1999 294   11.93   -9.62  191.89  266.54
 1999 295   11.93   -9.62  177.73  266.57
 1999 296   11.93   -9.61  163.57  266.59
 1999 297   11.93   -9.60  149.41  266.62
 1999 298   11.93   -9.59  135.25  266.64
 1999 299   11.93   -9.58  121.10  266.67
 1999 300   11.93   -9.58  106.94  266.70
 1999 301   11.93   -9.57   92.78  266.72
 1999 302   11.93   -9.56   78.62  266.75
 1999 303   11.93   -9.55   64.46  266.77
 1999 304   11.93   -9.55   50.31  266.80
 1999 305   11.93   -9.54   36.15  266.83
 1999 306   11.92   -9.53   21.99  266.85
 1999 307   11.92   -9.52    7.83  266.88
 1999 308   11.92   -9.52  353.67  266.91
 1999 309   11.92   -9.51  339.51  266.93
 1999 310   11.92   -9.50  325.36  266.96
 1999 311   11.92   -9.49  311.20  266.98
 1999 312   11.92   -9.48  297.04  267.01
 1999 313   11.92   -9.48  282.88  267.04
 1999 314   11.92   -9.47  268.72  267.06
 1999 315   11.92   -9.46  254.56  267.09
 1999 316   11.92   -9.45  240.41  267.11
 1999 317   11.92   -9.45  226.25  267.14
 1999 318   11.92   -9.44  212.09  267.17
 1999 319   11.92   -9.43  197.93  267.19
 1999 320   11.92   -9.42  183.77  267.22
 1999 321   11.92   -9.42  169.61  267.24
 1999 322   11.92   -9.41  155.46  267.27
 1999 323   11.92   -9.40  141.30  267.30
 1999 324   11.92   -9.39  127.14  267.32
 1999 325   11.92   -9.38  112.98  267.35
 1999 326   11.92   -9.38   98.82  267.38
 1999 327   11.92   -9.37   84.67  267.40
 1999 328   11.92   -9.36   70.51  267.43
 1999 329   11.92   -9.35   56.35  267.45
 1999 330   11.92   -9.35   42.19  267.48
 1999 331   11.92   -9.34   28.03  267.51
 1999 332   11.92   -9.33   13.87  267.53
 1999 333   11.92   -9.32  359.72  267.56
 1999 334   11.92   -9.31  345.56  267.58
 1999 335   11.92   -9.31  331.40  267.61
 1999 336   11.92   -9.30  317.24  267.64
 1999 337   11.92   -9.29  303.08  267.66
 1999 338   11.92   -9.28  288.92  267.69
 1999 339   11.91   -9.28  274.77  267.72
 1999 340   11.91   -9.27  260.61  267.74
 1999 341   11.91   -9.26  246.45  267.77
 1999 342   11.91   -9.25  232.29  267.79
 1999 343   11.91   -9.24  218.13  267.82
 1999 344   11.91   -9.24  203.97  267.85
 1999 345   11.91   -9.23  189.82  267.87
 1999 346   11.91   -9.22  175.66  267.90
 1999 347   11.91   -9.21  161.50  267.92
 1999 348   11.91   -9.21  147.34  267.95
 1999 349   11.91   -9.20  133.18  267.98
 1999 350   11.91   -9.19  119.03  268.00
 1999 351   11.91   -9.18  104.87  268.03
 1999 352   11.91   -9.17   90.71  268.05
 1999 353   11.91   -9.17   76.55  268.08
 1999 354   11.91   -9.16   62.39  268.11
 1999 355   11.91   -9.15   48.23  268.13
 1999 356   11.91   -9.14   34.08  268.16
 1999 357   11.91   -9.14   19.92  268.19
 1999 358   11.91   -9.13    5.76  268.21
 1999 359   11.91   -9.12  351.60  268.24
 1999 360   11.91   -9.11  337.44  268.26
 1999 361   11.91   -9.10  323.28  268.29
 1999 362   11.91   -9.10  309.13  268.32
 1999 363   11.91   -9.09  294.97  268.34
 1999 364   11.91   -9.08  280.81  268.37
 1999 365   11.91   -9.07  266.65  268.39
 2000   1   11.91   -9.07  252.49  268.42
 2000   2   11.91   -9.06  238.33  268.45
 2000   3   11.91   -9.05  224.18  268.47
 2000   4   11.91   -9.04  210.02  268.50
 2000   5   11.91   -9.03  195.86  268.53
 2000   6   11.91   -9.03  181.70  268.55
 2000   7   11.91   -9.02  167.54  268.58
 2000   8   11.91   -9.01  153.39  268.60
 2000   9   11.90   -9.00  139.23  268.63
 2000  10   11.90   -8.99  125.07  268.66
 2000  11   11.90   -8.99  110.91  268.68
 2000  12   11.90   -8.98   96.75  268.71
 2000  13   11.90   -8.97   82.59  268.73
 2000  14   11.90   -8.96   68.44  268.76
 2000  15   11.90   -8.96   54.28  268.79
 2000  16   11.90   -8.95   40.12  268.81
 2000  17   11.90   -8.94   25.96  268.84
 2000  18   11.90   -8.93   11.80  268.87
 2000  19   11.90   -8.92  357.64  268.89
 2000  20   11.90   -8.92  343.49  268.92
 2000  21   11.90   -8.91  329.33  268.94
 2000  22   11.90   -8.90  315.17  268.97
 2000  23   11.90   -8.89  301.01  269.00
 2000  24   11.90   -8.88  286.85  269.02
 2000  25   11.90   -8.88  272.69  269.05
 2000  26   11.90   -8.87  258.54  269.07
 2000  27   11.90   -8.86  244.38  269.10
 2000  28   11.90   -8.85  230.22  269.13
 2000  29   11.90   -8.84  216.06  269.15
 2000  30   11.90   -8.84  201.90  269.18
 2000  31   11.90   -8.83  187.75  269.20
 2000  32   11.90   -8.82  173.59  269.23
 2000  33   11.90   -8.81  159.43  269.26
 2000  34   11.90   -8.81  145.27  269.28
 2000  35   11.90   -8.80  131.11  269.31
 2000  36   11.90   -8.79  116.95  269.34
 2000  37   11.90   -8.78  102.80  269.36
 2000  38   11.90   -8.77   88.64  269.39
 2000  39   11.90   -8.77   74.48  269.41
 2000  40   11.90   -8.76   60.32  269.44
 2000  41   11.90   -8.75   46.16  269.47
 2000  42   11.90   -8.74   32.00  269.49
 2000  43   11.90   -8.73   17.85  269.52
 2000  44   11.90   -8.73    3.69  269.54
 2000  45   11.90   -8.72  349.53  269.57
 2000  46   11.90   -8.71  335.37  269.60
 2000  47   11.89   -8.70  321.21  269.62
 2000  48   11.89   -8.69  307.05  269.65
 2000  49   11.89   -8.69  292.90  269.68
 2000  50   11.89   -8.68  278.74  269.70
 2000  51   11.89   -8.67  264.58  269.73
 2000  52   11.89   -8.66  250.42  269.75
 2000  53   11.89   -8.65  236.26  269.78
 2000  54   11.89   -8.65  222.11  269.81
 2000  55   11.89   -8.64  207.95  269.83
 2000  56   11.89   -8.63  193.79  269.86
 2000  57   11.89   -8.62  179.63  269.88
 2000  58   11.89   -8.62  165.47  269.91
 2000  59   11.89   -8.61  151.31  269.94
 2000  60   11.89   -8.60  137.16  269.96
 2000  61   11.89   -8.59  123.00  269.99
 2000  62   11.89   -8.58  108.84  270.02
 2000  63   11.89   -8.58   94.68  270.04
 2000  64   11.89   -8.57   80.52  270.07
 2000  65   11.89   -8.56   66.36  270.09
 2000  66   11.89   -8.55   52.21  270.12
 2000  67   11.89   -8.54   38.05  270.15
 2000  68   11.89   -8.54   23.89  270.17
 2000  69   11.89   -8.53    9.73  270.20
 2000  70   11.89   -8.52  355.57  270.22
 2000  71   11.89   -8.51  341.41  270.25
 2000  72   11.89   -8.50  327.26  270.28
 2000  73   11.89   -8.50  313.10  270.30
 2000  74   11.89   -8.49  298.94  270.33
 2000  75   11.89   -8.48  284.78  270.35
 2000  76   11.89   -8.47  270.62  270.38
 2000  77   11.89   -8.46  256.47  270.41
 2000  78   11.89   -8.46  242.31  270.43
 2000  79   11.89   -8.45  228.15  270.46
 2000  80   11.89   -8.44  213.99  270.49
 2000  81   11.89   -8.43  199.83  270.51
 2000  82   11.89   -8.42  185.67  270.54
 2000  83   11.89   -8.42  171.52  270.56
 2000  84   11.89   -8.41  157.36  270.59
 2000  85   11.89   -8.40  143.20  270.62
 2000  86   11.89   -8.39  129.04  270.64
 2000  87   11.89   -8.38  114.88  270.67
 2000  88   11.88   -8.38  100.72  270.69
 2000  89   11.88   -8.37   86.57  270.72
 2000  90   11.88   -8.36   72.41  270.75
 2000  91   11.88   -8.35   58.25  270.77
 2000  92   11.88   -8.34   44.09  270.80
 2000  93   11.88   -8.34   29.93  270.83
 2000  94   11.88   -8.33   15.77  270.85
 2000  95   11.88   -8.32  361.62  270.88
 2000  96   11.88   -8.31  347.46  270.90
 2000  97   11.88   -8.30  333.30  270.93
 2000  98   11.88   -8.30  319.14  270.96
 2000  99   11.88   -8.29  304.98  270.98
 2000 100   11.88   -8.28  290.83  271.01
 2000 101   11.88   -8.27  276.67  271.03
 2000 102   11.88   -8.26  262.51  271.06
 2000 103   11.88   -8.26  248.35  271.09
 2000 104   11.88   -8.25  234.19  271.11
 2000 105   11.88   -8.24  220.03  271.14
 2000 106   11.88   -8.23  205.88  271.17
 2000 107   11.88   -8.22  191.72  271.19
 2000 108   11.88   -8.21  177.56  271.22
 2000 109   11.88   -8.21  163.40  271.24
 2000 110   11.88   -8.20  149.24  271.27
 2000 111   11.88   -8.19  135.08  271.30
 2000 112   11.88   -8.18  120.93  271.32
 2000 113   11.88   -8.17  106.77  271.35
 2000 114   11.88   -8.17   92.61  271.37
 2000 115   11.88   -8.16   78.45  271.40
 2000 116   11.88   -8.15   64.29  271.43
 2000 117   11.88   -8.14   50.13  271.45
 2000 118   11.88   -8.13   35.98  271.48
 2000 119   11.88   -8.13   21.82  271.50
 2000 120   11.88   -8.12    7.66  271.53
 2000 121   11.88   -8.11  353.50  271.56
 2000 122   11.88   -8.10  339.34  271.58
 2000 123   11.88   -8.09  325.19  271.61
 2000 124   11.88   -8.09  311.03  271.64
 2000 125   11.88   -8.08  296.87  271.66
 2000 126   11.88   -8.07  282.71  271.69
 2000 127   11.88   -8.06  268.55  271.71
 2000 128   11.88   -8.05  254.39  271.74
 2000 129   11.88   -8.05  240.24  271.77
 2000 130   11.88   -8.04  226.08  271.79
 2000 131   11.88   -8.03  211.92  271.82
 2000 132   11.88   -8.02  197.76  271.84
 2000 133   11.88   -8.01  183.60  271.87
 2000 134   11.87   -8.00  169.44  271.90
 2000 135   11.87   -8.00  155.29  271.92
 2000 136   11.87   -7.99  141.13  271.95
 2000 137   11.87   -7.98  126.97  271.98
 2000 138   11.87   -7.97  112.81  272.00
 2000 139   11.87   -7.96   98.65  272.03
 2000 140   11.87   -7.96   84.49  272.05
 2000 141   11.87   -7.95   70.34  272.08
 2000 142   11.87   -7.94   56.18  272.11
 2000 143   11.87   -7.93   42.02  272.13
 2000 144   11.87   -7.92   27.86  272.16
 2000 145   11.87   -7.92   13.70  272.18
 2000 146   11.87   -7.91  359.54  272.21
 2000 147   11.87   -7.90  345.39  272.24
 2000 148   11.87   -7.89  331.23  272.26
 2000 149   11.87   -7.88  317.07  272.29
 2000 150   11.87   -7.87  302.91  272.31
 2000 151   11.87   -7.87  288.75  272.34
 2000 152   11.87   -7.86  274.60  272.37
 2000 153   11.87   -7.85  260.44  272.39
 2000 154   11.87   -7.84  246.28  272.42
 2000 155   11.87   -7.83  232.12  272.45
 2000 156   11.87   -7.83  217.96  272.47
 2000 157   11.87   -7.82  203.80  272.50
 2000 158   11.87   -7.81  189.65  272.52
 2000 159   11.87   -7.80  175.49  272.55
 2000 160   11.87   -7.79  161.33  272.58
 2000 161   11.87   -7.78  147.17  272.60
 2000 162   11.87   -7.78  133.01  272.63
 2000 163   11.87   -7.77  118.85  272.65
 2000 164   11.87   -7.76  104.70  272.68
 2000 165   11.87   -7.75   90.54  272.71
 2000 166   11.87   -7.74   76.38  272.73
 2000 167   11.87   -7.74   62.22  272.76
 2000 168   11.87   -7.73   48.06  272.79
 2000 169   11.87   -7.72   33.90  272.81
 2000 170   11.87   -7.71   19.75  272.84
 2000 171   11.87   -7.70  365.59  272.86
 2000 172   11.87   -7.70  351.43  272.89
 2000 173   11.87   -7.69  337.27  272.92
 2000 174   11.87   -7.68  323.11  272.94
 2000 175   11.87   -7.67  308.96  272.97
 2000 176   11.87   -7.66  294.80  272.99
 2000 177   11.87   -7.65  280.64  273.02
 2000 178   11.87   -7.65  266.48  273.05
 2000 179   11.87   -7.64  252.32  273.07
 2000 180   11.87   -7.63  238.16  273.10
 2000 181   11.87   -7.62  224.01  273.12
 2000 182   11.87   -7.61  209.85  273.15
 2000 183   11.87   -7.60  195.69  273.18
 2000 184   11.87   -7.60  181.53  273.20
 2000 185   11.87   -7.59  167.37  273.23
 2000 186   11.86   -7.58  153.21  273.26
 2000 187   11.86   -7.57  139.06  273.28
 2000 188   11.86   -7.56  124.90  273.31
 2000 189   11.86   -7.56  110.74  273.33
 2000 190   11.86   -7.55   96.58  273.36
 2000 191   11.86   -7.54   82.42  273.39
 2000 192   11.86   -7.53   68.26  273.41
 2000 193   11.86   -7.52   54.11  273.44
 2000 194   11.86   -7.51   39.95  273.46
 2000 195   11.86   -7.51   25.79  273.49
 2000 196   11.86   -7.50   11.63  273.52
 2000 197   11.86   -7.49  357.47  273.54
 2000 198   11.86   -7.48  343.31  273.57
 2000 199   11.86   -7.47  329.16  273.60
 2000 200   11.86   -7.47  315.00  273.62
 2000 201   11.86   -7.46  300.84  273.65
 2000 202   11.86   -7.45  286.68  273.67
 2000 203   11.86   -7.44  272.52  273.70
 2000 204   11.86   -7.43  258.37  273.73
 2000 205   11.86   -7.42  244.21  273.75
 2000 206   11.86   -7.42  230.05  273.78
 2000 207   11.86   -7.41  215.89  273.80
 2000 208   11.86   -7.40  201.73  273.83
 2000 209   11.86   -7.39  187.57  273.86
 2000 210   11.86   -7.38  173.42  273.88
 2000 211   11.86   -7.37  159.26  273.91
 2000 212   11.86   -7.37  145.10  273.93
 2000 213   11.86   -7.36  130.94  273.96
 2000 214   11.86   -7.35  116.78  273.99
 2000 215   11.86   -7.34  102.62  274.01
 2000 216   11.86   -7.33   88.47  274.04
 2000 217   11.86   -7.33   74.31  274.07
 2000 218   11.86   -7.32   60.15  274.09
 2000 219   11.86   -7.31   45.99  274.12
 2000 220   11.86   -7.30   31.83  274.14
 2000 221   11.86   -7.29   17.67  274.17
 2000 222   11.86   -7.28  363.52  274.20
 2000 223   11.86   -7.28  349.36  274.22
 2000 224   11.86   -7.27  335.20  274.25
 2000 225   11.86   -7.26  321.04  274.27
 2000 226   11.86   -7.25  306.88  274.30
 2000 227   11.86   -7.24  292.72  274.33
 2000 228   11.86   -7.23  278.57  274.35
 2000 229   11.86   -7.23  264.41  274.38
 2000 230   11.86   -7.22  250.25  274.40
 2000 231   11.86   -7.21  236.09  274.43
 2000 232   11.86   -7.20  221.93  274.46
 2000 233   11.86   -7.19  207.77  274.48
 2000 234   11.86   -7.18  193.62  274.51
 2000 235   11.86   -7.18  179.46  274.54
 2000 236   11.86   -7.17  165.30  274.56
 2000 237   11.86   -7.16  151.14  274.59
 2000 238   11.86   -7.15  136.98  274.61
 2000 239   11.86   -7.14  122.83  274.64
 2000 240   11.86   -7.13  108.67  274.67
 2000 241   11.86   -7.13   94.51  274.69
 2000 242   11.86   -7.12   80.35  274.72
 2000 243   11.86   -7.11   66.19  274.74
 2000 244   11.86   -7.10   52.03  274.77
 2000 245   11.86   -7.09   37.88  274.80
 2000 246   11.86   -7.08   23.72  274.82
 2000 247   11.86   -7.08    9.56  274.85
 2000 248   11.86   -7.07  355.40  274.87
 2000 249   11.85   -7.06  341.24  274.90
 2000 250   11.85   -7.05  327.08  274.93
 2000 251   11.85   -7.04  312.93  274.95
 2000 252   11.85   -7.03  298.77  274.98
 2000 253   11.85   -7.03  284.61  275.01
 2000 254   11.85   -7.02  270.45  275.03
 2000 255   11.85   -7.01  256.29  275.06
 2000 256   11.85   -7.00  242.13  275.08
 2000 257   11.85   -6.99  227.98  275.11
 2000 258   11.85   -6.99  213.82  275.14
 2000 259   11.85   -6.98  199.66  275.16
 2000 260   11.85   -6.97  185.50  275.19
 2000 261   11.85   -6.96  171.34  275.21
 2000 262   11.85   -6.95  157.18  275.24
 2000 263   11.85   -6.94  143.03  275.27
 2000 264   11.85   -6.94  128.87  275.29
 2000 265   11.85   -6.93  114.71  275.32
 2000 266   11.85   -6.92  100.55  275.34
 2000 267   11.85   -6.91   86.39  275.37
 2000 268   11.85   -6.90   72.23  275.40
 2000 269   11.85   -6.89   58.08  275.42
 2000 270   11.85   -6.88   43.92  275.45
 2000 271   11.85   -6.88   29.76  275.47
 2000 272   11.85   -6.87   15.60  275.50
 2000 273   11.85   -6.86  361.44  275.53
 2000 274   11.85   -6.85  347.28  275.55
 2000 275   11.85   -6.84  333.13  275.58
 2000 276   11.85   -6.83  318.97  275.61
 2000 277   11.85   -6.83  304.81  275.63
 2000 278   11.85   -6.82  290.65  275.66
 2000 279   11.85   -6.81  276.49  275.68
 2000 280   11.85   -6.80  262.34  275.71
 2000 281   11.85   -6.79  248.18  275.74
 2000 282   11.85   -6.78  234.02  275.76
 2000 283   11.85   -6.78  219.86  275.79
 2000 284   11.85   -6.77  205.70  275.81
 2000 285   11.85   -6.76  191.54  275.84
 2000 286   11.85   -6.75  177.39  275.87
 2000 287   11.85   -6.74  163.23  275.89
 2000 288   11.85   -6.73  149.07  275.92
 2000 289   11.85   -6.73  134.91  275.94
 2000 290   11.85   -6.72  120.75  275.97
 2000 291   11.85   -6.71  106.59  276.00
 2000 292   11.85   -6.70   92.44  276.02
 2000 293   11.85   -6.69   78.28  276.05
 2000 294   11.85   -6.68   64.12  276.08
 2000 295   11.85   -6.68   49.96  276.10
 2000 296   11.85   -6.67   35.80  276.13
 2000 297   11.85   -6.66   21.64  276.15
 2000 298   11.85   -6.65  367.49  276.18
 2000 299   11.85   -6.64  353.33  276.21
 2000 300   11.85   -6.63  339.17  276.23
 2000 301   11.85   -6.63  325.01  276.26
 2000 302   11.85   -6.62  310.85  276.28
 2000 303   11.85   -6.61  296.69  276.31
 2000 304   11.85   -6.60  282.54  276.34
 2000 305   11.85   -6.59  268.38  276.36
 2000 306   11.85   -6.58  254.22  276.39
 2000 307   11.85   -6.57  240.06  276.41
 2000 308   11.85   -6.57  225.90  276.44
 2000 309   11.85   -6.56  211.74  276.47
 2000 310   11.85   -6.55  197.59  276.49
 2000 311   11.85   -6.54  183.43  276.52
 2000 312   11.85   -6.53  169.27  276.54
 2000 313   11.85   -6.52  155.11  276.57
 2000 314   11.85   -6.52  140.95  276.60
 2000 315   11.85   -6.51  126.79  276.62
 2000 316   11.85   -6.50  112.64  276.65
 2000 317   11.85   -6.49   98.48  276.68
 2000 318   11.85   -6.48   84.32  276.70
 2000 319   11.85   -6.47   70.16  276.73
 2000 320   11.85   -6.47   56.00  276.75
 2000 321   11.85   -6.46   41.84  276.78
 2000 322   11.85   -6.45   27.69  276.81
 2000 323   11.85   -6.44   13.53  276.83
 2000 324   11.85   -6.43  359.37  276.86
 2000 325   11.85   -6.42  345.21  276.88
 2000 326   11.85   -6.42  331.05  276.91
 2000 327   11.85   -6.41  316.89  276.94
 2000 328   11.85   -6.40  302.74  276.96
 2000 329   11.85   -6.39  288.58  276.99
 2000 330   11.85   -6.38  274.42  277.01
 2000 331   11.85   -6.37  260.26  277.04
 2000 332   11.85   -6.36  246.10  277.07
 2000 333   11.85   -6.36  231.94  277.09
 2000 334   11.84   -6.35  217.79  277.12
 2000 335   11.84   -6.34  203.63  277.14
 2000 336   11.84   -6.33  189.47  277.17
 2000 337   11.84   -6.32  175.31  277.20
 2000 338   11.84   -6.31  161.15  277.22
 2000 339   11.84   -6.31  146.99  277.25
 2000 340   11.84   -6.30  132.84  277.27
 2000 341   11.84   -6.29  118.68  277.30
 2000 342   11.84   -6.28  104.52  277.33
 2000 343   11.84   -6.27   90.36  277.35
 2000 344   11.84   -6.26   76.20  277.38
 2000 345   11.84   -6.25   62.04  277.41
 2000 346   11.84   -6.25   47.89  277.43
 2000 347   11.84   -6.24   33.73  277.46
 2000 348   11.84   -6.23   19.57  277.48
 2000 349   11.84   -6.22  365.41  277.51
 2000 350   11.84   -6.21  351.25  277.54
 2000 351   11.84   -6.20  337.09  277.56
 2000 352   11.84   -6.20  322.94  277.59
 2000 353   11.84   -6.19  308.78  277.61
 2000 354   11.84   -6.18  294.62  277.64
 2000 355   11.84   -6.17  280.46  277.67
 2000 356   11.84   -6.16  266.30  277.69
 2000 357   11.84   -6.15  252.14  277.72
 2000 358   11.84   -6.14  237.99  277.74
 2000 359   11.84   -6.14  223.83  277.77
 2000 360   11.84   -6.13  209.67  277.80
 2000 361   11.84   -6.12  195.51  277.82
 2000 362   11.84   -6.11  181.35  277.85
 2000 363   11.84   -6.10  167.19  277.87
 2000 364   11.84   -6.09  153.04  277.90
 2000 365   11.84   -6.09  138.88  277.93
 2000 366   11.84   -6.08  124.72  277.95
 2001   1   11.84   -6.07  110.56  277.98
 2001   2   11.84   -6.06   96.40  278.00
 2001   3   11.84   -6.05   82.24  278.03
 2001   4   11.84   -6.04   68.09  278.06
 2001   5   11.84   -6.03   53.93  278.08
 2001   6   11.84   -6.03   39.77  278.11
 2001   7   11.84   -6.02   25.61  278.13
 2001   8   11.84   -6.01  371.45  278.16
 2001   9   11.84   -6.00  357.29  278.19
 2001  10   11.84   -5.99  343.14  278.21
 2001  11   11.84   -5.98  328.98  278.24
 2001  12   11.84   -5.97  314.82  278.27
 2001  13   11.84   -5.97  300.66  278.29
 2001  14   11.84   -5.96  286.50  278.32
 2001  15   11.84   -5.95  272.34  278.34
 2001  16   11.84   -5.94  258.19  278.37
 2001  17   11.84   -5.93  244.03  278.40
 2001  18   11.84   -5.92  229.87  278.42
 2001  19   11.84   -5.91  215.71  278.45
 2001  20   11.84   -5.91  201.55  278.47
 2001  21   11.84   -5.90  187.39  278.50
 2001  22   11.84   -5.89  173.24  278.53
 2001  23   11.84   -5.88  159.08  278.55
 2001  24   11.84   -5.87  144.92  278.58
 2001  25   11.84   -5.86  130.76  278.60
 2001  26   11.84   -5.86  116.60  278.63
 2001  27   11.84   -5.85  102.44  278.66
 2001  28   11.84   -5.84   88.29  278.68
 2001  29   11.84   -5.83   74.13  278.71
 2001  30   11.84   -5.82   59.97  278.73
 2001  31   11.84   -5.81   45.81  278.76
 2001  32   11.84   -5.80   31.65  278.79
 2001  33   11.84   -5.80   17.49  278.81
 2001  34   11.84   -5.79  363.34  278.84
 2001  35   11.84   -5.78  349.18  278.86
 2001  36   11.84   -5.77  335.02  278.89
 2001  37   11.84   -5.76  320.86  278.92
 2001  38   11.84   -5.75  306.70  278.94
 2001  39   11.84   -5.74  292.54  278.97
 2001  40   11.84   -5.74  278.39  278.99
 2001  41   11.84   -5.73  264.23  279.02
 2001  42   11.84   -5.72  250.07  279.05
 2001  43   11.84   -5.71  235.91  279.07
 2001  44   11.84   -5.70  221.75  279.10
 2001  45   11.84   -5.69  207.59  279.12
 2001  46   11.84   -5.68  193.44  279.15
 2001  47   11.84   -5.68  179.28  279.18
 2001  48   11.84   -5.67  165.12  279.20
 2001  49   11.84   -5.66  150.96  279.23
 2001  50   11.84   -5.65  136.80  279.25
 2001  51   11.84   -5.64  122.64  279.28
 2001  52   11.84   -5.63  108.49  279.31
 2001  53   11.84   -5.62   94.33  279.33
 2001  54   11.84   -5.62   80.17  279.36
 2001  55   11.84   -5.61   66.01  279.38
 2001  56   11.84   -5.60   51.85  279.41
 2001  57   11.84   -5.59   37.69  279.44
 2001  58   11.84   -5.58   23.54  279.46
 2001  59   11.84   -5.57  369.38  279.49
 2001  60   11.84   -5.56  355.22  279.52
 2001  61   11.84   -5.56  341.06  279.54
 2001  62   11.84   -5.55  326.90  279.57
 2001  63   11.84   -5.54  312.74  279.59
 2001  64   11.84   -5.53  298.58  279.62
 2001  65   11.84   -5.52  284.43  279.65
 2001  66   11.84   -5.51  270.27  279.67
 2001  67   11.84   -5.50  256.11  279.70
 2001  68   11.84   -5.50  241.95  279.72
 2001  69   11.84   -5.49  227.79  279.75
 2001  70   11.84   -5.48  213.63  279.78
 2001  71   11.84   -5.47  199.48  279.80
 2001  72   11.84   -5.46  185.32  279.83
 2001  73   11.84   -5.45  171.16  279.85
 2001  74   11.84   -5.44  157.00  279.88
 2001  75   11.84   -5.44  142.84  279.91
 2001  76   11.84   -5.43  128.68  279.93
 2001  77   11.84   -5.42  114.53  279.96
 2001  78   11.84   -5.41  100.37  279.98
 2001  79   11.84   -5.40   86.21  280.01
 2001  80   11.84   -5.39   72.05  280.04
 2001  81   11.84   -5.38   57.89  280.06
 2001  82   11.84   -5.38   43.73  280.09
 2001  83   11.84   -5.37   29.58  280.11
 2001  84   11.84   -5.36   15.42  280.14
 2001  85   11.84   -5.35  361.26  280.17
 2001  86   11.84   -5.34  347.10  280.19
 2001  87   11.84   -5.33  332.94  280.22
 2001  88   11.84   -5.32  318.78  280.24
 2001  89   11.84   -5.32  304.63  280.27
 2001  90   11.84   -5.31  290.47  280.30
 2001  91   11.84   -5.30  276.31  280.32
 2001  92   11.84   -5.29  262.15  280.35
 2001  93   11.84   -5.28  247.99  280.37
 2001  94   11.84   -5.27  233.83  280.40
 2001  95   11.84   -5.26  219.67  280.43
 2001  96   11.84   -5.26  205.52  280.45
 2001  97   11.84   -5.25  191.36  280.48
 2001  98   11.84   -5.24  177.20  280.50
 2001  99   11.84   -5.23  163.04  280.53
 2001 100   11.84   -5.22  148.88  280.56
 2001 101   11.84   -5.21  134.72  280.58
 2001 102   11.84   -5.20  120.57  280.61
 2001 103   11.84   -5.20  106.41  280.63
 2001 104   11.84   -5.19   92.25  280.66
 2001 105   11.84   -5.18   78.09  280.69
 2001 106   11.84   -5.17   63.93  280.71
 2001 107   11.84   -5.16   49.77  280.74
 2001 108   11.84   -5.15   35.62  280.76
 2001 109   11.84   -5.14   21.46  280.79
 2001 110   11.84   -5.13  367.30  280.82
 2001 111   11.84   -5.13  353.14  280.84
 2001 112   11.84   -5.12  338.98  280.87
 2001 113   11.84   -5.11  324.82  280.89
 2001 114   11.84   -5.10  310.67  280.92
 2001 115   11.84   -5.09  296.51  280.95
 2001 116   11.84   -5.08  282.35  280.97
 2001 117   11.84   -5.07  268.19  281.00
 2001 118   11.84   -5.07  254.03  281.02
 2001 119   11.84   -5.06  239.87  281.05
 2001 120   11.84   -5.05  225.71  281.08
 2001 121   11.84   -5.04  211.56  281.10
 2001 122   11.84   -5.03  197.40  281.13
 2001 123   11.84   -5.02  183.24  281.15
 2001 124   11.84   -5.01  169.08  281.18
 2001 125   11.84   -5.01  154.92  281.21
 2001 126   11.84   -5.00  140.76  281.23
 2001 127   11.84   -4.99  126.61  281.26
 2001 128   11.84   -4.98  112.45  281.28
 2001 129   11.84   -4.97   98.29  281.31
 2001 130   11.84   -4.96   84.13  281.34
 2001 131   11.84   -4.95   69.97  281.36
 2001 132   11.84   -4.94   55.81  281.39
 2001 133   11.84   -4.94   41.66  281.41
 2001 134   11.84   -4.93   27.50  281.44
 2001 135   11.84   -4.92  373.34  281.47
 2001 136   11.84   -4.91  359.18  281.49
 2001 137   11.84   -4.90  345.02  281.52
 2001 138   11.84   -4.89  330.86  281.54
 2001 139   11.84   -4.88  316.71  281.57
 2001 140   11.84   -4.88  302.55  281.60
 2001 141   11.84   -4.87  288.39  281.62
 2001 142   11.84   -4.86  274.23  281.65
 2001 143   11.84   -4.85  260.07  281.67
 2001 144   11.84   -4.84  245.91  281.70
 2001 145   11.84   -4.83  231.75  281.73
 2001 146   11.84   -4.82  217.60  281.75
 2001 147   11.84   -4.82  203.44  281.78
 2001 148   11.84   -4.81  189.28  281.80
 2001 149   11.84   -4.80  175.12  281.83
 2001 150   11.84   -4.79  160.96  281.85
 2001 151   11.84   -4.78  146.80  281.88
 2001 152   11.84   -4.77  132.65  281.91
 2001 153   11.84   -4.76  118.49  281.93
 2001 154   11.84   -4.75  104.33  281.96
 2001 155   11.84   -4.75   90.17  281.98
 2001 156   11.84   -4.74   76.01  282.01
 2001 157   11.84   -4.73   61.85  282.04
 2001 158   11.84   -4.72   47.69  282.06
 2001 159   11.84   -4.71   33.54  282.09
 2001 160   11.84   -4.70   19.38  282.11
 2001 161   11.84   -4.69  365.22  282.14
 2001 162   11.84   -4.69  351.06  282.17
 2001 163   11.84   -4.68  336.90  282.19
 2001 164   11.84   -4.67  322.74  282.22
 2001 165   11.84   -4.66  308.59  282.24
 2001 166   11.84   -4.65  294.43  282.27
 2001 167   11.84   -4.64  280.27  282.30
 2001 168   11.84   -4.63  266.11  282.32
 2001 169   11.84   -4.62  251.95  282.35
 2001 170   11.84   -4.62  237.79  282.37
 2001 171   11.84   -4.61  223.64  282.40
 2001 172   11.84   -4.60  209.48  282.43
 2001 173   11.84   -4.59  195.32  282.45
 2001 174   11.84   -4.58  181.16  282.48
 2001 175   11.84   -4.57  167.00  282.50
 2001 176   11.84   -4.56  152.84  282.53
 2001 177   11.84   -4.55  138.68  282.56
 2001 178   11.84   -4.55  124.53  282.58
 2001 179   11.84   -4.54  110.37  282.61
 2001 180   11.84   -4.53   96.21  282.63
 2001 181   11.84   -4.52   82.05  282.66
 2001 182   11.84   -4.51   67.89  282.69
 2001 183   11.84   -4.50   53.73  282.71
 2001 184   11.84   -4.49   39.58  282.74
 2001 185   11.84   -4.49   25.42  282.76
 2001 186   11.84   -4.48  371.26  282.79
 2001 187   11.84   -4.47  357.10  282.82
 2001 188   11.84   -4.46  342.94  282.84
 2001 189   11.84   -4.45  328.78  282.87
 2001 190   11.84   -4.44  314.62  282.89
 2001 191   11.84   -4.43  300.47  282.92
 2001 192   11.84   -4.42  286.31  282.94
 2001 193   11.84   -4.42  272.15  282.97
 2001 194   11.84   -4.41  257.99  283.00
 2001 195   11.84   -4.40  243.83  283.02
 2001 196   11.84   -4.39  229.67  283.05
 2001 197   11.84   -4.38  215.52  283.07
 2001 198   11.84   -4.37  201.36  283.10
 2001 199   11.84   -4.36  187.20  283.13
 2001 200   11.84   -4.35  173.04  283.15
 2001 201   11.84   -4.35  158.88  283.18
 2001 202   11.84   -4.34  144.72  283.20
 2001 203   11.84   -4.33  130.56  283.23
 2001 204   11.84   -4.32  116.41  283.26
 2001 205   11.84   -4.31  102.25  283.28
 2001 206   11.84   -4.30   88.09  283.31
 2001 207   11.84   -4.29   73.93  283.33
 2001 208   11.84   -4.29   59.77  283.36
 2001 209   11.84   -4.28   45.61  283.39
 2001 210   11.84   -4.27   31.46  283.41
 2001 211   11.84   -4.26  377.30  283.44
 2001 212   11.84   -4.25  363.14  283.46
 2001 213   11.84   -4.24  348.98  283.49
 2001 214   11.84   -4.23  334.82  283.52
 2001 215   11.84   -4.22  320.66  283.54
 2001 216   11.84   -4.22  306.50  283.57
 2001 217   11.84   -4.21  292.35  283.59
 2001 218   11.84   -4.20  278.19  283.62
 2001 219   11.84   -4.19  264.03  283.64
 2001 220   11.84   -4.18  249.87  283.67
 2001 221   11.84   -4.17  235.71  283.70
 2001 222   11.84   -4.16  221.55  283.72
 2001 223   11.84   -4.15  207.40  283.75
 2001 224   11.84   -4.15  193.24  283.77
 2001 225   11.84   -4.14  179.08  283.80
 2001 226   11.84   -4.13  164.92  283.83
 2001 227   11.84   -4.12  150.76  283.85
 2001 228   11.84   -4.11  136.60  283.88
 2001 229   11.84   -4.10  122.44  283.90
 2001 230   11.84   -4.09  108.29  283.93
 2001 231   11.84   -4.08   94.13  283.96
 2001 232   11.84   -4.08   79.97  283.98
 2001 233   11.84   -4.07   65.81  284.01
 2001 234   11.84   -4.06   51.65  284.03
 2001 235   11.84   -4.05   37.49  284.06
 2001 236   11.84   -4.04   23.33  284.09
 2001 237   11.84   -4.03  369.18  284.11
 2001 238   11.84   -4.02  355.02  284.14
 2001 239   11.84   -4.01  340.86  284.16
 2001 240   11.84   -4.01  326.70  284.19
 2001 241   11.84   -4.00  312.54  284.21
 2001 242   11.84   -3.99  298.38  284.24
 2001 243   11.84   -3.98  284.23  284.27
 2001 244   11.84   -3.97  270.07  284.29
 2001 245   11.84   -3.96  255.91  284.32
 2001 246   11.84   -3.95  241.75  284.34
 2001 247   11.84   -3.94  227.59  284.37
 2001 248   11.84   -3.94  213.43  284.40
 2001 249   11.84   -3.93  199.27  284.42
 2001 250   11.84   -3.92  185.12  284.45
 2001 251   11.84   -3.91  170.96  284.47
 2001 252   11.84   -3.90  156.80  284.50
 2001 253   11.84   -3.89  142.64  284.53
 2001 254   11.84   -3.88  128.48  284.55
 2001 255   11.84   -3.87  114.32  284.58
 2001 256   11.84   -3.87  100.16  284.60
 2001 257   11.84   -3.86   86.01  284.63
 2001 258   11.84   -3.85   71.85  284.65
 2001 259   11.84   -3.84   57.69  284.68
 2001 260   11.84   -3.83   43.53  284.71
 2001 261   11.84   -3.82   29.37  284.73
 2001 262   11.84   -3.81  375.21  284.76
 2001 263   11.84   -3.80  361.06  284.78
 2001 264   11.84   -3.80  346.90  284.81
 2001 265   11.84   -3.79  332.74  284.84
 2001 266   11.84   -3.78  318.58  284.86
 2001 267   11.84   -3.77  304.42  284.89
 2001 268   11.84   -3.76  290.26  284.91
 2001 269   11.84   -3.75  276.10  284.94
 2001 270   11.84   -3.74  261.95  284.97
 2001 271   11.84   -3.73  247.79  284.99
 2001 272   11.84   -3.73  233.63  285.02
 2001 273   11.84   -3.72  219.47  285.04
 2001 274   11.84   -3.71  205.31  285.07
 2001 275   11.84   -3.70  191.15  285.09
 2001 276   11.84   -3.69  176.99  285.12
 2001 277   11.84   -3.68  162.84  285.15
 2001 278   11.84   -3.67  148.68  285.17
 2001 279   11.84   -3.66  134.52  285.20
 2001 280   11.84   -3.66  120.36  285.22
 2001 281   11.84   -3.65  106.20  285.25
 2001 282   11.84   -3.64   92.04  285.28
 2001 283   11.84   -3.63   77.88  285.30
 2001 284   11.84   -3.62   63.73  285.33
 2001 285   11.84   -3.61   49.57  285.35
 2001 286   11.84   -3.60   35.41  285.38
 2001 287   11.84   -3.59   21.25  285.41
 2001 288   11.84   -3.59  367.09  285.43
 2001 289   11.84   -3.58  352.93  285.46
 2001 290   11.84   -3.57  338.77  285.48
 2001 291   11.84   -3.56  324.62  285.51
 2001 292   11.85   -3.55  310.46  285.53
 2001 293   11.85   -3.54  296.30  285.56
 2001 294   11.85   -3.53  282.14  285.59
 2001 295   11.85   -3.52  267.98  285.61
 2001 296   11.85   -3.52  253.82  285.64
 2001 297   11.85   -3.51  239.66  285.66
 2001 298   11.85   -3.50  225.51  285.69
 2001 299   11.85   -3.49  211.35  285.72
 2001 300   11.85   -3.48  197.19  285.74
 2001 301   11.85   -3.47  183.03  285.77
 2001 302   11.85   -3.46  168.87  285.79
 2001 303   11.85   -3.45  154.71  285.82
 2001 304   11.85   -3.45  140.56  285.84
 2001 305   11.85   -3.44  126.40  285.87
 2001 306   11.85   -3.43  112.24  285.90
 2001 307   11.85   -3.42   98.08  285.92
 2001 308   11.85   -3.41   83.92  285.95
 2001 309   11.85   -3.40   69.76  285.97
 2001 310   11.85   -3.39   55.60  286.00
 2001 311   11.85   -3.38   41.45  286.03
 2001 312   11.85   -3.37   27.29  286.05
 2001 313   11.85   -3.37  373.13  286.08
 2001 314   11.85   -3.36  358.97  286.10
 2001 315   11.85   -3.35  344.81  286.13
 2001 316   11.85   -3.34  330.65  286.15
 2001 317   11.85   -3.33  316.49  286.18
 2001 318   11.85   -3.32  302.34  286.21
 2001 319   11.85   -3.31  288.18  286.23
 2001 320   11.85   -3.30  274.02  286.26
 2001 321   11.85   -3.30  259.86  286.28
 2001 322   11.85   -3.29  245.70  286.31
 2001 323   11.85   -3.28  231.54  286.34
 2001 324   11.85   -3.27  217.38  286.36
 2001 325   11.85   -3.26  203.23  286.39
 2001 326   11.85   -3.25  189.07  286.41
 2001 327   11.85   -3.24  174.91  286.44
 2001 328   11.85   -3.23  160.75  286.46
 2001 329   11.85   -3.23  146.59  286.49
 2001 330   11.85   -3.22  132.43  286.52
 2001 331   11.85   -3.21  118.27  286.54
 2001 332   11.85   -3.20  104.12  286.57
 2001 333   11.85   -3.19   89.96  286.59
 2001 334   11.85   -3.18   75.80  286.62
 2001 335   11.85   -3.17   61.64  286.65
 2001 336   11.85   -3.16   47.48  286.67
 2001 337   11.85   -3.16   33.32  286.70
 2001 338   11.85   -3.15  379.16  286.72
 2001 339   11.85   -3.14  365.01  286.75
 2001 340   11.85   -3.13  350.85  286.77
 2001 341   11.85   -3.12  336.69  286.80
 2001 342   11.85   -3.11  322.53  286.83
 2001 343   11.85   -3.10  308.37  286.85
 2001 344   11.85   -3.09  294.21  286.88
 2001 345   11.85   -3.08  280.05  286.90
 2001 346   11.85   -3.08  265.89  286.93
 2001 347   11.85   -3.07  251.74  286.96
 2001 348   11.85   -3.06  237.58  286.98
 2001 349   11.85   -3.05  223.42  287.01
 2001 350   11.85   -3.04  209.26  287.03
 2001 351   11.85   -3.03  195.10  287.06
 2001 352   11.85   -3.02  180.94  287.08
 2001 353   11.85   -3.01  166.78  287.11
 2001 354   11.85   -3.01  152.63  287.14
 2001 355   11.85   -3.00  138.47  287.16
 2001 356   11.85   -2.99  124.31  287.19
 2001 357   11.85   -2.98  110.15  287.21
 2001 358   11.85   -2.97   95.99  287.24
 2001 359   11.85   -2.96   81.83  287.26
 2001 360   11.85   -2.95   67.67  287.29
 2001 361   11.85   -2.94   53.52  287.32
 2001 362   11.85   -2.94   39.36  287.34
 2001 363   11.85   -2.93   25.20  287.37
 2001 364   11.85   -2.92  371.04  287.39
 2001 365   11.85   -2.91  356.88  287.42
 2002   1   11.85   -2.90  342.72  287.45
 2002   2   11.85   -2.89  328.56  287.47
 2002   3   11.85   -2.88  314.41  287.50
 2002   4   11.85   -2.87  300.25  287.52
 2002   5   11.85   -2.86  286.09  287.55
 2002   6   11.85   -2.86  271.93  287.57
 2002   7   11.85   -2.85  257.77  287.60
 2002   8   11.85   -2.84  243.61  287.63
 2002   9   11.85   -2.83  229.45  287.65
 2002  10   11.85   -2.82  215.30  287.68
 2002  11   11.85   -2.81  201.14  287.70
 2002  12   11.85   -2.80  186.98  287.73
 2002  13   11.86   -2.79  172.82  287.75
 2002  14   11.86   -2.79  158.66  287.78
 2002  15   11.86   -2.78  144.50  287.81
 2002  16   11.86   -2.77  130.34  287.83
 2002  17   11.86   -2.76  116.18  287.86
 2002  18   11.86   -2.75  102.03  287.88
 2002  19   11.86   -2.74   87.87  287.91
 2002  20   11.86   -2.73   73.71  287.93
 2002  21   11.86   -2.72   59.55  287.96
 2002  22   11.86   -2.71   45.39  287.99
 2002  23   11.86   -2.71   31.23  288.01
 2002  24   11.86   -2.70  377.07  288.04
 2002  25   11.86   -2.69  362.92  288.06
 2002  26   11.86   -2.68  348.76  288.09
 2002  27   11.86   -2.67  334.60  288.12
 2002  28   11.86   -2.66  320.44  288.14
 2002  29   11.86   -2.65  306.28  288.17
 2002  30   11.86   -2.64  292.12  288.19
 2002  31   11.86   -2.64  277.96  288.22
 2002  32   11.86   -2.63  263.81  288.24
 2002  33   11.86   -2.62  249.65  288.27
 2002  34   11.86   -2.61  235.49  288.30
 2002  35   11.86   -2.60  221.33  288.32
 2002  36   11.86   -2.59  207.17  288.35
 2002  37   11.86   -2.58  193.01  288.37
 2002  38   11.86   -2.57  178.85  288.40
 2002  39   11.86   -2.56  164.69  288.42
 2002  40   11.86   -2.56  150.54  288.45
 2002  41   11.86   -2.55  136.38  288.48
 2002  42   11.86   -2.54  122.22  288.50
 2002  43   11.86   -2.53  108.06  288.53
 2002  44   11.86   -2.52   93.90  288.55
 2002  45   11.86   -2.51   79.74  288.58
 2002  46   11.86   -2.50   65.58  288.60
 2002  47   11.86   -2.49   51.43  288.63
 2002  48   11.86   -2.49   37.27  288.66
 2002  49   11.86   -2.48   23.11  288.68
 2002  50   11.86   -2.47  368.95  288.71
 2002  51   11.86   -2.46  354.79  288.73
 2002  52   11.86   -2.45  340.63  288.76
 2002  53   11.86   -2.44  326.47  288.78
 2002  54   11.86   -2.43  312.31  288.81
 2002  55   11.86   -2.42  298.16  288.84
 2002  56   11.86   -2.41  284.00  288.86
 2002  57   11.86   -2.41  269.84  288.89
 2002  58   11.86   -2.40  255.68  288.91
 2002  59   11.86   -2.39  241.52  288.94
 2002  60   11.86   -2.38  227.36  288.96
 2002  61   11.86   -2.37  213.20  288.99
 2002  62   11.86   -2.36  199.05  289.02
 2002  63   11.86   -2.35  184.89  289.04
 2002  64   11.86   -2.34  170.73  289.07
 2002  65   11.86   -2.34  156.57  289.09
 2002  66   11.86   -2.33  142.41  289.12
 2002  67   11.86   -2.32  128.25  289.14
 2002  68   11.86   -2.31  114.09  289.17
 2002  69   11.86   -2.30   99.93  289.20
 2002  70   11.86   -2.29   85.78  289.22
 2002  71   11.86   -2.28   71.62  289.25
 2002  72   11.86   -2.27   57.46  289.27
 2002  73   11.86   -2.26   43.30  289.30
 2002  74   11.86   -2.26   29.14  289.32
 2002  75   11.87   -2.25  374.98  289.35
 2002  76   11.87   -2.24  360.82  289.38
 2002  77   11.87   -2.23  346.67  289.40
 2002  78   11.87   -2.22  332.51  289.43
 2002  79   11.87   -2.21  318.35  289.45
 2002  80   11.87   -2.20  304.19  289.48
 2002  81   11.87   -2.19  290.03  289.50
 2002  82   11.87   -2.19  275.87  289.53
 2002  83   11.87   -2.18  261.71  289.56
 2002  84   11.87   -2.17  247.55  289.58
 2002  85   11.87   -2.16  233.40  289.61
 2002  86   11.87   -2.15  219.24  289.63
 2002  87   11.87   -2.14  205.08  289.66
 2002  88   11.87   -2.13  190.92  289.68
 2002  89   11.87   -2.12  176.76  289.71
 2002  90   11.87   -2.11  162.60  289.74
 2002  91   11.87   -2.11  148.44  289.76
 2002  92   11.87   -2.10  134.28  289.79
 2002  93   11.87   -2.09  120.13  289.81
 2002  94   11.87   -2.08  105.97  289.84
 2002  95   11.87   -2.07   91.81  289.86
 2002  96   11.87   -2.06   77.65  289.89
 2002  97   11.87   -2.05   63.49  289.92
 2002  98   11.87   -2.04   49.33  289.94
 2002  99   11.87   -2.03   35.17  289.97
 2002 100   11.87   -2.03  381.02  289.99
 2002 101   11.87   -2.02  366.86  290.02
 2002 102   11.87   -2.01  352.70  290.04
 2002 103   11.87   -2.00  338.54  290.07
 2002 104   11.87   -1.99  324.38  290.10
 2002 105   11.87   -1.98  310.22  290.12
 2002 106   11.87   -1.97  296.06  290.15
 2002 107   11.87   -1.96  281.90  290.17
 2002 108   11.87   -1.96  267.75  290.20
 2002 109   11.87   -1.95  253.59  290.22
 2002 110   11.87   -1.94  239.43  290.25
 2002 111   11.87   -1.93  225.27  290.28
 2002 112   11.87   -1.92  211.11  290.30
 2002 113   11.87   -1.91  196.95  290.33
 2002 114   11.87   -1.90  182.79  290.35
 2002 115   11.87   -1.89  168.63  290.38
 2002 116   11.87   -1.88  154.48  290.40
 2002 117   11.87   -1.88  140.32  290.43
 2002 118   11.87   -1.87  126.16  290.45
 2002 119   11.87   -1.86  112.00  290.48
 2002 120   11.87   -1.85   97.84  290.51
 2002 121   11.87   -1.84   83.68  290.53
 2002 122   11.87   -1.83   69.52  290.56
 2002 123   11.87   -1.82   55.36  290.58
 2002 124   11.87   -1.81   41.21  290.61
 2002 125   11.87   -1.81   27.05  290.63
 2002 126   11.87   -1.80  372.89  290.66
 2002 127   11.87   -1.79  358.73  290.69
 2002 128   11.88   -1.78  344.57  290.71
 2002 129   11.88   -1.77  330.41  290.74
 2002 130   11.88   -1.76  316.25  290.76
 2002 131   11.88   -1.75  302.09  290.79
 2002 132   11.88   -1.74  287.94  290.81
 2002 133   11.88   -1.73  273.78  290.84
 2002 134   11.88   -1.73  259.62  290.87
 2002 135   11.88   -1.72  245.46  290.89
 2002 136   11.88   -1.71  231.30  290.92
 2002 137   11.88   -1.70  217.14  290.94
 2002 138   11.88   -1.69  202.98  290.97
 2002 139   11.88   -1.68  188.82  290.99
 2002 140   11.88   -1.67  174.67  291.02
 2002 141   11.88   -1.66  160.51  291.04
 2002 142   11.88   -1.66  146.35  291.07
 2002 143   11.88   -1.65  132.19  291.10
 2002 144   11.88   -1.64  118.03  291.12
 2002 145   11.88   -1.63  103.87  291.15
 2002 146   11.88   -1.62   89.71  291.17
 2002 147   11.88   -1.61   75.55  291.20
 2002 148   11.88   -1.60   61.40  291.22
 2002 149   11.88   -1.59   47.24  291.25
 2002 150   11.88   -1.58   33.08  291.28
 2002 151   11.88   -1.58  378.92  291.30
 2002 152   11.88   -1.57  364.76  291.33
 2002 153   11.88   -1.56  350.60  291.35
 2002 154   11.88   -1.55  336.44  291.38
 2002 155   11.88   -1.54  322.28  291.40
 2002 156   11.88   -1.53  308.13  291.43
 2002 157   11.88   -1.52  293.97  291.45
 2002 158   11.88   -1.51  279.81  291.48
 2002 159   11.88   -1.50  265.65  291.51
 2002 160   11.88   -1.50  251.49  291.53
 2002 161   11.88   -1.49  237.33  291.56
 2002 162   11.88   -1.48  223.17  291.58
 2002 163   11.88   -1.47  209.01  291.61
 2002 164   11.88   -1.46  194.85  291.63
 2002 165   11.88   -1.45  180.70  291.66
 2002 166   11.88   -1.44  166.54  291.69
 2002 167   11.88   -1.43  152.38  291.71
 2002 168   11.88   -1.43  138.22  291.74
 2002 169   11.88   -1.42  124.06  291.76
 2002 170   11.88   -1.41  109.90  291.79
 2002 171   11.88   -1.40   95.74  291.81
 2002 172   11.88   -1.39   81.58  291.84
 2002 173   11.89   -1.38   67.43  291.86
 2002 174   11.89   -1.37   53.27  291.89
 2002 175   11.89   -1.36   39.11  291.92
 2002 176   11.89   -1.35  384.95  291.94
 2002 177   11.89   -1.35  370.79  291.97
 2002 178   11.89   -1.34  356.63  291.99
 2002 179   11.89   -1.33  342.47  292.02
 2002 180   11.89   -1.32  328.31  292.04
 2002 181   11.89   -1.31  314.16  292.07
 2002 182   11.89   -1.30  300.00  292.09
 2002 183   11.89   -1.29  285.84  292.12
 2002 184   11.89   -1.28  271.68  292.15
 2002 185   11.89   -1.28  257.52  292.17
 2002 186   11.89   -1.27  243.36  292.20
 2002 187   11.89   -1.26  229.20  292.22
 2002 188   11.89   -1.25  215.04  292.25
 2002 189   11.89   -1.24  200.88  292.27
 2002 190   11.89   -1.23  186.73  292.30
 2002 191   11.89   -1.22  172.57  292.32
 2002 192   11.89   -1.21  158.41  292.35
 2002 193   11.89   -1.20  144.25  292.38
 2002 194   11.89   -1.20  130.09  292.40
 2002 195   11.89   -1.19  115.93  292.43
 2002 196   11.89   -1.18  101.77  292.45
 2002 197   11.89   -1.17   87.61  292.48
 2002 198   11.89   -1.16   73.46  292.50
 2002 199   11.89   -1.15   59.30  292.53
 2002 200   11.89   -1.14   45.14  292.55
 2002 201   11.89   -1.13   30.98  292.58
 2002 202   11.89   -1.12  376.82  292.61
 2002 203   11.89   -1.12  362.66  292.63
 2002 204   11.89   -1.11  348.50  292.66
 2002 205   11.89   -1.10  334.34  292.68
 2002 206   11.89   -1.09  320.18  292.71
 2002 207   11.89   -1.08  306.03  292.73
 2002 208   11.89   -1.07  291.87  292.76
 2002 209   11.89   -1.06  277.71  292.78
 2002 210   11.89   -1.05  263.55  292.81
 2002 211   11.89   -1.05  249.39  292.84
 2002 212   11.89   -1.04  235.23  292.86
 2002 213   11.89   -1.03  221.07  292.89
 2002 214   11.90   -1.02  206.91  292.91
 2002 215   11.90   -1.01  192.75  292.94
 2002 216   11.90   -1.00  178.60  292.96
 2002 217   11.90   -0.99  164.44  292.99
 2002 218   11.90   -0.98  150.28  293.01
 2002 219   11.90   -0.97  136.12  293.04
 2002 220   11.90   -0.97  121.96  293.07
 2002 221   11.90   -0.96  107.80  293.09
 2002 222   11.90   -0.95   93.64  293.12
 2002 223   11.90   -0.94   79.48  293.14
 2002 224   11.90   -0.93   65.33  293.17
 2002 225   11.90   -0.92   51.17  293.19
 2002 226   11.90   -0.91   37.01  293.22
 2002 227   11.90   -0.90  382.85  293.24
 2002 228   11.90   -0.90  368.69  293.27
 2002 229   11.90   -0.89  354.53  293.30
 2002 230   11.90   -0.88  340.37  293.32
 2002 231   11.90   -0.87  326.21  293.35
 2002 232   11.90   -0.86  312.05  293.37
 2002 233   11.90   -0.85  297.90  293.40
 2002 234   11.90   -0.84  283.74  293.42
 2002 235   11.90   -0.83  269.58  293.45
 2002 236   11.90   -0.82  255.42  293.47
 2002 237   11.90   -0.82  241.26  293.50
 2002 238   11.90   -0.81  227.10  293.53
 2002 239   11.90   -0.80  212.94  293.55
 2002 240   11.90   -0.79  198.78  293.58
 2002 241   11.90   -0.78  184.62  293.60
 2002 242   11.90   -0.77  170.47  293.63
 2002 243   11.90   -0.76  156.31  293.65
 2002 244   11.90   -0.75  142.15  293.68
 2002 245   11.90   -0.75  127.99  293.70
 2002 246   11.90   -0.74  113.83  293.73
 2002 247   11.90   -0.73   99.67  293.76
 2002 248   11.90   -0.72   85.51  293.78
 2002 249   11.90   -0.71   71.35  293.81
 2002 250   11.90   -0.70   57.19  293.83
 2002 251   11.90   -0.69   43.04  293.86
 2002 252   11.91   -0.68   28.88  293.88
 2002 253   11.91   -0.67  374.72  293.91
 2002 254   11.91   -0.67  360.56  293.93
 2002 255   11.91   -0.66  346.40  293.96
 2002 256   11.91   -0.65  332.24  293.98
 2002 257   11.91   -0.64  318.08  294.01
 2002 258   11.91   -0.63  303.92  294.04
 2002 259   11.91   -0.62  289.76  294.06
 2002 260   11.91   -0.61  275.61  294.09
 2002 261   11.91   -0.60  261.45  294.11
 2002 262   11.91   -0.60  247.29  294.14
 2002 263   11.91   -0.59  233.13  294.16
 2002 264   11.91   -0.58  218.97  294.19
 2002 265   11.91   -0.57  204.81  294.21
 2002 266   11.91   -0.56  190.65  294.24
 2002 267   11.91   -0.55  176.49  294.26
 2002 268   11.91   -0.54  162.33  294.29
 2002 269   11.91   -0.53  148.18  294.32
 2002 270   11.91   -0.52  134.02  294.34
 2002 271   11.91   -0.52  119.86  294.37
 2002 272   11.91   -0.51  105.70  294.39
 2002 273   11.91   -0.50   91.54  294.42
 2002 274   11.91   -0.49   77.38  294.44
 2002 275   11.91   -0.48   63.22  294.47
 2002 276   11.91   -0.47   49.06  294.49
 2002 277   11.91   -0.46   34.90  294.52
 2002 278   11.91   -0.45  380.74  294.55
 2002 279   11.91   -0.45  366.59  294.57
 2002 280   11.91   -0.44  352.43  294.60
 2002 281   11.91   -0.43  338.27  294.62
 2002 282   11.91   -0.42  324.11  294.65
 2002 283   11.91   -0.41  309.95  294.67
 2002 284   11.91   -0.40  295.79  294.70
 2002 285   11.91   -0.39  281.63  294.72
 2002 286   11.91   -0.38  267.47  294.75
 2002 287   11.92   -0.37  253.31  294.77
 2002 288   11.92   -0.37  239.16  294.80
 2002 289   11.92   -0.36  225.00  294.83
 2002 290   11.92   -0.35  210.84  294.85
 2002 291   11.92   -0.34  196.68  294.88
 2002 292   11.92   -0.33  182.52  294.90
 2002 293   11.92   -0.32  168.36  294.93
 2002 294   11.92   -0.31  154.20  294.95
 2002 295   11.92   -0.30  140.04  294.98
 2002 296   11.92   -0.30  125.88  295.00
 2002 297   11.92   -0.29  111.72  295.03
 2002 298   11.92   -0.28   97.57  295.05
 2002 299   11.92   -0.27   83.41  295.08
 2002 300   11.92   -0.26   69.25  295.10
 2002 301   11.92   -0.25   55.09  295.13
 2002 302   11.92   -0.24   40.93  295.16
 2002 303   11.92   -0.23  386.77  295.18
 2002 304   11.92   -0.22  372.61  295.21
 2002 305   11.92   -0.22  358.45  295.23
 2002 306   11.92   -0.21  344.29  295.26
 2002 307   11.92   -0.20  330.14  295.28
 2002 308   11.92   -0.19  315.98  295.31
 2002 309   11.92   -0.18  301.82  295.33
 2002 310   11.92   -0.17  287.66  295.36
 2002 311   11.92   -0.16  273.50  295.38
 2002 312   11.92   -0.15  259.34  295.41
 2002 313   11.92   -0.15  245.18  295.44
 2002 314   11.92   -0.14  231.02  295.46
 2002 315   11.92   -0.13  216.86  295.49
 2002 316   11.92   -0.12  202.70  295.51
 2002 317   11.92   -0.11  188.55  295.54
 2002 318   11.92   -0.10  174.39  295.56
 2002 319   11.92   -0.09  160.23  295.59
 2002 320   11.93   -0.08  146.07  295.61
 2002 321   11.93   -0.08  131.91  295.64
 2002 322   11.93   -0.07  117.75  295.66
 2002 323   11.93   -0.06  103.59  295.69
 2002 324   11.93   -0.05   89.43  295.72
 2002 325   11.93   -0.04   75.27  295.74
 2002 326   11.93   -0.03   61.11  295.77
 2002 327   11.93   -0.02   46.96  295.79
 2002 328   11.93   -0.01   32.80  295.82
 2002 329   11.93    0.00  378.64  295.84
 2002 330   11.93    0.00  364.48  295.87
 2002 331   11.93    0.01  350.32  295.89
 2002 332   11.93    0.02  336.16  295.92
 2002 333   11.93    0.03  322.00  295.94
 2002 334   11.93    0.04  307.84  295.97
 2002 335   11.93    0.05  293.68  295.99
 2002 336   11.93    0.06  279.52  296.02
 2002 337   11.93    0.07  265.37  296.05
 2002 338   11.93    0.07  251.21  296.07
 2002 339   11.93    0.08  237.05  296.10
 2002 340   11.93    0.09  222.89  296.12
 2002 341   11.93    0.10  208.73  296.15
 2002 342   11.93    0.11  194.57  296.17
 2002 343   11.93    0.12  180.41  296.20
 2002 344   11.93    0.13  166.25  296.22
 2002 345   11.93    0.14  152.09  296.25
 2002 346   11.93    0.14  137.93  296.27
 2002 347   11.93    0.15  123.78  296.30
 2002 348   11.93    0.16  109.62  296.32
 2002 349   11.93    0.17   95.46  296.35
 2002 350   11.93    0.18   81.30  296.38
 2002 351   11.94    0.19   67.14  296.40
 2002 352   11.94    0.20   52.98  296.43
 2002 353   11.94    0.21   38.82  296.45
 2002 354   11.94    0.21  384.66  296.48
 2002 355   11.94    0.22  370.50  296.50
 2002 356   11.94    0.23  356.34  296.53
 2002 357   11.94    0.24  342.19  296.55
 2002 358   11.94    0.25  328.03  296.58
 2002 359   11.94    0.26  313.87  296.60
 2002 360   11.94    0.27  299.71  296.63
 2002 361   11.94    0.28  285.55  296.65
 2002 362   11.94    0.28  271.39  296.68
 2002 363   11.94    0.29  257.23  296.70
 2002 364   11.94    0.30  243.07  296.73
 2002 365   11.94    0.31  228.91  296.76
 2003   1   11.94    0.32  214.75  296.78
 2003   2   11.94    0.33  200.59  296.81
 2003   3   11.94    0.34  186.44  296.83
 2003   4   11.94    0.35  172.28  296.86
 2003   5   11.94    0.36  158.12  296.88
 2003   6   11.94    0.36  143.96  296.91
 2003   7   11.94    0.37  129.80  296.93
 2003   8   11.94    0.38  115.64  296.96
 2003   9   11.94    0.39  101.48  296.98
 2003  10   11.94    0.40   87.32  297.01
 2003  11   11.94    0.41   73.16  297.03
 2003  12   11.94    0.42   59.00  297.06
 2003  13   11.94    0.43   44.84  297.08
 2003  14   11.94    0.43  390.69  297.11
 2003  15   11.94    0.44  376.53  297.14
 2003  16   11.95    0.45  362.37  297.16
 2003  17   11.95    0.46  348.21  297.19
 2003  18   11.95    0.47  334.05  297.21
 2003  19   11.95    0.48  319.89  297.24
 2003  20   11.95    0.49  305.73  297.26
 2003  21   11.95    0.50  291.57  297.29
 2003  22   11.95    0.50  277.41  297.31
 2003  23   11.95    0.51  263.25  297.34
 2003  24   11.95    0.52  249.10  297.36
 2003  25   11.95    0.53  234.94  297.39
 2003  26   11.95    0.54  220.78  297.41
 2003  27   11.95    0.55  206.62  297.44
 2003  28   11.95    0.56  192.46  297.46
 2003  29   11.95    0.57  178.30  297.49
 2003  30   11.95    0.57  164.14  297.52
 2003  31   11.95    0.58  149.98  297.54
 2003  32   11.95    0.59  135.82  297.57
 2003  33   11.95    0.60  121.66  297.59
 2003  34   11.95    0.61  107.50  297.62
 2003  35   11.95    0.62   93.35  297.64
 2003  36   11.95    0.63   79.19  297.67
 2003  37   11.95    0.64   65.03  297.69
 2003  38   11.95    0.64   50.87  297.72
 2003  39   11.95    0.65   36.71  297.74
 2003  40   11.95    0.66  382.55  297.77
 2003  41   11.95    0.67  368.39  297.79
 2003  42   11.95    0.68  354.23  297.82
 2003  43   11.95    0.69  340.07  297.84
 2003  44   11.96    0.70  325.91  297.87
 2003  45   11.96    0.71  311.75  297.89
 2003  46   11.96    0.71  297.59  297.92
 2003  47   11.96    0.72  283.44  297.95
 2003  48   11.96    0.73  269.28  297.97
 2003  49   11.96    0.74  255.12  298.00
 2003  50   11.96    0.75  240.96  298.02
 2003  51   11.96    0.76  226.80  298.05
 2003  52   11.96    0.77  212.64  298.07
 2003  53   11.96    0.78  198.48  298.10
 2003  54   11.96    0.78  184.32  298.12
 2003  55   11.96    0.79  170.16  298.15
 2003  56   11.96    0.80  156.00  298.17
 2003  57   11.96    0.81  141.84  298.20
 2003  58   11.96    0.82  127.69  298.22
 2003  59   11.96    0.83  113.53  298.25
 2003  60   11.96    0.84   99.37  298.27
 2003  61   11.96    0.85   85.21  298.30
 2003  62   11.96    0.85   71.05  298.32
 2003  63   11.96    0.86   56.89  298.35
 2003  64   11.96    0.87   42.73  298.37
 2003  65   11.96    0.88  388.57  298.40
 2003  66   11.96    0.89  374.41  298.43
 2003  67   11.96    0.90  360.25  298.45
 2003  68   11.96    0.91  346.09  298.48
 2003  69   11.96    0.92  331.93  298.50
 2003  70   11.96    0.92  317.78  298.53
 2003  71   11.97    0.93  303.62  298.55
 2003  72   11.97    0.94  289.46  298.58
 2003  73   11.97    0.95  275.30  298.60
 2003  74   11.97    0.96  261.14  298.63
 2003  75   11.97    0.97  246.98  298.65
 2003  76   11.97    0.98  232.82  298.68
 2003  77   11.97    0.99  218.66  298.70
 2003  78   11.97    0.99  204.50  298.73
 2003  79   11.97    1.00  190.34  298.75
 2003  80   11.97    1.01  176.18  298.78
 2003  81   11.97    1.02  162.03  298.80
 2003  82   11.97    1.03  147.87  298.83
 2003  83   11.97    1.04  133.71  298.85
 2003  84   11.97    1.05  119.55  298.88
 2003  85   11.97    1.06  105.39  298.90
 2003  86   11.97    1.06   91.23  298.93
 2003  87   11.97    1.07   77.07  298.96
 2003  88   11.97    1.08   62.91  298.98
 2003  89   11.97    1.09   48.75  299.01
 2003  90   11.97    1.10   34.59  299.03
 2003  91   11.97    1.11  380.43  299.06
 2003  92   11.97    1.12  366.27  299.08
 2003  93   11.97    1.12  352.11  299.11
 2003  94   11.97    1.13  337.96  299.13
 2003  95   11.97    1.14  323.80  299.16
 2003  96   11.97    1.15  309.64  299.18
 2003  97   11.98    1.16  295.48  299.21
 2003  98   11.98    1.17  281.32  299.23
 2003  99   11.98    1.18  267.16  299.26
 2003 100   11.98    1.19  253.00  299.28
 2003 101   11.98    1.19  238.84  299.31
 2003 102   11.98    1.20  224.68  299.33
 2003 103   11.98    1.21  210.52  299.36
 2003 104   11.98    1.22  196.36  299.38
 2003 105   11.98    1.23  182.20  299.41
 2003 106   11.98    1.24  168.05  299.43
 2003 107   11.98    1.25  153.89  299.46
 2003 108   11.98    1.26  139.73  299.48
 2003 109   11.98    1.26  125.57  299.51
 2003 110   11.98    1.27  111.41  299.54
 2003 111   11.98    1.28   97.25  299.56
 2003 112   11.98    1.29   83.09  299.59
 2003 113   11.98    1.30   68.93  299.61
 2003 114   11.98    1.31   54.77  299.64
 2003 115   11.98    1.32   40.61  299.66
 2003 116   11.98    1.32  386.45  299.69
 2003 117   11.98    1.33  372.29  299.71
 2003 118   11.98    1.34  358.13  299.74
 2003 119   11.98    1.35  343.98  299.76
 2003 120   11.98    1.36  329.82  299.79
 2003 121   11.98    1.37  315.66  299.81
 2003 122   11.98    1.38  301.50  299.84
 2003 123   11.99    1.39  287.34  299.86
 2003 124   11.99    1.39  273.18  299.89
 2003 125   11.99    1.40  259.02  299.91
 2003 126   11.99    1.41  244.86  299.94
 2003 127   11.99    1.42  230.70  299.96
 2003 128   11.99    1.43  216.54  299.99
 2003 129   11.99    1.44  202.38  300.01
 2003 130   11.99    1.45  188.22  300.04
 2003 131   11.99    1.46  174.06  300.06
 2003 132   11.99    1.46  159.91  300.09
 2003 133   11.99    1.47  145.75  300.11
 2003 134   11.99    1.48  131.59  300.14
 2003 135   11.99    1.49  117.43  300.16
 2003 136   11.99    1.50  103.27  300.19
 2003 137   11.99    1.51   89.11  300.21
 2003 138   11.99    1.52   74.95  300.24
 2003 139   11.99    1.52   60.79  300.26
 2003 140   11.99    1.53   46.63  300.29
 2003 141   11.99    1.54  392.47  300.32
 2003 142   11.99    1.55  378.31  300.34
 2003 143   11.99    1.56  364.15  300.37
 2003 144   11.99    1.57  349.99  300.39
 2003 145   11.99    1.58  335.84  300.42
 2003 146   11.99    1.59  321.68  300.44
 2003 147   12.00    1.59  307.52  300.47
 2003 148   12.00    1.60  293.36  300.49
 2003 149   12.00    1.61  279.20  300.52
 2003 150   12.00    1.62  265.04  300.54
 2003 151   12.00    1.63  250.88  300.57
 2003 152   12.00    1.64  236.72  300.59
 2003 153   12.00    1.65  222.56  300.62
 2003 154   12.00    1.65  208.40  300.64
 2003 155   12.00    1.66  194.24  300.67
 2003 156   12.00    1.67  180.08  300.69
 2003 157   12.00    1.68  165.92  300.72
 2003 158   12.00    1.69  151.76  300.74
 2003 159   12.00    1.70  137.61  300.77
 2003 160   12.00    1.71  123.45  300.79
 2003 161   12.00    1.72  109.29  300.82
 2003 162   12.00    1.72   95.13  300.84
 2003 163   12.00    1.73   80.97  300.87
 2003 164   12.00    1.74   66.81  300.89
 2003 165   12.00    1.75   52.65  300.92
 2003 166   12.00    1.76   38.49  300.94
 2003 167   12.00    1.77  384.33  300.97
 2003 168   12.00    1.78  370.17  300.99
 2003 169   12.00    1.78  356.01  301.02
 2003 170   12.00    1.79  341.85  301.04
 2003 171   12.01    1.80  327.69  301.07
 2003 172   12.01    1.81  313.53  301.09
 2003 173   12.01    1.82  299.38  301.12
 2003 174   12.01    1.83  285.22  301.14
 2003 175   12.01    1.84  271.06  301.17
 2003 176   12.01    1.85  256.90  301.19
 2003 177   12.01    1.85  242.74  301.22
 2003 178   12.01    1.86  228.58  301.24
 2003 179   12.01    1.87  214.42  301.27
 2003 180   12.01    1.88  200.26  301.29
 2003 181   12.01    1.89  186.10  301.32
 2003 182   12.01    1.90  171.94  301.34
 2003 183   12.01    1.91  157.78  301.37
 2003 184   12.01    1.91  143.62  301.39
 2003 185   12.01    1.92  129.46  301.42
 2003 186   12.01    1.93  115.30  301.45
 2003 187   12.01    1.94  101.15  301.47
 2003 188   12.01    1.95   86.99  301.50
 2003 189   12.01    1.96   72.83  301.52
 2003 190   12.01    1.97   58.67  301.55
 2003 191   12.01    1.97   44.51  301.57
 2003 192   12.01    1.98  390.35  301.60
 2003 193   12.01    1.99  376.19  301.62
 2003 194   12.02    2.00  362.03  301.65
 2003 195   12.02    2.01  347.87  301.67
 2003 196   12.02    2.02  333.71  301.70
 2003 197   12.02    2.03  319.55  301.72
 2003 198   12.02    2.03  305.39  301.75
 2003 199   12.02    2.04  291.23  301.77
 2003 200   12.02    2.05  277.07  301.80
 2003 201   12.02    2.06  262.91  301.82
 2003 202   12.02    2.07  248.76  301.85
 2003 203   12.02    2.08  234.60  301.87
 2003 204   12.02    2.09  220.44  301.90
 2003 205   12.02    2.10  206.28  301.92
 2003 206   12.02    2.10  192.12  301.95
 2003 207   12.02    2.11  177.96  301.97
 2003 208   12.02    2.12  163.80  302.00
 2003 209   12.02    2.13  149.64  302.02
 2003 210   12.02    2.14  135.48  302.05
 2003 211   12.02    2.15  121.32  302.07
 2003 212   12.02    2.16  107.16  302.10
 2003 213   12.02    2.16   93.00  302.12
 2003 214   12.02    2.17   78.84  302.15
 2003 215   12.02    2.18   64.68  302.17
 2003 216   12.03    2.19   50.52  302.20
 2003 217   12.03    2.20   36.36  302.22
 2003 218   12.03    2.21  382.21  302.25
 2003 219   12.03    2.22  368.05  302.27
 2003 220   12.03    2.22  353.89  302.30
 2003 221   12.03    2.23  339.73  302.32
 2003 222   12.03    2.24  325.57  302.35
 2003 223   12.03    2.25  311.41  302.37
 2003 224   12.03    2.26  297.25  302.40
 2003 225   12.03    2.27  283.09  302.42
 2003 226   12.03    2.28  268.93  302.45
 2003 227   12.03    2.28  254.77  302.47
 2003 228   12.03    2.29  240.61  302.50
 2003 229   12.03    2.30  226.45  302.52
 2003 230   12.03    2.31  212.29  302.55
 2003 231   12.03    2.32  198.13  302.57
 2003 232   12.03    2.33  183.97  302.60
 2003 233   12.03    2.34  169.81  302.62
 2003 234   12.03    2.34  155.66  302.65
 2003 235   12.03    2.35  141.50  302.67
 2003 236   12.03    2.36  127.34  302.70
 2003 237   12.03    2.37  113.18  302.72
 2003 238   12.04    2.38   99.02  302.75
 2003 239   12.04    2.39   84.86  302.77
 2003 240   12.04    2.40   70.70  302.80
 2003 241   12.04    2.40   56.54  302.82
 2003 242   12.04    2.41   42.38  302.85
 2003 243   12.04    2.42  388.22  302.87
 2003 244   12.04    2.43  374.06  302.90
 2003 245   12.04    2.44  359.90  302.92
 2003 246   12.04    2.45  345.74  302.95
 2003 247   12.04    2.46  331.58  302.97
 2003 248   12.04    2.46  317.42  303.00
 2003 249   12.04    2.47  303.26  303.02
 2003 250   12.04    2.48  289.10  303.05
 2003 251   12.04    2.49  274.94  303.07
 2003 252   12.04    2.50  260.79  303.10
 2003 253   12.04    2.51  246.63  303.12
 2003 254   12.04    2.52  232.47  303.15
 2003 255   12.04    2.52  218.31  303.17
 2003 256   12.04    2.53  204.15  303.20
 2003 257   12.04    2.54  189.99  303.22
 2003 258   12.04    2.55  175.83  303.25
 2003 259   12.05    2.56  161.67  303.27
 2003 260   12.05    2.57  147.51  303.30
 2003 261   12.05    2.58  133.35  303.32
 2003 262   12.05    2.58  119.19  303.35
 2003 263   12.05    2.59  105.03  303.37
 2003 264   12.05    2.60   90.87  303.40
 2003 265   12.05    2.61   76.71  303.42
 2003 266   12.05    2.62   62.55  303.45
 2003 267   12.05    2.63   48.39  303.47
 2003 268   12.05    2.64  394.23  303.50
 2003 269   12.05    2.64  380.08  303.52
 2003 270   12.05    2.65  365.92  303.55
 2003 271   12.05    2.66  351.76  303.57
 2003 272   12.05    2.67  337.60  303.60
 2003 273   12.05    2.68  323.44  303.62
 2003 274   12.05    2.69  309.28  303.65
 2003 275   12.05    2.70  295.12  303.67
 2003 276   12.05    2.70  280.96  303.70
 2003 277   12.05    2.71  266.80  303.72
 2003 278   12.05    2.72  252.64  303.75
 2003 279   12.05    2.73  238.48  303.77
 2003 280   12.06    2.74  224.32  303.79
 2003 281   12.06    2.75  210.16  303.82
 2003 282   12.06    2.76  196.00  303.84
 2003 283   12.06    2.76  181.84  303.87
 2003 284   12.06    2.77  167.68  303.89
 2003 285   12.06    2.78  153.52  303.92
 2003 286   12.06    2.79  139.36  303.94
 2003 287   12.06    2.80  125.20  303.97
 2003 288   12.06    2.81  111.05  303.99
 2003 289   12.06    2.81   96.89  304.02
 2003 290   12.06    2.82   82.73  304.04
 2003 291   12.06    2.83   68.57  304.07
 2003 292   12.06    2.84   54.41  304.09
 2003 293   12.06    2.85   40.25  304.12
 2003 294   12.06    2.86  386.09  304.14
 2003 295   12.06    2.87  371.93  304.17
 2003 296   12.06    2.87  357.77  304.19
 2003 297   12.06    2.88  343.61  304.22
 2003 298   12.06    2.89  329.45  304.24
 2003 299   12.06    2.90  315.29  304.27
 2003 300   12.06    2.91  301.13  304.29
 2003 301   12.07    2.92  286.97  304.32
 2003 302   12.07    2.93  272.81  304.34
 2003 303   12.07    2.93  258.65  304.37
 2003 304   12.07    2.94  244.49  304.39
 2003 305   12.07    2.95  230.33  304.42
 2003 306   12.07    2.96  216.17  304.44
 2003 307   12.07    2.97  202.01  304.47
 2003 308   12.07    2.98  187.85  304.49
 2003 309   12.07    2.98  173.70  304.52
 2003 310   12.07    2.99  159.54  304.54
 2003 311   12.07    3.00  145.38  304.57
 2003 312   12.07    3.01  131.22  304.59
 2003 313   12.07    3.02  117.06  304.62
 2003 314   12.07    3.03  102.90  304.64
 2003 315   12.07    3.04   88.74  304.67
 2003 316   12.07    3.04   74.58  304.69
 2003 317   12.07    3.05   60.42  304.72
 2003 318   12.07    3.06   46.26  304.74
 2003 319   12.07    3.07  392.10  304.77
 2003 320   12.07    3.08  377.94  304.79
 2003 321   12.08    3.09  363.78  304.82
 2003 322   12.08    3.10  349.62  304.84
 2003 323   12.08    3.10  335.46  304.87
 2003 324   12.08    3.11  321.30  304.89
 2003 325   12.08    3.12  307.14  304.91
 2003 326   12.08    3.13  292.98  304.94
 2003 327   12.08    3.14  278.82  304.96
 2003 328   12.08    3.15  264.66  304.99
 2003 329   12.08    3.15  250.50  305.01
 2003 330   12.08    3.16  236.35  305.04
 2003 331   12.08    3.17  222.19  305.06
 2003 332   12.08    3.18  208.03  305.09
 2003 333   12.08    3.19  193.87  305.11
 2003 334   12.08    3.20  179.71  305.14
 2003 335   12.08    3.21  165.55  305.16
 2003 336   12.08    3.21  151.39  305.19
 2003 337   12.08    3.22  137.23  305.21
 2003 338   12.08    3.23  123.07  305.24
 2003 339   12.08    3.24  108.91  305.26
 2003 340   12.09    3.25   94.75  305.29
 2003 341   12.09    3.26   80.59  305.31
 2003 342   12.09    3.26   66.43  305.34
 2003 343   12.09    3.27   52.27  305.36
 2003 344   12.09    3.28  398.11  305.39
 2003 345   12.09    3.29  383.95  305.41
 2003 346   12.09    3.30  369.79  305.44
 2003 347   12.09    3.31  355.63  305.46
 2003 348   12.09    3.32  341.47  305.49
 2003 349   12.09    3.32  327.31  305.51
 2003 350   12.09    3.33  313.15  305.54
 2003 351   12.09    3.34  298.99  305.56
 2003 352   12.09    3.35  284.83  305.58
 2003 353   12.09    3.36  270.67  305.61
 2003 354   12.09    3.37  256.52  305.63
 2003 355   12.09    3.37  242.36  305.66
 2003 356   12.09    3.38  228.20  305.68
 2003 357   12.09    3.39  214.04  305.71
 2003 358   12.09    3.40  199.88  305.73
 2003 359   12.09    3.41  185.72  305.76
 2003 360   12.10    3.42  171.56  305.78
 2003 361   12.10    3.42  157.40  305.81
 2003 362   12.10    3.43  143.24  305.83
 2003 363   12.10    3.44  129.08  305.86
 2003 364   12.10    3.45  114.92  305.88
