 YYYY DOY     AU    HG_LAT  HG_LON  HGI_LON   from orbital elements with epoch: 2015-Apr-22.2624
 2013   1    7.00    4.27  216.06  273.69
 2013   2    7.00    4.27  201.93  273.75
 2013   3    7.00    4.27  187.81  273.81
 2013   4    7.00    4.27  173.68  273.87
 2013   5    6.99    4.27  159.56  273.92
 2013   6    6.99    4.27  145.43  273.98
 2013   7    6.99    4.27  131.31  274.04
 2013   8    6.99    4.27  117.18  274.10
 2013   9    6.98    4.27  103.05  274.16
 2013  10    6.98    4.26   88.93  274.22
 2013  11    6.98    4.26   74.80  274.28
 2013  12    6.98    4.26   60.68  274.34
 2013  13    6.97    4.26   46.55  274.40
 2013  14    6.97    4.26   32.43  274.46
 2013  15    6.97    4.26   18.30  274.51
 2013  16    6.97    4.26    4.18  274.57
 2013  17    6.96    4.26  350.05  274.63
 2013  18    6.96    4.26  335.93  274.69
 2013  19    6.96    4.26  321.80  274.75
 2013  20    6.96    4.26  307.68  274.81
 2013  21    6.95    4.25  293.55  274.87
 2013  22    6.95    4.25  279.43  274.93
 2013  23    6.95    4.25  265.30  274.99
 2013  24    6.95    4.25  251.18  275.05
 2013  25    6.95    4.25  237.05  275.11
 2013  26    6.94    4.25  222.93  275.17
 2013  27    6.94    4.25  208.80  275.23
 2013  28    6.94    4.25  194.68  275.29
 2013  29    6.94    4.25  180.55  275.35
 2013  30    6.93    4.25  166.43  275.41
 2013  31    6.93    4.25  152.31  275.47
 2013  32    6.93    4.24  138.18  275.53
 2013  33    6.93    4.24  124.06  275.59
 2013  34    6.92    4.24  109.93  275.65
 2013  35    6.92    4.24   95.81  275.71
 2013  36    6.92    4.24   81.68  275.77
 2013  37    6.92    4.24   67.56  275.83
 2013  38    6.91    4.24   53.43  275.89
 2013  39    6.91    4.24   39.31  275.95
 2013  40    6.91    4.24   25.19  276.01
 2013  41    6.91    4.24   11.06  276.07
 2013  42    6.91    4.24  356.94  276.13
 2013  43    6.90    4.23  342.81  276.19
 2013  44    6.90    4.23  328.69  276.25
 2013  45    6.90    4.23  314.57  276.31
 2013  46    6.90    4.23  300.44  276.37
 2013  47    6.89    4.23  286.32  276.43
 2013  48    6.89    4.23  272.19  276.49
 2013  49    6.89    4.23  258.07  276.55
 2013  50    6.89    4.23  243.95  276.61
 2013  51    6.88    4.23  229.82  276.67
 2013  52    6.88    4.22  215.70  276.73
 2013  53    6.88    4.22  201.58  276.80
 2013  54    6.88    4.22  187.45  276.86
 2013  55    6.87    4.22  173.33  276.92
 2013  56    6.87    4.22  159.21  276.98
 2013  57    6.87    4.22  145.08  277.04
 2013  58    6.87    4.22  130.96  277.10
 2013  59    6.87    4.22  116.84  277.16
 2013  60    6.86    4.22  102.71  277.22
 2013  61    6.86    4.21   88.59  277.28
 2013  62    6.86    4.21   74.47  277.34
 2013  63    6.86    4.21   60.34  277.41
 2013  64    6.85    4.21   46.22  277.47
 2013  65    6.85    4.21   32.10  277.53
 2013  66    6.85    4.21   17.97  277.59
 2013  67    6.85    4.21    3.85  277.65
 2013  68    6.84    4.21  349.73  277.71
 2013  69    6.84    4.21  335.60  277.77
 2013  70    6.84    4.20  321.48  277.83
 2013  71    6.84    4.20  307.36  277.90
 2013  72    6.84    4.20  293.23  277.96
 2013  73    6.83    4.20  279.11  278.02
 2013  74    6.83    4.20  264.99  278.08
 2013  75    6.83    4.20  250.87  278.14
 2013  76    6.83    4.20  236.74  278.20
 2013  77    6.82    4.20  222.62  278.27
 2013  78    6.82    4.20  208.50  278.33
 2013  79    6.82    4.19  194.38  278.39
 2013  80    6.82    4.19  180.25  278.45
 2013  81    6.81    4.19  166.13  278.51
 2013  82    6.81    4.19  152.01  278.58
 2013  83    6.81    4.19  137.89  278.64
 2013  84    6.81    4.19  123.76  278.70
 2013  85    6.81    4.19  109.64  278.76
 2013  86    6.80    4.19   95.52  278.82
 2013  87    6.80    4.18   81.40  278.89
 2013  88    6.80    4.18   67.27  278.95
 2013  89    6.80    4.18   53.15  279.01
 2013  90    6.79    4.18   39.03  279.07
 2013  91    6.79    4.18   24.91  279.13
 2013  92    6.79    4.18   10.79  279.20
 2013  93    6.79    4.18  356.66  279.26
 2013  94    6.79    4.18  342.54  279.32
 2013  95    6.78    4.17  328.42  279.38
 2013  96    6.78    4.17  314.30  279.45
 2013  97    6.78    4.17  300.18  279.51
 2013  98    6.78    4.17  286.06  279.57
 2013  99    6.77    4.17  271.93  279.63
 2013 100    6.77    4.17  257.81  279.70
 2013 101    6.77    4.17  243.69  279.76
 2013 102    6.77    4.16  229.57  279.82
 2013 103    6.77    4.16  215.45  279.89
 2013 104    6.76    4.16  201.33  279.95
 2013 105    6.76    4.16  187.20  280.01
 2013 106    6.76    4.16  173.08  280.07
 2013 107    6.76    4.16  158.96  280.14
 2013 108    6.75    4.16  144.84  280.20
 2013 109    6.75    4.16  130.72  280.26
 2013 110    6.75    4.15  116.60  280.33
 2013 111    6.75    4.15  102.48  280.39
 2013 112    6.74    4.15   88.35  280.45
 2013 113    6.74    4.15   74.23  280.52
 2013 114    6.74    4.15   60.11  280.58
 2013 115    6.74    4.15   45.99  280.64
 2013 116    6.74    4.15   31.87  280.71
 2013 117    6.73    4.14   17.75  280.77
 2013 118    6.73    4.14    3.63  280.83
 2013 119    6.73    4.14  349.51  280.90
 2013 120    6.73    4.14  335.39  280.96
 2013 121    6.72    4.14  321.27  281.02
 2013 122    6.72    4.14  307.14  281.09
 2013 123    6.72    4.14  293.02  281.15
 2013 124    6.72    4.13  278.90  281.21
 2013 125    6.72    4.13  264.78  281.28
 2013 126    6.71    4.13  250.66  281.34
 2013 127    6.71    4.13  236.54  281.41
 2013 128    6.71    4.13  222.42  281.47
 2013 129    6.71    4.13  208.30  281.53
 2013 130    6.70    4.12  194.18  281.60
 2013 131    6.70    4.12  180.06  281.66
 2013 132    6.70    4.12  165.94  281.73
 2013 133    6.70    4.12  151.82  281.79
 2013 134    6.70    4.12  137.70  281.85
 2013 135    6.69    4.12  123.58  281.92
 2013 136    6.69    4.12  109.46  281.98
 2013 137    6.69    4.11   95.34  282.05
 2013 138    6.69    4.11   81.22  282.11
 2013 139    6.69    4.11   67.10  282.18
 2013 140    6.68    4.11   52.98  282.24
 2013 141    6.68    4.11   38.86  282.30
 2013 142    6.68    4.11   24.74  282.37
 2013 143    6.68    4.10   10.62  282.43
 2013 144    6.67    4.10  356.50  282.50
 2013 145    6.67    4.10  342.38  282.56
 2013 146    6.67    4.10  328.26  282.63
 2013 147    6.67    4.10  314.14  282.69
 2013 148    6.67    4.10  300.02  282.76
 2013 149    6.66    4.10  285.90  282.82
 2013 150    6.66    4.09  271.78  282.89
 2013 151    6.66    4.09  257.66  282.95
 2013 152    6.66    4.09  243.54  283.02
 2013 153    6.65    4.09  229.42  283.08
 2013 154    6.65    4.09  215.30  283.15
 2013 155    6.65    4.09  201.18  283.21
 2013 156    6.65    4.08  187.06  283.28
 2013 157    6.65    4.08  172.94  283.34
 2013 158    6.64    4.08  158.82  283.41
 2013 159    6.64    4.08  144.71  283.47
 2013 160    6.64    4.08  130.59  283.54
 2013 161    6.64    4.08  116.47  283.60
 2013 162    6.64    4.07  102.35  283.67
 2013 163    6.63    4.07   88.23  283.73
 2013 164    6.63    4.07   74.11  283.80
 2013 165    6.63    4.07   59.99  283.86
 2013 166    6.63    4.07   45.87  283.93
 2013 167    6.62    4.06   31.75  283.99
 2013 168    6.62    4.06   17.63  284.06
 2013 169    6.62    4.06    3.52  284.12
 2013 170    6.62    4.06  349.40  284.19
 2013 171    6.62    4.06  335.28  284.26
 2013 172    6.61    4.06  321.16  284.32
 2013 173    6.61    4.05  307.04  284.39
 2013 174    6.61    4.05  292.92  284.45
 2013 175    6.61    4.05  278.80  284.52
 2013 176    6.61    4.05  264.69  284.59
 2013 177    6.60    4.05  250.57  284.65
 2013 178    6.60    4.05  236.45  284.72
 2013 179    6.60    4.04  222.33  284.78
 2013 180    6.60    4.04  208.21  284.85
 2013 181    6.59    4.04  194.09  284.92
 2013 182    6.59    4.04  179.98  284.98
 2013 183    6.59    4.04  165.86  285.05
 2013 184    6.59    4.03  151.74  285.11
 2013 185    6.59    4.03  137.62  285.18
 2013 186    6.58    4.03  123.50  285.25
 2013 187    6.58    4.03  109.38  285.31
 2013 188    6.58    4.03   95.27  285.38
 2013 189    6.58    4.02   81.15  285.45
 2013 190    6.58    4.02   67.03  285.51
 2013 191    6.57    4.02   52.91  285.58
 2013 192    6.57    4.02   38.79  285.65
 2013 193    6.57    4.02   24.68  285.71
 2013 194    6.57    4.02   10.56  285.78
 2013 195    6.57    4.01  356.44  285.85
 2013 196    6.56    4.01  342.32  285.91
 2013 197    6.56    4.01  328.21  285.98
 2013 198    6.56    4.01  314.09  286.05
 2013 199    6.56    4.01  299.97  286.11
 2013 200    6.55    4.00  285.85  286.18
 2013 201    6.55    4.00  271.74  286.25
 2013 202    6.55    4.00  257.62  286.31
 2013 203    6.55    4.00  243.50  286.38
 2013 204    6.55    4.00  229.38  286.45
 2013 205    6.54    3.99  215.27  286.51
 2013 206    6.54    3.99  201.15  286.58
 2013 207    6.54    3.99  187.03  286.65
 2013 208    6.54    3.99  172.92  286.72
 2013 209    6.54    3.99  158.80  286.78
 2013 210    6.53    3.98  144.68  286.85
 2013 211    6.53    3.98  130.56  286.92
 2013 212    6.53    3.98  116.45  286.99
 2013 213    6.53    3.98  102.33  287.05
 2013 214    6.53    3.98   88.21  287.12
 2013 215    6.52    3.97   74.10  287.19
 2013 216    6.52    3.97   59.98  287.26
 2013 217    6.52    3.97   45.86  287.32
 2013 218    6.52    3.97   31.75  287.39
 2013 219    6.52    3.97   17.63  287.46
 2013 220    6.51    3.96    3.51  287.53
 2013 221    6.51    3.96  349.40  287.59
 2013 222    6.51    3.96  335.28  287.66
 2013 223    6.51    3.96  321.16  287.73
 2013 224    6.51    3.95  307.05  287.80
 2013 225    6.50    3.95  292.93  287.87
 2013 226    6.50    3.95  278.81  287.93
 2013 227    6.50    3.95  264.70  288.00
 2013 228    6.50    3.95  250.58  288.07
 2013 229    6.50    3.94  236.46  288.14
 2013 230    6.49    3.94  222.35  288.21
 2013 231    6.49    3.94  208.23  288.27
 2013 232    6.49    3.94  194.12  288.34
 2013 233    6.49    3.94  180.00  288.41
 2013 234    6.49    3.93  165.88  288.48
 2013 235    6.48    3.93  151.77  288.55
 2013 236    6.48    3.93  137.65  288.62
 2013 237    6.48    3.93  123.54  288.68
 2013 238    6.48    3.92  109.42  288.75
 2013 239    6.48    3.92   95.30  288.82
 2013 240    6.47    3.92   81.19  288.89
 2013 241    6.47    3.92   67.07  288.96
 2013 242    6.47    3.92   52.96  289.03
 2013 243    6.47    3.91   38.84  289.10
 2013 244    6.47    3.91   24.73  289.16
 2013 245    6.46    3.91   10.61  289.23
 2013 246    6.46    3.91  356.49  289.30
 2013 247    6.46    3.90  342.38  289.37
 2013 248    6.46    3.90  328.26  289.44
 2013 249    6.46    3.90  314.15  289.51
 2013 250    6.45    3.90  300.03  289.58
 2013 251    6.45    3.90  285.92  289.65
 2013 252    6.45    3.89  271.80  289.72
 2013 253    6.45    3.89  257.69  289.78
 2013 254    6.45    3.89  243.57  289.85
 2013 255    6.44    3.89  229.46  289.92
 2013 256    6.44    3.88  215.34  289.99
 2013 257    6.44    3.88  201.23  290.06
 2013 258    6.44    3.88  187.11  290.13
 2013 259    6.44    3.88  173.00  290.20
 2013 260    6.43    3.87  158.88  290.27
 2013 261    6.43    3.87  144.77  290.34
 2013 262    6.43    3.87  130.65  290.41
 2013 263    6.43    3.87  116.54  290.48
 2013 264    6.43    3.86  102.42  290.55
 2013 265    6.42    3.86   88.31  290.62
 2013 266    6.42    3.86   74.19  290.69
 2013 267    6.42    3.86   60.08  290.76
 2013 268    6.42    3.85   45.96  290.83
 2013 269    6.42    3.85   31.85  290.90
 2013 270    6.41    3.85   17.73  290.97
 2013 271    6.41    3.85    3.62  291.04
 2013 272    6.41    3.85  349.50  291.11
 2013 273    6.41    3.84  335.39  291.18
 2013 274    6.41    3.84  321.27  291.25
 2013 275    6.41    3.84  307.16  291.32
 2013 276    6.40    3.84  293.05  291.39
 2013 277    6.40    3.83  278.93  291.46
 2013 278    6.40    3.83  264.82  291.53
 2013 279    6.40    3.83  250.70  291.60
 2013 280    6.40    3.83  236.59  291.67
 2013 281    6.39    3.82  222.47  291.74
 2013 282    6.39    3.82  208.36  291.81
 2013 283    6.39    3.82  194.25  291.88
 2013 284    6.39    3.82  180.13  291.95
 2013 285    6.39    3.81  166.02  292.02
 2013 286    6.38    3.81  151.91  292.09
 2013 287    6.38    3.81  137.79  292.16
 2013 288    6.38    3.80  123.68  292.23
 2013 289    6.38    3.80  109.56  292.30
 2013 290    6.38    3.80   95.45  292.37
 2013 291    6.38    3.80   81.34  292.44
 2013 292    6.37    3.79   67.22  292.51
 2013 293    6.37    3.79   53.11  292.58
 2013 294    6.37    3.79   39.00  292.65
 2013 295    6.37    3.79   24.88  292.72
 2013 296    6.37    3.78   10.77  292.80
 2013 297    6.36    3.78  356.65  292.87
 2013 298    6.36    3.78  342.54  292.94
 2013 299    6.36    3.78  328.43  293.01
 2013 300    6.36    3.77  314.31  293.08
 2013 301    6.36    3.77  300.20  293.15
 2013 302    6.35    3.77  286.09  293.22
 2013 303    6.35    3.77  271.97  293.29
 2013 304    6.35    3.76  257.86  293.36
 2013 305    6.35    3.76  243.75  293.44
 2013 306    6.35    3.76  229.64  293.51
 2013 307    6.35    3.75  215.52  293.58
 2013 308    6.34    3.75  201.41  293.65
 2013 309    6.34    3.75  187.30  293.72
 2013 310    6.34    3.75  173.18  293.79
 2013 311    6.34    3.74  159.07  293.86
 2013 312    6.34    3.74  144.96  293.94
 2013 313    6.33    3.74  130.84  294.01
 2013 314    6.33    3.74  116.73  294.08
 2013 315    6.33    3.73  102.62  294.15
 2013 316    6.33    3.73   88.51  294.22
 2013 317    6.33    3.73   74.39  294.29
 2013 318    6.33    3.72   60.28  294.37
 2013 319    6.32    3.72   46.17  294.44
 2013 320    6.32    3.72   32.06  294.51
 2013 321    6.32    3.72   17.94  294.58
 2013 322    6.32    3.71    3.83  294.65
 2013 323    6.32    3.71  349.72  294.73
 2013 324    6.31    3.71  335.61  294.80
 2013 325    6.31    3.70  321.49  294.87
 2013 326    6.31    3.70  307.38  294.94
 2013 327    6.31    3.70  293.27  295.01
 2013 328    6.31    3.70  279.16  295.09
 2013 329    6.31    3.69  265.05  295.16
 2013 330    6.30    3.69  250.93  295.23
 2013 331    6.30    3.69  236.82  295.30
 2013 332    6.30    3.68  222.71  295.38
 2013 333    6.30    3.68  208.60  295.45
 2013 334    6.30    3.68  194.49  295.52
 2013 335    6.29    3.68  180.37  295.59
 2013 336    6.29    3.67  166.26  295.67
 2013 337    6.29    3.67  152.15  295.74
 2013 338    6.29    3.67  138.04  295.81
 2013 339    6.29    3.66  123.93  295.88
 2013 340    6.29    3.66  109.81  295.96
 2013 341    6.28    3.66   95.70  296.03
 2013 342    6.28    3.66   81.59  296.10
 2013 343    6.28    3.65   67.48  296.17
 2013 344    6.28    3.65   53.37  296.25
 2013 345    6.28    3.65   39.26  296.32
 2013 346    6.28    3.64   25.15  296.39
 2013 347    6.27    3.64   11.03  296.47
 2013 348    6.27    3.64  356.92  296.54
 2013 349    6.27    3.63  342.81  296.61
 2013 350    6.27    3.63  328.70  296.68
 2013 351    6.27    3.63  314.59  296.76
 2013 352    6.27    3.62  300.48  296.83
 2013 353    6.26    3.62  286.37  296.90
 2013 354    6.26    3.62  272.25  296.98
 2013 355    6.26    3.62  258.14  297.05
 2013 356    6.26    3.61  244.03  297.12
 2013 357    6.26    3.61  229.92  297.20
 2013 358    6.26    3.61  215.81  297.27
 2013 359    6.25    3.60  201.70  297.34
 2013 360    6.25    3.60  187.59  297.42
 2013 361    6.25    3.60  173.48  297.49
 2013 362    6.25    3.59  159.37  297.56
 2013 363    6.25    3.59  145.26  297.64
 2013 364    6.24    3.59  131.15  297.71
 2013 365    6.24    3.58  117.03  297.79
 2014   1    6.24    3.58  102.92  297.86
 2014   2    6.24    3.58   88.81  297.93
 2014   3    6.24    3.58   74.70  298.01
 2014   4    6.24    3.57   60.59  298.08
 2014   5    6.23    3.57   46.48  298.15
 2014   6    6.23    3.57   32.37  298.23
 2014   7    6.23    3.56   18.26  298.30
 2014   8    6.23    3.56    4.15  298.38
 2014   9    6.23    3.56  350.04  298.45
 2014  10    6.23    3.55  335.93  298.52
 2014  11    6.22    3.55  321.82  298.60
 2014  12    6.22    3.55  307.71  298.67
 2014  13    6.22    3.54  293.60  298.75
 2014  14    6.22    3.54  279.49  298.82
 2014  15    6.22    3.54  265.38  298.90
 2014  16    6.22    3.53  251.27  298.97
 2014  17    6.21    3.53  237.16  299.04
 2014  18    6.21    3.53  223.05  299.12
 2014  19    6.21    3.52  208.94  299.19
 2014  20    6.21    3.52  194.83  299.27
 2014  21    6.21    3.52  180.72  299.34
 2014  22    6.21    3.51  166.61  299.42
 2014  23    6.21    3.51  152.50  299.49
 2014  24    6.20    3.51  138.39  299.57
 2014  25    6.20    3.50  124.28  299.64
 2014  26    6.20    3.50  110.17  299.71
 2014  27    6.20    3.50   96.06  299.79
 2014  28    6.20    3.49   81.95  299.86
 2014  29    6.20    3.49   67.84  299.94
 2014  30    6.19    3.49   53.73  300.01
 2014  31    6.19    3.48   39.62  300.09
 2014  32    6.19    3.48   25.51  300.16
 2014  33    6.19    3.48   11.40  300.24
 2014  34    6.19    3.47  357.29  300.31
 2014  35    6.19    3.47  343.18  300.39
 2014  36    6.18    3.47  329.07  300.46
 2014  37    6.18    3.46  314.97  300.54
 2014  38    6.18    3.46  300.86  300.61
 2014  39    6.18    3.46  286.75  300.69
 2014  40    6.18    3.45  272.64  300.76
 2014  41    6.18    3.45  258.53  300.84
 2014  42    6.17    3.45  244.42  300.91
 2014  43    6.17    3.44  230.31  300.99
 2014  44    6.17    3.44  216.20  301.07
 2014  45    6.17    3.44  202.09  301.14
 2014  46    6.17    3.43  187.98  301.22
 2014  47    6.17    3.43  173.87  301.29
 2014  48    6.17    3.42  159.77  301.37
 2014  49    6.16    3.42  145.66  301.44
 2014  50    6.16    3.42  131.55  301.52
 2014  51    6.16    3.41  117.44  301.59
 2014  52    6.16    3.41  103.33  301.67
 2014  53    6.16    3.41   89.22  301.75
 2014  54    6.16    3.40   75.11  301.82
 2014  55    6.15    3.40   61.00  301.90
 2014  56    6.15    3.40   46.90  301.97
 2014  57    6.15    3.39   32.79  302.05
 2014  58    6.15    3.39   18.68  302.12
 2014  59    6.15    3.39    4.57  302.20
 2014  60    6.15    3.38  350.46  302.28
 2014  61    6.15    3.38  336.35  302.35
 2014  62    6.14    3.37  322.24  302.43
 2014  63    6.14    3.37  308.14  302.50
 2014  64    6.14    3.37  294.03  302.58
 2014  65    6.14    3.36  279.92  302.66
 2014  66    6.14    3.36  265.81  302.73
 2014  67    6.14    3.36  251.70  302.81
 2014  68    6.14    3.35  237.60  302.89
 2014  69    6.13    3.35  223.49  302.96
 2014  70    6.13    3.35  209.38  303.04
 2014  71    6.13    3.34  195.27  303.11
 2014  72    6.13    3.34  181.16  303.19
 2014  73    6.13    3.33  167.06  303.27
 2014  74    6.13    3.33  152.95  303.34
 2014  75    6.12    3.33  138.84  303.42
 2014  76    6.12    3.32  124.73  303.50
 2014  77    6.12    3.32  110.62  303.57
 2014  78    6.12    3.32   96.52  303.65
 2014  79    6.12    3.31   82.41  303.73
 2014  80    6.12    3.31   68.30  303.80
 2014  81    6.12    3.30   54.19  303.88
 2014  82    6.11    3.30   40.09  303.96
 2014  83    6.11    3.30   25.98  304.03
 2014  84    6.11    3.29   11.87  304.11
 2014  85    6.11    3.29  357.76  304.19
 2014  86    6.11    3.29  343.66  304.26
 2014  87    6.11    3.28  329.55  304.34
 2014  88    6.11    3.28  315.44  304.42
 2014  89    6.10    3.27  301.33  304.50
 2014  90    6.10    3.27  287.23  304.57
 2014  91    6.10    3.27  273.12  304.65
 2014  92    6.10    3.26  259.01  304.73
 2014  93    6.10    3.26  244.90  304.80
 2014  94    6.10    3.25  230.80  304.88
 2014  95    6.10    3.25  216.69  304.96
 2014  96    6.09    3.25  202.58  305.04
 2014  97    6.09    3.24  188.48  305.11
 2014  98    6.09    3.24  174.37  305.19
 2014  99    6.09    3.24  160.26  305.27
 2014 100    6.09    3.23  146.15  305.34
 2014 101    6.09    3.23  132.05  305.42
 2014 102    6.09    3.22  117.94  305.50
 2014 103    6.08    3.22  103.83  305.58
 2014 104    6.08    3.22   89.73  305.65
 2014 105    6.08    3.21   75.62  305.73
 2014 106    6.08    3.21   61.51  305.81
 2014 107    6.08    3.20   47.41  305.89
 2014 108    6.08    3.20   33.30  305.97
 2014 109    6.08    3.20   19.19  306.04
 2014 110    6.08    3.19    5.09  306.12
 2014 111    6.07    3.19  350.98  306.20
 2014 112    6.07    3.18  336.87  306.28
 2014 113    6.07    3.18  322.77  306.35
 2014 114    6.07    3.18  308.66  306.43
 2014 115    6.07    3.17  294.55  306.51
 2014 116    6.07    3.17  280.45  306.59
 2014 117    6.07    3.16  266.34  306.67
 2014 118    6.06    3.16  252.23  306.74
 2014 119    6.06    3.16  238.13  306.82
 2014 120    6.06    3.15  224.02  306.90
 2014 121    6.06    3.15  209.91  306.98
 2014 122    6.06    3.14  195.81  307.06
 2014 123    6.06    3.14  181.70  307.13
 2014 124    6.06    3.14  167.60  307.21
 2014 125    6.06    3.13  153.49  307.29
 2014 126    6.05    3.13  139.38  307.37
 2014 127    6.05    3.12  125.28  307.45
 2014 128    6.05    3.12  111.17  307.53
 2014 129    6.05    3.11   97.07  307.60
 2014 130    6.05    3.11   82.96  307.68
 2014 131    6.05    3.11   68.85  307.76
 2014 132    6.05    3.10   54.75  307.84
 2014 133    6.04    3.10   40.64  307.92
 2014 134    6.04    3.09   26.54  308.00
 2014 135    6.04    3.09   12.43  308.08
 2014 136    6.04    3.09  358.32  308.15
 2014 137    6.04    3.08  344.22  308.23
 2014 138    6.04    3.08  330.11  308.31
 2014 139    6.04    3.07  316.01  308.39
 2014 140    6.04    3.07  301.90  308.47
 2014 141    6.03    3.06  287.80  308.55
 2014 142    6.03    3.06  273.69  308.63
 2014 143    6.03    3.06  259.59  308.71
 2014 144    6.03    3.05  245.48  308.78
 2014 145    6.03    3.05  231.37  308.86
 2014 146    6.03    3.04  217.27  308.94
 2014 147    6.03    3.04  203.16  309.02
 2014 148    6.03    3.03  189.06  309.10
 2014 149    6.02    3.03  174.95  309.18
 2014 150    6.02    3.03  160.85  309.26
 2014 151    6.02    3.02  146.74  309.34
 2014 152    6.02    3.02  132.64  309.42
 2014 153    6.02    3.01  118.53  309.50
 2014 154    6.02    3.01  104.43  309.57
 2014 155    6.02    3.00   90.32  309.65
 2014 156    6.02    3.00   76.22  309.73
 2014 157    6.01    3.00   62.11  309.81
 2014 158    6.01    2.99   48.01  309.89
 2014 159    6.01    2.99   33.90  309.97
 2014 160    6.01    2.98   19.80  310.05
 2014 161    6.01    2.98    5.69  310.13
 2014 162    6.01    2.97  351.59  310.21
 2014 163    6.01    2.97  337.48  310.29
 2014 164    6.01    2.97  323.38  310.37
 2014 165    6.01    2.96  309.27  310.45
 2014 166    6.00    2.96  295.17  310.53
 2014 167    6.00    2.95  281.06  310.61
 2014 168    6.00    2.95  266.96  310.69
 2014 169    6.00    2.94  252.85  310.77
 2014 170    6.00    2.94  238.75  310.85
 2014 171    6.00    2.93  224.64  310.93
 2014 172    6.00    2.93  210.54  311.01
 2014 173    6.00    2.93  196.43  311.09
 2014 174    5.99    2.92  182.33  311.16
 2014 175    5.99    2.92  168.22  311.24
 2014 176    5.99    2.91  154.12  311.32
 2014 177    5.99    2.91  140.02  311.40
 2014 178    5.99    2.90  125.91  311.48
 2014 179    5.99    2.90  111.81  311.56
 2014 180    5.99    2.89   97.70  311.64
 2014 181    5.99    2.89   83.60  311.72
 2014 182    5.99    2.88   69.49  311.80
 2014 183    5.98    2.88   55.39  311.88
 2014 184    5.98    2.88   41.28  311.96
 2014 185    5.98    2.87   27.18  312.04
 2014 186    5.98    2.87   13.08  312.12
 2014 187    5.98    2.86  358.97  312.21
 2014 188    5.98    2.86  344.87  312.29
 2014 189    5.98    2.85  330.76  312.37
 2014 190    5.98    2.85  316.66  312.45
 2014 191    5.98    2.84  302.56  312.53
 2014 192    5.97    2.84  288.45  312.61
 2014 193    5.97    2.83  274.35  312.69
 2014 194    5.97    2.83  260.24  312.77
 2014 195    5.97    2.83  246.14  312.85
 2014 196    5.97    2.82  232.04  312.93
 2014 197    5.97    2.82  217.93  313.01
 2014 198    5.97    2.81  203.83  313.09
 2014 199    5.97    2.81  189.72  313.17
 2014 200    5.97    2.80  175.62  313.25
 2014 201    5.96    2.80  161.52  313.33
 2014 202    5.96    2.79  147.41  313.41
 2014 203    5.96    2.79  133.31  313.49
 2014 204    5.96    2.78  119.20  313.57
 2014 205    5.96    2.78  105.10  313.65
 2014 206    5.96    2.77   91.00  313.73
 2014 207    5.96    2.77   76.89  313.81
 2014 208    5.96    2.76   62.79  313.90
 2014 209    5.96    2.76   48.69  313.98
 2014 210    5.96    2.75   34.58  314.06
 2014 211    5.95    2.75   20.48  314.14
 2014 212    5.95    2.75    6.38  314.22
 2014 213    5.95    2.74  352.27  314.30
 2014 214    5.95    2.74  338.17  314.38
 2014 215    5.95    2.73  324.07  314.46
 2014 216    5.95    2.73  309.96  314.54
 2014 217    5.95    2.72  295.86  314.62
 2014 218    5.95    2.72  281.76  314.71
 2014 219    5.95    2.71  267.65  314.79
 2014 220    5.95    2.71  253.55  314.87
 2014 221    5.94    2.70  239.45  314.95
 2014 222    5.94    2.70  225.34  315.03
 2014 223    5.94    2.69  211.24  315.11
 2014 224    5.94    2.69  197.14  315.19
 2014 225    5.94    2.68  183.03  315.27
 2014 226    5.94    2.68  168.93  315.35
 2014 227    5.94    2.67  154.83  315.44
 2014 228    5.94    2.67  140.72  315.52
 2014 229    5.94    2.66  126.62  315.60
 2014 230    5.94    2.66  112.52  315.68
 2014 231    5.93    2.65   98.41  315.76
 2014 232    5.93    2.65   84.31  315.84
 2014 233    5.93    2.64   70.21  315.92
 2014 234    5.93    2.64   56.11  316.01
 2014 235    5.93    2.63   42.00  316.09
 2014 236    5.93    2.63   27.90  316.17
 2014 237    5.93    2.62   13.80  316.25
 2014 238    5.93    2.62  359.69  316.33
 2014 239    5.93    2.61  345.59  316.41
 2014 240    5.93    2.61  331.49  316.49
 2014 241    5.93    2.60  317.39  316.58
 2014 242    5.92    2.60  303.28  316.66
 2014 243    5.92    2.59  289.18  316.74
 2014 244    5.92    2.59  275.08  316.82
 2014 245    5.92    2.58  260.97  316.90
 2014 246    5.92    2.58  246.87  316.99
 2014 247    5.92    2.57  232.77  317.07
 2014 248    5.92    2.57  218.67  317.15
 2014 249    5.92    2.56  204.56  317.23
 2014 250    5.92    2.56  190.46  317.31
 2014 251    5.92    2.55  176.36  317.39
 2014 252    5.92    2.55  162.26  317.48
 2014 253    5.91    2.54  148.15  317.56
 2014 254    5.91    2.54  134.05  317.64
 2014 255    5.91    2.53  119.95  317.72
 2014 256    5.91    2.53  105.85  317.80
 2014 257    5.91    2.52   91.74  317.89
 2014 258    5.91    2.52   77.64  317.97
 2014 259    5.91    2.51   63.54  318.05
 2014 260    5.91    2.51   49.44  318.13
 2014 261    5.91    2.50   35.34  318.21
 2014 262    5.91    2.50   21.23  318.30
 2014 263    5.91    2.49    7.13  318.38
 2014 264    5.91    2.49  353.03  318.46
 2014 265    5.90    2.48  338.93  318.54
 2014 266    5.90    2.48  324.82  318.63
 2014 267    5.90    2.47  310.72  318.71
 2014 268    5.90    2.47  296.62  318.79
 2014 269    5.90    2.46  282.52  318.87
 2014 270    5.90    2.46  268.42  318.95
 2014 271    5.90    2.45  254.31  319.04
 2014 272    5.90    2.45  240.21  319.12
 2014 273    5.90    2.44  226.11  319.20
 2014 274    5.90    2.44  212.01  319.28
 2014 275    5.90    2.43  197.91  319.37
 2014 276    5.90    2.43  183.80  319.45
 2014 277    5.89    2.42  169.70  319.53
 2014 278    5.89    2.42  155.60  319.61
 2014 279    5.89    2.41  141.50  319.70
 2014 280    5.89    2.41  127.40  319.78
 2014 281    5.89    2.40  113.29  319.86
 2014 282    5.89    2.40   99.19  319.94
 2014 283    5.89    2.39   85.09  320.03
 2014 284    5.89    2.39   70.99  320.11
 2014 285    5.89    2.38   56.89  320.19
 2014 286    5.89    2.38   42.79  320.27
 2014 287    5.89    2.37   28.68  320.36
 2014 288    5.89    2.36   14.58  320.44
 2014 289    5.89    2.36    0.48  320.52
 2014 290    5.89    2.35  346.38  320.61
 2014 291    5.88    2.35  332.28  320.69
 2014 292    5.88    2.34  318.18  320.77
 2014 293    5.88    2.34  304.07  320.85
 2014 294    5.88    2.33  289.97  320.94
 2014 295    5.88    2.33  275.87  321.02
 2014 296    5.88    2.32  261.77  321.10
 2014 297    5.88    2.32  247.67  321.19
 2014 298    5.88    2.31  233.57  321.27
 2014 299    5.88    2.31  219.47  321.35
 2014 300    5.88    2.30  205.36  321.43
 2014 301    5.88    2.30  191.26  321.52
 2014 302    5.88    2.29  177.16  321.60
 2014 303    5.88    2.29  163.06  321.68
 2014 304    5.88    2.28  148.96  321.77
 2014 305    5.87    2.27  134.86  321.85
 2014 306    5.87    2.27  120.76  321.93
 2014 307    5.87    2.26  106.65  322.01
 2014 308    5.87    2.26   92.55  322.10
 2014 309    5.87    2.25   78.45  322.18
 2014 310    5.87    2.25   64.35  322.26
 2014 311    5.87    2.24   50.25  322.35
 2014 312    5.87    2.24   36.15  322.43
 2014 313    5.87    2.23   22.05  322.51
 2014 314    5.87    2.23    7.95  322.60
 2014 315    5.87    2.22  353.84  322.68
 2014 316    5.87    2.21  339.74  322.76
 2014 317    5.87    2.21  325.64  322.85
 2014 318    5.87    2.20  311.54  322.93
 2014 319    5.87    2.20  297.44  323.01
 2014 320    5.86    2.19  283.34  323.10
 2014 321    5.86    2.19  269.24  323.18
 2014 322    5.86    2.18  255.14  323.26
 2014 323    5.86    2.18  241.04  323.35
 2014 324    5.86    2.17  226.93  323.43
 2014 325    5.86    2.17  212.83  323.51
 2014 326    5.86    2.16  198.73  323.60
 2014 327    5.86    2.15  184.63  323.68
 2014 328    5.86    2.15  170.53  323.76
 2014 329    5.86    2.14  156.43  323.85
 2014 330    5.86    2.14  142.33  323.93
 2014 331    5.86    2.13  128.23  324.01
 2014 332    5.86    2.13  114.13  324.10
 2014 333    5.86    2.12  100.03  324.18
 2014 334    5.86    2.12   85.92  324.26
 2014 335    5.86    2.11   71.82  324.35
 2014 336    5.86    2.11   57.72  324.43
 2014 337    5.85    2.10   43.62  324.51
 2014 338    5.85    2.09   29.52  324.60
 2014 339    5.85    2.09   15.42  324.68
 2014 340    5.85    2.08    1.32  324.77
 2014 341    5.85    2.08  347.22  324.85
 2014 342    5.85    2.07  333.12  324.93
 2014 343    5.85    2.07  319.02  325.02
 2014 344    5.85    2.06  304.92  325.10
 2014 345    5.85    2.06  290.82  325.18
 2014 346    5.85    2.05  276.72  325.27
 2014 347    5.85    2.04  262.61  325.35
 2014 348    5.85    2.04  248.51  325.44
 2014 349    5.85    2.03  234.41  325.52
 2014 350    5.85    2.03  220.31  325.60
 2014 351    5.85    2.02  206.21  325.69
 2014 352    5.85    2.02  192.11  325.77
 2014 353    5.85    2.01  178.01  325.85
 2014 354    5.85    2.00  163.91  325.94
 2014 355    5.85    2.00  149.81  326.02
 2014 356    5.84    1.99  135.71  326.11
 2014 357    5.84    1.99  121.61  326.19
 2014 358    5.84    1.98  107.51  326.27
 2014 359    5.84    1.98   93.41  326.36
 2014 360    5.84    1.97   79.31  326.44
 2014 361    5.84    1.96   65.21  326.53
 2014 362    5.84    1.96   51.11  326.61
 2014 363    5.84    1.95   37.01  326.69
 2014 364    5.84    1.95   22.91  326.78
 2014 365    5.84    1.94    8.80  326.86
 2015   1    5.84    1.94  354.70  326.94
 2015   2    5.84    1.93  340.60  327.03
 2015   3    5.84    1.93  326.50  327.11
 2015   4    5.84    1.92  312.40  327.20
 2015   5    5.84    1.91  298.30  327.28
 2015   6    5.84    1.91  284.20  327.36
 2015   7    5.84    1.90  270.10  327.45
 2015   8    5.84    1.90  256.00  327.53
 2015   9    5.84    1.89  241.90  327.62
 2015  10    5.84    1.89  227.80  327.70
 2015  11    5.84    1.88  213.70  327.79
 2015  12    5.84    1.87  199.60  327.87
 2015  13    5.84    1.87  185.50  327.95
 2015  14    5.83    1.86  171.40  328.04
 2015  15    5.83    1.86  157.30  328.12
 2015  16    5.83    1.85  143.20  328.21
 2015  17    5.83    1.84  129.10  328.29
 2015  18    5.83    1.84  115.00  328.37
 2015  19    5.83    1.83  100.90  328.46
 2015  20    5.83    1.83   86.80  328.54
 2015  21    5.83    1.82   72.70  328.63
 2015  22    5.83    1.82   58.60  328.71
 2015  23    5.83    1.81   44.50  328.80
 2015  24    5.83    1.80   30.40  328.88
 2015  25    5.83    1.80   16.30  328.96
 2015  26    5.83    1.79    2.20  329.05
 2015  27    5.83    1.79  348.10  329.13
 2015  28    5.83    1.78  334.00  329.22
 2015  29    5.83    1.77  319.90  329.30
 2015  30    5.83    1.77  305.80  329.38
 2015  31    5.83    1.76  291.70  329.47
 2015  32    5.83    1.76  277.60  329.55
 2015  33    5.83    1.75  263.50  329.64
 2015  34    5.83    1.75  249.40  329.72
 2015  35    5.83    1.74  235.30  329.81
 2015  36    5.83    1.73  221.20  329.89
 2015  37    5.83    1.73  207.10  329.98
 2015  38    5.83    1.72  193.00  330.06
 2015  39    5.83    1.72  178.90  330.14
 2015  40    5.83    1.71  164.80  330.23
 2015  41    5.83    1.70  150.70  330.31
 2015  42    5.83    1.70  136.60  330.40
 2015  43    5.83    1.69  122.50  330.48
 2015  44    5.82    1.69  108.40  330.57
 2015  45    5.82    1.68   94.30  330.65
 2015  46    5.82    1.68   80.20  330.73
 2015  47    5.82    1.67   66.10  330.82
 2015  48    5.82    1.66   52.00  330.90
 2015  49    5.82    1.66   37.90  330.99
 2015  50    5.82    1.65   23.80  331.07
 2015  51    5.82    1.65    9.70  331.16
 2015  52    5.82    1.64  355.60  331.24
 2015  53    5.82    1.63  341.50  331.33
 2015  54    5.82    1.63  327.40  331.41
 2015  55    5.82    1.62  313.30  331.49
 2015  56    5.82    1.62  299.20  331.58
 2015  57    5.82    1.61  285.10  331.66
 2015  58    5.82    1.60  271.00  331.75
 2015  59    5.82    1.60  256.90  331.83
 2015  60    5.82    1.59  242.80  331.92
 2015  61    5.82    1.59  228.70  332.00
 2015  62    5.82    1.58  214.60  332.09
 2015  63    5.82    1.57  200.50  332.17
 2015  64    5.82    1.57  186.40  332.25
 2015  65    5.82    1.56  172.30  332.34
 2015  66    5.82    1.56  158.20  332.42
 2015  67    5.82    1.55  144.10  332.51
 2015  68    5.82    1.54  130.00  332.59
 2015  69    5.82    1.54  115.90  332.68
 2015  70    5.82    1.53  101.80  332.76
 2015  71    5.82    1.53   87.70  332.85
 2015  72    5.82    1.52   73.60  332.93
 2015  73    5.82    1.51   59.50  333.02
 2015  74    5.82    1.51   45.40  333.10
 2015  75    5.82    1.50   31.30  333.18
 2015  76    5.82    1.50   17.20  333.27
 2015  77    5.82    1.49    3.10  333.35
 2015  78    5.82    1.48  349.00  333.44
 2015  79    5.82    1.48  334.90  333.52
 2015  80    5.82    1.47  320.80  333.61
 2015  81    5.82    1.47  306.70  333.69
 2015  82    5.82    1.46  292.60  333.78
 2015  83    5.82    1.45  278.50  333.86
 2015  84    5.82    1.45  264.40  333.95
 2015  85    5.82    1.44  250.30  334.03
 2015  86    5.82    1.44  236.20  334.12
 2015  87    5.82    1.43  222.10  334.20
 2015  88    5.82    1.42  208.00  334.28
 2015  89    5.82    1.42  193.90  334.37
 2015  90    5.82    1.41  179.80  334.45
 2015  91    5.82    1.41  165.70  334.54
 2015  92    5.82    1.40  151.60  334.62
 2015  93    5.82    1.39  137.50  334.71
 2015  94    5.82    1.39  123.40  334.79
 2015  95    5.82    1.38  109.30  334.88
 2015  96    5.82    1.37   95.20  334.96
 2015  97    5.82    1.37   81.10  335.05
 2015  98    5.82    1.36   67.00  335.13
 2015  99    5.82    1.36   52.90  335.22
 2015 100    5.82    1.35   38.80  335.30
 2015 101    5.82    1.34   24.70  335.38
 2015 102    5.82    1.34   10.60  335.47
 2015 103    5.82    1.33  356.51  335.55
 2015 104    5.82    1.33  342.41  335.64
 2015 105    5.82    1.32  328.31  335.72
 2015 106    5.82    1.31  314.21  335.81
 2015 107    5.82    1.31  300.11  335.89
 2015 108    5.82    1.30  286.01  335.98
 2015 109    5.82    1.30  271.91  336.06
 2015 110    5.82    1.29  257.81  336.15
 2015 111    5.82    1.28  243.71  336.23
 2015 112    5.82    1.28  229.61  336.32
 2015 113    5.82    1.27  215.51  336.40
 2015 114    5.82    1.26  201.41  336.49
 2015 115    5.82    1.26  187.31  336.57
 2015 116    5.82    1.25  173.21  336.65
 2015 117    5.82    1.25  159.11  336.74
 2015 118    5.82    1.24  145.01  336.82
 2015 119    5.82    1.23  130.91  336.91
 2015 120    5.82    1.23  116.81  336.99
 2015 121    5.82    1.22  102.71  337.08
 2015 122    5.82    1.22   88.61  337.16
 2015 123    5.82    1.21   74.51  337.25
 2015 124    5.82    1.20   60.41  337.33
 2015 125    5.82    1.20   46.31  337.42
 2015 126    5.82    1.19   32.21  337.50
 2015 127    5.82    1.18   18.11  337.59
 2015 128    5.82    1.18    4.01  337.67
 2015 129    5.82    1.17  349.91  337.75
 2015 130    5.82    1.17  335.81  337.84
 2015 131    5.82    1.16  321.71  337.92
 2015 132    5.82    1.15  307.61  338.01
 2015 133    5.82    1.15  293.51  338.09
 2015 134    5.82    1.14  279.41  338.18
 2015 135    5.82    1.14  265.31  338.26
 2015 136    5.82    1.13  251.21  338.35
 2015 137    5.82    1.12  237.11  338.43
 2015 138    5.82    1.12  223.01  338.52
 2015 139    5.82    1.11  208.91  338.60
 2015 140    5.82    1.10  194.81  338.69
 2015 141    5.82    1.10  180.71  338.77
 2015 142    5.82    1.09  166.61  338.85
 2015 143    5.82    1.09  152.51  338.94
 2015 144    5.82    1.08  138.41  339.02
 2015 145    5.82    1.07  124.31  339.11
 2015 146    5.82    1.07  110.21  339.19
 2015 147    5.82    1.06   96.11  339.28
 2015 148    5.82    1.05   82.01  339.36
 2015 149    5.82    1.05   67.91  339.45
 2015 150    5.82    1.04   53.81  339.53
 2015 151    5.82    1.04   39.72  339.62
 2015 152    5.82    1.03   25.62  339.70
 2015 153    5.82    1.02   11.52  339.78
 2015 154    5.82    1.02  357.42  339.87
 2015 155    5.82    1.01  343.32  339.95
 2015 156    5.82    1.00  329.22  340.04
 2015 157    5.82    1.00  315.12  340.12
 2015 158    5.82    0.99  301.02  340.21
 2015 159    5.82    0.99  286.92  340.29
 2015 160    5.82    0.98  272.82  340.38
 2015 161    5.82    0.97  258.72  340.46
 2015 162    5.82    0.97  244.62  340.54
 2015 163    5.82    0.96  230.52  340.63
 2015 164    5.82    0.95  216.42  340.71
 2015 165    5.82    0.95  202.32  340.80
 2015 166    5.82    0.94  188.22  340.88
 2015 167    5.82    0.94  174.12  340.97
 2015 168    5.82    0.93  160.02  341.05
 2015 169    5.82    0.92  145.92  341.14
 2015 170    5.82    0.92  131.82  341.22
 2015 171    5.82    0.91  117.72  341.30
 2015 172    5.82    0.90  103.62  341.39
 2015 173    5.82    0.90   89.52  341.47
 2015 174    5.82    0.89   75.42  341.56
 2015 175    5.82    0.89   61.32  341.64
 2015 176    5.82    0.88   47.22  341.73
 2015 177    5.82    0.87   33.12  341.81
 2015 178    5.82    0.87   19.02  341.90
 2015 179    5.82    0.86    4.92  341.98
 2015 180    5.82    0.85  350.82  342.06
 2015 181    5.83    0.85  336.72  342.15
 2015 182    5.83    0.84  322.62  342.23
 2015 183    5.83    0.84  308.52  342.32
 2015 184    5.83    0.83  294.42  342.40
 2015 185    5.83    0.82  280.32  342.49
 2015 186    5.83    0.82  266.22  342.57
 2015 187    5.83    0.81  252.12  342.65
 2015 188    5.83    0.80  238.02  342.74
 2015 189    5.83    0.80  223.92  342.82
 2015 190    5.83    0.79  209.82  342.91
 2015 191    5.83    0.79  195.72  342.99
 2015 192    5.83    0.78  181.62  343.08
 2015 193    5.83    0.77  167.52  343.16
 2015 194    5.83    0.77  153.42  343.24
 2015 195    5.83    0.76  139.31  343.33
 2015 196    5.83    0.75  125.21  343.41
 2015 197    5.83    0.75  111.11  343.50
 2015 198    5.83    0.74   97.01  343.58
 2015 199    5.83    0.73   82.91  343.67
 2015 200    5.83    0.73   68.81  343.75
 2015 201    5.83    0.72   54.71  343.83
 2015 202    5.83    0.72   40.61  343.92
 2015 203    5.83    0.71   26.51  344.00
 2015 204    5.83    0.70   12.41  344.09
 2015 205    5.83    0.70  358.31  344.17
 2015 206    5.83    0.69  344.21  344.25
 2015 207    5.83    0.68  330.11  344.34
 2015 208    5.83    0.68  316.01  344.42
 2015 209    5.83    0.67  301.91  344.51
 2015 210    5.83    0.67  287.81  344.59
 2015 211    5.84    0.66  273.71  344.67
 2015 212    5.84    0.65  259.61  344.76
 2015 213    5.84    0.65  245.51  344.84
 2015 214    5.84    0.64  231.41  344.93
 2015 215    5.84    0.63  217.31  345.01
 2015 216    5.84    0.63  203.21  345.09
 2015 217    5.84    0.62  189.11  345.18
 2015 218    5.84    0.62  175.01  345.26
 2015 219    5.84    0.61  160.91  345.35
 2015 220    5.84    0.60  146.81  345.43
 2015 221    5.84    0.60  132.71  345.51
 2015 222    5.84    0.59  118.61  345.60
 2015 223    5.84    0.58  104.51  345.68
 2015 224    5.84    0.58   90.41  345.77
 2015 225    5.84    0.57   76.30  345.85
 2015 226    5.84    0.56   62.20  345.93
 2015 227    5.84    0.56   48.10  346.02
 2015 228    5.84    0.55   34.00  346.10
 2015 229    5.84    0.55   19.90  346.19
 2015 230    5.84    0.54    5.80  346.27
 2015 231    5.84    0.53  351.70  346.35
 2015 232    5.84    0.53  337.60  346.44
 2015 233    5.84    0.52  323.50  346.52
 2015 234    5.85    0.51  309.40  346.60
 2015 235    5.85    0.51  295.30  346.69
 2015 236    5.85    0.50  281.20  346.77
 2015 237    5.85    0.50  267.10  346.86
 2015 238    5.85    0.49  253.00  346.94
 2015 239    5.85    0.48  238.90  347.02
 2015 240    5.85    0.48  224.80  347.11
 2015 241    5.85    0.47  210.69  347.19
 2015 242    5.85    0.46  196.59  347.27
 2015 243    5.85    0.46  182.49  347.36
 2015 244    5.85    0.45  168.39  347.44
 2015 245    5.85    0.44  154.29  347.52
 2015 246    5.85    0.44  140.19  347.61
 2015 247    5.85    0.43  126.09  347.69
 2015 248    5.85    0.43  111.99  347.78
 2015 249    5.85    0.42   97.89  347.86
 2015 250    5.85    0.41   83.79  347.94
 2015 251    5.85    0.41   69.69  348.03
 2015 252    5.85    0.40   55.59  348.11
 2015 253    5.86    0.39   41.48  348.19
 2015 254    5.86    0.39   27.38  348.28
 2015 255    5.86    0.38   13.28  348.36
 2015 256    5.86    0.38  359.18  348.44
 2015 257    5.86    0.37  345.08  348.53
 2015 258    5.86    0.36  330.98  348.61
 2015 259    5.86    0.36  316.88  348.69
 2015 260    5.86    0.35  302.78  348.78
 2015 261    5.86    0.34  288.68  348.86
 2015 262    5.86    0.34  274.58  348.94
 2015 263    5.86    0.33  260.47  349.03
 2015 264    5.86    0.32  246.37  349.11
 2015 265    5.86    0.32  232.27  349.19
 2015 266    5.86    0.31  218.17  349.28
 2015 267    5.86    0.31  204.07  349.36
 2015 268    5.86    0.30  189.97  349.44
 2015 269    5.86    0.29  175.87  349.53
 2015 270    5.87    0.29  161.77  349.61
 2015 271    5.87    0.28  147.66  349.69
 2015 272    5.87    0.27  133.56  349.78
 2015 273    5.87    0.27  119.46  349.86
 2015 274    5.87    0.26  105.36  349.94
 2015 275    5.87    0.26   91.26  350.03
 2015 276    5.87    0.25   77.16  350.11
 2015 277    5.87    0.24   63.06  350.19
 2015 278    5.87    0.24   48.96  350.27
 2015 279    5.87    0.23   34.85  350.36
 2015 280    5.87    0.22   20.75  350.44
 2015 281    5.87    0.22    6.65  350.52
 2015 282    5.87    0.21  352.55  350.61
 2015 283    5.87    0.21  338.45  350.69
 2015 284    5.87    0.20  324.35  350.77
 2015 285    5.87    0.19  310.25  350.85
 2015 286    5.88    0.19  296.14  350.94
 2015 287    5.88    0.18  282.04  351.02
 2015 288    5.88    0.17  267.94  351.10
 2015 289    5.88    0.17  253.84  351.19
 2015 290    5.88    0.16  239.74  351.27
 2015 291    5.88    0.15  225.64  351.35
 2015 292    5.88    0.15  211.53  351.43
 2015 293    5.88    0.14  197.43  351.52
 2015 294    5.88    0.14  183.33  351.60
 2015 295    5.88    0.13  169.23  351.68
 2015 296    5.88    0.12  155.13  351.77
 2015 297    5.88    0.12  141.03  351.85
 2015 298    5.88    0.11  126.92  351.93
 2015 299    5.88    0.10  112.82  352.01
 2015 300    5.89    0.10   98.72  352.10
 2015 301    5.89    0.09   84.62  352.18
 2015 302    5.89    0.09   70.52  352.26
 2015 303    5.89    0.08   56.42  352.34
 2015 304    5.89    0.07   42.31  352.43
 2015 305    5.89    0.07   28.21  352.51
 2015 306    5.89    0.06   14.11  352.59
 2015 307    5.89    0.05    0.01  352.67
 2015 308    5.89    0.05  345.91  352.76
 2015 309    5.89    0.04  331.80  352.84
 2015 310    5.89    0.04  317.70  352.92
 2015 311    5.89    0.03  303.60  353.00
 2015 312    5.89    0.02  289.50  353.09
 2015 313    5.90    0.02  275.40  353.17
 2015 314    5.90    0.01  261.29  353.25
 2015 315    5.90    0.00  247.19  353.33
 2015 316    5.90    0.00  233.09  353.42
 2015 317    5.90   -0.01  218.99  353.50
 2015 318    5.90   -0.01  204.89  353.58
 2015 319    5.90   -0.02  190.78  353.66
 2015 320    5.90   -0.03  176.68  353.74
 2015 321    5.90   -0.03  162.58  353.83
 2015 322    5.90   -0.04  148.48  353.91
 2015 323    5.90   -0.05  134.37  353.99
 2015 324    5.90   -0.05  120.27  354.07
 2015 325    5.90   -0.06  106.17  354.15
 2015 326    5.91   -0.06   92.07  354.24
 2015 327    5.91   -0.07   77.96  354.32
 2015 328    5.91   -0.08   63.86  354.40
 2015 329    5.91   -0.08   49.76  354.48
 2015 330    5.91   -0.09   35.66  354.56
 2015 331    5.91   -0.10   21.55  354.65
 2015 332    5.91   -0.10    7.45  354.73
 2015 333    5.91   -0.11  353.35  354.81
 2015 334    5.91   -0.11  339.25  354.89
 2015 335    5.91   -0.12  325.14  354.97
 2015 336    5.91   -0.13  311.04  355.06
 2015 337    5.92   -0.13  296.94  355.14
 2015 338    5.92   -0.14  282.84  355.22
 2015 339    5.92   -0.14  268.73  355.30
 2015 340    5.92   -0.15  254.63  355.38
 2015 341    5.92   -0.16  240.53  355.46
 2015 342    5.92   -0.16  226.43  355.55
 2015 343    5.92   -0.17  212.32  355.63
 2015 344    5.92   -0.18  198.22  355.71
 2015 345    5.92   -0.18  184.12  355.79
 2015 346    5.92   -0.19  170.02  355.87
 2015 347    5.92   -0.19  155.91  355.95
 2015 348    5.93   -0.20  141.81  356.04
 2015 349    5.93   -0.21  127.71  356.12
 2015 350    5.93   -0.21  113.60  356.20
 2015 351    5.93   -0.22   99.50  356.28
 2015 352    5.93   -0.23   85.40  356.36
 2015 353    5.93   -0.23   71.29  356.44
 2015 354    5.93   -0.24   57.19  356.52
 2015 355    5.93   -0.24   43.09  356.61
 2015 356    5.93   -0.25   28.99  356.69
 2015 357    5.93   -0.26   14.88  356.77
 2015 358    5.93   -0.26    0.78  356.85
 2015 359    5.94   -0.27  346.68  356.93
 2015 360    5.94   -0.27  332.57  357.01
 2015 361    5.94   -0.28  318.47  357.09
 2015 362    5.94   -0.29  304.37  357.17
 2015 363    5.94   -0.29  290.26  357.26
 2015 364    5.94   -0.30  276.16  357.34
 2015 365    5.94   -0.31  262.06  357.42
 2016   1    5.94   -0.31  247.95  357.50
 2016   2    5.94   -0.32  233.85  357.58
 2016   3    5.94   -0.32  219.75  357.66
 2016   4    5.94   -0.33  205.64  357.74
 2016   5    5.95   -0.34  191.54  357.82
 2016   6    5.95   -0.34  177.44  357.90
 2016   7    5.95   -0.35  163.33  357.98
 2016   8    5.95   -0.35  149.23  358.07
 2016   9    5.95   -0.36  135.13  358.15
 2016  10    5.95   -0.37  121.02  358.23
 2016  11    5.95   -0.37  106.92  358.31
 2016  12    5.95   -0.38   92.81  358.39
 2016  13    5.95   -0.38   78.71  358.47
 2016  14    5.96   -0.39   64.61  358.55
 2016  15    5.96   -0.40   50.50  358.63
 2016  16    5.96   -0.40   36.40  358.71
 2016  17    5.96   -0.41   22.30  358.79
 2016  18    5.96   -0.42    8.19  358.87
 2016  19    5.96   -0.42  354.09  358.95
 2016  20    5.96   -0.43  339.98  359.03
 2016  21    5.96   -0.43  325.88  359.11
 2016  22    5.96   -0.44  311.78  359.19
 2016  23    5.96   -0.45  297.67  359.27
 2016  24    5.97   -0.45  283.57  359.36
 2016  25    5.97   -0.46  269.46  359.44
 2016  26    5.97   -0.46  255.36  359.52
 2016  27    5.97   -0.47  241.26  359.60
 2016  28    5.97   -0.48  227.15  359.68
 2016  29    5.97   -0.48  213.05  359.76
 2016  30    5.97   -0.49  198.94  359.84
 2016  31    5.97   -0.49  184.84  359.92
 2016  32    5.97   -0.50  170.74  360.00
 2016  33    5.98   -0.51  156.63    0.08
 2016  34    5.98   -0.51  142.53    0.16
 2016  35    5.98   -0.52  128.42    0.24
 2016  36    5.98   -0.52  114.32    0.32
 2016  37    5.98   -0.53  100.21    0.40
 2016  38    5.98   -0.54   86.11    0.48
 2016  39    5.98   -0.54   72.01    0.56
 2016  40    5.98   -0.55   57.90    0.64
 2016  41    5.98   -0.55   43.80    0.72
 2016  42    5.99   -0.56   29.69    0.80
 2016  43    5.99   -0.57   15.59    0.88
 2016  44    5.99   -0.57    1.48    0.96
 2016  45    5.99   -0.58  347.38    1.04
 2016  46    5.99   -0.58  333.27    1.12
 2016  47    5.99   -0.59  319.17    1.20
 2016  48    5.99   -0.60  305.06    1.28
 2016  49    5.99   -0.60  290.96    1.36
 2016  50    5.99   -0.61  276.85    1.44
 2016  51    6.00   -0.61  262.75    1.52
 2016  52    6.00   -0.62  248.65    1.60
 2016  53    6.00   -0.63  234.54    1.67
 2016  54    6.00   -0.63  220.44    1.75
 2016  55    6.00   -0.64  206.33    1.83
 2016  56    6.00   -0.64  192.23    1.91
 2016  57    6.00   -0.65  178.12    1.99
 2016  58    6.00   -0.66  164.02    2.07
 2016  59    6.00   -0.66  149.91    2.15
 2016  60    6.01   -0.67  135.81    2.23
 2016  61    6.01   -0.67  121.70    2.31
 2016  62    6.01   -0.68  107.60    2.39
 2016  63    6.01   -0.69   93.49    2.47
 2016  64    6.01   -0.69   79.39    2.55
 2016  65    6.01   -0.70   65.28    2.63
 2016  66    6.01   -0.70   51.17    2.71
 2016  67    6.01   -0.71   37.07    2.79
 2016  68    6.02   -0.72   22.96    2.86
 2016  69    6.02   -0.72    8.86    2.94
 2016  70    6.02   -0.73  354.75    3.02
 2016  71    6.02   -0.73  340.65    3.10
 2016  72    6.02   -0.74  326.54    3.18
 2016  73    6.02   -0.75  312.44    3.26
 2016  74    6.02   -0.75  298.33    3.34
 2016  75    6.02   -0.76  284.23    3.42
 2016  76    6.03   -0.76  270.12    3.50
 2016  77    6.03   -0.77  256.02    3.57
 2016  78    6.03   -0.77  241.91    3.65
 2016  79    6.03   -0.78  227.80    3.73
 2016  80    6.03   -0.79  213.70    3.81
 2016  81    6.03   -0.79  199.59    3.89
 2016  82    6.03   -0.80  185.49    3.97
 2016  83    6.03   -0.80  171.38    4.05
 2016  84    6.04   -0.81  157.28    4.13
 2016  85    6.04   -0.82  143.17    4.20
 2016  86    6.04   -0.82  129.06    4.28
 2016  87    6.04   -0.83  114.96    4.36
 2016  88    6.04   -0.83  100.85    4.44
 2016  89    6.04   -0.84   86.75    4.52
 2016  90    6.04   -0.85   72.64    4.60
 2016  91    6.04   -0.85   58.53    4.67
 2016  92    6.05   -0.86   44.43    4.75
 2016  93    6.05   -0.86   30.32    4.83
 2016  94    6.05   -0.87   16.22    4.91
 2016  95    6.05   -0.87    2.11    4.99
 2016  96    6.05   -0.88  348.00    5.07
 2016  97    6.05   -0.89  333.90    5.14
 2016  98    6.05   -0.89  319.79    5.22
 2016  99    6.05   -0.90  305.68    5.30
 2016 100    6.06   -0.90  291.58    5.38
 2016 101    6.06   -0.91  277.47    5.46
 2016 102    6.06   -0.91  263.36    5.53
 2016 103    6.06   -0.92  249.26    5.61
 2016 104    6.06   -0.93  235.15    5.69
 2016 105    6.06   -0.93  221.05    5.77
 2016 106    6.06   -0.94  206.94    5.85
 2016 107    6.07   -0.94  192.83    5.92
 2016 108    6.07   -0.95  178.73    6.00
 2016 109    6.07   -0.96  164.62    6.08
 2016 110    6.07   -0.96  150.51    6.16
 2016 111    6.07   -0.97  136.41    6.23
 2016 112    6.07   -0.97  122.30    6.31
 2016 113    6.07   -0.98  108.19    6.39
 2016 114    6.07   -0.98   94.09    6.47
 2016 115    6.08   -0.99   79.98    6.55
 2016 116    6.08   -1.00   65.87    6.62
 2016 117    6.08   -1.00   51.76    6.70
 2016 118    6.08   -1.01   37.66    6.78
 2016 119    6.08   -1.01   23.55    6.86
 2016 120    6.08   -1.02    9.44    6.93
 2016 121    6.08   -1.02  355.34    7.01
 2016 122    6.09   -1.03  341.23    7.09
 2016 123    6.09   -1.04  327.12    7.16
 2016 124    6.09   -1.04  313.02    7.24
 2016 125    6.09   -1.05  298.91    7.32
 2016 126    6.09   -1.05  284.80    7.40
 2016 127    6.09   -1.06  270.69    7.47
 2016 128    6.09   -1.06  256.59    7.55
 2016 129    6.10   -1.07  242.48    7.63
 2016 130    6.10   -1.08  228.37    7.70
 2016 131    6.10   -1.08  214.26    7.78
 2016 132    6.10   -1.09  200.16    7.86
 2016 133    6.10   -1.09  186.05    7.94
 2016 134    6.10   -1.10  171.94    8.01
 2016 135    6.10   -1.10  157.83    8.09
 2016 136    6.11   -1.11  143.73    8.17
 2016 137    6.11   -1.11  129.62    8.24
 2016 138    6.11   -1.12  115.51    8.32
 2016 139    6.11   -1.13  101.40    8.40
 2016 140    6.11   -1.13   87.30    8.47
 2016 141    6.11   -1.14   73.19    8.55
 2016 142    6.11   -1.14   59.08    8.63
 2016 143    6.12   -1.15   44.97    8.70
 2016 144    6.12   -1.15   30.86    8.78
 2016 145    6.12   -1.16   16.76    8.86
 2016 146    6.12   -1.17    2.65    8.93
 2016 147    6.12   -1.17  348.54    9.01
 2016 148    6.12   -1.18  334.43    9.08
 2016 149    6.12   -1.18  320.32    9.16
 2016 150    6.13   -1.19  306.22    9.24
 2016 151    6.13   -1.19  292.11    9.31
 2016 152    6.13   -1.20  278.00    9.39
 2016 153    6.13   -1.20  263.89    9.47
 2016 154    6.13   -1.21  249.78    9.54
 2016 155    6.13   -1.22  235.68    9.62
 2016 156    6.13   -1.22  221.57    9.69
 2016 157    6.14   -1.23  207.46    9.77
 2016 158    6.14   -1.23  193.35    9.85
 2016 159    6.14   -1.24  179.24    9.92
 2016 160    6.14   -1.24  165.13   10.00
 2016 161    6.14   -1.25  151.03   10.07
 2016 162    6.14   -1.25  136.92   10.15
 2016 163    6.14   -1.26  122.81   10.23
 2016 164    6.15   -1.27  108.70   10.30
 2016 165    6.15   -1.27   94.59   10.38
 2016 166    6.15   -1.28   80.48   10.45
 2016 167    6.15   -1.28   66.37   10.53
 2016 168    6.15   -1.29   52.26   10.60
 2016 169    6.15   -1.29   38.16   10.68
 2016 170    6.16   -1.30   24.05   10.76
 2016 171    6.16   -1.30    9.94   10.83
 2016 172    6.16   -1.31  355.83   10.91
 2016 173    6.16   -1.31  341.72   10.98
 2016 174    6.16   -1.32  327.61   11.06
 2016 175    6.16   -1.33  313.50   11.13
 2016 176    6.16   -1.33  299.39   11.21
 2016 177    6.17   -1.34  285.28   11.28
 2016 178    6.17   -1.34  271.18   11.36
 2016 179    6.17   -1.35  257.07   11.43
 2016 180    6.17   -1.35  242.96   11.51
 2016 181    6.17   -1.36  228.85   11.58
 2016 182    6.17   -1.36  214.74   11.66
 2016 183    6.18   -1.37  200.63   11.73
 2016 184    6.18   -1.37  186.52   11.81
 2016 185    6.18   -1.38  172.41   11.88
 2016 186    6.18   -1.38  158.30   11.96
 2016 187    6.18   -1.39  144.19   12.03
 2016 188    6.18   -1.40  130.08   12.11
 2016 189    6.19   -1.40  115.97   12.18
 2016 190    6.19   -1.41  101.86   12.26
 2016 191    6.19   -1.41   87.75   12.33
 2016 192    6.19   -1.42   73.64   12.41
 2016 193    6.19   -1.42   59.53   12.48
 2016 194    6.19   -1.43   45.42   12.56
 2016 195    6.19   -1.43   31.31   12.63
 2016 196    6.20   -1.44   17.20   12.71
 2016 197    6.20   -1.44    3.09   12.78
 2016 198    6.20   -1.45  348.98   12.86
 2016 199    6.20   -1.45  334.87   12.93
 2016 200    6.20   -1.46  320.76   13.01
 2016 201    6.20   -1.47  306.65   13.08
 2016 202    6.21   -1.47  292.54   13.15
 2016 203    6.21   -1.48  278.43   13.23
 2016 204    6.21   -1.48  264.32   13.30
 2016 205    6.21   -1.49  250.21   13.38
 2016 206    6.21   -1.49  236.10   13.45
 2016 207    6.21   -1.50  221.99   13.53
 2016 208    6.22   -1.50  207.88   13.60
 2016 209    6.22   -1.51  193.77   13.67
 2016 210    6.22   -1.51  179.66   13.75
 2016 211    6.22   -1.52  165.55   13.82
 2016 212    6.22   -1.52  151.44   13.90
 2016 213    6.22   -1.53  137.33   13.97
 2016 214    6.23   -1.53  123.22   14.04
 2016 215    6.23   -1.54  109.11   14.12
 2016 216    6.23   -1.54   95.00   14.19
 2016 217    6.23   -1.55   80.89   14.26
 2016 218    6.23   -1.55   66.78   14.34
 2016 219    6.23   -1.56   52.67   14.41
 2016 220    6.24   -1.57   38.56   14.49
 2016 221    6.24   -1.57   24.45   14.56
 2016 222    6.24   -1.58   10.34   14.63
 2016 223    6.24   -1.58  356.22   14.71
 2016 224    6.24   -1.59  342.11   14.78
 2016 225    6.24   -1.59  328.00   14.85
 2016 226    6.25   -1.60  313.89   14.93
 2016 227    6.25   -1.60  299.78   15.00
 2016 228    6.25   -1.61  285.67   15.07
 2016 229    6.25   -1.61  271.56   15.15
 2016 230    6.25   -1.62  257.45   15.22
 2016 231    6.25   -1.62  243.34   15.29
 2016 232    6.26   -1.63  229.23   15.37
 2016 233    6.26   -1.63  215.11   15.44
 2016 234    6.26   -1.64  201.00   15.51
 2016 235    6.26   -1.64  186.89   15.59
 2016 236    6.26   -1.65  172.78   15.66
 2016 237    6.26   -1.65  158.67   15.73
 2016 238    6.27   -1.66  144.56   15.80
 2016 239    6.27   -1.66  130.45   15.88
 2016 240    6.27   -1.67  116.33   15.95
 2016 241    6.27   -1.67  102.22   16.02
 2016 242    6.27   -1.68   88.11   16.10
 2016 243    6.27   -1.68   74.00   16.17
 2016 244    6.28   -1.69   59.89   16.24
 2016 245    6.28   -1.69   45.78   16.31
 2016 246    6.28   -1.70   31.66   16.39
 2016 247    6.28   -1.70   17.55   16.46
 2016 248    6.28   -1.71    3.44   16.53
 2016 249    6.29   -1.71  349.33   16.60
 2016 250    6.29   -1.72  335.22   16.68
 2016 251    6.29   -1.72  321.10   16.75
 2016 252    6.29   -1.73  306.99   16.82
 2016 253    6.29   -1.73  292.88   16.89
 2016 254    6.29   -1.74  278.77   16.97
 2016 255    6.30   -1.74  264.66   17.04
 2016 256    6.30   -1.75  250.54   17.11
 2016 257    6.30   -1.75  236.43   17.18
 2016 258    6.30   -1.76  222.32   17.26
 2016 259    6.30   -1.76  208.21   17.33
 2016 260    6.30   -1.77  194.10   17.40
 2016 261    6.31   -1.77  179.98   17.47
 2016 262    6.31   -1.78  165.87   17.54
 2016 263    6.31   -1.78  151.76   17.62
 2016 264    6.31   -1.79  137.65   17.69
 2016 265    6.31   -1.79  123.53   17.76
 2016 266    6.32   -1.80  109.42   17.83
 2016 267    6.32   -1.80   95.31   17.90
 2016 268    6.32   -1.81   81.20   17.97
 2016 269    6.32   -1.81   67.08   18.05
 2016 270    6.32   -1.82   52.97   18.12
 2016 271    6.32   -1.82   38.86   18.19
 2016 272    6.33   -1.83   24.74   18.26
 2016 273    6.33   -1.83   10.63   18.33
 2016 274    6.33   -1.84  356.52   18.40
 2016 275    6.33   -1.84  342.41   18.48
 2016 276    6.33   -1.85  328.29   18.55
 2016 277    6.34   -1.85  314.18   18.62
 2016 278    6.34   -1.86  300.07   18.69
 2016 279    6.34   -1.86  285.95   18.76
 2016 280    6.34   -1.87  271.84   18.83
 2016 281    6.34   -1.87  257.73   18.90
 2016 282    6.34   -1.88  243.61   18.97
 2016 283    6.35   -1.88  229.50   19.05
 2016 284    6.35   -1.89  215.39   19.12
 2016 285    6.35   -1.89  201.27   19.19
 2016 286    6.35   -1.90  187.16   19.26
 2016 287    6.35   -1.90  173.05   19.33
 2016 288    6.36   -1.91  158.93   19.40
 2016 289    6.36   -1.91  144.82   19.47
 2016 290    6.36   -1.92  130.71   19.54
 2016 291    6.36   -1.92  116.59   19.61
 2016 292    6.36   -1.93  102.48   19.68
 2016 293    6.36   -1.93   88.37   19.76
 2016 294    6.37   -1.94   74.25   19.83
 2016 295    6.37   -1.94   60.14   19.90
 2016 296    6.37   -1.95   46.02   19.97
 2016 297    6.37   -1.95   31.91   20.04
 2016 298    6.37   -1.95   17.80   20.11
 2016 299    6.38   -1.96    3.68   20.18
 2016 300    6.38   -1.96  349.57   20.25
 2016 301    6.38   -1.97  335.46   20.32
 2016 302    6.38   -1.97  321.34   20.39
 2016 303    6.38   -1.98  307.23   20.46
 2016 304    6.39   -1.98  293.11   20.53
 2016 305    6.39   -1.99  279.00   20.60
 2016 306    6.39   -1.99  264.88   20.67
 2016 307    6.39   -2.00  250.77   20.74
 2016 308    6.39   -2.00  236.66   20.81
 2016 309    6.39   -2.01  222.54   20.88
 2016 310    6.40   -2.01  208.43   20.95
 2016 311    6.40   -2.02  194.31   21.02
 2016 312    6.40   -2.02  180.20   21.09
 2016 313    6.40   -2.03  166.08   21.16
 2016 314    6.40   -2.03  151.97   21.23
 2016 315    6.41   -2.04  137.85   21.30
 2016 316    6.41   -2.04  123.74   21.37
 2016 317    6.41   -2.04  109.63   21.44
 2016 318    6.41   -2.05   95.51   21.51
 2016 319    6.41   -2.05   81.40   21.58
 2016 320    6.42   -2.06   67.28   21.65
 2016 321    6.42   -2.06   53.17   21.72
 2016 322    6.42   -2.07   39.05   21.79
 2016 323    6.42   -2.07   24.94   21.86
 2016 324    6.42   -2.08   10.82   21.93
 2016 325    6.43   -2.08  356.71   22.00
 2016 326    6.43   -2.09  342.59   22.07
 2016 327    6.43   -2.09  328.48   22.14
 2016 328    6.43   -2.10  314.36   22.20
 2016 329    6.43   -2.10  300.25   22.27
 2016 330    6.44   -2.10  286.13   22.34
 2016 331    6.44   -2.11  272.02   22.41
 2016 332    6.44   -2.11  257.90   22.48
 2016 333    6.44   -2.12  243.79   22.55
 2016 334    6.44   -2.12  229.67   22.62
 2016 335    6.44   -2.13  215.55   22.69
 2016 336    6.45   -2.13  201.44   22.76
 2016 337    6.45   -2.14  187.32   22.83
 2016 338    6.45   -2.14  173.21   22.90
 2016 339    6.45   -2.15  159.09   22.96
 2016 340    6.45   -2.15  144.98   23.03
 2016 341    6.46   -2.15  130.86   23.10
 2016 342    6.46   -2.16  116.75   23.17
 2016 343    6.46   -2.16  102.63   23.24
 2016 344    6.46   -2.17   88.51   23.31
 2016 345    6.46   -2.17   74.40   23.38
 2016 346    6.47   -2.18   60.28   23.44
 2016 347    6.47   -2.18   46.17   23.51
 2016 348    6.47   -2.19   32.05   23.58
 2016 349    6.47   -2.19   17.93   23.65
 2016 350    6.47   -2.20    3.82   23.72
 2016 351    6.48   -2.20  349.70   23.79
 2016 352    6.48   -2.20  335.59   23.86
 2016 353    6.48   -2.21  321.47   23.92
 2016 354    6.48   -2.21  307.35   23.99
 2016 355    6.48   -2.22  293.24   24.06
 2016 356    6.49   -2.22  279.12   24.13
 2016 357    6.49   -2.23  265.01   24.20
 2016 358    6.49   -2.23  250.89   24.26
 2016 359    6.49   -2.24  236.77   24.33
 2016 360    6.49   -2.24  222.66   24.40
 2016 361    6.50   -2.24  208.54   24.47
 2016 362    6.50   -2.25  194.42   24.54
 2016 363    6.50   -2.25  180.31   24.60
 2016 364    6.50   -2.26  166.19   24.67
 2016 365    6.50   -2.26  152.07   24.74
 2016 366    6.51   -2.27  137.96   24.81
 2017   1    6.51   -2.27  123.84   24.87
 2017   2    6.51   -2.27  109.72   24.94
 2017   3    6.51   -2.28   95.61   25.01
 2017   4    6.51   -2.28   81.49   25.08
 2017   5    6.52   -2.29   67.37   25.14
 2017   6    6.52   -2.29   53.26   25.21
 2017   7    6.52   -2.30   39.14   25.28
 2017   8    6.52   -2.30   25.02   25.35
 2017   9    6.53   -2.31   10.90   25.41
 2017  10    6.53   -2.31  356.79   25.48
 2017  11    6.53   -2.31  342.67   25.55
 2017  12    6.53   -2.32  328.55   25.62
 2017  13    6.53   -2.32  314.44   25.68
 2017  14    6.54   -2.33  300.32   25.75
 2017  15    6.54   -2.33  286.20   25.82
 2017  16    6.54   -2.34  272.08   25.88
 2017  17    6.54   -2.34  257.97   25.95
 2017  18    6.54   -2.34  243.85   26.02
 2017  19    6.55   -2.35  229.73   26.09
 2017  20    6.55   -2.35  215.61   26.15
 2017  21    6.55   -2.36  201.50   26.22
 2017  22    6.55   -2.36  187.38   26.29
 2017  23    6.55   -2.37  173.26   26.35
 2017  24    6.56   -2.37  159.14   26.42
 2017  25    6.56   -2.37  145.03   26.49
 2017  26    6.56   -2.38  130.91   26.55
 2017  27    6.56   -2.38  116.79   26.62
 2017  28    6.56   -2.39  102.67   26.69
 2017  29    6.57   -2.39   88.55   26.75
 2017  30    6.57   -2.39   74.44   26.82
 2017  31    6.57   -2.40   60.32   26.89
 2017  32    6.57   -2.40   46.20   26.95
 2017  33    6.57   -2.41   32.08   27.02
 2017  34    6.58   -2.41   17.96   27.08
 2017  35    6.58   -2.42    3.85   27.15
 2017  36    6.58   -2.42  349.73   27.22
 2017  37    6.58   -2.42  335.61   27.28
 2017  38    6.59   -2.43  321.49   27.35
 2017  39    6.59   -2.43  307.37   27.42
 2017  40    6.59   -2.44  293.25   27.48
 2017  41    6.59   -2.44  279.14   27.55
 2017  42    6.59   -2.44  265.02   27.61
 2017  43    6.60   -2.45  250.90   27.68
 2017  44    6.60   -2.45  236.78   27.74
 2017  45    6.60   -2.46  222.66   27.81
 2017  46    6.60   -2.46  208.54   27.88
 2017  47    6.60   -2.47  194.43   27.94
 2017  48    6.61   -2.47  180.31   28.01
 2017  49    6.61   -2.47  166.19   28.07
 2017  50    6.61   -2.48  152.07   28.14
 2017  51    6.61   -2.48  137.95   28.20
 2017  52    6.61   -2.49  123.83   28.27
 2017  53    6.62   -2.49  109.71   28.34
 2017  54    6.62   -2.49   95.59   28.40
 2017  55    6.62   -2.50   81.47   28.47
 2017  56    6.62   -2.50   67.36   28.53
 2017  57    6.63   -2.51   53.24   28.60
 2017  58    6.63   -2.51   39.12   28.66
 2017  59    6.63   -2.51   25.00   28.73
 2017  60    6.63   -2.52   10.88   28.79
 2017  61    6.63   -2.52  356.76   28.86
 2017  62    6.64   -2.53  342.64   28.92
 2017  63    6.64   -2.53  328.52   28.99
 2017  64    6.64   -2.53  314.40   29.05
 2017  65    6.64   -2.54  300.28   29.12
 2017  66    6.64   -2.54  286.16   29.18
 2017  67    6.65   -2.55  272.04   29.25
 2017  68    6.65   -2.55  257.92   29.31
 2017  69    6.65   -2.55  243.80   29.38
 2017  70    6.65   -2.56  229.68   29.44
 2017  71    6.66   -2.56  215.56   29.51
 2017  72    6.66   -2.57  201.45   29.57
 2017  73    6.66   -2.57  187.33   29.64
 2017  74    6.66   -2.57  173.21   29.70
 2017  75    6.66   -2.58  159.09   29.77
 2017  76    6.67   -2.58  144.97   29.83
 2017  77    6.67   -2.59  130.85   29.90
 2017  78    6.67   -2.59  116.73   29.96
 2017  79    6.67   -2.59  102.61   30.02
 2017  80    6.68   -2.60   88.49   30.09
 2017  81    6.68   -2.60   74.37   30.15
 2017  82    6.68   -2.61   60.25   30.22
 2017  83    6.68   -2.61   46.13   30.28
 2017  84    6.68   -2.61   32.01   30.35
 2017  85    6.69   -2.62   17.89   30.41
 2017  86    6.69   -2.62    3.76   30.47
 2017  87    6.69   -2.62  349.64   30.54
 2017  88    6.69   -2.63  335.52   30.60
 2017  89    6.69   -2.63  321.40   30.67
 2017  90    6.70   -2.64  307.28   30.73
 2017  91    6.70   -2.64  293.16   30.79
 2017  92    6.70   -2.64  279.04   30.86
 2017  93    6.70   -2.65  264.92   30.92
 2017  94    6.71   -2.65  250.80   30.98
 2017  95    6.71   -2.66  236.68   31.05
 2017  96    6.71   -2.66  222.56   31.11
 2017  97    6.71   -2.66  208.44   31.18
 2017  98    6.71   -2.67  194.32   31.24
 2017  99    6.72   -2.67  180.20   31.30
 2017 100    6.72   -2.67  166.08   31.37
 2017 101    6.72   -2.68  151.96   31.43
 2017 102    6.72   -2.68  137.83   31.49
 2017 103    6.73   -2.69  123.71   31.56
 2017 104    6.73   -2.69  109.59   31.62
 2017 105    6.73   -2.69   95.47   31.68
 2017 106    6.73   -2.70   81.35   31.75
 2017 107    6.73   -2.70   67.23   31.81
 2017 108    6.74   -2.70   53.11   31.87
 2017 109    6.74   -2.71   38.99   31.94
 2017 110    6.74   -2.71   24.87   32.00
 2017 111    6.74   -2.72   10.74   32.06
 2017 112    6.75   -2.72  356.62   32.13
 2017 113    6.75   -2.72  342.50   32.19
 2017 114    6.75   -2.73  328.38   32.25
 2017 115    6.75   -2.73  314.26   32.31
 2017 116    6.75   -2.73  300.14   32.38
 2017 117    6.76   -2.74  286.02   32.44
 2017 118    6.76   -2.74  271.89   32.50
 2017 119    6.76   -2.75  257.77   32.57
 2017 120    6.76   -2.75  243.65   32.63
 2017 121    6.77   -2.75  229.53   32.69
 2017 122    6.77   -2.76  215.41   32.75
 2017 123    6.77   -2.76  201.29   32.82
 2017 124    6.77   -2.76  187.16   32.88
 2017 125    6.78   -2.77  173.04   32.94
 2017 126    6.78   -2.77  158.92   33.00
 2017 127    6.78   -2.77  144.80   33.07
 2017 128    6.78   -2.78  130.68   33.13
 2017 129    6.78   -2.78  116.55   33.19
 2017 130    6.79   -2.79  102.43   33.25
 2017 131    6.79   -2.79   88.31   33.32
 2017 132    6.79   -2.79   74.19   33.38
 2017 133    6.79   -2.80   60.06   33.44
 2017 134    6.80   -2.80   45.94   33.50
 2017 135    6.80   -2.80   31.82   33.56
 2017 136    6.80   -2.81   17.70   33.63
 2017 137    6.80   -2.81    3.58   33.69
 2017 138    6.80   -2.81  349.45   33.75
 2017 139    6.81   -2.82  335.33   33.81
 2017 140    6.81   -2.82  321.21   33.87
 2017 141    6.81   -2.83  307.09   33.94
 2017 142    6.81   -2.83  292.96   34.00
 2017 143    6.82   -2.83  278.84   34.06
 2017 144    6.82   -2.84  264.72   34.12
 2017 145    6.82   -2.84  250.59   34.18
 2017 146    6.82   -2.84  236.47   34.24
 2017 147    6.83   -2.85  222.35   34.31
 2017 148    6.83   -2.85  208.23   34.37
 2017 149    6.83   -2.85  194.10   34.43
 2017 150    6.83   -2.86  179.98   34.49
 2017 151    6.83   -2.86  165.86   34.55
 2017 152    6.84   -2.86  151.73   34.61
 2017 153    6.84   -2.87  137.61   34.67
 2017 154    6.84   -2.87  123.49   34.74
 2017 155    6.84   -2.87  109.37   34.80
 2017 156    6.85   -2.88   95.24   34.86
 2017 157    6.85   -2.88   81.12   34.92
 2017 158    6.85   -2.88   67.00   34.98
 2017 159    6.85   -2.89   52.87   35.04
 2017 160    6.86   -2.89   38.75   35.10
 2017 161    6.86   -2.90   24.63   35.16
 2017 162    6.86   -2.90   10.50   35.23
 2017 163    6.86   -2.90  356.38   35.29
 2017 164    6.86   -2.91  342.26   35.35
 2017 165    6.87   -2.91  328.13   35.41
 2017 166    6.87   -2.91  314.01   35.47
 2017 167    6.87   -2.92  299.88   35.53
 2017 168    6.87   -2.92  285.76   35.59
 2017 169    6.88   -2.92  271.64   35.65
 2017 170    6.88   -2.93  257.51   35.71
 2017 171    6.88   -2.93  243.39   35.77
 2017 172    6.88   -2.93  229.27   35.83
 2017 173    6.89   -2.94  215.14   35.89
 2017 174    6.89   -2.94  201.02   35.95
 2017 175    6.89   -2.94  186.89   36.01
 2017 176    6.89   -2.95  172.77   36.07
 2017 177    6.89   -2.95  158.65   36.13
 2017 178    6.90   -2.95  144.52   36.20
 2017 179    6.90   -2.96  130.40   36.26
 2017 180    6.90   -2.96  116.27   36.32
 2017 181    6.90   -2.96  102.15   36.38
 2017 182    6.91   -2.97   88.03   36.44
 2017 183    6.91   -2.97   73.90   36.50
 2017 184    6.91   -2.97   59.78   36.56
 2017 185    6.91   -2.98   45.65   36.62
 2017 186    6.92   -2.98   31.53   36.68
 2017 187    6.92   -2.98   17.40   36.74
 2017 188    6.92   -2.99    3.28   36.80
 2017 189    6.92   -2.99  349.15   36.86
 2017 190    6.93   -2.99  335.03   36.92
 2017 191    6.93   -3.00  320.91   36.98
 2017 192    6.93   -3.00  306.78   37.04
 2017 193    6.93   -3.00  292.66   37.10
 2017 194    6.93   -3.01  278.53   37.16
 2017 195    6.94   -3.01  264.41   37.21
 2017 196    6.94   -3.01  250.28   37.27
 2017 197    6.94   -3.02  236.16   37.33
 2017 198    6.94   -3.02  222.03   37.39
 2017 199    6.95   -3.02  207.91   37.45
 2017 200    6.95   -3.03  193.78   37.51
 2017 201    6.95   -3.03  179.66   37.57
 2017 202    6.95   -3.03  165.53   37.63
 2017 203    6.96   -3.04  151.41   37.69
 2017 204    6.96   -3.04  137.28   37.75
 2017 205    6.96   -3.04  123.16   37.81
 2017 206    6.96   -3.04  109.03   37.87
 2017 207    6.97   -3.05   94.91   37.93
 2017 208    6.97   -3.05   80.78   37.99
 2017 209    6.97   -3.05   66.66   38.05
 2017 210    6.97   -3.06   52.53   38.10
 2017 211    6.97   -3.06   38.41   38.16
 2017 212    6.98   -3.06   24.28   38.22
 2017 213    6.98   -3.07   10.15   38.28
 2017 214    6.98   -3.07  356.03   38.34
 2017 215    6.98   -3.07  341.90   38.40
 2017 216    6.99   -3.08  327.78   38.46
 2017 217    6.99   -3.08  313.65   38.52
 2017 218    6.99   -3.08  299.53   38.58
 2017 219    6.99   -3.09  285.40   38.63
 2017 220    7.00   -3.09  271.27   38.69
 2017 221    7.00   -3.09  257.15   38.75
 2017 222    7.00   -3.10  243.02   38.81
 2017 223    7.00   -3.10  228.90   38.87
 2017 224    7.01   -3.10  214.77   38.93
 2017 225    7.01   -3.10  200.65   38.99
 2017 226    7.01   -3.11  186.52   39.04
 2017 227    7.01   -3.11  172.39   39.10
 2017 228    7.02   -3.11  158.27   39.16
 2017 229    7.02   -3.12  144.14   39.22
 2017 230    7.02   -3.12  130.02   39.28
 2017 231    7.02   -3.12  115.89   39.34
 2017 232    7.03   -3.13  101.76   39.39
 2017 233    7.03   -3.13   87.64   39.45
 2017 234    7.03   -3.13   73.51   39.51
 2017 235    7.03   -3.14   59.38   39.57
 2017 236    7.03   -3.14   45.26   39.63
 2017 237    7.04   -3.14   31.13   39.68
 2017 238    7.04   -3.14   17.00   39.74
 2017 239    7.04   -3.15    2.88   39.80
 2017 240    7.04   -3.15  348.75   39.86
 2017 241    7.05   -3.15  334.62   39.91
 2017 242    7.05   -3.16  320.50   39.97
 2017 243    7.05   -3.16  306.37   40.03
 2017 244    7.05   -3.16  292.24   40.09
 2017 245    7.06   -3.17  278.12   40.15
 2017 246    7.06   -3.17  263.99   40.20
 2017 247    7.06   -3.17  249.86   40.26
 2017 248    7.06   -3.17  235.74   40.32
 2017 249    7.07   -3.18  221.61   40.38
 2017 250    7.07   -3.18  207.48   40.43
 2017 251    7.07   -3.18  193.36   40.49
 2017 252    7.07   -3.19  179.23   40.55
 2017 253    7.08   -3.19  165.10   40.61
 2017 254    7.08   -3.19  150.98   40.66
 2017 255    7.08   -3.19  136.85   40.72
 2017 256    7.08   -3.20  122.72   40.78
 2017 257    7.09   -3.20  108.59   40.83
 2017 258    7.09   -3.20   94.47   40.89
 2017 259    7.09   -3.21   80.34   40.95
 2017 260    7.09   -3.21   66.21   41.01
 2017 261    7.10   -3.21   52.08   41.06
 2017 262    7.10   -3.22   37.96   41.12
 2017 263    7.10   -3.22   23.83   41.18
 2017 264    7.10   -3.22    9.70   41.23
 2017 265    7.11   -3.22  355.57   41.29
 2017 266    7.11   -3.23  341.45   41.35
 2017 267    7.11   -3.23  327.32   41.40
 2017 268    7.11   -3.23  313.19   41.46
 2017 269    7.12   -3.24  299.06   41.52
 2017 270    7.12   -3.24  284.94   41.57
 2017 271    7.12   -3.24  270.81   41.63
 2017 272    7.12   -3.24  256.68   41.69
 2017 273    7.13   -3.25  242.55   41.74
 2017 274    7.13   -3.25  228.43   41.80
 2017 275    7.13   -3.25  214.30   41.86
 2017 276    7.13   -3.26  200.17   41.91
 2017 277    7.14   -3.26  186.04   41.97
 2017 278    7.14   -3.26  171.91   42.03
 2017 279    7.14   -3.26  157.79   42.08
 2017 280    7.14   -3.27  143.66   42.14
 2017 281    7.14   -3.27  129.53   42.20
 2017 282    7.15   -3.27  115.40   42.25
 2017 283    7.15   -3.28  101.27   42.31
 2017 284    7.15   -3.28   87.14   42.36
 2017 285    7.15   -3.28   73.02   42.42
 2017 286    7.16   -3.28   58.89   42.48
 2017 287    7.16   -3.29   44.76   42.53
 2017 288    7.16   -3.29   30.63   42.59
 2017 289    7.16   -3.29   16.50   42.64
 2017 290    7.17   -3.29    2.37   42.70
 2017 291    7.17   -3.30  348.25   42.76
 2017 292    7.17   -3.30  334.12   42.81
 2017 293    7.17   -3.30  319.99   42.87
 2017 294    7.18   -3.31  305.86   42.92
 2017 295    7.18   -3.31  291.73   42.98
 2017 296    7.18   -3.31  277.60   43.03
 2017 297    7.18   -3.31  263.47   43.09
 2017 298    7.19   -3.32  249.34   43.15
 2017 299    7.19   -3.32  235.22   43.20
 2017 300    7.19   -3.32  221.09   43.26
 2017 301    7.19   -3.32  206.96   43.31
 2017 302    7.20   -3.33  192.83   43.37
 2017 303    7.20   -3.33  178.70   43.42
 2017 304    7.20   -3.33  164.57   43.48
 2017 305    7.20   -3.34  150.44   43.53
 2017 306    7.21   -3.34  136.31   43.59
 2017 307    7.21   -3.34  122.18   43.64
 2017 308    7.21   -3.34  108.05   43.70
 2017 309    7.21   -3.35   93.93   43.75
 2017 310    7.22   -3.35   79.80   43.81
 2017 311    7.22   -3.35   65.67   43.86
 2017 312    7.22   -3.35   51.54   43.92
 2017 313    7.22   -3.36   37.41   43.97
 2017 314    7.23   -3.36   23.28   44.03
 2017 315    7.23   -3.36    9.15   44.08
 2017 316    7.23   -3.36  355.02   44.14
 2017 317    7.23   -3.37  340.89   44.19
 2017 318    7.24   -3.37  326.76   44.25
 2017 319    7.24   -3.37  312.63   44.30
 2017 320    7.24   -3.37  298.50   44.36
 2017 321    7.24   -3.38  284.37   44.41
 2017 322    7.25   -3.38  270.24   44.47
 2017 323    7.25   -3.38  256.11   44.52
 2017 324    7.25   -3.39  241.98   44.58
 2017 325    7.25   -3.39  227.85   44.63
 2017 326    7.26   -3.39  213.72   44.69
 2017 327    7.26   -3.39  199.59   44.74
 2017 328    7.26   -3.40  185.46   44.80
 2017 329    7.26   -3.40  171.33   44.85
 2017 330    7.27   -3.40  157.20   44.90
 2017 331    7.27   -3.40  143.07   44.96
 2017 332    7.27   -3.41  128.94   45.01
 2017 333    7.27   -3.41  114.81   45.07
 2017 334    7.28   -3.41  100.68   45.12
 2017 335    7.28   -3.41   86.55   45.18
 2017 336    7.28   -3.42   72.42   45.23
 2017 337    7.28   -3.42   58.29   45.28
 2017 338    7.29   -3.42   44.16   45.34
 2017 339    7.29   -3.42   30.03   45.39
 2017 340    7.29   -3.43   15.90   45.45
 2017 341    7.29   -3.43    1.77   45.50
 2017 342    7.30   -3.43  347.64   45.55
 2017 343    7.30   -3.43  333.51   45.61
 2017 344    7.30   -3.44  319.38   45.66
 2017 345    7.30   -3.44  305.25   45.72
 2017 346    7.31   -3.44  291.12   45.77
 2017 347    7.31   -3.44  276.99   45.82
 2017 348    7.31   -3.45  262.86   45.88
 2017 349    7.32   -3.45  248.73   45.93
 2017 350    7.32   -3.45  234.60   45.98
 2017 351    7.32   -3.45  220.46   46.04
 2017 352    7.32   -3.46  206.33   46.09
 2017 353    7.33   -3.46  192.20   46.15
 2017 354    7.33   -3.46  178.07   46.20
 2017 355    7.33   -3.46  163.94   46.25
 2017 356    7.33   -3.47  149.81   46.31
 2017 357    7.34   -3.47  135.68   46.36
 2017 358    7.34   -3.47  121.55   46.41
 2017 359    7.34   -3.47  107.42   46.47
 2017 360    7.34   -3.48   93.29   46.52
 2017 361    7.35   -3.48   79.15   46.57
 2017 362    7.35   -3.48   65.02   46.63
 2017 363    7.35   -3.48   50.89   46.68
 2017 364    7.35   -3.49   36.76   46.73
