 YYYY DOY     AU    HG_LAT  HG_LON  HGI_LON   from orbital elements with epoch: 2014-Mar-28.0900
 2012   1    4.46    8.59  251.74  157.88
 2012   2    4.46    8.59  237.66  157.98
 2012   3    4.46    8.59  223.57  158.08
 2012   4    4.46    8.59  209.48  158.18
 2012   5    4.46    8.58  195.40  158.27
 2012   6    4.45    8.58  181.31  158.37
 2012   7    4.45    8.58  167.22  158.47
 2012   8    4.45    8.58  153.14  158.57
 2012   9    4.45    8.57  139.05  158.67
 2012  10    4.45    8.57  124.97  158.77
 2012  11    4.44    8.57  110.88  158.87
 2012  12    4.44    8.57   96.80  158.96
 2012  13    4.44    8.56   82.71  159.06
 2012  14    4.44    8.56   68.62  159.16
 2012  15    4.44    8.56   54.54  159.26
 2012  16    4.43    8.56   40.45  159.36
 2012  17    4.43    8.55   26.37  159.46
 2012  18    4.43    8.55   12.28  159.56
 2012  19    4.43    8.55  358.20  159.66
 2012  20    4.43    8.55  344.11  159.76
 2012  21    4.43    8.54  330.03  159.86
 2012  22    4.42    8.54  315.94  159.96
 2012  23    4.42    8.54  301.86  160.06
 2012  24    4.42    8.53  287.77  160.16
 2012  25    4.42    8.53  273.69  160.26
 2012  26    4.42    8.53  259.61  160.36
 2012  27    4.41    8.53  245.52  160.46
 2012  28    4.41    8.52  231.44  160.56
 2012  29    4.41    8.52  217.35  160.66
 2012  30    4.41    8.52  203.27  160.76
 2012  31    4.41    8.51  189.18  160.86
 2012  32    4.40    8.51  175.10  160.96
 2012  33    4.40    8.51  161.02  161.06
 2012  34    4.40    8.50  146.93  161.16
 2012  35    4.40    8.50  132.85  161.26
 2012  36    4.40    8.50  118.77  161.36
 2012  37    4.39    8.49  104.68  161.46
 2012  38    4.39    8.49   90.60  161.56
 2012  39    4.39    8.49   76.51  161.66
 2012  40    4.39    8.48   62.43  161.76
 2012  41    4.39    8.48   48.35  161.87
 2012  42    4.39    8.48   34.27  161.97
 2012  43    4.38    8.47   20.18  162.07
 2012  44    4.38    8.47    6.10  162.17
 2012  45    4.38    8.47  352.02  162.27
 2012  46    4.38    8.46  337.93  162.37
 2012  47    4.38    8.46  323.85  162.47
 2012  48    4.37    8.46  309.77  162.58
 2012  49    4.37    8.45  295.69  162.68
 2012  50    4.37    8.45  281.60  162.78
 2012  51    4.37    8.45  267.52  162.88
 2012  52    4.37    8.44  253.44  162.98
 2012  53    4.36    8.44  239.36  163.09
 2012  54    4.36    8.43  225.28  163.19
 2012  55    4.36    8.43  211.19  163.29
 2012  56    4.36    8.43  197.11  163.39
 2012  57    4.36    8.42  183.03  163.50
 2012  58    4.35    8.42  168.95  163.60
 2012  59    4.35    8.41  154.87  163.70
 2012  60    4.35    8.41  140.79  163.81
 2012  61    4.35    8.41  126.70  163.91
 2012  62    4.35    8.40  112.62  164.01
 2012  63    4.34    8.40   98.54  164.11
 2012  64    4.34    8.39   84.46  164.22
 2012  65    4.34    8.39   70.38  164.32
 2012  66    4.34    8.39   56.30  164.42
 2012  67    4.34    8.38   42.22  164.53
 2012  68    4.33    8.38   28.14  164.63
 2012  69    4.33    8.37   14.06  164.74
 2012  70    4.33    8.37  359.98  164.84
 2012  71    4.33    8.37  345.89  164.94
 2012  72    4.33    8.36  331.81  165.05
 2012  73    4.32    8.36  317.73  165.15
 2012  74    4.32    8.35  303.65  165.26
 2012  75    4.32    8.35  289.57  165.36
 2012  76    4.32    8.34  275.49  165.46
 2012  77    4.32    8.34  261.41  165.57
 2012  78    4.31    8.33  247.33  165.67
 2012  79    4.31    8.33  233.25  165.78
 2012  80    4.31    8.33  219.17  165.88
 2012  81    4.31    8.32  205.10  165.99
 2012  82    4.31    8.32  191.02  166.09
 2012  83    4.30    8.31  176.94  166.20
 2012  84    4.30    8.31  162.86  166.30
 2012  85    4.30    8.30  148.78  166.41
 2012  86    4.30    8.30  134.70  166.51
 2012  87    4.30    8.29  120.62  166.62
 2012  88    4.29    8.29  106.54  166.72
 2012  89    4.29    8.28   92.46  166.83
 2012  90    4.29    8.28   78.38  166.94
 2012  91    4.29    8.27   64.31  167.04
 2012  92    4.29    8.27   50.23  167.15
 2012  93    4.28    8.26   36.15  167.25
 2012  94    4.28    8.26   22.07  167.36
 2012  95    4.28    8.25    7.99  167.47
 2012  96    4.28    8.25  353.91  167.57
 2012  97    4.28    8.24  339.84  167.68
 2012  98    4.27    8.24  325.76  167.79
 2012  99    4.27    8.23  311.68  167.89
 2012 100    4.27    8.23  297.60  168.00
 2012 101    4.27    8.22  283.52  168.11
 2012 102    4.27    8.22  269.45  168.21
 2012 103    4.26    8.21  255.37  168.32
 2012 104    4.26    8.21  241.29  168.43
 2012 105    4.26    8.20  227.22  168.53
 2012 106    4.26    8.19  213.14  168.64
 2012 107    4.26    8.19  199.06  168.75
 2012 108    4.25    8.18  184.98  168.86
 2012 109    4.25    8.18  170.91  168.96
 2012 110    4.25    8.17  156.83  169.07
 2012 111    4.25    8.17  142.75  169.18
 2012 112    4.25    8.16  128.68  169.29
 2012 113    4.24    8.16  114.60  169.40
 2012 114    4.24    8.15  100.53  169.50
 2012 115    4.24    8.14   86.45  169.61
 2012 116    4.24    8.14   72.37  169.72
 2012 117    4.23    8.13   58.30  169.83
 2012 118    4.23    8.13   44.22  169.94
 2012 119    4.23    8.12   30.15  170.05
 2012 120    4.23    8.12   16.07  170.15
 2012 121    4.23    8.11    1.99  170.26
 2012 122    4.22    8.10  347.92  170.37
 2012 123    4.22    8.10  333.84  170.48
 2012 124    4.22    8.09  319.77  170.59
 2012 125    4.22    8.09  305.69  170.70
 2012 126    4.22    8.08  291.62  170.81
 2012 127    4.21    8.07  277.54  170.92
 2012 128    4.21    8.07  263.47  171.03
 2012 129    4.21    8.06  249.39  171.14
 2012 130    4.21    8.05  235.32  171.25
 2012 131    4.21    8.05  221.24  171.36
 2012 132    4.20    8.04  207.17  171.47
 2012 133    4.20    8.04  193.10  171.58
 2012 134    4.20    8.03  179.02  171.69
 2012 135    4.20    8.02  164.95  171.80
 2012 136    4.20    8.02  150.87  171.91
 2012 137    4.19    8.01  136.80  172.02
 2012 138    4.19    8.00  122.73  172.13
 2012 139    4.19    8.00  108.65  172.24
 2012 140    4.19    7.99   94.58  172.35
 2012 141    4.18    7.98   80.51  172.46
 2012 142    4.18    7.98   66.43  172.57
 2012 143    4.18    7.97   52.36  172.68
 2012 144    4.18    7.96   38.29  172.80
 2012 145    4.18    7.96   24.21  172.91
 2012 146    4.17    7.95   10.14  173.02
 2012 147    4.17    7.94  356.07  173.13
 2012 148    4.17    7.94  341.99  173.24
 2012 149    4.17    7.93  327.92  173.35
 2012 150    4.17    7.92  313.85  173.47
 2012 151    4.16    7.92  299.78  173.58
 2012 152    4.16    7.91  285.70  173.69
 2012 153    4.16    7.90  271.63  173.80
 2012 154    4.16    7.89  257.56  173.91
 2012 155    4.16    7.89  243.49  174.03
 2012 156    4.15    7.88  229.42  174.14
 2012 157    4.15    7.87  215.35  174.25
 2012 158    4.15    7.86  201.27  174.36
 2012 159    4.15    7.86  187.20  174.48
 2012 160    4.14    7.85  173.13  174.59
 2012 161    4.14    7.84  159.06  174.70
 2012 162    4.14    7.84  144.99  174.82
 2012 163    4.14    7.83  130.92  174.93
 2012 164    4.14    7.82  116.85  175.04
 2012 165    4.13    7.81  102.78  175.16
 2012 166    4.13    7.81   88.70  175.27
 2012 167    4.13    7.80   74.63  175.39
 2012 168    4.13    7.79   60.56  175.50
 2012 169    4.13    7.78   46.49  175.61
 2012 170    4.12    7.77   32.42  175.73
 2012 171    4.12    7.77   18.35  175.84
 2012 172    4.12    7.76    4.28  175.96
 2012 173    4.12    7.75  350.21  176.07
 2012 174    4.11    7.74  336.14  176.19
 2012 175    4.11    7.74  322.07  176.30
 2012 176    4.11    7.73  308.00  176.41
 2012 177    4.11    7.72  293.94  176.53
 2012 178    4.11    7.71  279.87  176.65
 2012 179    4.10    7.70  265.80  176.76
 2012 180    4.10    7.70  251.73  176.88
 2012 181    4.10    7.69  237.66  176.99
 2012 182    4.10    7.68  223.59  177.11
 2012 182    4.10    7.67  209.52  177.22
 2012 183    4.09    7.66  195.45  177.34
 2012 184    4.09    7.65  181.38  177.45
 2012 185    4.09    7.65  167.32  177.57
 2012 186    4.09    7.64  153.25  177.69
 2012 187    4.08    7.63  139.18  177.80
 2012 188    4.08    7.62  125.11  177.92
 2012 190    4.08    7.61  111.04  178.04
 2012 191    4.08    7.60   96.98  178.15
 2012 192    4.08    7.59   82.91  178.27
 2012 193    4.07    7.59   68.84  178.39
 2012 194    4.07    7.58   54.77  178.50
 2012 195    4.07    7.57   40.71  178.62
 2012 196    4.07    7.56   26.64  178.74
 2012 197    4.07    7.55   12.57  178.85
 2012 198    4.06    7.54  358.50  178.97
 2012 199    4.06    7.53  344.44  179.09
 2012 200    4.06    7.52  330.37  179.21
 2012 201    4.06    7.52  316.30  179.32
 2012 202    4.05    7.51  302.24  179.44
 2012 203    4.05    7.50  288.17  179.56
 2012 204    4.05    7.49  274.11  179.68
 2012 205    4.05    7.48  260.04  179.80
 2012 206    4.05    7.47  245.97  179.92
 2012 207    4.04    7.46  231.91  180.03
 2012 208    4.04    7.45  217.84  180.15
 2012 209    4.04    7.44  203.78  180.27
 2012 210    4.04    7.43  189.71  180.39
 2012 211    4.03    7.42  175.65  180.51
 2012 212    4.03    7.41  161.58  180.63
 2012 213    4.03    7.41  147.52  180.75
 2012 214    4.03    7.40  133.45  180.87
 2012 215    4.03    7.39  119.39  180.99
 2012 216    4.02    7.38  105.32  181.11
 2012 217    4.02    7.37   91.26  181.23
 2012 218    4.02    7.36   77.19  181.35
 2012 219    4.02    7.35   63.13  181.47
 2012 220    4.01    7.34   49.06  181.59
 2012 221    4.01    7.33   35.00  181.71
 2012 222    4.01    7.32   20.93  181.83
 2012 223    4.01    7.31    6.87  181.95
 2012 224    4.01    7.30  352.81  182.07
 2012 225    4.00    7.29  338.74  182.19
 2012 226    4.00    7.28  324.68  182.31
 2012 227    4.00    7.27  310.62  182.43
 2012 228    4.00    7.26  296.55  182.55
 2012 229    4.00    7.25  282.49  182.67
 2012 230    3.99    7.24  268.43  182.80
 2012 231    3.99    7.23  254.36  182.92
 2012 232    3.99    7.22  240.30  183.04
 2012 233    3.99    7.21  226.24  183.16
 2012 234    3.98    7.20  212.18  183.28
 2012 235    3.98    7.19  198.11  183.40
 2012 236    3.98    7.18  184.05  183.53
 2012 237    3.98    7.17  169.99  183.65
 2012 238    3.98    7.15  155.93  183.77
 2012 239    3.97    7.14  141.87  183.89
 2012 240    3.97    7.13  127.81  184.02
 2012 241    3.97    7.12  113.74  184.14
 2012 242    3.97    7.11   99.68  184.26
 2012 243    3.96    7.10   85.62  184.39
 2012 244    3.96    7.09   71.56  184.51
 2012 245    3.96    7.08   57.50  184.63
 2012 246    3.96    7.07   43.44  184.76
 2012 247    3.96    7.06   29.38  184.88
 2012 248    3.95    7.05   15.32  185.00
 2012 249    3.95    7.04    1.26  185.13
 2012 250    3.95    7.02  347.20  185.25
 2012 251    3.95    7.01  333.14  185.38
 2012 252    3.94    7.00  319.08  185.50
 2012 253    3.94    6.99  305.02  185.63
 2012 254    3.94    6.98  290.96  185.75
 2012 255    3.94    6.97  276.90  185.87
 2012 256    3.94    6.96  262.84  186.00
 2012 257    3.93    6.95  248.78  186.12
 2012 258    3.93    6.93  234.72  186.25
 2012 259    3.93    6.92  220.66  186.37
 2012 260    3.93    6.91  206.60  186.50
 2012 261    3.92    6.90  192.54  186.63
 2012 262    3.92    6.89  178.48  186.75
 2012 263    3.92    6.88  164.42  186.88
 2012 264    3.92    6.87  150.37  187.00
 2012 265    3.92    6.85  136.31  187.13
 2012 266    3.91    6.84  122.25  187.26
 2012 267    3.91    6.83  108.19  187.38
 2012 268    3.91    6.82   94.13  187.51
 2012 269    3.91    6.81   80.08  187.64
 2012 270    3.90    6.79   66.02  187.76
 2012 271    3.90    6.78   51.96  187.89
 2012 272    3.90    6.77   37.90  188.02
 2012 273    3.90    6.76   23.85  188.14
 2012 274    3.90    6.75    9.79  188.27
 2012 275    3.89    6.73  355.73  188.40
 2012 276    3.89    6.72  341.68  188.53
 2012 277    3.89    6.71  327.62  188.65
 2012 278    3.89    6.70  313.56  188.78
 2012 279    3.88    6.68  299.51  188.91
 2012 280    3.88    6.67  285.45  189.04
 2012 281    3.88    6.66  271.39  189.17
 2012 282    3.88    6.65  257.34  189.29
 2012 283    3.88    6.63  243.28  189.42
 2012 284    3.87    6.62  229.23  189.55
 2012 285    3.87    6.61  215.17  189.68
 2012 286    3.87    6.60  201.12  189.81
 2012 287    3.87    6.58  187.06  189.94
 2012 288    3.86    6.57  173.00  190.07
 2012 289    3.86    6.56  158.95  190.20
 2012 290    3.86    6.54  144.90  190.33
 2012 291    3.86    6.53  130.84  190.46
 2012 292    3.86    6.52  116.79  190.59
 2012 293    3.85    6.51  102.73  190.72
 2012 294    3.85    6.49   88.68  190.85
 2012 295    3.85    6.48   74.62  190.98
 2012 296    3.85    6.47   60.57  191.11
 2012 297    3.84    6.45   46.52  191.24
 2012 298    3.84    6.44   32.46  191.37
 2012 299    3.84    6.43   18.41  191.50
 2012 300    3.84    6.41    4.36  191.63
 2012 301    3.84    6.40  350.30  191.76
 2012 302    3.83    6.39  336.25  191.89
 2012 303    3.83    6.37  322.20  192.02
 2012 304    3.83    6.36  308.14  192.16
 2012 305    3.83    6.34  294.09  192.29
 2012 306    3.82    6.33  280.04  192.42
 2012 307    3.82    6.32  265.99  192.55
 2012 308    3.82    6.30  251.93  192.68
 2012 309    3.82    6.29  237.88  192.82
 2012 310    3.81    6.28  223.83  192.95
 2012 311    3.81    6.26  209.78  193.08
 2012 312    3.81    6.25  195.73  193.21
 2012 313    3.81    6.23  181.67  193.35
 2012 314    3.81    6.22  167.62  193.48
 2012 315    3.80    6.21  153.57  193.61
 2012 316    3.80    6.19  139.52  193.75
 2012 317    3.80    6.18  125.47  193.88
 2012 318    3.80    6.16  111.42  194.01
 2012 319    3.79    6.15   97.37  194.15
 2012 320    3.79    6.13   83.32  194.28
 2012 321    3.79    6.12   69.27  194.42
 2012 322    3.79    6.10   55.22  194.55
 2012 323    3.79    6.09   41.17  194.69
 2012 324    3.78    6.08   27.12  194.82
 2012 325    3.78    6.06   13.07  194.95
 2012 326    3.78    6.05  359.02  195.09
 2012 327    3.78    6.03  344.97  195.22
 2012 328    3.77    6.02  330.92  195.36
 2012 329    3.77    6.00  316.87  195.50
 2012 330    3.77    5.99  302.82  195.63
 2012 331    3.77    5.97  288.77  195.77
 2012 332    3.77    5.96  274.73  195.90
 2012 333    3.76    5.94  260.68  196.04
 2012 334    3.76    5.93  246.63  196.17
 2012 335    3.76    5.91  232.58  196.31
 2012 336    3.76    5.90  218.53  196.45
 2012 337    3.75    5.88  204.49  196.58
 2012 338    3.75    5.87  190.44  196.72
 2012 339    3.75    5.85  176.39  196.86
 2012 340    3.75    5.83  162.34  196.99
 2012 341    3.75    5.82  148.30  197.13
 2012 342    3.74    5.80  134.25  197.27
 2012 343    3.74    5.79  120.20  197.41
 2012 344    3.74    5.77  106.15  197.54
 2012 345    3.74    5.76   92.11  197.68
 2012 346    3.73    5.74   78.06  197.82
 2012 347    3.73    5.73   64.02  197.96
 2012 348    3.73    5.71   49.97  198.10
 2012 349    3.73    5.69   35.92  198.23
 2012 350    3.73    5.68   21.88  198.37
 2012 351    3.72    5.66    7.83  198.51
 2012 352    3.72    5.65  353.79  198.65
 2012 353    3.72    5.63  339.74  198.79
 2012 354    3.72    5.61  325.70  198.93
 2012 355    3.71    5.60  311.65  199.07
 2012 356    3.71    5.58  297.61  199.21
 2012 357    3.71    5.56  283.56  199.35
 2012 358    3.71    5.55  269.52  199.49
 2012 359    3.71    5.53  255.47  199.63
 2012 360    3.70    5.52  241.43  199.77
 2012 361    3.70    5.50  227.38  199.91
 2012 362    3.70    5.48  213.34  200.05
 2012 363    3.70    5.47  199.30  200.19
 2012 364    3.69    5.45  185.25  200.33
 2012 365    3.69    5.43  171.21  200.47
 2012 366    3.69    5.42  157.17  200.61
 2012 366    3.69    5.40  143.12  200.75
 2013   1    3.69    5.38  129.08  200.90
 2013   2    3.68    5.36  115.04  201.04
 2013   3    3.68    5.35  101.00  201.18
 2013   4    3.68    5.33   86.95  201.32
 2013   5    3.68    5.31   72.91  201.46
 2013   6    3.68    5.30   58.87  201.61
 2013   7    3.67    5.28   44.83  201.75
 2013   8    3.67    5.26   30.79  201.89
 2013   9    3.67    5.24   16.74  202.03
 2013  10    3.67    5.23    2.70  202.18
 2013  11    3.66    5.21  348.66  202.32
 2013  12    3.66    5.19  334.62  202.46
 2013  13    3.66    5.17  320.58  202.61
 2013  14    3.66    5.16  306.54  202.75
 2013  15    3.66    5.14  292.50  202.89
 2013  16    3.65    5.12  278.46  203.04
 2013  17    3.65    5.10  264.42  203.18
 2013  18    3.65    5.09  250.38  203.33
 2013  19    3.65    5.07  236.34  203.47
 2013  20    3.64    5.05  222.30  203.61
 2013  21    3.64    5.03  208.26  203.76
 2013  22    3.64    5.01  194.22  203.90
 2013  23    3.64    5.00  180.18  204.05
 2013  24    3.64    4.98  166.14  204.19
 2013  25    3.63    4.96  152.10  204.34
 2013  26    3.63    4.94  138.06  204.49
 2013  27    3.63    4.92  124.02  204.63
 2013  28    3.63    4.91  109.98  204.78
 2013  29    3.62    4.89   95.95  204.92
 2013  30    3.62    4.87   81.91  205.07
 2013  31    3.62    4.85   67.87  205.22
 2013  32    3.62    4.83   53.83  205.36
 2013  33    3.62    4.81   39.79  205.51
 2013  34    3.61    4.79   25.76  205.66
 2013  35    3.61    4.78   11.72  205.80
 2013  36    3.61    4.76  357.68  205.95
 2013  37    3.61    4.74  343.65  206.10
 2013  38    3.61    4.72  329.61  206.25
 2013  39    3.60    4.70  315.57  206.39
 2013  40    3.60    4.68  301.54  206.54
 2013  41    3.60    4.66  287.50  206.69
 2013  42    3.60    4.64  273.46  206.84
 2013  43    3.59    4.62  259.43  206.99
 2013  44    3.59    4.60  245.39  207.14
 2013  45    3.59    4.59  231.36  207.28
 2013  46    3.59    4.57  217.32  207.43
 2013  47    3.59    4.55  203.28  207.58
 2013  48    3.58    4.53  189.25  207.73
 2013  49    3.58    4.51  175.21  207.88
 2013  50    3.58    4.49  161.18  208.03
 2013  51    3.58    4.47  147.15  208.18
 2013  52    3.58    4.45  133.11  208.33
 2013  53    3.57    4.43  119.08  208.48
 2013  54    3.57    4.41  105.04  208.63
 2013  55    3.57    4.39   91.01  208.78
 2013  56    3.57    4.37   76.98  208.93
 2013  57    3.56    4.35   62.94  209.08
 2013  58    3.56    4.33   48.91  209.23
 2013  59    3.56    4.31   34.88  209.38
 2013  60    3.56    4.29   20.84  209.54
 2013  61    3.56    4.27    6.81  209.69
 2013  62    3.55    4.25  352.78  209.84
 2013  63    3.55    4.23  338.74  209.99
 2013  64    3.55    4.21  324.71  210.14
 2013  65    3.55    4.19  310.68  210.30
 2013  66    3.55    4.17  296.65  210.45
 2013  67    3.54    4.15  282.62  210.60
 2013  68    3.54    4.13  268.58  210.75
 2013  69    3.54    4.11  254.55  210.91
 2013  70    3.54    4.09  240.52  211.06
 2013  71    3.53    4.07  226.49  211.21
 2013  72    3.53    4.05  212.46  211.37
 2013  73    3.53    4.02  198.43  211.52
 2013  74    3.53    4.00  184.40  211.67
 2013  75    3.53    3.98  170.37  211.83
 2013  76    3.52    3.96  156.34  211.98
 2013  77    3.52    3.94  142.31  212.14
 2013  78    3.52    3.92  128.28  212.29
 2013  79    3.52    3.90  114.25  212.45
 2013  80    3.52    3.88  100.22  212.60
 2013  81    3.51    3.86   86.19  212.76
 2013  82    3.51    3.84   72.16  212.91
 2013  83    3.51    3.81   58.13  213.07
 2013  84    3.51    3.79   44.10  213.22
 2013  85    3.51    3.77   30.07  213.38
 2013  86    3.50    3.75   16.04  213.53
 2013  87    3.50    3.73    2.02  213.69
 2013  88    3.50    3.71  347.99  213.85
 2013  89    3.50    3.69  333.96  214.00
 2013  90    3.49    3.66  319.93  214.16
 2013  91    3.49    3.64  305.91  214.32
 2013  92    3.49    3.62  291.88  214.47
 2013  93    3.49    3.60  277.85  214.63
 2013  94    3.49    3.58  263.82  214.79
 2013  95    3.48    3.55  249.80  214.94
 2013  96    3.48    3.53  235.77  215.10
 2013  97    3.48    3.51  221.74  215.26
 2013  98    3.48    3.49  207.72  215.42
 2013  99    3.48    3.47  193.69  215.58
 2013 100    3.47    3.44  179.66  215.73
 2013 101    3.47    3.42  165.64  215.89
 2013 102    3.47    3.40  151.61  216.05
 2013 103    3.47    3.38  137.59  216.21
 2013 104    3.47    3.35  123.56  216.37
 2013 105    3.46    3.33  109.54  216.53
 2013 106    3.46    3.31   95.51  216.69
 2013 107    3.46    3.29   81.49  216.85
 2013 108    3.46    3.26   67.46  217.01
 2013 109    3.46    3.24   53.44  217.17
 2013 110    3.45    3.22   39.41  217.33
 2013 111    3.45    3.20   25.39  217.49
 2013 112    3.45    3.17   11.37  217.65
 2013 113    3.45    3.15  357.34  217.81
 2013 114    3.45    3.13  343.32  217.97
 2013 115    3.44    3.10  329.30  218.13
 2013 116    3.44    3.08  315.27  218.29
 2013 117    3.44    3.06  301.25  218.46
 2013 118    3.44    3.04  287.23  218.62
 2013 119    3.44    3.01  273.21  218.78
 2013 120    3.43    2.99  259.18  218.94
 2013 121    3.43    2.97  245.16  219.10
 2013 122    3.43    2.94  231.14  219.27
 2013 123    3.43    2.92  217.12  219.43
 2013 124    3.43    2.90  203.10  219.59
 2013 125    3.42    2.87  189.07  219.75
 2013 126    3.42    2.85  175.05  219.92
 2013 127    3.42    2.83  161.03  220.08
 2013 128    3.42    2.80  147.01  220.24
 2013 129    3.42    2.78  132.99  220.41
 2013 130    3.41    2.75  118.97  220.57
 2013 131    3.41    2.73  104.95  220.74
 2013 132    3.41    2.71   90.93  220.90
 2013 133    3.41    2.68   76.91  221.06
 2013 134    3.41    2.66   62.89  221.23
 2013 135    3.40    2.63   48.87  221.39
 2013 136    3.40    2.61   34.85  221.56
 2013 137    3.40    2.59   20.83  221.72
 2013 138    3.40    2.56    6.81  221.89
 2013 139    3.40    2.54  352.79  222.05
 2013 140    3.39    2.51  338.77  222.22
 2013 141    3.39    2.49  324.76  222.39
 2013 142    3.39    2.47  310.74  222.55
 2013 143    3.39    2.44  296.72  222.72
 2013 144    3.39    2.42  282.70  222.88
 2013 145    3.39    2.39  268.68  223.05
 2013 146    3.38    2.37  254.67  223.22
 2013 147    3.38    2.34  240.65  223.38
 2013 148    3.38    2.32  226.63  223.55
 2013 149    3.38    2.29  212.61  223.72
 2013 150    3.38    2.27  198.60  223.89
 2013 151    3.37    2.24  184.58  224.05
 2013 152    3.37    2.22  170.56  224.22
 2013 153    3.37    2.20  156.55  224.39
 2013 154    3.37    2.17  142.53  224.56
 2013 155    3.37    2.15  128.51  224.73
 2013 156    3.36    2.12  114.50  224.89
 2013 157    3.36    2.10  100.48  225.06
 2013 158    3.36    2.07   86.47  225.23
 2013 159    3.36    2.04   72.45  225.40
 2013 160    3.36    2.02   58.44  225.57
 2013 161    3.36    1.99   44.42  225.74
 2013 162    3.35    1.97   30.41  225.91
 2013 163    3.35    1.94   16.39  226.08
 2013 164    3.35    1.92    2.38  226.25
 2013 165    3.35    1.89  348.36  226.42
 2013 166    3.35    1.87  334.35  226.59
 2013 167    3.34    1.84  320.34  226.76
 2013 168    3.34    1.82  306.32  226.93
 2013 169    3.34    1.79  292.31  227.10
 2013 170    3.34    1.77  278.30  227.27
 2013 171    3.34    1.74  264.28  227.45
 2013 172    3.33    1.71  250.27  227.62
 2013 173    3.33    1.69  236.26  227.79
 2013 174    3.33    1.66  222.24  227.96
 2013 175    3.33    1.64  208.23  228.13
 2013 176    3.33    1.61  194.22  228.30
 2013 177    3.33    1.59  180.21  228.48
 2013 178    3.32    1.56  166.20  228.65
 2013 179    3.32    1.53  152.18  228.82
 2013 180    3.32    1.51  138.17  229.00
 2013 181    3.32    1.48  124.16  229.17
 2013 182    3.32    1.45  110.15  229.34
 2013 183    3.32    1.43   96.14  229.52
 2013 184    3.31    1.40   82.13  229.69
 2013 185    3.31    1.38   68.12  229.86
 2013 186    3.31    1.35   54.11  230.04
 2013 187    3.31    1.32   40.10  230.21
 2013 188    3.31    1.30   26.09  230.39
 2013 190    3.30    1.27   12.08  230.56
 2013 191    3.30    1.24  358.07  230.73
 2013 192    3.30    1.22  344.06  230.91
 2013 193    3.30    1.19  330.05  231.08
 2013 194    3.30    1.16  316.04  231.26
 2013 195    3.30    1.14  302.03  231.44
 2013 196    3.29    1.11  288.02  231.61
 2013 197    3.29    1.08  274.01  231.79
 2013 198    3.29    1.06  260.01  231.96
 2013 199    3.29    1.03  246.00  232.14
 2013 200    3.29    1.00  231.99  232.32
 2013 201    3.29    0.98  217.98  232.49
 2013 202    3.28    0.95  203.97  232.67
 2013 203    3.28    0.92  189.97  232.85
 2013 204    3.28    0.90  175.96  233.02
 2013 205    3.28    0.87  161.95  233.20
 2013 206    3.28    0.84  147.95  233.38
 2013 207    3.28    0.82  133.94  233.56
 2013 208    3.27    0.79  119.93  233.73
 2013 209    3.27    0.76  105.93  233.91
 2013 210    3.27    0.73   91.92  234.09
 2013 211    3.27    0.71   77.91  234.27
 2013 212    3.27    0.68   63.91  234.45
 2013 213    3.27    0.65   49.90  234.62
 2013 214    3.26    0.63   35.90  234.80
 2013 215    3.26    0.60   21.89  234.98
 2013 216    3.26    0.57    7.89  235.16
 2013 217    3.26    0.54  353.88  235.34
 2013 218    3.26    0.52  339.88  235.52
 2013 219    3.26    0.49  325.87  235.70
 2013 220    3.25    0.46  311.87  235.88
 2013 221    3.25    0.43  297.86  236.06
 2013 222    3.25    0.41  283.86  236.24
 2013 223    3.25    0.38  269.85  236.42
 2013 224    3.25    0.35  255.85  236.60
 2013 225    3.25    0.32  241.85  236.78
 2013 226    3.24    0.30  227.84  236.96
 2013 227    3.24    0.27  213.84  237.15
 2013 228    3.24    0.24  199.84  237.33
 2013 229    3.24    0.21  185.83  237.51
 2013 230    3.24    0.18  171.83  237.69
 2013 231    3.24    0.16  157.83  237.87
 2013 232    3.24    0.13  143.83  238.05
 2013 233    3.23    0.10  129.83  238.24
 2013 234    3.23    0.07  115.82  238.42
 2013 235    3.23    0.05  101.82  238.60
 2013 236    3.23    0.02   87.82  238.78
 2013 237    3.23   -0.01   73.82  238.97
 2013 238    3.23   -0.04   59.82  239.15
 2013 239    3.22   -0.07   45.82  239.33
 2013 240    3.22   -0.09   31.81  239.52
 2013 241    3.22   -0.12   17.81  239.70
 2013 242    3.22   -0.15    3.81  239.88
 2013 243    3.22   -0.18  349.81  240.07
 2013 244    3.22   -0.21  335.81  240.25
 2013 245    3.22   -0.24  321.81  240.44
 2013 246    3.21   -0.26  307.81  240.62
 2013 247    3.21   -0.29  293.81  240.80
 2013 248    3.21   -0.32  279.81  240.99
 2013 249    3.21   -0.35  265.81  241.17
 2013 250    3.21   -0.38  251.81  241.36
 2013 251    3.21   -0.40  237.82  241.54
 2013 252    3.21   -0.43  223.82  241.73
 2013 253    3.20   -0.46  209.82  241.92
 2013 254    3.20   -0.49  195.82  242.10
 2013 255    3.20   -0.52  181.82  242.29
 2013 256    3.20   -0.55  167.82  242.47
 2013 257    3.20   -0.58  153.82  242.66
 2013 258    3.20   -0.60  139.83  242.85
 2013 259    3.20   -0.63  125.83  243.03
 2013 260    3.19   -0.66  111.83  243.22
 2013 261    3.19   -0.69   97.83  243.41
 2013 262    3.19   -0.72   83.84  243.59
 2013 263    3.19   -0.75   69.84  243.78
 2013 264    3.19   -0.77   55.84  243.97
 2013 265    3.19   -0.80   41.84  244.16
 2013 266    3.19   -0.83   27.85  244.34
 2013 267    3.18   -0.86   13.85  244.53
 2013 268    3.18   -0.89  359.86  244.72
 2013 269    3.18   -0.92  345.86  244.91
 2013 270    3.18   -0.95  331.86  245.10
 2013 271    3.18   -0.98  317.87  245.29
 2013 272    3.18   -1.00  303.87  245.47
 2013 273    3.18   -1.03  289.88  245.66
 2013 274    3.18   -1.06  275.88  245.85
 2013 275    3.17   -1.09  261.89  246.04
 2013 276    3.17   -1.12  247.89  246.23
 2013 277    3.17   -1.15  233.90  246.42
 2013 278    3.17   -1.18  219.90  246.61
 2013 279    3.17   -1.21  205.91  246.80
 2013 280    3.17   -1.23  191.91  246.99
 2013 281    3.17   -1.26  177.92  247.18
 2013 282    3.17   -1.29  163.92  247.37
 2013 283    3.16   -1.32  149.93  247.56
 2013 284    3.16   -1.35  135.94  247.75
 2013 285    3.16   -1.38  121.94  247.94
 2013 286    3.16   -1.41  107.95  248.13
 2013 287    3.16   -1.44   93.96  248.32
 2013 288    3.16   -1.46   79.96  248.52
 2013 289    3.16   -1.49   65.97  248.71
 2013 290    3.16   -1.52   51.98  248.90
 2013 291    3.15   -1.55   37.98  249.09
 2013 292    3.15   -1.58   23.99  249.28
 2013 293    3.15   -1.61   10.00  249.47
 2013 294    3.15   -1.64  356.01  249.67
 2013 295    3.15   -1.67  342.01  249.86
 2013 296    3.15   -1.70  328.02  250.05
 2013 297    3.15   -1.72  314.03  250.24
 2013 298    3.15   -1.75  300.04  250.44
 2013 299    3.14   -1.78  286.05  250.63
 2013 300    3.14   -1.81  272.06  250.82
 2013 301    3.14   -1.84  258.07  251.01
 2013 302    3.14   -1.87  244.07  251.21
 2013 303    3.14   -1.90  230.08  251.40
 2013 304    3.14   -1.93  216.09  251.60
 2013 305    3.14   -1.96  202.10  251.79
 2013 306    3.14   -1.98  188.11  251.98
 2013 307    3.14   -2.01  174.12  252.18
 2013 308    3.13   -2.04  160.13  252.37
 2013 309    3.13   -2.07  146.14  252.57
 2013 310    3.13   -2.10  132.15  252.76
 2013 311    3.13   -2.13  118.16  252.95
 2013 312    3.13   -2.16  104.17  253.15
 2013 313    3.13   -2.19   90.18  253.34
 2013 314    3.13   -2.21   76.19  253.54
 2013 315    3.13   -2.24   62.20  253.73
 2013 316    3.13   -2.27   48.21  253.93
 2013 317    3.13   -2.30   34.23  254.13
 2013 318    3.12   -2.33   20.24  254.32
 2013 319    3.12   -2.36    6.25  254.52
 2013 320    3.12   -2.39  352.26  254.71
 2013 321    3.12   -2.42  338.27  254.91
 2013 322    3.12   -2.45  324.28  255.10
 2013 323    3.12   -2.47  310.29  255.30
 2013 324    3.12   -2.50  296.31  255.50
 2013 325    3.12   -2.53  282.32  255.69
 2013 326    3.12   -2.56  268.33  255.89
 2013 327    3.12   -2.59  254.34  256.09
 2013 328    3.11   -2.62  240.36  256.28
 2013 329    3.11   -2.65  226.37  256.48
 2013 330    3.11   -2.68  212.38  256.68
 2013 331    3.11   -2.70  198.39  256.88
 2013 332    3.11   -2.73  184.41  257.07
 2013 333    3.11   -2.76  170.42  257.27
 2013 334    3.11   -2.79  156.43  257.47
 2013 335    3.11   -2.82  142.45  257.67
 2013 336    3.11   -2.85  128.46  257.86
 2013 337    3.11   -2.88  114.47  258.06
 2013 338    3.11   -2.90  100.49  258.26
 2013 339    3.10   -2.93   86.50  258.46
 2013 340    3.10   -2.96   72.52  258.66
 2013 341    3.10   -2.99   58.53  258.86
 2013 342    3.10   -3.02   44.54  259.05
 2013 343    3.10   -3.05   30.56  259.25
 2013 344    3.10   -3.08   16.57  259.45
 2013 345    3.10   -3.10    2.59  259.65
 2013 346    3.10   -3.13  348.60  259.85
 2013 347    3.10   -3.16  334.62  260.05
 2013 348    3.10   -3.19  320.63  260.25
 2013 349    3.10   -3.22  306.65  260.45
 2013 350    3.09   -3.25  292.66  260.65
 2013 351    3.09   -3.27  278.68  260.85
 2013 352    3.09   -3.30  264.69  261.05
 2013 353    3.09   -3.33  250.71  261.25
 2013 354    3.09   -3.36  236.73  261.45
 2013 355    3.09   -3.39  222.74  261.65
 2013 356    3.09   -3.41  208.76  261.85
 2013 357    3.09   -3.44  194.77  262.05
 2013 358    3.09   -3.47  180.79  262.25
 2013 359    3.09   -3.50  166.81  262.45
 2013 360    3.09   -3.53  152.82  262.65
 2013 361    3.09   -3.55  138.84  262.85
 2013 362    3.09   -3.58  124.85  263.05
 2013 363    3.09   -3.61  110.87  263.25
 2013 364    3.08   -3.64   96.89  263.45
 2013 365    3.08   -3.67   82.91  263.66
 2013 365    3.08   -3.69   68.92  263.86
 2014   1    3.08   -3.72   54.94  264.06
 2014   2    3.08   -3.75   40.96  264.26
 2014   3    3.08   -3.78   26.97  264.46
 2014   4    3.08   -3.81   12.99  264.66
 2014   5    3.08   -3.83  359.01  264.87
 2014   6    3.08   -3.86  345.03  265.07
 2014   7    3.08   -3.89  331.04  265.27
 2014   8    3.08   -3.92  317.06  265.47
 2014   9    3.08   -3.94  303.08  265.67
 2014  10    3.08   -3.97  289.10  265.88
 2014  11    3.08   -4.00  275.12  266.08
 2014  12    3.08   -4.03  261.13  266.28
 2014  13    3.07   -4.05  247.15  266.48
 2014  14    3.07   -4.08  233.17  266.69
 2014  15    3.07   -4.11  219.19  266.89
 2014  16    3.07   -4.13  205.21  267.09
 2014  17    3.07   -4.16  191.23  267.30
 2014  18    3.07   -4.19  177.24  267.50
 2014  19    3.07   -4.22  163.26  267.70
 2014  20    3.07   -4.24  149.28  267.90
 2014  21    3.07   -4.27  135.30  268.11
 2014  22    3.07   -4.30  121.32  268.31
 2014  23    3.07   -4.32  107.34  268.51
 2014  24    3.07   -4.35   93.36  268.72
 2014  25    3.07   -4.38   79.38  268.92
 2014  26    3.07   -4.40   65.40  269.13
 2014  27    3.07   -4.43   51.42  269.33
 2014  28    3.07   -4.46   37.43  269.53
 2014  29    3.07   -4.48   23.45  269.74
 2014  30    3.07   -4.51    9.47  269.94
 2014  31    3.07   -4.54  355.49  270.15
 2014  32    3.07   -4.56  341.51  270.35
 2014  33    3.06   -4.59  327.53  270.55
 2014  34    3.06   -4.62  313.55  270.76
 2014  35    3.06   -4.64  299.57  270.96
 2014  36    3.06   -4.67  285.59  271.17
 2014  37    3.06   -4.70  271.61  271.37
 2014  38    3.06   -4.72  257.63  271.58
 2014  39    3.06   -4.75  243.65  271.78
 2014  40    3.06   -4.77  229.67  271.99
 2014  41    3.06   -4.80  215.69  272.19
 2014  42    3.06   -4.83  201.72  272.40
 2014  43    3.06   -4.85  187.74  272.60
 2014  44    3.06   -4.88  173.76  272.80
 2014  45    3.06   -4.90  159.78  273.01
 2014  46    3.06   -4.93  145.80  273.22
 2014  47    3.06   -4.96  131.82  273.42
 2014  48    3.06   -4.98  117.84  273.63
 2014  49    3.06   -5.01  103.86  273.83
 2014  50    3.06   -5.03   89.88  274.04
 2014  51    3.06   -5.06   75.90  274.24
 2014  52    3.06   -5.08   61.92  274.45
 2014  53    3.06   -5.11   47.94  274.65
 2014  54    3.06   -5.13   33.97  274.86
 2014  55    3.06   -5.16   19.99  275.06
 2014  56    3.06   -5.18    6.01  275.27
 2014  57    3.06   -5.21  352.03  275.47
 2014  58    3.06   -5.23  338.05  275.68
 2014  59    3.06   -5.26  324.07  275.89
 2014  60    3.06   -5.28  310.09  276.09
 2014  61    3.06   -5.31  296.11  276.30
 2014  62    3.06   -5.33  282.14  276.50
 2014  63    3.06   -5.36  268.16  276.71
 2014  64    3.06   -5.38  254.18  276.92
 2014  65    3.06   -5.41  240.20  277.12
 2014  66    3.06   -5.43  226.22  277.33
 2014  67    3.06   -5.46  212.24  277.53
 2014  68    3.05   -5.48  198.27  277.74
 2014  69    3.05   -5.51  184.29  277.95
 2014  70    3.05   -5.53  170.31  278.15
 2014  71    3.05   -5.55  156.33  278.36
 2014  72    3.05   -5.58  142.35  278.57
 2014  73    3.05   -5.60  128.38  278.77
 2014  74    3.05   -5.63  114.40  278.98
 2014  75    3.05   -5.65  100.42  279.18
 2014  76    3.05   -5.67   86.44  279.39
 2014  77    3.05   -5.70   72.46  279.60
 2014  78    3.05   -5.72   58.49  279.80
 2014  79    3.05   -5.75   44.51  280.01
 2014  80    3.05   -5.77   30.53  280.22
 2014  81    3.05   -5.79   16.55  280.42
 2014  82    3.05   -5.82    2.57  280.63
 2014  83    3.05   -5.84  348.60  280.84
 2014  84    3.05   -5.86  334.62  281.04
 2014  85    3.05   -5.89  320.64  281.25
 2014  86    3.05   -5.91  306.66  281.46
 2014  87    3.05   -5.93  292.69  281.66
 2014  88    3.05   -5.95  278.71  281.87
 2014  89    3.05   -5.98  264.73  282.08
 2014  90    3.05   -6.00  250.75  282.28
 2014  91    3.05   -6.02  236.77  282.49
 2014  92    3.05   -6.05  222.80  282.70
 2014  93    3.05   -6.07  208.82  282.90
 2014  94    3.05   -6.09  194.84  283.11
 2014  95    3.05   -6.11  180.86  283.32
 2014  96    3.05   -6.13  166.89  283.52
 2014  97    3.05   -6.16  152.91  283.73
 2014  98    3.05   -6.18  138.93  283.94
 2014  99    3.05   -6.20  124.95  284.14
 2014 100    3.05   -6.22  110.98  284.35
 2014 101    3.05   -6.25   97.00  284.56
 2014 102    3.05   -6.27   83.02  284.76
 2014 103    3.05   -6.29   69.04  284.97
 2014 104    3.05   -6.31   55.07  285.18
 2014 105    3.06   -6.33   41.09  285.38
 2014 106    3.06   -6.35   27.11  285.59
 2014 107    3.06   -6.37   13.13  285.80
 2014 108    3.06   -6.40  359.15  286.00
 2014 109    3.06   -6.42  345.18  286.21
 2014 110    3.06   -6.44  331.20  286.42
 2014 111    3.06   -6.46  317.22  286.63
 2014 112    3.06   -6.48  303.24  286.83
 2014 113    3.06   -6.50  289.27  287.04
 2014 114    3.06   -6.52  275.29  287.25
 2014 115    3.06   -6.54  261.31  287.45
 2014 116    3.06   -6.56  247.33  287.66
 2014 117    3.06   -6.58  233.36  287.87
 2014 118    3.06   -6.60  219.38  288.07
 2014 119    3.06   -6.62  205.40  288.28
 2014 120    3.06   -6.64  191.42  288.49
 2014 121    3.06   -6.67  177.44  288.69
 2014 122    3.06   -6.69  163.47  288.90
 2014 123    3.06   -6.71  149.49  289.11
 2014 124    3.06   -6.73  135.51  289.31
 2014 125    3.06   -6.74  121.53  289.52
 2014 126    3.06   -6.76  107.56  289.72
 2014 127    3.06   -6.78   93.58  289.93
 2014 128    3.06   -6.80   79.60  290.14
 2014 129    3.06   -6.82   65.62  290.34
 2014 130    3.06   -6.84   51.64  290.55
 2014 131    3.06   -6.86   37.67  290.76
 2014 132    3.06   -6.88   23.69  290.96
 2014 133    3.06   -6.90    9.71  291.17
 2014 134    3.06   -6.92  355.73  291.38
 2014 135    3.06   -6.94  341.75  291.58
 2014 136    3.06   -6.96  327.77  291.79
 2014 137    3.06   -6.98  313.80  291.99
 2014 138    3.06   -6.99  299.82  292.20
 2014 139    3.06   -7.01  285.84  292.41
 2014 140    3.07   -7.03  271.86  292.61
 2014 141    3.07   -7.05  257.88  292.82
 2014 142    3.07   -7.07  243.90  293.02
 2014 143    3.07   -7.09  229.93  293.23
 2014 144    3.07   -7.10  215.95  293.44
 2014 145    3.07   -7.12  201.97  293.64
 2014 146    3.07   -7.14  187.99  293.85
 2014 147    3.07   -7.16  174.01  294.05
 2014 148    3.07   -7.17  160.03  294.26
 2014 149    3.07   -7.19  146.05  294.46
 2014 150    3.07   -7.21  132.08  294.67
 2014 151    3.07   -7.23  118.10  294.88
 2014 152    3.07   -7.24  104.12  295.08
 2014 153    3.07   -7.26   90.14  295.29
 2014 154    3.07   -7.28   76.16  295.49
 2014 155    3.07   -7.30   62.18  295.70
 2014 156    3.07   -7.31   48.20  295.90
 2014 157    3.07   -7.33   34.22  296.11
 2014 158    3.07   -7.35   20.24  296.31
 2014 159    3.07   -7.36    6.26  296.52
 2014 160    3.08   -7.38  352.28  296.72
 2014 161    3.08   -7.40  338.30  296.93
 2014 162    3.08   -7.41  324.32  297.13
 2014 163    3.08   -7.43  310.35  297.34
 2014 164    3.08   -7.44  296.37  297.54
 2014 165    3.08   -7.46  282.39  297.75
 2014 166    3.08   -7.48  268.41  297.95
 2014 167    3.08   -7.49  254.43  298.16
 2014 168    3.08   -7.51  240.45  298.36
 2014 169    3.08   -7.52  226.47  298.56
 2014 170    3.08   -7.54  212.49  298.77
 2014 171    3.08   -7.55  198.51  298.97
 2014 172    3.08   -7.57  184.53  299.18
 2014 173    3.08   -7.58  170.55  299.38
 2014 174    3.08   -7.60  156.57  299.59
 2014 175    3.09   -7.61  142.58  299.79
 2014 176    3.09   -7.63  128.60  299.99
 2014 177    3.09   -7.64  114.62  300.20
 2014 178    3.09   -7.66  100.64  300.40
 2014 179    3.09   -7.67   86.66  300.60
 2014 180    3.09   -7.69   72.68  300.81
 2014 181    3.09   -7.70   58.70  301.01
 2014 182    3.09   -7.72   44.72  301.21
 2014 183    3.09   -7.73   30.74  301.42
 2014 184    3.09   -7.74   16.76  301.62
 2014 185    3.09   -7.76    2.78  301.82
 2014 186    3.09   -7.77  348.79  302.03
 2014 187    3.09   -7.79  334.81  302.23
 2014 188    3.09   -7.80  320.83  302.43
 2014 190    3.10   -7.81  306.85  302.64
 2014 191    3.10   -7.83  292.87  302.84
 2014 192    3.10   -7.84  278.89  303.04
 2014 193    3.10   -7.85  264.90  303.24
 2014 194    3.10   -7.87  250.92  303.45
 2014 195    3.10   -7.88  236.94  303.65
 2014 196    3.10   -7.89  222.96  303.85
 2014 197    3.10   -7.90  208.98  304.05
 2014 198    3.10   -7.92  194.99  304.25
 2014 199    3.10   -7.93  181.01  304.46
 2014 200    3.10   -7.94  167.03  304.66
 2014 201    3.10   -7.95  153.05  304.86
 2014 202    3.11   -7.97  139.06  305.06
 2014 203    3.11   -7.98  125.08  305.26
 2014 204    3.11   -7.99  111.10  305.46
 2014 205    3.11   -8.00   97.11  305.67
 2014 206    3.11   -8.02   83.13  305.87
 2014 207    3.11   -8.03   69.15  306.07
 2014 208    3.11   -8.04   55.16  306.27
 2014 209    3.11   -8.05   41.18  306.47
 2014 210    3.11   -8.06   27.20  306.67
 2014 211    3.11   -8.07   13.21  306.87
 2014 212    3.11   -8.08  359.23  307.07
 2014 213    3.12   -8.10  345.24  307.27
 2014 214    3.12   -8.11  331.26  307.47
 2014 215    3.12   -8.12  317.28  307.67
 2014 216    3.12   -8.13  303.29  307.87
 2014 217    3.12   -8.14  289.31  308.07
 2014 218    3.12   -8.15  275.32  308.27
 2014 219    3.12   -8.16  261.34  308.47
 2014 220    3.12   -8.17  247.35  308.67
 2014 221    3.12   -8.18  233.37  308.87
 2014 222    3.12   -8.19  219.38  309.07
 2014 223    3.13   -8.20  205.40  309.27
 2014 224    3.13   -8.21  191.41  309.47
 2014 225    3.13   -8.22  177.43  309.67
 2014 226    3.13   -8.23  163.44  309.87
 2014 227    3.13   -8.24  149.46  310.07
 2014 228    3.13   -8.25  135.47  310.26
 2014 229    3.13   -8.26  121.48  310.46
 2014 230    3.13   -8.27  107.50  310.66
 2014 231    3.13   -8.28   93.51  310.86
 2014 232    3.14   -8.29   79.53  311.06
 2014 233    3.14   -8.30   65.54  311.25
 2014 234    3.14   -8.30   51.55  311.45
 2014 235    3.14   -8.31   37.57  311.65
 2014 236    3.14   -8.32   23.58  311.85
 2014 237    3.14   -8.33    9.59  312.05
 2014 238    3.14   -8.34  355.61  312.24
 2014 239    3.14   -8.35  341.62  312.44
 2014 240    3.14   -8.36  327.63  312.64
 2014 241    3.15   -8.36  313.64  312.83
 2014 242    3.15   -8.37  299.66  313.03
 2014 243    3.15   -8.38  285.67  313.23
 2014 244    3.15   -8.39  271.68  313.42
 2014 245    3.15   -8.40  257.69  313.62
 2014 246    3.15   -8.40  243.70  313.82
 2014 247    3.15   -8.41  229.72  314.01
 2014 248    3.15   -8.42  215.73  314.21
 2014 249    3.16   -8.43  201.74  314.40
 2014 250    3.16   -8.43  187.75  314.60
 2014 251    3.16   -8.44  173.76  314.80
 2014 252    3.16   -8.45  159.77  314.99
 2014 253    3.16   -8.45  145.78  315.19
 2014 254    3.16   -8.46  131.79  315.38
 2014 255    3.16   -8.47  117.80  315.58
 2014 256    3.16   -8.48  103.81  315.77
 2014 257    3.17   -8.48   89.82  315.97
 2014 258    3.17   -8.49   75.83  316.16
 2014 259    3.17   -8.49   61.84  316.35
 2014 260    3.17   -8.50   47.85  316.55
 2014 261    3.17   -8.51   33.86  316.74
 2014 262    3.17   -8.51   19.87  316.94
 2014 263    3.17   -8.52    5.88  317.13
 2014 264    3.17   -8.52  351.89  317.32
 2014 265    3.18   -8.53  337.90  317.52
 2014 266    3.18   -8.54  323.91  317.71
 2014 267    3.18   -8.54  309.92  317.90
 2014 268    3.18   -8.55  295.93  318.10
 2014 269    3.18   -8.55  281.94  318.29
 2014 270    3.18   -8.56  267.94  318.48
 2014 271    3.18   -8.56  253.95  318.67
 2014 272    3.18   -8.57  239.96  318.87
 2014 273    3.19   -8.57  225.97  319.06
 2014 274    3.19   -8.58  211.97  319.25
 2014 275    3.19   -8.58  197.98  319.44
 2014 276    3.19   -8.59  183.99  319.63
 2014 277    3.19   -8.59  170.00  319.83
 2014 278    3.19   -8.60  156.00  320.02
 2014 279    3.19   -8.60  142.01  320.21
 2014 280    3.20   -8.61  128.02  320.40
 2014 281    3.20   -8.61  114.02  320.59
 2014 282    3.20   -8.61  100.03  320.78
 2014 283    3.20   -8.62   86.04  320.97
 2014 284    3.20   -8.62   72.04  321.16
 2014 285    3.20   -8.62   58.05  321.35
 2014 286    3.20   -8.63   44.05  321.54
 2014 287    3.21   -8.63   30.06  321.73
 2014 288    3.21   -8.64   16.06  321.92
 2014 289    3.21   -8.64    2.07  322.11
 2014 290    3.21   -8.64  348.07  322.30
 2014 291    3.21   -8.65  334.08  322.49
 2014 292    3.21   -8.65  320.08  322.68
 2014 293    3.21   -8.65  306.09  322.87
 2014 294    3.22   -8.65  292.09  323.06
 2014 295    3.22   -8.66  278.10  323.25
 2014 296    3.22   -8.66  264.10  323.43
 2014 297    3.22   -8.66  250.11  323.62
 2014 298    3.22   -8.67  236.11  323.81
 2014 299    3.22   -8.67  222.11  324.00
 2014 300    3.22   -8.67  208.12  324.19
 2014 301    3.23   -8.67  194.12  324.37
 2014 302    3.23   -8.67  180.12  324.56
 2014 303    3.23   -8.68  166.12  324.75
 2014 304    3.23   -8.68  152.13  324.93
 2014 305    3.23   -8.68  138.13  325.12
 2014 306    3.23   -8.68  124.13  325.31
 2014 307    3.24   -8.68  110.13  325.49
 2014 308    3.24   -8.69   96.14  325.68
 2014 309    3.24   -8.69   82.14  325.87
 2014 310    3.24   -8.69   68.14  326.05
 2014 311    3.24   -8.69   54.14  326.24
 2014 312    3.24   -8.69   40.14  326.42
 2014 313    3.24   -8.69   26.14  326.61
 2014 314    3.25   -8.69   12.14  326.80
 2014 315    3.25   -8.69  358.14  326.98
 2014 316    3.25   -8.70  344.14  327.17
 2014 317    3.25   -8.70  330.14  327.35
 2014 318    3.25   -8.70  316.15  327.53
 2014 319    3.25   -8.70  302.14  327.72
 2014 320    3.26   -8.70  288.14  327.90
 2014 321    3.26   -8.70  274.14  328.09
 2014 322    3.26   -8.70  260.14  328.27
 2014 323    3.26   -8.70  246.14  328.45
 2014 324    3.26   -8.70  232.14  328.64
 2014 325    3.26   -8.70  218.14  328.82
 2014 326    3.27   -8.70  204.14  329.00
 2014 327    3.27   -8.70  190.14  329.19
 2014 328    3.27   -8.70  176.14  329.37
 2014 329    3.27   -8.70  162.13  329.55
 2014 330    3.27   -8.70  148.13  329.73
 2014 331    3.27   -8.70  134.13  329.92
 2014 332    3.28   -8.70  120.13  330.10
 2014 333    3.28   -8.70  106.13  330.28
 2014 334    3.28   -8.70   92.12  330.46
 2014 335    3.28   -8.70   78.12  330.64
 2014 336    3.28   -8.69   64.12  330.82
 2014 337    3.28   -8.69   50.11  331.01
 2014 338    3.29   -8.69   36.11  331.19
 2014 339    3.29   -8.69   22.11  331.37
 2014 340    3.29   -8.69    8.10  331.55
 2014 341    3.29   -8.69  354.10  331.73
 2014 342    3.29   -8.69  340.09  331.91
 2014 343    3.29   -8.69  326.09  332.09
 2014 344    3.30   -8.68  312.08  332.27
 2014 345    3.30   -8.68  298.08  332.45
 2014 346    3.30   -8.68  284.07  332.63
 2014 347    3.30   -8.68  270.07  332.81
 2014 348    3.30   -8.68  256.06  332.98
 2014 349    3.30   -8.68  242.06  333.16
 2014 350    3.31   -8.67  228.05  333.34
 2014 351    3.31   -8.67  214.05  333.52
 2014 352    3.31   -8.67  200.04  333.70
 2014 353    3.31   -8.67  186.03  333.88
 2014 354    3.31   -8.66  172.03  334.05
 2014 355    3.31   -8.66  158.02  334.23
 2014 356    3.32   -8.66  144.01  334.41
 2014 357    3.32   -8.66  130.01  334.59
 2014 358    3.32   -8.65  116.00  334.76
 2014 359    3.32   -8.65  101.99  334.94
 2014 360    3.32   -8.65   87.98  335.12
 2014 361    3.33   -8.65   73.98  335.29
 2014 362    3.33   -8.64   59.97  335.47
 2014 363    3.33   -8.64   45.96  335.65
 2014 364    3.33   -8.64   31.95  335.82
 2014 365    3.33   -8.63   17.94  336.00
 2014 365    3.33   -8.63    3.93  336.17
 2015   1    3.34   -8.63  349.92  336.35
 2015   2    3.34   -8.62  335.91  336.52
 2015   3    3.34   -8.62  321.90  336.70
 2015   4    3.34   -8.62  307.90  336.87
 2015   5    3.34   -8.61  293.89  337.05
 2015   6    3.35   -8.61  279.88  337.22
 2015   7    3.35   -8.61  265.87  337.40
 2015   8    3.35   -8.60  251.85  337.57
 2015   9    3.35   -8.60  237.84  337.74
 2015  10    3.35   -8.59  223.83  337.92
 2015  11    3.35   -8.59  209.82  338.09
 2015  12    3.36   -8.58  195.81  338.26
 2015  13    3.36   -8.58  181.80  338.44
 2015  14    3.36   -8.58  167.79  338.61
 2015  15    3.36   -8.57  153.78  338.78
 2015  16    3.36   -8.57  139.76  338.95
 2015  17    3.37   -8.56  125.75  339.13
 2015  18    3.37   -8.56  111.74  339.30
 2015  19    3.37   -8.55   97.73  339.47
 2015  20    3.37   -8.55   83.71  339.64
 2015  21    3.37   -8.54   69.70  339.81
 2015  22    3.38   -8.54   55.69  339.98
 2015  23    3.38   -8.53   41.67  340.16
 2015  24    3.38   -8.53   27.66  340.33
 2015  25    3.38   -8.52   13.65  340.50
 2015  26    3.38   -8.52  359.63  340.67
 2015  27    3.38   -8.51  345.62  340.84
 2015  28    3.39   -8.51  331.60  341.01
 2015  29    3.39   -8.50  317.59  341.18
 2015  30    3.39   -8.50  303.58  341.35
 2015  31    3.39   -8.49  289.56  341.52
 2015  32    3.39   -8.49  275.55  341.69
 2015  33    3.40   -8.48  261.53  341.86
 2015  34    3.40   -8.48  247.51  342.02
 2015  35    3.40   -8.47  233.50  342.19
 2015  36    3.40   -8.46  219.48  342.36
 2015  37    3.40   -8.46  205.47  342.53
 2015  38    3.41   -8.45  191.45  342.70
 2015  39    3.41   -8.45  177.43  342.87
 2015  40    3.41   -8.44  163.42  343.03
 2015  41    3.41   -8.43  149.40  343.20
 2015  42    3.41   -8.43  135.38  343.37
 2015  43    3.42   -8.42  121.37  343.53
 2015  44    3.42   -8.41  107.35  343.70
 2015  45    3.42   -8.41   93.33  343.87
 2015  46    3.42   -8.40   79.31  344.03
 2015  47    3.42   -8.40   65.29  344.20
 2015  48    3.43   -8.39   51.28  344.37
 2015  49    3.43   -8.38   37.26  344.53
 2015  50    3.43   -8.38   23.24  344.70
 2015  51    3.43   -8.37    9.22  344.86
 2015  52    3.43   -8.36  355.20  345.03
 2015  53    3.44   -8.35  341.18  345.19
 2015  54    3.44   -8.35  327.16  345.36
 2015  55    3.44   -8.34  313.14  345.52
 2015  56    3.44   -8.33  299.12  345.69
 2015  57    3.44   -8.33  285.10  345.85
 2015  58    3.45   -8.32  271.08  346.02
 2015  59    3.45   -8.31  257.06  346.18
 2015  60    3.45   -8.30  243.04  346.34
 2015  61    3.45   -8.30  229.02  346.51
 2015  62    3.45   -8.29  215.00  346.67
 2015  63    3.46   -8.28  200.98  346.83
 2015  64    3.46   -8.27  186.96  347.00
 2015  65    3.46   -8.27  172.93  347.16
 2015  66    3.46   -8.26  158.91  347.32
 2015  67    3.46   -8.25  144.89  347.49
 2015  68    3.47   -8.24  130.87  347.65
 2015  69    3.47   -8.24  116.85  347.81
 2015  70    3.47   -8.23  102.82  347.97
 2015  71    3.47   -8.22   88.80  348.13
 2015  72    3.47   -8.21   74.78  348.29
 2015  73    3.48   -8.20   60.75  348.46
 2015  74    3.48   -8.20   46.73  348.62
 2015  75    3.48   -8.19   32.71  348.78
 2015  76    3.48   -8.18   18.68  348.94
 2015  77    3.48   -8.17    4.66  349.10
 2015  78    3.49   -8.16  350.64  349.26
 2015  79    3.49   -8.15  336.61  349.42
 2015  80    3.49   -8.15  322.59  349.58
 2015  81    3.49   -8.14  308.56  349.74
 2015  82    3.49   -8.13  294.54  349.90
 2015  83    3.50   -8.12  280.51  350.06
 2015  84    3.50   -8.11  266.49  350.22
 2015  85    3.50   -8.10  252.46  350.37
 2015  86    3.50   -8.09  238.43  350.53
 2015  87    3.50   -8.09  224.41  350.69
 2015  88    3.51   -8.08  210.38  350.85
 2015  89    3.51   -8.07  196.36  351.01
 2015  90    3.51   -8.06  182.33  351.17
 2015  91    3.51   -8.05  168.30  351.32
 2015  92    3.52   -8.04  154.28  351.48
 2015  93    3.52   -8.03  140.25  351.64
 2015  94    3.52   -8.02  126.22  351.79
 2015  95    3.52   -8.01  112.19  351.95
 2015  96    3.52   -8.00   98.17  352.11
 2015  97    3.53   -8.00   84.14  352.26
 2015  98    3.53   -7.99   70.11  352.42
 2015  99    3.53   -7.98   56.08  352.58
 2015 100    3.53   -7.97   42.05  352.73
 2015 101    3.53   -7.96   28.02  352.89
 2015 102    3.54   -7.95   14.00  353.04
 2015 103    3.54   -7.94  359.97  353.20
 2015 104    3.54   -7.93  345.94  353.35
 2015 105    3.54   -7.92  331.91  353.51
 2015 106    3.54   -7.91  317.88  353.66
 2015 107    3.55   -7.90  303.85  353.82
 2015 108    3.55   -7.89  289.82  353.97
 2015 109    3.55   -7.88  275.79  354.13
 2015 110    3.55   -7.87  261.76  354.28
 2015 111    3.56   -7.86  247.73  354.44
 2015 112    3.56   -7.85  233.70  354.59
 2015 113    3.56   -7.84  219.67  354.74
 2015 114    3.56   -7.83  205.63  354.90
 2015 115    3.56   -7.82  191.60  355.05
 2015 116    3.57   -7.81  177.57  355.20
 2015 117    3.57   -7.80  163.54  355.35
 2015 118    3.57   -7.79  149.51  355.51
 2015 119    3.57   -7.78  135.48  355.66
 2015 120    3.57   -7.77  121.44  355.81
 2015 121    3.58   -7.76  107.41  355.96
 2015 122    3.58   -7.75   93.38  356.11
 2015 123    3.58   -7.74   79.34  356.27
 2015 124    3.58   -7.73   65.31  356.42
 2015 125    3.59   -7.72   51.28  356.57
 2015 126    3.59   -7.71   37.25  356.72
 2015 127    3.59   -7.70   23.21  356.87
 2015 128    3.59   -7.69    9.18  357.02
 2015 129    3.59   -7.67  355.14  357.17
 2015 130    3.60   -7.66  341.11  357.32
 2015 131    3.60   -7.65  327.07  357.47
 2015 132    3.60   -7.64  313.04  357.62
 2015 133    3.60   -7.63  299.01  357.77
 2015 134    3.60   -7.62  284.97  357.92
 2015 135    3.61   -7.61  270.94  358.07
 2015 136    3.61   -7.60  256.90  358.22
 2015 137    3.61   -7.59  242.86  358.37
 2015 138    3.61   -7.58  228.83  358.52
 2015 139    3.62   -7.57  214.79  358.66
 2015 140    3.62   -7.55  200.76  358.81
 2015 141    3.62   -7.54  186.72  358.96
 2015 142    3.62   -7.53  172.68  359.11
 2015 143    3.62   -7.52  158.65  359.26
 2015 144    3.63   -7.51  144.61  359.40
 2015 145    3.63   -7.50  130.57  359.55
 2015 146    3.63   -7.49  116.54  359.70
 2015 147    3.63   -7.48  102.50  359.85
 2015 148    3.64   -7.46   88.46  359.99
 2015 149    3.64   -7.45   74.42    0.14
 2015 150    3.64   -7.44   60.39    0.29
 2015 151    3.64   -7.43   46.35    0.43
 2015 152    3.64   -7.42   32.31    0.58
 2015 153    3.65   -7.41   18.27    0.72
 2015 154    3.65   -7.40    4.23    0.87
 2015 155    3.65   -7.38  350.19    1.02
 2015 156    3.65   -7.37  336.15    1.16
 2015 157    3.65   -7.36  322.12    1.31
 2015 158    3.66   -7.35  308.08    1.45
 2015 159    3.66   -7.34  294.04    1.60
 2015 160    3.66   -7.33  280.00    1.74
 2015 161    3.66   -7.31  265.96    1.89
 2015 162    3.67   -7.30  251.92    2.03
 2015 163    3.67   -7.29  237.88    2.17
 2015 164    3.67   -7.28  223.84    2.32
 2015 165    3.67   -7.27  209.80    2.46
 2015 166    3.67   -7.25  195.75    2.60
 2015 167    3.68   -7.24  181.71    2.75
 2015 168    3.68   -7.23  167.67    2.89
 2015 169    3.68   -7.22  153.63    3.03
 2015 170    3.68   -7.21  139.59    3.18
 2015 171    3.69   -7.19  125.55    3.32
 2015 172    3.69   -7.18  111.51    3.46
 2015 173    3.69   -7.17   97.46    3.60
 2015 174    3.69   -7.16   83.42    3.75
 2015 175    3.69   -7.14   69.38    3.89
 2015 176    3.70   -7.13   55.34    4.03
 2015 177    3.70   -7.12   41.29    4.17
 2015 178    3.70   -7.11   27.25    4.31
 2015 179    3.70   -7.10   13.21    4.45
 2015 180    3.71   -7.08  359.16    4.60
 2015 181    3.71   -7.07  345.12    4.74
 2015 182    3.71   -7.06  331.08    4.88
 2015 183    3.71   -7.05  317.03    5.02
 2015 184    3.71   -7.03  302.99    5.16
 2015 185    3.72   -7.02  288.94    5.30
 2015 186    3.72   -7.01  274.90    5.44
 2015 187    3.72   -7.00  260.86    5.58
 2015 188    3.72   -6.98  246.81    5.72
 2015 190    3.73   -6.97  232.77    5.86
 2015 191    3.73   -6.96  218.72    6.00
 2015 192    3.73   -6.95  204.68    6.14
 2015 193    3.73   -6.93  190.63    6.28
 2015 194    3.73   -6.92  176.59    6.41
 2015 195    3.74   -6.91  162.54    6.55
 2015 196    3.74   -6.89  148.49    6.69
 2015 197    3.74   -6.88  134.45    6.83
 2015 198    3.74   -6.87  120.40    6.97
 2015 199    3.75   -6.86  106.35    7.11
 2015 200    3.75   -6.84   92.31    7.24
 2015 201    3.75   -6.83   78.26    7.38
 2015 202    3.75   -6.82   64.21    7.52
 2015 203    3.75   -6.80   50.17    7.66
 2015 204    3.76   -6.79   36.12    7.79
 2015 205    3.76   -6.78   22.07    7.93
 2015 206    3.76   -6.76    8.02    8.07
 2015 207    3.76   -6.75  353.98    8.20
 2015 208    3.77   -6.74  339.93    8.34
 2015 209    3.77   -6.73  325.88    8.48
 2015 210    3.77   -6.71  311.83    8.61
 2015 211    3.77   -6.70  297.78    8.75
 2015 212    3.77   -6.69  283.74    8.88
 2015 213    3.78   -6.67  269.69    9.02
 2015 214    3.78   -6.66  255.64    9.15
 2015 215    3.78   -6.65  241.59    9.29
 2015 216    3.78   -6.63  227.54    9.42
 2015 217    3.79   -6.62  213.49    9.56
 2015 218    3.79   -6.61  199.44    9.69
 2015 219    3.79   -6.59  185.39    9.83
 2015 220    3.79   -6.58  171.34    9.96
 2015 221    3.79   -6.57  157.29   10.10
 2015 222    3.80   -6.55  143.24   10.23
 2015 223    3.80   -6.54  129.19   10.37
 2015 224    3.80   -6.53  115.14   10.50
 2015 225    3.80   -6.51  101.09   10.63
 2015 226    3.81   -6.50   87.04   10.77
 2015 227    3.81   -6.49   72.99   10.90
 2015 228    3.81   -6.47   58.93   11.03
 2015 229    3.81   -6.46   44.88   11.17
 2015 230    3.81   -6.45   30.83   11.30
 2015 231    3.82   -6.43   16.78   11.43
 2015 232    3.82   -6.42    2.73   11.56
 2015 233    3.82   -6.41  348.68   11.70
 2015 234    3.82   -6.39  334.62   11.83
 2015 235    3.83   -6.38  320.57   11.96
 2015 236    3.83   -6.36  306.52   12.09
 2015 237    3.83   -6.35  292.47   12.22
 2015 238    3.83   -6.34  278.41   12.35
 2015 239    3.83   -6.32  264.36   12.49
 2015 240    3.84   -6.31  250.31   12.62
 2015 241    3.84   -6.30  236.25   12.75
 2015 242    3.84   -6.28  222.20   12.88
 2015 243    3.84   -6.27  208.15   13.01
 2015 244    3.85   -6.26  194.09   13.14
 2015 245    3.85   -6.24  180.04   13.27
 2015 246    3.85   -6.23  165.98   13.40
 2015 247    3.85   -6.21  151.93   13.53
 2015 248    3.85   -6.20  137.87   13.66
 2015 249    3.86   -6.19  123.82   13.79
 2015 250    3.86   -6.17  109.77   13.92
 2015 251    3.86   -6.16   95.71   14.05
 2015 252    3.86   -6.14   81.66   14.18
 2015 253    3.87   -6.13   67.60   14.31
 2015 254    3.87   -6.12   53.54   14.44
 2015 255    3.87   -6.10   39.49   14.57
 2015 256    3.87   -6.09   25.43   14.69
 2015 257    3.87   -6.08   11.38   14.82
 2015 258    3.88   -6.06  357.32   14.95
 2015 259    3.88   -6.05  343.26   15.08
 2015 260    3.88   -6.03  329.21   15.21
 2015 261    3.88   -6.02  315.15   15.34
 2015 262    3.89   -6.01  301.10   15.46
 2015 263    3.89   -5.99  287.04   15.59
 2015 264    3.89   -5.98  272.98   15.72
 2015 265    3.89   -5.96  258.92   15.85
 2015 266    3.89   -5.95  244.87   15.97
 2015 267    3.90   -5.93  230.81   16.10
 2015 268    3.90   -5.92  216.75   16.23
 2015 269    3.90   -5.91  202.69   16.35
 2015 270    3.90   -5.89  188.64   16.48
 2015 271    3.91   -5.88  174.58   16.61
 2015 272    3.91   -5.86  160.52   16.73
 2015 273    3.91   -5.85  146.46   16.86
 2015 274    3.91   -5.84  132.40   16.98
 2015 275    3.91   -5.82  118.34   17.11
 2015 276    3.92   -5.81  104.29   17.24
 2015 277    3.92   -5.79   90.23   17.36
 2015 278    3.92   -5.78   76.17   17.49
 2015 279    3.92   -5.76   62.11   17.61
 2015 280    3.93   -5.75   48.05   17.74
 2015 281    3.93   -5.74   33.99   17.86
 2015 282    3.93   -5.72   19.93   17.99
 2015 283    3.93   -5.71    5.87   18.11
 2015 284    3.93   -5.69  351.81   18.24
 2015 285    3.94   -5.68  337.75   18.36
 2015 286    3.94   -5.66  323.69   18.48
 2015 287    3.94   -5.65  309.63   18.61
 2015 288    3.94   -5.64  295.57   18.73
 2015 289    3.95   -5.62  281.51   18.86
 2015 290    3.95   -5.61  267.45   18.98
 2015 291    3.95   -5.59  253.39   19.10
 2015 292    3.95   -5.58  239.33   19.23
 2015 293    3.95   -5.56  225.26   19.35
 2015 294    3.96   -5.55  211.20   19.47
 2015 295    3.96   -5.54  197.14   19.59
 2015 296    3.96   -5.52  183.08   19.72
 2015 297    3.96   -5.51  169.02   19.84
 2015 298    3.97   -5.49  154.96   19.96
 2015 299    3.97   -5.48  140.89   20.08
 2015 300    3.97   -5.46  126.83   20.21
 2015 301    3.97   -5.45  112.77   20.33
 2015 302    3.97   -5.43   98.71   20.45
 2015 303    3.98   -5.42   84.64   20.57
 2015 304    3.98   -5.41   70.58   20.69
 2015 305    3.98   -5.39   56.52   20.81
 2015 306    3.98   -5.38   42.45   20.94
 2015 307    3.99   -5.36   28.39   21.06
 2015 308    3.99   -5.35   14.33   21.18
 2015 309    3.99   -5.33    0.26   21.30
 2015 310    3.99   -5.32  346.20   21.42
 2015 311    3.99   -5.30  332.14   21.54
 2015 312    4.00   -5.29  318.07   21.66
 2015 313    4.00   -5.28  304.01   21.78
 2015 314    4.00   -5.26  289.94   21.90
 2015 315    4.00   -5.25  275.88   22.02
 2015 316    4.01   -5.23  261.82   22.14
 2015 317    4.01   -5.22  247.75   22.26
 2015 318    4.01   -5.20  233.69   22.38
 2015 319    4.01   -5.19  219.62   22.50
 2015 320    4.01   -5.17  205.56   22.62
 2015 321    4.02   -5.16  191.49   22.74
 2015 322    4.02   -5.14  177.43   22.86
 2015 323    4.02   -5.13  163.36   22.98
 2015 324    4.02   -5.11  149.29   23.10
 2015 325    4.03   -5.10  135.23   23.21
 2015 326    4.03   -5.09  121.16   23.33
 2015 327    4.03   -5.07  107.10   23.45
 2015 328    4.03   -5.06   93.03   23.57
 2015 329    4.03   -5.04   78.96   23.69
 2015 330    4.04   -5.03   64.90   23.81
 2015 331    4.04   -5.01   50.83   23.92
 2015 332    4.04   -5.00   36.77   24.04
 2015 333    4.04   -4.98   22.70   24.16
 2015 334    4.05   -4.97    8.63   24.28
 2015 335    4.05   -4.95  354.56   24.39
 2015 336    4.05   -4.94  340.50   24.51
 2015 337    4.05   -4.92  326.43   24.63
 2015 338    4.05   -4.91  312.36   24.74
 2015 339    4.06   -4.89  298.29   24.86
 2015 340    4.06   -4.88  284.23   24.98
 2015 341    4.06   -4.87  270.16   25.09
 2015 342    4.06   -4.85  256.09   25.21
 2015 343    4.06   -4.84  242.02   25.33
 2015 344    4.07   -4.82  227.95   25.44
 2015 345    4.07   -4.81  213.89   25.56
 2015 346    4.07   -4.79  199.82   25.68
 2015 347    4.07   -4.78  185.75   25.79
 2015 348    4.08   -4.76  171.68   25.91
 2015 349    4.08   -4.75  157.61   26.02
 2015 350    4.08   -4.73  143.54   26.14
 2015 351    4.08   -4.72  129.47   26.25
 2015 352    4.08   -4.70  115.40   26.37
 2015 353    4.09   -4.69  101.34   26.48
 2015 354    4.09   -4.67   87.27   26.60
 2015 355    4.09   -4.66   73.20   26.71
 2015 356    4.09   -4.64   59.13   26.83
 2015 357    4.09   -4.63   45.06   26.94
 2015 358    4.10   -4.61   30.99   27.06
 2015 359    4.10   -4.60   16.92   27.17
 2015 360    4.10   -4.59    2.85   27.28
 2015 361    4.10   -4.57  348.78   27.40
 2015 362    4.11   -4.56  334.70   27.51
 2015 363    4.11   -4.54  320.63   27.63
 2015 364    4.11   -4.53  306.56   27.74
 2015 365    4.11   -4.51  292.49   27.85
 2016   1    4.11   -4.50  278.42   27.97
 2016   1    4.12   -4.48  264.35   28.08
 2016   2    4.12   -4.47  250.28   28.19
 2016   3    4.12   -4.45  236.21   28.31
 2016   4    4.12   -4.44  222.14   28.42
 2016   5    4.13   -4.42  208.06   28.53
 2016   6    4.13   -4.41  193.99   28.64
 2016   7    4.13   -4.39  179.92   28.76
 2016   8    4.13   -4.38  165.85   28.87
 2016   9    4.13   -4.36  151.78   28.98
 2016  10    4.14   -4.35  137.70   29.09
 2016  11    4.14   -4.33  123.63   29.21
 2016  12    4.14   -4.32  109.56   29.32
 2016  13    4.14   -4.30   95.49   29.43
 2016  14    4.14   -4.29   81.41   29.54
 2016  15    4.15   -4.27   67.34   29.65
 2016  16    4.15   -4.26   53.27   29.76
 2016  17    4.15   -4.25   39.20   29.88
 2016  18    4.15   -4.23   25.12   29.99
 2016  19    4.15   -4.22   11.05   30.10
 2016  20    4.16   -4.20  356.98   30.21
 2016  21    4.16   -4.19  342.90   30.32
 2016  22    4.16   -4.17  328.83   30.43
 2016  23    4.16   -4.16  314.76   30.54
 2016  24    4.17   -4.14  300.68   30.65
 2016  25    4.17   -4.13  286.61   30.76
 2016  26    4.17   -4.11  272.53   30.87
 2016  27    4.17   -4.10  258.46   30.98
 2016  28    4.17   -4.08  244.38   31.09
 2016  29    4.18   -4.07  230.31   31.20
 2016  30    4.18   -4.05  216.24   31.31
 2016  31    4.18   -4.04  202.16   31.42
 2016  32    4.18   -4.02  188.09   31.53
 2016  33    4.18   -4.01  174.01   31.64
 2016  34    4.19   -3.99  159.94   31.75
 2016  35    4.19   -3.98  145.86   31.86
 2016  36    4.19   -3.96  131.79   31.97
 2016  37    4.19   -3.95  117.71   32.08
 2016  38    4.19   -3.93  103.63   32.19
 2016  39    4.20   -3.92   89.56   32.30
 2016  40    4.20   -3.90   75.48   32.40
 2016  41    4.20   -3.89   61.41   32.51
 2016  42    4.20   -3.87   47.33   32.62
 2016  43    4.21   -3.86   33.26   32.73
 2016  44    4.21   -3.85   19.18   32.84
 2016  45    4.21   -3.83    5.10   32.95
 2016  46    4.21   -3.82  351.03   33.05
 2016  47    4.21   -3.80  336.95   33.16
 2016  48    4.22   -3.79  322.87   33.27
 2016  49    4.22   -3.77  308.80   33.38
 2016  50    4.22   -3.76  294.72   33.49
 2016  51    4.22   -3.74  280.64   33.59
 2016  52    4.22   -3.73  266.57   33.70
 2016  53    4.23   -3.71  252.49   33.81
 2016  54    4.23   -3.70  238.41   33.91
 2016  55    4.23   -3.68  224.33   34.02
 2016  56    4.23   -3.67  210.26   34.13
 2016  57    4.23   -3.65  196.18   34.24
 2016  58    4.24   -3.64  182.10   34.34
 2016  59    4.24   -3.62  168.02   34.45
 2016  60    4.24   -3.61  153.95   34.56
 2016  61    4.24   -3.59  139.87   34.66
 2016  62    4.24   -3.58  125.79   34.77
 2016  63    4.25   -3.56  111.71   34.87
 2016  64    4.25   -3.55   97.63   34.98
 2016  65    4.25   -3.53   83.55   35.09
 2016  66    4.25   -3.52   69.48   35.19
 2016  67    4.26   -3.51   55.40   35.30
 2016  68    4.26   -3.49   41.32   35.40
 2016  69    4.26   -3.48   27.24   35.51
 2016  70    4.26   -3.46   13.16   35.61
 2016  71    4.26   -3.45  359.08   35.72
 2016  72    4.27   -3.43  345.00   35.82
 2016  73    4.27   -3.42  330.92   35.93
 2016  74    4.27   -3.40  316.84   36.03
 2016  75    4.27   -3.39  302.76   36.14
 2016  76    4.27   -3.37  288.69   36.24
 2016  77    4.28   -3.36  274.61   36.35
 2016  78    4.28   -3.34  260.53   36.45
 2016  79    4.28   -3.33  246.45   36.56
 2016  80    4.28   -3.31  232.37   36.66
 2016  81    4.28   -3.30  218.29   36.77
 2016  82    4.29   -3.28  204.21   36.87
 2016  83    4.29   -3.27  190.13   36.98
 2016  84    4.29   -3.25  176.04   37.08
 2016  85    4.29   -3.24  161.96   37.18
 2016  86    4.29   -3.23  147.88   37.29
 2016  87    4.30   -3.21  133.80   37.39
 2016  88    4.30   -3.20  119.72   37.49
 2016  89    4.30   -3.18  105.64   37.60
 2016  90    4.30   -3.17   91.56   37.70
 2016  91    4.30   -3.15   77.48   37.80
 2016  92    4.31   -3.14   63.40   37.91
 2016  93    4.31   -3.12   49.32   38.01
 2016  94    4.31   -3.11   35.24   38.11
 2016  95    4.31   -3.09   21.15   38.22
 2016  96    4.31   -3.08    7.07   38.32
 2016  97    4.32   -3.06  352.99   38.42
 2016  98    4.32   -3.05  338.91   38.52
 2016  99    4.32   -3.03  324.83   38.63
 2016 100    4.32   -3.02  310.74   38.73
 2016 101    4.32   -3.00  296.66   38.83
 2016 102    4.33   -2.99  282.58   38.93
 2016 103    4.33   -2.98  268.50   39.04
 2016 104    4.33   -2.96  254.42   39.14
 2016 105    4.33   -2.95  240.33   39.24
 2016 106    4.33   -2.93  226.25   39.34
 2016 107    4.34   -2.92  212.17   39.44
 2016 108    4.34   -2.90  198.09   39.55
 2016 109    4.34   -2.89  184.00   39.65
 2016 110    4.34   -2.87  169.92   39.75
 2016 111    4.34   -2.86  155.84   39.85
 2016 112    4.35   -2.84  141.75   39.95
 2016 113    4.35   -2.83  127.67   40.05
 2016 114    4.35   -2.81  113.59   40.15
 2016 115    4.35   -2.80   99.50   40.25
 2016 116    4.35   -2.79   85.42   40.36
 2016 117    4.36   -2.77   71.34   40.46
 2016 118    4.36   -2.76   57.25   40.56
 2016 119    4.36   -2.74   43.17   40.66
 2016 120    4.36   -2.73   29.08   40.76
 2016 121    4.36   -2.71   15.00   40.86
 2016 122    4.37   -2.70    0.92   40.96
 2016 123    4.37   -2.68  346.83   41.06
 2016 124    4.37   -2.67  332.75   41.16
 2016 125    4.37   -2.65  318.66   41.26
 2016 126    4.37   -2.64  304.58   41.36
 2016 127    4.37   -2.63  290.49   41.46
 2016 128    4.38   -2.61  276.41   41.56
 2016 129    4.38   -2.60  262.33   41.66
 2016 130    4.38   -2.58  248.24   41.76
 2016 131    4.38   -2.57  234.16   41.86
 2016 132    4.38   -2.55  220.07   41.96
 2016 133    4.39   -2.54  205.99   42.06
 2016 134    4.39   -2.52  191.90   42.16
 2016 135    4.39   -2.51  177.82   42.25
 2016 136    4.39   -2.49  163.73   42.35
 2016 137    4.39   -2.48  149.64   42.45
 2016 138    4.40   -2.47  135.56   42.55
 2016 139    4.40   -2.45  121.47   42.65
 2016 140    4.40   -2.44  107.39   42.75
 2016 141    4.40   -2.42   93.30   42.85
 2016 142    4.40   -2.41   79.22   42.95
 2016 143    4.41   -2.39   65.13   43.04
 2016 144    4.41   -2.38   51.04   43.14
 2016 145    4.41   -2.36   36.96   43.24
 2016 146    4.41   -2.35   22.87   43.34
 2016 147    4.41   -2.34    8.79   43.44
 2016 148    4.42   -2.32  354.70   43.54
 2016 149    4.42   -2.31  340.61   43.63
 2016 150    4.42   -2.29  326.53   43.73
 2016 151    4.42   -2.28  312.44   43.83
 2016 152    4.42   -2.26  298.35   43.93
 2016 153    4.42   -2.25  284.27   44.02
 2016 154    4.43   -2.23  270.18   44.12
 2016 155    4.43   -2.22  256.09   44.22
 2016 156    4.43   -2.21  242.00   44.32
 2016 157    4.43   -2.19  227.92   44.41
 2016 158    4.43   -2.18  213.83   44.51
 2016 159    4.44   -2.16  199.74   44.61
 2016 160    4.44   -2.15  185.66   44.70
 2016 161    4.44   -2.13  171.57   44.80
 2016 162    4.44   -2.12  157.48   44.90
 2016 163    4.44   -2.11  143.39   44.99
 2016 164    4.45   -2.09  129.31   45.09
 2016 165    4.45   -2.08  115.22   45.19
 2016 166    4.45   -2.06  101.13   45.28
 2016 167    4.45   -2.05   87.04   45.38
 2016 168    4.45   -2.03   72.95   45.48
 2016 169    4.45   -2.02   58.87   45.57
 2016 170    4.46   -2.01   44.78   45.67
 2016 171    4.46   -1.99   30.69   45.77
 2016 172    4.46   -1.98   16.60   45.86
 2016 173    4.46   -1.96    2.51   45.96
 2016 174    4.46   -1.95  348.42   46.05
 2016 175    4.47   -1.93  334.33   46.15
 2016 176    4.47   -1.92  320.25   46.24
 2016 177    4.47   -1.91  306.16   46.34
 2016 178    4.47   -1.89  292.07   46.44
 2016 179    4.47   -1.88  277.98   46.53
 2016 180    4.48   -1.86  263.89   46.63
 2016 181    4.48   -1.85  249.80   46.72
 2016 182    4.48   -1.83  235.71   46.82
 2016 183    4.48   -1.82  221.62   46.91
 2016 184    4.48   -1.81  207.53   47.01
 2016 185    4.48   -1.79  193.44   47.10
 2016 186    4.49   -1.78  179.35   47.20
 2016 187    4.49   -1.76  165.26   47.29
 2016 188    4.49   -1.75  151.17   47.39
 2016 190    4.49   -1.73  137.08   47.48
 2016 191    4.49   -1.72  122.99   47.58
 2016 192    4.50   -1.71  108.91   47.67
 2016 193    4.50   -1.69   94.82   47.76
 2016 194    4.50   -1.68   80.72   47.86
 2016 195    4.50   -1.66   66.63   47.95
 2016 196    4.50   -1.65   52.54   48.05
 2016 197    4.50   -1.64   38.45   48.14
 2016 198    4.51   -1.62   24.36   48.24
 2016 199    4.51   -1.61   10.27   48.33
 2016 200    4.51   -1.59  356.18   48.42
 2016 201    4.51   -1.58  342.09   48.52
 2016 202    4.51   -1.57  328.00   48.61
 2016 203    4.52   -1.55  313.91   48.70
 2016 204    4.52   -1.54  299.82   48.80
 2016 205    4.52   -1.52  285.73   48.89
 2016 206    4.52   -1.51  271.64   48.98
 2016 207    4.52   -1.49  257.55   49.08
 2016 208    4.52   -1.48  243.46   49.17
 2016 209    4.53   -1.47  229.36   49.26
 2016 210    4.53   -1.45  215.27   49.36
 2016 211    4.53   -1.44  201.18   49.45
 2016 212    4.53   -1.42  187.09   49.54
 2016 213    4.53   -1.41  173.00   49.64
 2016 214    4.53   -1.40  158.91   49.73
 2016 215    4.54   -1.38  144.82   49.82
 2016 216    4.54   -1.37  130.72   49.91
 2016 217    4.54   -1.35  116.63   50.01
 2016 218    4.54   -1.34  102.54   50.10
 2016 219    4.54   -1.33   88.45   50.19
 2016 220    4.55   -1.31   74.36   50.28
 2016 221    4.55   -1.30   60.26   50.38
 2016 222    4.55   -1.28   46.17   50.47
 2016 223    4.55   -1.27   32.08   50.56
 2016 224    4.55   -1.26   17.99   50.65
 2016 225    4.55   -1.24    3.90   50.75
 2016 226    4.56   -1.23  349.80   50.84
 2016 227    4.56   -1.22  335.71   50.93
 2016 228    4.56   -1.20  321.62   51.02
 2016 229    4.56   -1.19  307.52   51.11
 2016 230    4.56   -1.17  293.43   51.20
 2016 231    4.56   -1.16  279.34   51.30
 2016 232    4.57   -1.15  265.25   51.39
 2016 233    4.57   -1.13  251.15   51.48
 2016 234    4.57   -1.12  237.06   51.57
 2016 235    4.57   -1.10  222.97   51.66
 2016 236    4.57   -1.09  208.87   51.75
 2016 237    4.57   -1.08  194.78   51.84
 2016 238    4.58   -1.06  180.69   51.94
 2016 239    4.58   -1.05  166.59   52.03
 2016 240    4.58   -1.03  152.50   52.12
 2016 241    4.58   -1.02  138.41   52.21
 2016 242    4.58   -1.01  124.31   52.30
 2016 243    4.58   -0.99  110.22   52.39
 2016 244    4.59   -0.98   96.13   52.48
 2016 245    4.59   -0.97   82.03   52.57
 2016 246    4.59   -0.95   67.94   52.66
 2016 247    4.59   -0.94   53.85   52.75
 2016 248    4.59   -0.92   39.75   52.84
 2016 249    4.59   -0.91   25.66   52.93
 2016 250    4.60   -0.90   11.56   53.02
 2016 251    4.60   -0.88  357.47   53.11
 2016 252    4.60   -0.87  343.37   53.20
 2016 253    4.60   -0.86  329.28   53.29
 2016 254    4.60   -0.84  315.19   53.38
 2016 255    4.60   -0.83  301.09   53.47
 2016 256    4.61   -0.81  287.00   53.56
 2016 257    4.61   -0.80  272.90   53.65
 2016 258    4.61   -0.79  258.81   53.74
 2016 259    4.61   -0.77  244.71   53.83
 2016 260    4.61   -0.76  230.62   53.92
 2016 261    4.61   -0.75  216.52   54.01
 2016 262    4.62   -0.73  202.43   54.10
 2016 263    4.62   -0.72  188.33   54.19
 2016 264    4.62   -0.71  174.24   54.28
 2016 265    4.62   -0.69  160.14   54.37
 2016 266    4.62   -0.68  146.05   54.46
 2016 267    4.62   -0.66  131.95   54.55
 2016 268    4.63   -0.65  117.86   54.64
 2016 269    4.63   -0.64  103.76   54.73
 2016 270    4.63   -0.62   89.67   54.82
 2016 271    4.63   -0.61   75.57   54.90
 2016 272    4.63   -0.60   61.48   54.99
 2016 273    4.63   -0.58   47.38   55.08
 2016 274    4.64   -0.57   33.28   55.17
 2016 275    4.64   -0.56   19.19   55.26
 2016 276    4.64   -0.54    5.09   55.35
 2016 277    4.64   -0.53  351.00   55.44
 2016 278    4.64   -0.52  336.90   55.53
 2016 279    4.64   -0.50  322.81   55.61
 2016 280    4.65   -0.49  308.71   55.70
 2016 281    4.65   -0.48  294.61   55.79
 2016 282    4.65   -0.46  280.52   55.88
 2016 283    4.65   -0.45  266.42   55.97
 2016 284    4.65   -0.43  252.32   56.05
 2016 285    4.65   -0.42  238.23   56.14
 2016 286    4.66   -0.41  224.13   56.23
 2016 287    4.66   -0.39  210.04   56.32
 2016 288    4.66   -0.38  195.94   56.41
 2016 289    4.66   -0.37  181.84   56.49
 2016 290    4.66   -0.35  167.75   56.58
 2016 291    4.66   -0.34  153.65   56.67
 2016 292    4.67   -0.33  139.55   56.76
 2016 293    4.67   -0.31  125.46   56.85
 2016 294    4.67   -0.30  111.36   56.93
 2016 295    4.67   -0.29   97.26   57.02
 2016 296    4.67   -0.27   83.16   57.11
 2016 297    4.67   -0.26   69.07   57.19
 2016 298    4.67   -0.25   54.97   57.28
 2016 299    4.68   -0.23   40.87   57.37
 2016 300    4.68   -0.22   26.78   57.46
 2016 301    4.68   -0.21   12.68   57.54
 2016 302    4.68   -0.19  358.58   57.63
 2016 303    4.68   -0.18  344.48   57.72
 2016 304    4.68   -0.17  330.39   57.80
 2016 305    4.69   -0.15  316.29   57.89
 2016 306    4.69   -0.14  302.19   57.98
 2016 307    4.69   -0.13  288.09   58.06
 2016 308    4.69   -0.11  274.00   58.15
 2016 309    4.69   -0.10  259.90   58.24
 2016 310    4.69   -0.09  245.80   58.32
 2016 311    4.69   -0.07  231.70   58.41
 2016 312    4.70   -0.06  217.61   58.50
 2016 313    4.70   -0.05  203.51   58.58
 2016 314    4.70   -0.03  189.41   58.67
 2016 315    4.70   -0.02  175.31   58.76
 2016 316    4.70   -0.01  161.21   58.84
 2016 317    4.70    0.00  147.11   58.93
 2016 318    4.71    0.02  133.02   59.02
 2016 319    4.71    0.03  118.92   59.10
 2016 320    4.71    0.04  104.82   59.19
 2016 321    4.71    0.06   90.72   59.27
 2016 322    4.71    0.07   76.62   59.36
 2016 323    4.71    0.08   62.52   59.45
 2016 324    4.71    0.10   48.43   59.53
 2016 325    4.72    0.11   34.33   59.62
 2016 326    4.72    0.12   20.23   59.70
 2016 327    4.72    0.14    6.13   59.79
 2016 328    4.72    0.15  352.03   59.87
 2016 329    4.72    0.16  337.93   59.96
 2016 330    4.72    0.18  323.83   60.05
 2016 331    4.72    0.19  309.73   60.13
 2016 332    4.73    0.20  295.64   60.22
 2016 333    4.73    0.21  281.54   60.30
 2016 334    4.73    0.23  267.44   60.39
 2016 335    4.73    0.24  253.34   60.47
 2016 336    4.73    0.25  239.24   60.56
 2016 337    4.73    0.27  225.14   60.64
 2016 338    4.74    0.28  211.04   60.73
 2016 339    4.74    0.29  196.94   60.81
 2016 340    4.74    0.31  182.84   60.90
 2016 341    4.74    0.32  168.74   60.98
 2016 342    4.74    0.33  154.64   61.07
 2016 343    4.74    0.34  140.54   61.15
 2016 344    4.74    0.36  126.44   61.24
 2016 345    4.75    0.37  112.34   61.32
 2016 346    4.75    0.38   98.24   61.41
 2016 347    4.75    0.40   84.14   61.49
 2016 348    4.75    0.41   70.04   61.57
 2016 349    4.75    0.42   55.94   61.66
 2016 350    4.75    0.44   41.84   61.74
 2016 351    4.75    0.45   27.74   61.83
 2016 352    4.76    0.46   13.64   61.91
 2016 353    4.76    0.47  359.54   62.00
 2016 354    4.76    0.49  345.44   62.08
 2016 355    4.76    0.50  331.34   62.17
 2016 356    4.76    0.51  317.24   62.25
 2016 357    4.76    0.53  303.14   62.33
 2016 358    4.76    0.54  289.04   62.42
 2016 359    4.77    0.55  274.94   62.50
 2016 360    4.77    0.56  260.84   62.59
 2016 361    4.77    0.58  246.74   62.67
 2016 362    4.77    0.59  232.64   62.75
 2016 363    4.77    0.60  218.54   62.84
 2016 364    4.77    0.62  204.44   62.92
 2016 365    4.77    0.63  190.34   63.00
 2016 366    4.78    0.64  176.24   63.09
