 YYYY DOY     AU    HG_LAT  HG_LON  HGI_LON   from orbital elements with epoch: 2011-Nov-29.9102
 2009   1    9.21  -51.03   60.61  274.84
 2009   2    9.21  -51.00   46.40  274.81
 2009   3    9.20  -50.98   32.20  274.79
 2009   4    9.19  -50.95   17.99  274.77
 2009   5    9.19  -50.92  363.78  274.75
 2009   6    9.18  -50.89  349.58  274.72
 2009   7    9.18  -50.87  335.37  274.70
 2009   8    9.17  -50.84  321.16  274.68
 2009   9    9.16  -50.81  306.95  274.66
 2009  10    9.16  -50.78  292.75  274.63
 2009  11    9.15  -50.75  278.54  274.61
 2009  12    9.14  -50.73  264.33  274.59
 2009  13    9.14  -50.70  250.13  274.57
 2009  14    9.13  -50.67  235.92  274.54
 2009  15    9.12  -50.64  221.71  274.52
 2009  16    9.12  -50.62  207.51  274.50
 2009  17    9.11  -50.59  193.30  274.47
 2009  18    9.11  -50.56  179.09  274.45
 2009  19    9.10  -50.53  164.88  274.43
 2009  20    9.09  -50.50  150.68  274.41
 2009  21    9.09  -50.47  136.47  274.38
 2009  22    9.08  -50.45  122.26  274.36
 2009  23    9.07  -50.42  108.06  274.34
 2009  24    9.07  -50.39   93.85  274.32
 2009  25    9.06  -50.36   79.64  274.29
 2009  26    9.06  -50.33   65.43  274.27
 2009  27    9.05  -50.30   51.23  274.25
 2009  28    9.04  -50.28   37.02  274.23
 2009  29    9.04  -50.25   22.81  274.20
 2009  30    9.03  -50.22    8.61  274.18
 2009  31    9.02  -50.19  354.40  274.16
 2009  32    9.02  -50.16  340.19  274.13
 2009  33    9.01  -50.13  325.98  274.11
 2009  34    9.00  -50.10  311.78  274.09
 2009  35    9.00  -50.08  297.57  274.07
 2009  36    8.99  -50.05  283.36  274.04
 2009  37    8.99  -50.02  269.16  274.02
 2009  38    8.98  -49.99  254.95  274.00
 2009  39    8.97  -49.96  240.74  273.97
 2009  40    8.97  -49.93  226.53  273.95
 2009  41    8.96  -49.90  212.33  273.93
 2009  42    8.95  -49.87  198.12  273.91
 2009  43    8.95  -49.84  183.91  273.88
 2009  44    8.94  -49.81  169.71  273.86
 2009  45    8.94  -49.78  155.50  273.84
 2009  46    8.93  -49.76  141.29  273.82
 2009  47    8.92  -49.73  127.08  273.79
 2009  48    8.92  -49.70  112.88  273.77
 2009  49    8.91  -49.67   98.67  273.75
 2009  50    8.90  -49.64   84.46  273.72
 2009  51    8.90  -49.61   70.26  273.70
 2009  52    8.89  -49.58   56.05  273.68
 2009  53    8.88  -49.55   41.84  273.66
 2009  54    8.88  -49.52   27.63  273.63
 2009  55    8.87  -49.49   13.43  273.61
 2009  56    8.87  -49.46  359.22  273.59
 2009  57    8.86  -49.43  345.01  273.56
 2009  58    8.85  -49.40  330.80  273.54
 2009  59    8.85  -49.37  316.60  273.52
 2009  60    8.84  -49.34  302.39  273.50
 2009  61    8.83  -49.31  288.18  273.47
 2009  62    8.83  -49.28  273.98  273.45
 2009  63    8.82  -49.25  259.77  273.43
 2009  64    8.81  -49.22  245.56  273.40
 2009  65    8.81  -49.19  231.35  273.38
 2009  66    8.80  -49.16  217.15  273.36
 2009  67    8.80  -49.13  202.94  273.34
 2009  68    8.79  -49.10  188.73  273.31
 2009  69    8.78  -49.07  174.52  273.29
 2009  70    8.78  -49.04  160.32  273.27
 2009  71    8.77  -49.01  146.11  273.24
 2009  72    8.76  -48.98  131.90  273.22
 2009  73    8.76  -48.95  117.70  273.20
 2009  74    8.75  -48.92  103.49  273.17
 2009  75    8.74  -48.88   89.28  273.15
 2009  76    8.74  -48.85   75.07  273.13
 2009  77    8.73  -48.82   60.87  273.11
 2009  78    8.73  -48.79   46.66  273.08
 2009  79    8.72  -48.76   32.45  273.06
 2009  80    8.71  -48.73   18.24  273.04
 2009  81    8.71  -48.70  364.04  273.01
 2009  82    8.70  -48.67  349.83  272.99
 2009  83    8.69  -48.64  335.62  272.97
 2009  84    8.69  -48.61  321.41  272.95
 2009  85    8.68  -48.57  307.21  272.92
 2009  86    8.68  -48.54  293.00  272.90
 2009  87    8.67  -48.51  278.79  272.88
 2009  88    8.66  -48.48  264.58  272.85
 2009  89    8.66  -48.45  250.38  272.83
 2009  90    8.65  -48.42  236.17  272.81
 2009  91    8.64  -48.39  221.96  272.78
 2009  92    8.64  -48.35  207.75  272.76
 2009  93    8.63  -48.32  193.55  272.74
 2009  94    8.62  -48.29  179.34  272.71
 2009  95    8.62  -48.26  165.13  272.69
 2009  96    8.61  -48.23  150.92  272.67
 2009  97    8.61  -48.20  136.72  272.65
 2009  98    8.60  -48.16  122.51  272.62
 2009  99    8.59  -48.13  108.30  272.60
 2009 100    8.59  -48.10   94.09  272.58
 2009 101    8.58  -48.07   79.89  272.55
 2009 102    8.57  -48.04   65.68  272.53
 2009 103    8.57  -48.00   51.47  272.51
 2009 104    8.56  -47.97   37.26  272.48
 2009 105    8.55  -47.94   23.06  272.46
 2009 106    8.55  -47.91    8.85  272.44
 2009 107    8.54  -47.88  354.64  272.41
 2009 108    8.53  -47.84  340.43  272.39
 2009 109    8.53  -47.81  326.23  272.37
 2009 110    8.52  -47.78  312.02  272.35
 2009 111    8.52  -47.75  297.81  272.32
 2009 112    8.51  -47.71  283.60  272.30
 2009 113    8.50  -47.68  269.40  272.28
 2009 114    8.50  -47.65  255.19  272.25
 2009 115    8.49  -47.61  240.98  272.23
 2009 116    8.48  -47.58  226.77  272.21
 2009 117    8.48  -47.55  212.57  272.18
 2009 118    8.47  -47.52  198.36  272.16
 2009 119    8.46  -47.48  184.15  272.14
 2009 120    8.46  -47.45  169.94  272.11
 2009 121    8.45  -47.42  155.74  272.09
 2009 122    8.45  -47.38  141.53  272.07
 2009 123    8.44  -47.35  127.32  272.04
 2009 124    8.43  -47.32  113.11  272.02
 2009 125    8.43  -47.28   98.91  272.00
 2009 126    8.42  -47.25   84.70  271.97
 2009 127    8.41  -47.22   70.49  271.95
 2009 128    8.41  -47.18   56.28  271.93
 2009 129    8.40  -47.15   42.08  271.90
 2009 130    8.39  -47.12   27.87  271.88
 2009 131    8.39  -47.08   13.66  271.86
 2009 132    8.38  -47.05  359.45  271.83
 2009 133    8.38  -47.02  345.24  271.81
 2009 134    8.37  -46.98  331.04  271.79
 2009 135    8.36  -46.95  316.83  271.76
 2009 136    8.36  -46.91  302.62  271.74
 2009 137    8.35  -46.88  288.41  271.72
 2009 138    8.34  -46.85  274.21  271.69
 2009 139    8.34  -46.81  260.00  271.67
 2009 140    8.33  -46.78  245.79  271.65
 2009 141    8.32  -46.74  231.58  271.63
 2009 142    8.32  -46.71  217.38  271.60
 2009 143    8.31  -46.68  203.17  271.58
 2009 144    8.30  -46.64  188.96  271.55
 2009 145    8.30  -46.61  174.75  271.53
 2009 146    8.29  -46.57  160.54  271.51
 2009 147    8.29  -46.54  146.34  271.48
 2009 148    8.28  -46.50  132.13  271.46
 2009 149    8.27  -46.47  117.92  271.44
 2009 150    8.27  -46.43  103.71  271.41
 2009 151    8.26  -46.40   89.51  271.39
 2009 152    8.25  -46.36   75.30  271.37
 2009 153    8.25  -46.33   61.09  271.34
 2009 154    8.24  -46.29   46.88  271.32
 2009 155    8.23  -46.26   32.67  271.30
 2009 156    8.23  -46.22   18.47  271.27
 2009 157    8.22  -46.19  364.26  271.25
 2009 158    8.22  -46.15  350.05  271.23
 2009 159    8.21  -46.12  335.84  271.20
 2009 160    8.20  -46.08  321.64  271.18
 2009 161    8.20  -46.05  307.43  271.16
 2009 162    8.19  -46.01  293.22  271.13
 2009 163    8.18  -45.98  279.01  271.11
 2009 164    8.18  -45.94  264.80  271.09
 2009 165    8.17  -45.91  250.60  271.06
 2009 166    8.16  -45.87  236.39  271.04
 2009 167    8.16  -45.83  222.18  271.02
 2009 168    8.15  -45.80  207.97  270.99
 2009 169    8.14  -45.76  193.76  270.97
 2009 170    8.14  -45.73  179.56  270.95
 2009 171    8.13  -45.69  165.35  270.92
 2009 172    8.13  -45.65  151.14  270.90
 2009 173    8.12  -45.62  136.93  270.88
 2009 174    8.11  -45.58  122.72  270.85
 2009 175    8.11  -45.55  108.52  270.83
 2009 176    8.10  -45.51   94.31  270.80
 2009 177    8.09  -45.47   80.10  270.78
 2009 178    8.09  -45.44   65.89  270.76
 2009 179    8.08  -45.40   51.69  270.73
 2009 180    8.07  -45.36   37.48  270.71
 2009 181    8.07  -45.33   23.27  270.69
 2009 182    8.06  -45.29    9.06  270.66
 2009 183    8.05  -45.25  354.85  270.64
 2009 184    8.05  -45.22  340.65  270.62
 2009 185    8.04  -45.18  326.44  270.59
 2009 186    8.04  -45.14  312.23  270.57
 2009 187    8.03  -45.11  298.02  270.54
 2009 188    8.02  -45.07  283.81  270.52
 2009 189    8.02  -45.03  269.60  270.50
 2009 190    8.01  -44.99  255.40  270.47
 2009 191    8.00  -44.96  241.19  270.45
 2009 192    8.00  -44.92  226.98  270.43
 2009 193    7.99  -44.88  212.77  270.40
 2009 194    7.98  -44.84  198.56  270.38
 2009 195    7.98  -44.81  184.36  270.36
 2009 196    7.97  -44.77  170.15  270.33
 2009 197    7.96  -44.73  155.94  270.31
 2009 198    7.96  -44.69  141.73  270.28
 2009 199    7.95  -44.66  127.52  270.26
 2009 200    7.95  -44.62  113.32  270.24
 2009 201    7.94  -44.58   99.11  270.21
 2009 202    7.93  -44.54   84.90  270.19
 2009 203    7.93  -44.50   70.69  270.17
 2009 204    7.92  -44.47   56.48  270.14
 2009 205    7.91  -44.43   42.28  270.12
 2009 206    7.91  -44.39   28.07  270.09
 2009 207    7.90  -44.35   13.86  270.07
 2009 208    7.89  -44.31  359.65  270.05
 2009 209    7.89  -44.28  345.44  270.02
 2009 210    7.88  -44.24  331.23  270.00
 2009 211    7.87  -44.20  317.03  269.98
 2009 212    7.87  -44.16  302.82  269.95
 2009 213    7.86  -44.12  288.61  269.93
 2009 214    7.86  -44.08  274.40  269.90
 2009 215    7.85  -44.04  260.19  269.88
 2009 216    7.84  -44.00  245.98  269.86
 2009 217    7.84  -43.97  231.78  269.83
 2009 218    7.83  -43.93  217.57  269.81
 2009 219    7.82  -43.89  203.36  269.78
 2009 220    7.82  -43.85  189.15  269.76
 2009 221    7.81  -43.81  174.94  269.74
 2009 222    7.80  -43.77  160.74  269.71
 2009 223    7.80  -43.73  146.53  269.69
 2009 224    7.79  -43.69  132.32  269.67
 2009 225    7.78  -43.65  118.11  269.64
 2009 226    7.78  -43.61  103.90  269.62
 2009 227    7.77  -43.57   89.69  269.59
 2009 228    7.76  -43.53   75.49  269.57
 2009 229    7.76  -43.49   61.28  269.55
 2009 230    7.75  -43.45   47.07  269.52
 2009 231    7.75  -43.41   32.86  269.50
 2009 232    7.74  -43.37   18.65  269.47
 2009 233    7.73  -43.33    4.44  269.45
 2009 234    7.73  -43.29  350.24  269.43
 2009 235    7.72  -43.25  336.03  269.40
 2009 236    7.71  -43.21  321.82  269.38
 2009 237    7.71  -43.17  307.61  269.35
 2009 238    7.70  -43.13  293.40  269.33
 2009 239    7.69  -43.09  279.19  269.31
 2009 240    7.69  -43.05  264.98  269.28
 2009 241    7.68  -43.01  250.78  269.26
 2009 242    7.67  -42.97  236.57  269.23
 2009 243    7.67  -42.93  222.36  269.21
 2009 244    7.66  -42.89  208.15  269.19
 2009 245    7.66  -42.84  193.94  269.16
 2009 246    7.65  -42.80  179.73  269.14
 2009 247    7.64  -42.76  165.53  269.11
 2009 248    7.64  -42.72  151.32  269.09
 2009 249    7.63  -42.68  137.11  269.06
 2009 250    7.62  -42.64  122.90  269.04
 2009 251    7.62  -42.60  108.69  269.02
 2009 252    7.61  -42.56   94.48  268.99
 2009 253    7.60  -42.51   80.27  268.97
 2009 254    7.60  -42.47   66.07  268.94
 2009 255    7.59  -42.43   51.86  268.92
 2009 256    7.58  -42.39   37.65  268.90
 2009 257    7.58  -42.35   23.44  268.87
 2009 258    7.57  -42.30    9.23  268.85
 2009 259    7.56  -42.26  355.02  268.82
 2009 260    7.56  -42.22  340.81  268.80
 2009 261    7.55  -42.18  326.61  268.77
 2009 262    7.55  -42.14  312.40  268.75
 2009 263    7.54  -42.09  298.19  268.73
 2009 264    7.53  -42.05  283.98  268.70
 2009 265    7.53  -42.01  269.77  268.68
 2009 266    7.52  -41.97  255.56  268.65
 2009 267    7.51  -41.92  241.35  268.63
 2009 268    7.51  -41.88  227.14  268.60
 2009 269    7.50  -41.84  212.94  268.58
 2009 270    7.49  -41.80  198.73  268.56
 2009 271    7.49  -41.75  184.52  268.53
 2009 272    7.48  -41.71  170.31  268.51
 2009 273    7.47  -41.67  156.10  268.48
 2009 274    7.47  -41.62  141.89  268.46
 2009 275    7.46  -41.58  127.68  268.43
 2009 276    7.45  -41.54  113.47  268.41
 2009 277    7.45  -41.49   99.27  268.39
 2009 278    7.44  -41.45   85.06  268.36
 2009 279    7.44  -41.41   70.85  268.34
 2009 280    7.43  -41.36   56.64  268.31
 2009 281    7.42  -41.32   42.43  268.29
 2009 282    7.42  -41.27   28.22  268.26
 2009 283    7.41  -41.23   14.01  268.24
 2009 284    7.40  -41.19  359.80  268.21
 2009 285    7.40  -41.14  345.60  268.19
 2009 286    7.39  -41.10  331.39  268.17
 2009 287    7.38  -41.05  317.18  268.14
 2009 288    7.38  -41.01  302.97  268.12
 2009 289    7.37  -40.96  288.76  268.09
 2009 290    7.36  -40.92  274.55  268.07
 2009 291    7.36  -40.88  260.34  268.04
 2009 292    7.35  -40.83  246.13  268.02
 2009 293    7.34  -40.79  231.92  267.99
 2009 294    7.34  -40.74  217.72  267.97
 2009 295    7.33  -40.70  203.51  267.95
 2009 296    7.33  -40.65  189.30  267.92
 2009 297    7.32  -40.61  175.09  267.90
 2009 298    7.31  -40.56  160.88  267.87
 2009 299    7.31  -40.52  146.67  267.85
 2009 300    7.30  -40.47  132.46  267.82
 2009 301    7.29  -40.42  118.25  267.80
 2009 302    7.29  -40.38  104.04  267.77
 2009 303    7.28  -40.33   89.83  267.75
 2009 304    7.27  -40.29   75.63  267.72
 2009 305    7.27  -40.24   61.42  267.70
 2009 306    7.26  -40.20   47.21  267.67
 2009 307    7.25  -40.15   33.00  267.65
 2009 308    7.25  -40.10   18.79  267.62
 2009 309    7.24  -40.06    4.58  267.60
 2009 310    7.23  -40.01  350.37  267.58
 2009 311    7.23  -39.96  336.16  267.55
 2009 312    7.22  -39.92  321.95  267.53
 2009 313    7.22  -39.87  307.74  267.50
 2009 314    7.21  -39.83  293.53  267.48
 2009 315    7.20  -39.78  279.32  267.45
 2009 316    7.20  -39.73  265.12  267.43
 2009 317    7.19  -39.69  250.91  267.40
 2009 318    7.18  -39.64  236.70  267.38
 2009 319    7.18  -39.59  222.49  267.35
 2009 320    7.17  -39.54  208.28  267.33
 2009 321    7.16  -39.50  194.07  267.30
 2009 322    7.16  -39.45  179.86  267.28
 2009 323    7.15  -39.40  165.65  267.25
 2009 324    7.14  -39.35  151.44  267.23
 2009 325    7.14  -39.31  137.23  267.20
 2009 326    7.13  -39.26  123.02  267.18
 2009 327    7.12  -39.21  108.81  267.15
 2009 328    7.12  -39.16   94.60  267.13
 2009 329    7.11  -39.12   80.40  267.10
 2009 330    7.11  -39.07   66.19  267.08
 2009 331    7.10  -39.02   51.98  267.05
 2009 332    7.09  -38.97   37.77  267.03
 2009 333    7.09  -38.92   23.56  267.00
 2009 334    7.08  -38.87    9.35  266.98
 2009 335    7.07  -38.83  355.14  266.95
 2009 336    7.07  -38.78  340.93  266.93
 2009 337    7.06  -38.73  326.72  266.90
 2009 338    7.05  -38.68  312.51  266.88
 2009 339    7.05  -38.63  298.30  266.85
 2009 340    7.04  -38.58  284.09  266.83
 2009 341    7.03  -38.53  269.88  266.80
 2009 342    7.03  -38.48  255.67  266.78
 2009 343    7.02  -38.43  241.46  266.75
 2009 344    7.01  -38.38  227.25  266.73
 2009 345    7.01  -38.34  213.04  266.70
 2009 346    7.00  -38.29  198.84  266.68
 2009 347    7.00  -38.24  184.63  266.65
 2009 348    6.99  -38.19  170.42  266.63
 2009 349    6.98  -38.14  156.21  266.60
 2009 350    6.98  -38.09  142.00  266.58
 2009 351    6.97  -38.04  127.79  266.55
 2009 352    6.96  -37.99  113.58  266.53
 2009 353    6.96  -37.94   99.37  266.50
 2009 354    6.95  -37.89   85.16  266.48
 2009 355    6.94  -37.83   70.95  266.45
 2009 356    6.94  -37.78   56.74  266.43
 2009 357    6.93  -37.73   42.53  266.40
 2009 358    6.92  -37.68   28.32  266.38
 2009 359    6.92  -37.63   14.11  266.35
 2009 360    6.91  -37.58  359.90  266.33
 2009 361    6.90  -37.53  345.69  266.30
 2009 362    6.90  -37.48  331.48  266.27
 2009 363    6.89  -37.43  317.27  266.25
 2009 364    6.88  -37.38  303.06  266.22
 2009 365    6.88  -37.32  288.85  266.20
 2010   1    6.87  -37.27  274.64  266.17
 2010   2    6.87  -37.22  260.43  266.15
 2010   3    6.86  -37.17  246.22  266.12
 2010   4    6.85  -37.12  232.01  266.10
 2010   5    6.85  -37.07  217.80  266.07
 2010   6    6.84  -37.01  203.59  266.05
 2010   7    6.83  -36.96  189.38  266.02
 2010   8    6.83  -36.91  175.17  266.00
 2010   9    6.82  -36.86  160.96  265.97
 2010  10    6.81  -36.80  146.75  265.94
 2010  11    6.81  -36.75  132.54  265.92
 2010  12    6.80  -36.70  118.33  265.89
 2010  13    6.79  -36.65  104.12  265.87
 2010  14    6.79  -36.59   89.91  265.84
 2010  15    6.78  -36.54   75.70  265.82
 2010  16    6.77  -36.49   61.49  265.79
 2010  17    6.77  -36.43   47.28  265.77
 2010  18    6.76  -36.38   33.07  265.74
 2010  19    6.76  -36.33   18.86  265.71
 2010  20    6.75  -36.27    4.65  265.69
 2010  21    6.74  -36.22  350.44  265.66
 2010  22    6.74  -36.17  336.23  265.64
 2010  23    6.73  -36.11  322.02  265.61
 2010  24    6.72  -36.06  307.81  265.59
 2010  25    6.72  -36.00  293.60  265.56
 2010  26    6.71  -35.95  279.39  265.53
 2010  27    6.70  -35.90  265.18  265.51
 2010  28    6.70  -35.84  250.97  265.48
 2010  29    6.69  -35.79  236.76  265.46
 2010  30    6.68  -35.73  222.55  265.43
 2010  31    6.68  -35.68  208.34  265.41
 2010  32    6.67  -35.62  194.13  265.38
 2010  33    6.66  -35.57  179.92  265.35
 2010  34    6.66  -35.51  165.71  265.33
 2010  35    6.65  -35.46  151.50  265.30
 2010  36    6.65  -35.40  137.29  265.28
 2010  37    6.64  -35.35  123.08  265.25
 2010  38    6.63  -35.29  108.87  265.22
 2010  39    6.63  -35.23   94.66  265.20
 2010  40    6.62  -35.18   80.45  265.17
 2010  41    6.61  -35.12   66.24  265.15
 2010  42    6.61  -35.07   52.03  265.12
 2010  43    6.60  -35.01   37.82  265.10
 2010  44    6.59  -34.95   23.61  265.07
 2010  45    6.59  -34.90    9.40  265.04
 2010  46    6.58  -34.84  355.19  265.02
 2010  47    6.57  -34.78  340.98  264.99
 2010  48    6.57  -34.73  326.77  264.97
 2010  49    6.56  -34.67  312.56  264.94
 2010  50    6.56  -34.61  298.35  264.91
 2010  51    6.55  -34.56  284.14  264.89
 2010  52    6.54  -34.50  269.93  264.86
 2010  53    6.54  -34.44  255.71  264.83
 2010  54    6.53  -34.39  241.50  264.81
 2010  55    6.52  -34.33  227.29  264.78
 2010  56    6.52  -34.27  213.08  264.76
 2010  57    6.51  -34.21  198.87  264.73
 2010  58    6.50  -34.15  184.66  264.70
 2010  59    6.50  -34.10  170.45  264.68
 2010  60    6.49  -34.04  156.24  264.65
 2010  61    6.48  -33.98  142.03  264.63
 2010  62    6.48  -33.92  127.82  264.60
 2010  63    6.47  -33.86  113.61  264.57
 2010  64    6.46  -33.80   99.40  264.55
 2010  65    6.46  -33.75   85.19  264.52
 2010  66    6.45  -33.69   70.98  264.49
 2010  67    6.45  -33.63   56.77  264.47
 2010  68    6.44  -33.57   42.56  264.44
 2010  69    6.43  -33.51   28.34  264.41
 2010  70    6.43  -33.45   14.13  264.39
 2010  71    6.42  -33.39  359.92  264.36
 2010  72    6.41  -33.33  345.71  264.34
 2010  73    6.41  -33.27  331.50  264.31
 2010  74    6.40  -33.21  317.29  264.28
 2010  75    6.39  -33.15  303.08  264.26
 2010  76    6.39  -33.09  288.87  264.23
 2010  77    6.38  -33.03  274.66  264.20
 2010  78    6.37  -32.97  260.45  264.18
 2010  79    6.37  -32.91  246.24  264.15
 2010  80    6.36  -32.85  232.02  264.12
 2010  81    6.36  -32.79  217.81  264.10
 2010  82    6.35  -32.73  203.60  264.07
 2010  83    6.34  -32.67  189.39  264.04
 2010  84    6.34  -32.61  175.18  264.02
 2010  85    6.33  -32.54  160.97  263.99
 2010  86    6.32  -32.48  146.76  263.96
 2010  87    6.32  -32.42  132.55  263.94
 2010  88    6.31  -32.36  118.34  263.91
 2010  89    6.30  -32.30  104.13  263.88
 2010  90    6.30  -32.24   89.91  263.86
 2010  91    6.29  -32.17   75.70  263.83
 2010  92    6.28  -32.11   61.49  263.80
 2010  93    6.28  -32.05   47.28  263.78
 2010  94    6.27  -31.99   33.07  263.75
 2010  95    6.27  -31.92   18.86  263.72
 2010  96    6.26  -31.86    4.65  263.70
 2010  97    6.25  -31.80  350.44  263.67
 2010  98    6.25  -31.73  336.22  263.64
 2010  99    6.24  -31.67  322.01  263.62
 2010 100    6.23  -31.61  307.80  263.59
 2010 101    6.23  -31.55  293.59  263.56
 2010 102    6.22  -31.48  279.38  263.53
 2010 103    6.21  -31.42  265.17  263.51
 2010 104    6.21  -31.35  250.96  263.48
 2010 105    6.20  -31.29  236.74  263.45
 2010 106    6.19  -31.23  222.53  263.43
 2010 107    6.19  -31.16  208.32  263.40
 2010 108    6.18  -31.10  194.11  263.37
 2010 109    6.18  -31.03  179.90  263.35
 2010 110    6.17  -30.97  165.69  263.32
 2010 111    6.16  -30.90  151.48  263.29
 2010 112    6.16  -30.84  137.26  263.26
 2010 113    6.15  -30.77  123.05  263.24
 2010 114    6.14  -30.71  108.84  263.21
 2010 115    6.14  -30.64   94.63  263.18
 2010 116    6.13  -30.58   80.42  263.15
 2010 117    6.12  -30.51   66.21  263.13
 2010 118    6.12  -30.45   51.99  263.10
 2010 119    6.11  -30.38   37.78  263.07
 2010 120    6.10  -30.31   23.57  263.05
 2010 121    6.10  -30.25    9.36  263.02
 2010 122    6.09  -30.18  355.15  262.99
 2010 123    6.09  -30.11  340.94  262.96
 2010 124    6.08  -30.05  326.72  262.94
 2010 125    6.07  -29.98  312.51  262.91
 2010 126    6.07  -29.91  298.30  262.88
 2010 127    6.06  -29.85  284.09  262.85
 2010 128    6.05  -29.78  269.88  262.83
 2010 129    6.05  -29.71  255.66  262.80
 2010 130    6.04  -29.64  241.45  262.77
 2010 131    6.03  -29.58  227.24  262.74
 2010 132    6.03  -29.51  213.03  262.72
 2010 133    6.02  -29.44  198.82  262.69
 2010 134    6.02  -29.37  184.61  262.66
 2010 135    6.01  -29.30  170.39  262.63
 2010 136    6.00  -29.24  156.18  262.61
 2010 137    6.00  -29.17  141.97  262.58
 2010 138    5.99  -29.10  127.76  262.55
 2010 139    5.98  -29.03  113.54  262.52
 2010 140    5.98  -28.96   99.33  262.49
 2010 141    5.97  -28.89   85.12  262.47
 2010 142    5.96  -28.82   70.91  262.44
 2010 143    5.96  -28.75   56.70  262.41
 2010 144    5.95  -28.68   42.48  262.38
 2010 145    5.95  -28.61   28.27  262.36
 2010 146    5.94  -28.54   14.06  262.33
 2010 147    5.93  -28.47  359.85  262.30
 2010 148    5.93  -28.40  345.63  262.27
 2010 149    5.92  -28.33  331.42  262.24
 2010 150    5.91  -28.26  317.21  262.22
 2010 151    5.91  -28.19  303.00  262.19
 2010 152    5.90  -28.12  288.79  262.16
 2010 153    5.89  -28.05  274.57  262.13
 2010 154    5.89  -27.98  260.36  262.10
 2010 155    5.88  -27.91  246.15  262.08
 2010 156    5.88  -27.83  231.94  262.05
 2010 157    5.87  -27.76  217.72  262.02
 2010 158    5.86  -27.69  203.51  261.99
 2010 159    5.86  -27.62  189.30  261.96
 2010 160    5.85  -27.55  175.09  261.94
 2010 161    5.84  -27.47  160.87  261.91
 2010 162    5.84  -27.40  146.66  261.88
 2010 163    5.83  -27.33  132.45  261.85
 2010 164    5.82  -27.26  118.23  261.82
 2010 165    5.82  -27.18  104.02  261.79
 2010 166    5.81  -27.11   89.81  261.77
 2010 167    5.81  -27.04   75.60  261.74
 2010 168    5.80  -26.96   61.38  261.71
 2010 169    5.79  -26.89   47.17  261.68
 2010 170    5.79  -26.82   32.96  261.65
 2010 171    5.78  -26.74   18.74  261.62
 2010 172    5.77  -26.67    4.53  261.60
 2010 173    5.77  -26.59  350.32  261.57
 2010 174    5.76  -26.52  336.11  261.54
 2010 175    5.76  -26.44  321.89  261.51
 2010 176    5.75  -26.37  307.68  261.48
 2010 177    5.74  -26.29  293.47  261.45
 2010 178    5.74  -26.22  279.25  261.42
 2010 179    5.73  -26.14  265.04  261.39
 2010 180    5.72  -26.07  250.83  261.37
 2010 181    5.72  -25.99  236.61  261.34
 2010 182    5.71  -25.92  222.40  261.31
 2010 183    5.70  -25.84  208.19  261.28
 2010 184    5.70  -25.76  193.98  261.25
 2010 185    5.69  -25.69  179.76  261.22
 2010 186    5.69  -25.61  165.55  261.19
 2010 187    5.68  -25.53  151.34  261.16
 2010 188    5.67  -25.46  137.12  261.14
 2010 189    5.67  -25.38  122.91  261.11
 2010 190    5.66  -25.30  108.70  261.08
 2010 191    5.65  -25.22   94.48  261.05
 2010 192    5.65  -25.15   80.27  261.02
 2010 193    5.64  -25.07   66.06  260.99
 2010 194    5.64  -24.99   51.84  260.96
 2010 195    5.63  -24.91   37.63  260.93
 2010 196    5.62  -24.83   23.41  260.90
 2010 197    5.62  -24.76    9.20  260.87
 2010 198    5.61  -24.68  354.99  260.84
 2010 199    5.60  -24.60  340.77  260.82
 2010 200    5.60  -24.52  326.56  260.79
 2010 201    5.59  -24.44  312.35  260.76
 2010 202    5.59  -24.36  298.13  260.73
 2010 203    5.58  -24.28  283.92  260.70
 2010 204    5.57  -24.20  269.71  260.67
 2010 205    5.57  -24.12  255.49  260.64
 2010 206    5.56  -24.04  241.28  260.61
 2010 207    5.55  -23.96  227.06  260.58
 2010 208    5.55  -23.88  212.85  260.55
 2010 209    5.54  -23.80  198.64  260.52
 2010 210    5.54  -23.72  184.42  260.49
 2010 211    5.53  -23.64  170.21  260.46
 2010 212    5.52  -23.56  155.99  260.43
 2010 213    5.52  -23.47  141.78  260.40
 2010 214    5.51  -23.39  127.57  260.37
 2010 215    5.50  -23.31  113.35  260.34
 2010 216    5.50  -23.23   99.14  260.31
 2010 217    5.49  -23.15   84.92  260.28
 2010 218    5.49  -23.06   70.71  260.26
 2010 219    5.48  -22.98   56.50  260.23
 2010 220    5.47  -22.90   42.28  260.20
 2010 221    5.47  -22.82   28.07  260.17
 2010 222    5.46  -22.73   13.85  260.14
 2010 223    5.45  -22.65  359.64  260.11
 2010 224    5.45  -22.57  345.42  260.08
 2010 225    5.44  -22.48  331.21  260.05
 2010 226    5.44  -22.40  317.00  260.02
 2010 227    5.43  -22.31  302.78  259.99
 2010 228    5.42  -22.23  288.57  259.96
 2010 229    5.42  -22.14  274.35  259.93
 2010 230    5.41  -22.06  260.14  259.90
 2010 231    5.41  -21.97  245.92  259.87
 2010 232    5.40  -21.89  231.71  259.83
 2010 233    5.39  -21.80  217.49  259.80
 2010 234    5.39  -21.72  203.28  259.77
 2010 235    5.38  -21.63  189.06  259.74
 2010 236    5.37  -21.55  174.85  259.71
 2010 237    5.37  -21.46  160.63  259.68
 2010 238    5.36  -21.37  146.42  259.65
 2010 239    5.36  -21.29  132.20  259.62
 2010 240    5.35  -21.20  117.99  259.59
 2010 241    5.34  -21.11  103.77  259.56
 2010 242    5.34  -21.03   89.56  259.53
 2010 243    5.33  -20.94   75.35  259.50
 2010 244    5.33  -20.85   61.13  259.47
 2010 245    5.32  -20.76   46.91  259.44
 2010 246    5.31  -20.67   32.70  259.41
 2010 247    5.31  -20.59   18.48  259.38
 2010 248    5.30  -20.50    4.27  259.35
 2010 249    5.29  -20.41  350.05  259.32
 2010 250    5.29  -20.32  335.84  259.29
 2010 251    5.28  -20.23  321.62  259.25
 2010 252    5.28  -20.14  307.41  259.22
 2010 253    5.27  -20.05  293.19  259.19
 2010 254    5.26  -19.96  278.98  259.16
 2010 255    5.26  -19.87  264.76  259.13
 2010 256    5.25  -19.78  250.55  259.10
 2010 257    5.25  -19.69  236.33  259.07
 2010 258    5.24  -19.60  222.12  259.04
 2010 259    5.23  -19.51  207.90  259.01
 2010 260    5.23  -19.42  193.68  258.97
 2010 261    5.22  -19.33  179.47  258.94
 2010 262    5.22  -19.24  165.25  258.91
 2010 263    5.21  -19.15  151.04  258.88
 2010 264    5.20  -19.05  136.82  258.85
 2010 265    5.20  -18.96  122.61  258.82
 2010 266    5.19  -18.87  108.39  258.79
 2010 267    5.19  -18.78   94.17  258.76
 2010 268    5.18  -18.68   79.96  258.72
 2010 269    5.17  -18.59   65.74  258.69
 2010 270    5.17  -18.50   51.53  258.66
 2010 271    5.16  -18.40   37.31  258.63
 2010 272    5.16  -18.31   23.09  258.60
 2010 273    5.15  -18.22    8.88  258.57
 2010 274    5.14  -18.12  354.66  258.53
 2010 275    5.14  -18.03  340.45  258.50
 2010 276    5.13  -17.93  326.23  258.47
 2010 277    5.13  -17.84  312.01  258.44
 2010 278    5.12  -17.74  297.80  258.41
 2010 279    5.11  -17.65  283.58  258.37
 2010 280    5.11  -17.55  269.36  258.34
 2010 281    5.10  -17.46  255.15  258.31
 2010 282    5.10  -17.36  240.93  258.28
 2010 283    5.09  -17.26  226.72  258.25
 2010 284    5.08  -17.17  212.50  258.21
 2010 285    5.08  -17.07  198.28  258.18
 2010 286    5.07  -16.97  184.07  258.15
 2010 287    5.07  -16.88  169.85  258.12
 2010 288    5.06  -16.78  155.63  258.09
 2010 289    5.05  -16.68  141.42  258.05
 2010 290    5.05  -16.58  127.20  258.02
 2010 291    5.04  -16.49  112.98  257.99
 2010 292    5.04  -16.39   98.76  257.96
 2010 293    5.03  -16.29   84.55  257.92
 2010 294    5.02  -16.19   70.33  257.89
 2010 295    5.02  -16.09   56.11  257.86
 2010 296    5.01  -15.99   41.90  257.82
 2010 297    5.01  -15.89   27.68  257.79
 2010 298    5.00  -15.79   13.46  257.76
 2010 299    4.99  -15.69  359.25  257.73
 2010 300    4.99  -15.59  345.03  257.69
 2010 301    4.98  -15.49  330.81  257.66
 2010 302    4.98  -15.39  316.59  257.63
 2010 303    4.97  -15.29  302.38  257.60
 2010 304    4.96  -15.19  288.16  257.56
 2010 305    4.96  -15.09  273.94  257.53
 2010 306    4.95  -14.99  259.72  257.50
 2010 307    4.95  -14.89  245.51  257.46
 2010 308    4.94  -14.78  231.29  257.43
 2010 309    4.94  -14.68  217.07  257.40
 2010 310    4.93  -14.58  202.85  257.36
 2010 311    4.92  -14.48  188.64  257.33
 2010 312    4.92  -14.37  174.42  257.30
 2010 313    4.91  -14.27  160.20  257.26
 2010 314    4.91  -14.17  145.98  257.23
 2010 315    4.90  -14.06  131.76  257.20
 2010 316    4.89  -13.96  117.55  257.16
 2010 317    4.89  -13.85  103.33  257.13
 2010 318    4.88  -13.75   89.11  257.09
 2010 319    4.88  -13.64   74.89  257.06
 2010 320    4.87  -13.54   60.67  257.03
 2010 321    4.87  -13.43   46.45  256.99
 2010 322    4.86  -13.33   32.24  256.96
 2010 323    4.85  -13.22   18.02  256.93
 2010 324    4.85  -13.11    3.80  256.89
 2010 325    4.84  -13.01  349.58  256.86
 2010 326    4.84  -12.90  335.36  256.82
 2010 327    4.83  -12.79  321.14  256.79
 2010 328    4.83  -12.69  306.93  256.75
 2010 329    4.82  -12.58  292.71  256.72
 2010 330    4.81  -12.47  278.49  256.69
 2010 331    4.81  -12.36  264.27  256.65
 2010 332    4.80  -12.26  250.05  256.62
 2010 333    4.80  -12.15  235.83  256.58
 2010 334    4.79  -12.04  221.61  256.55
 2010 335    4.79  -11.93  207.39  256.51
 2010 336    4.78  -11.82  193.17  256.48
 2010 337    4.77  -11.71  178.96  256.44
 2010 338    4.77  -11.60  164.74  256.41
 2010 339    4.76  -11.49  150.52  256.37
 2010 340    4.76  -11.38  136.30  256.34
 2010 341    4.75  -11.27  122.08  256.30
 2010 342    4.75  -11.16  107.86  256.27
 2010 343    4.74  -11.05   93.64  256.23
 2010 344    4.73  -10.94   79.42  256.20
 2010 345    4.73  -10.82   65.20  256.16
 2010 346    4.72  -10.71   50.98  256.13
 2010 347    4.72  -10.60   36.76  256.09
 2010 348    4.71  -10.49   22.54  256.06
 2010 349    4.71  -10.37    8.32  256.02
 2010 350    4.70  -10.26  354.10  255.99
 2010 351    4.70  -10.15  339.88  255.95
 2010 352    4.69  -10.03  325.66  255.92
 2010 353    4.68   -9.92  311.44  255.88
 2010 354    4.68   -9.81  297.22  255.85
 2010 355    4.67   -9.69  283.00  255.81
 2010 356    4.67   -9.58  268.78  255.77
 2010 357    4.66   -9.46  254.56  255.74
 2010 358    4.66   -9.35  240.34  255.70
 2010 359    4.65   -9.23  226.12  255.67
 2010 360    4.64   -9.12  211.90  255.63
 2010 361    4.64   -9.00  197.68  255.59
 2010 362    4.63   -8.88  183.46  255.56
 2010 363    4.63   -8.77  169.24  255.52
 2010 364    4.62   -8.65  155.02  255.49
 2010 365    4.62   -8.53  140.80  255.45
 2011   1    4.61   -8.41  126.58  255.41
 2011   2    4.61   -8.30  112.36  255.38
 2011   3    4.60   -8.18   98.13  255.34
 2011   4    4.60   -8.06   83.91  255.30
 2011   5    4.59   -7.94   69.69  255.27
 2011   6    4.58   -7.82   55.47  255.23
 2011   7    4.58   -7.70   41.25  255.19
 2011   8    4.57   -7.58   27.03  255.16
 2011   9    4.57   -7.46   12.81  255.12
 2011  10    4.56   -7.34  358.59  255.08
 2011  11    4.56   -7.22  344.36  255.04
 2011  12    4.55   -7.10  330.14  255.01
 2011  13    4.55   -6.98  315.92  254.97
 2011  14    4.54   -6.86  301.70  254.93
 2011  15    4.54   -6.74  287.48  254.90
 2011  16    4.53   -6.62  273.26  254.86
 2011  17    4.52   -6.49  259.03  254.82
 2011  18    4.52   -6.37  244.81  254.78
 2011  19    4.51   -6.25  230.59  254.75
 2011  20    4.51   -6.13  216.37  254.71
 2011  21    4.50   -6.00  202.15  254.67
 2011  22    4.50   -5.88  187.92  254.63
 2011  23    4.49   -5.76  173.70  254.59
 2011  24    4.49   -5.63  159.48  254.56
 2011  25    4.48   -5.51  145.26  254.52
 2011  26    4.48   -5.38  131.03  254.48
 2011  27    4.47   -5.26  116.81  254.44
 2011  28    4.47   -5.13  102.59  254.40
 2011  29    4.46   -5.01   88.37  254.36
 2011  30    4.46   -4.88   74.14  254.33
 2011  31    4.45   -4.75   59.92  254.29
 2011  32    4.45   -4.63   45.70  254.25
 2011  33    4.44   -4.50   31.47  254.21
 2011  34    4.43   -4.37   17.25  254.17
 2011  35    4.43   -4.25    3.03  254.13
 2011  36    4.42   -4.12  348.80  254.09
 2011  37    4.42   -3.99  334.58  254.05
 2011  38    4.41   -3.86  320.36  254.02
 2011  39    4.41   -3.73  306.13  253.98
 2011  40    4.40   -3.60  291.91  253.94
 2011  41    4.40   -3.47  277.69  253.90
 2011  42    4.39   -3.34  263.46  253.86
 2011  43    4.39   -3.21  249.24  253.82
 2011  44    4.38   -3.08  235.01  253.78
 2011  45    4.38   -2.95  220.79  253.74
 2011  46    4.37   -2.82  206.57  253.70
 2011  47    4.37   -2.69  192.34  253.66
 2011  48    4.36   -2.56  178.12  253.62
 2011  49    4.36   -2.43  163.89  253.58
 2011  50    4.35   -2.30  149.67  253.54
 2011  51    4.35   -2.16  135.44  253.50
 2011  52    4.34   -2.03  121.22  253.46
 2011  53    4.34   -1.90  106.99  253.42
 2011  54    4.33   -1.76   92.77  253.38
 2011  55    4.33   -1.63   78.54  253.34
 2011  56    4.32   -1.50   64.32  253.30
 2011  57    4.32   -1.36   50.09  253.26
 2011  58    4.31   -1.23   35.87  253.22
 2011  59    4.31   -1.09   21.64  253.18
 2011  60    4.30   -0.96    7.42  253.13
 2011  61    4.30   -0.82  353.19  253.09
 2011  62    4.29   -0.69  338.97  253.05
 2011  63    4.29   -0.55  324.74  253.01
 2011  64    4.28   -0.41  310.52  252.97
 2011  65    4.28   -0.28  296.29  252.93
 2011  66    4.27   -0.14  282.06  252.89
 2011  67    4.27    0.00  267.84  252.84
 2011  68    4.26    0.14  253.61  252.80
 2011  69    4.26    0.27  239.39  252.76
 2011  70    4.25    0.41  225.16  252.72
 2011  71    4.25    0.55  210.93  252.68
 2011  72    4.24    0.69  196.71  252.64
 2011  73    4.24    0.83  182.48  252.59
 2011  74    4.23    0.97  168.25  252.55
 2011  75    4.23    1.11  154.03  252.51
 2011  76    4.22    1.25  139.80  252.47
 2011  77    4.22    1.39  125.57  252.42
 2011  78    4.21    1.53  111.35  252.38
 2011  79    4.21    1.67   97.12  252.34
 2011  80    4.20    1.81   82.89  252.29
 2011  81    4.20    1.96   68.66  252.25
 2011  82    4.20    2.10   54.44  252.21
 2011  83    4.19    2.24   40.21  252.17
 2011  84    4.19    2.38   25.98  252.12
 2011  85    4.18    2.53   11.75  252.08
 2011  86    4.18    2.67  357.53  252.03
 2011  87    4.17    2.81  343.30  251.99
 2011  88    4.17    2.96  329.07  251.95
 2011  89    4.16    3.10  314.84  251.90
 2011  90    4.16    3.25  300.61  251.86
 2011  91    4.15    3.39  286.38  251.82
 2011  92    4.15    3.54  272.16  251.77
 2011  93    4.14    3.68  257.93  251.73
 2011  94    4.14    3.83  243.70  251.68
 2011  95    4.13    3.98  229.47  251.64
 2011  96    4.13    4.12  215.24  251.59
 2011  97    4.13    4.27  201.01  251.55
 2011  98    4.12    4.42  186.78  251.50
 2011  99    4.12    4.56  172.55  251.46
 2011 100    4.11    4.71  158.32  251.41
 2011 101    4.11    4.86  144.09  251.37
 2011 102    4.10    5.01  129.86  251.32
 2011 103    4.10    5.16  115.63  251.28
 2011 104    4.09    5.31  101.40  251.23
 2011 105    4.09    5.46   87.17  251.19
 2011 106    4.08    5.61   72.94  251.14
 2011 107    4.08    5.76   58.71  251.09
 2011 108    4.08    5.91   44.48  251.05
 2011 109    4.07    6.06   30.25  251.00
 2011 110    4.07    6.21   16.02  250.96
 2011 111    4.06    6.36    1.79  250.91
 2011 112    4.06    6.51  347.56  250.86
 2011 113    4.05    6.67  333.33  250.82
 2011 114    4.05    6.82  319.10  250.77
 2011 115    4.05    6.97  304.86  250.72
 2011 116    4.04    7.12  290.63  250.67
 2011 117    4.04    7.28  276.40  250.63
 2011 118    4.03    7.43  262.17  250.58
 2011 119    4.03    7.59  247.94  250.53
 2011 120    4.02    7.74  233.71  250.48
 2011 121    4.02    7.89  219.47  250.44
 2011 122    4.02    8.05  205.24  250.39
 2011 123    4.01    8.21  191.01  250.34
 2011 124    4.01    8.36  176.78  250.29
 2011 125    4.00    8.52  162.54  250.24
 2011 126    4.00    8.67  148.31  250.20
 2011 127    3.99    8.83  134.08  250.15
 2011 128    3.99    8.99  119.84  250.10
 2011 129    3.99    9.14  105.61  250.05
 2011 130    3.98    9.30   91.38  250.00
 2011 131    3.98    9.46   77.14  249.95
 2011 132    3.97    9.62   62.91  249.90
 2011 133    3.97    9.78   48.68  249.85
 2011 134    3.97    9.94   34.44  249.80
 2011 135    3.96   10.10   20.21  249.75
 2011 136    3.96   10.25    5.97  249.70
 2011 137    3.95   10.41  351.74  249.65
 2011 138    3.95   10.57  337.50  249.60
 2011 139    3.95   10.74  323.27  249.55
 2011 140    3.94   10.90  309.03  249.50
 2011 141    3.94   11.06  294.80  249.45
 2011 142    3.93   11.22  280.56  249.40
 2011 143    3.93   11.38  266.33  249.35
 2011 144    3.93   11.54  252.09  249.30
 2011 145    3.92   11.71  237.86  249.25
 2011 146    3.92   11.87  223.62  249.19
 2011 147    3.91   12.03  209.38  249.14
 2011 148    3.91   12.19  195.15  249.09
 2011 149    3.91   12.36  180.91  249.04
 2011 150    3.90   12.52  166.68  248.99
 2011 151    3.90   12.69  152.44  248.93
 2011 152    3.89   12.85  138.20  248.88
 2011 153    3.89   13.02  123.96  248.83
 2011 154    3.89   13.18  109.73  248.78
 2011 155    3.88   13.35   95.49  248.72
 2011 156    3.88   13.51   81.25  248.67
 2011 157    3.88   13.68   67.01  248.62
 2011 158    3.87   13.85   52.78  248.56
 2011 159    3.87   14.01   38.54  248.51
 2011 160    3.87   14.18   24.30  248.45
 2011 161    3.86   14.35   10.06  248.40
 2011 162    3.86   14.51  355.82  248.35
 2011 163    3.85   14.68  341.58  248.29
 2011 164    3.85   14.85  327.34  248.24
 2011 165    3.85   15.02  313.10  248.18
 2011 166    3.84   15.19  298.87  248.13
 2011 167    3.84   15.36  284.63  248.07
 2011 168    3.84   15.53  270.39  248.02
 2011 169    3.83   15.70  256.15  247.96
 2011 170    3.83   15.87  241.91  247.90
 2011 171    3.83   16.04  227.67  247.85
 2011 172    3.82   16.21  213.42  247.79
 2011 173    3.82   16.38  199.18  247.74
 2011 174    3.82   16.55  184.94  247.68
 2011 175    3.81   16.72  170.70  247.62
 2011 176    3.81   16.89  156.46  247.57
 2011 177    3.81   17.07  142.22  247.51
 2011 178    3.80   17.24  127.98  247.45
 2011 179    3.80   17.41  113.73  247.39
 2011 180    3.80   17.58   99.49  247.34
 2011 181    3.79   17.76   85.25  247.28
 2011 182    3.79   17.93   71.01  247.22
 2011 183    3.79   18.10   56.76  247.16
 2011 184    3.78   18.28   42.52  247.10
 2011 185    3.78   18.45   28.28  247.04
 2011 186    3.78   18.63   14.03  246.98
 2011 187    3.77   18.80  359.79  246.92
 2011 188    3.77   18.98  345.55  246.86
 2011 189    3.77   19.15  331.30  246.80
 2011 190    3.76   19.33  317.06  246.74
 2011 191    3.76   19.51  302.81  246.68
 2011 192    3.76   19.68  288.57  246.62
 2011 193    3.75   19.86  274.32  246.56
 2011 194    3.75   20.04  260.08  246.50
 2011 195    3.75   20.21  245.83  246.44
 2011 196    3.74   20.39  231.59  246.38
 2011 197    3.74   20.57  217.34  246.32
 2011 198    3.74   20.75  203.09  246.26
 2011 199    3.74   20.92  188.85  246.19
 2011 200    3.73   21.10  174.60  246.13
 2011 201    3.73   21.28  160.35  246.07
 2011 202    3.73   21.46  146.11  246.01
 2011 203    3.72   21.64  131.86  245.94
 2011 204    3.72   21.82  117.61  245.88
 2011 205    3.72   22.00  103.36  245.81
 2011 206    3.72   22.18   89.11  245.75
 2011 207    3.71   22.36   74.86  245.69
 2011 208    3.71   22.54   60.62  245.62
 2011 209    3.71   22.72   46.37  245.56
 2011 210    3.70   22.90   32.12  245.49
 2011 211    3.70   23.08   17.87  245.43
 2011 212    3.70   23.26    3.62  245.36
 2011 213    3.70   23.45  349.37  245.30
 2011 214    3.69   23.63  335.12  245.23
 2011 215    3.69   23.81  320.87  245.16
 2011 216    3.69   23.99  306.61  245.10
 2011 217    3.69   24.17  292.36  245.03
 2011 218    3.68   24.36  278.11  244.96
 2011 219    3.68   24.54  263.86  244.89
 2011 220    3.68   24.72  249.61  244.83
 2011 221    3.67   24.91  235.35  244.76
 2011 222    3.67   25.09  221.10  244.69
 2011 223    3.67   25.28  206.85  244.62
 2011 224    3.67   25.46  192.59  244.55
 2011 225    3.66   25.64  178.34  244.48
 2011 226    3.66   25.83  164.09  244.41
 2011 227    3.66   26.01  149.83  244.34
 2011 228    3.66   26.20  135.58  244.27
 2011 229    3.66   26.38  121.32  244.20
 2011 230    3.65   26.57  107.07  244.13
 2011 231    3.65   26.76   92.81  244.06
 2011 232    3.65   26.94   78.56  243.99
 2011 233    3.65   27.13   64.30  243.92
 2011 234    3.64   27.31   50.04  243.84
 2011 235    3.64   27.50   35.79  243.77
 2011 236    3.64   27.69   21.53  243.70
 2011 237    3.64   27.87    7.27  243.62
 2011 238    3.63   28.06  353.01  243.55
 2011 239    3.63   28.25  338.75  243.48
 2011 240    3.63   28.44  324.50  243.40
 2011 241    3.63   28.62  310.24  243.33
 2011 242    3.63   28.81  295.98  243.25
 2011 243    3.62   29.00  281.72  243.18
 2011 244    3.62   29.19  267.46  243.10
 2011 245    3.62   29.38  253.20  243.03
 2011 246    3.62   29.56  238.94  242.95
 2011 247    3.62   29.75  224.67  242.87
 2011 248    3.61   29.94  210.41  242.80
 2011 249    3.61   30.13  196.15  242.72
 2011 250    3.61   30.32  181.89  242.64
 2011 251    3.61   30.51  167.63  242.56
 2011 252    3.61   30.70  153.36  242.48
 2011 253    3.60   30.89  139.10  242.40
 2011 254    3.60   31.08  124.84  242.32
 2011 255    3.60   31.27  110.57  242.24
 2011 256    3.60   31.46   96.31  242.16
 2011 257    3.60   31.65   82.04  242.08
 2011 258    3.59   31.84   67.78  242.00
 2011 259    3.59   32.03   53.51  241.92
 2011 260    3.59   32.22   39.24  241.84
 2011 261    3.59   32.41   24.98  241.76
 2011 262    3.59   32.60   10.71  241.67
 2011 263    3.59   32.79  356.44  241.59
 2011 264    3.58   32.98  342.17  241.51
 2011 265    3.58   33.18  327.90  241.42
 2011 266    3.58   33.37  313.64  241.34
 2011 267    3.58   33.56  299.37  241.25
 2011 268    3.58   33.75  285.10  241.17
 2011 269    3.58   33.94  270.83  241.08
 2011 270    3.58   34.13  256.56  240.99
 2011 271    3.57   34.32  242.28  240.91
 2011 272    3.57   34.52  228.01  240.82
 2011 273    3.57   34.71  213.74  240.73
 2011 274    3.57   34.90  199.47  240.64
 2011 275    3.57   35.09  185.19  240.55
 2011 276    3.57   35.29  170.92  240.47
 2011 277    3.57   35.48  156.65  240.38
 2011 278    3.56   35.67  142.37  240.29
 2011 279    3.56   35.86  128.10  240.19
 2011 280    3.56   36.06  113.82  240.10
 2011 281    3.56   36.25   99.54  240.01
 2011 282    3.56   36.44   85.27  239.92
 2011 283    3.56   36.63   70.99  239.83
 2011 284    3.56   36.83   56.71  239.73
 2011 285    3.56   37.02   42.43  239.64
 2011 286    3.55   37.21   28.16  239.54
 2011 287    3.55   37.41   13.88  239.45
 2011 288    3.55   37.60  359.60  239.35
 2011 289    3.55   37.79  345.32  239.26
 2011 290    3.55   37.99  331.03  239.16
 2011 291    3.55   38.18  316.75  239.06
 2011 292    3.55   38.37  302.47  238.97
 2011 293    3.55   38.56  288.19  238.87
 2011 294    3.55   38.76  273.90  238.77
 2011 295    3.55   38.95  259.62  238.67
 2011 296    3.54   39.14  245.34  238.57
 2011 297    3.54   39.34  231.05  238.47
 2011 298    3.54   39.53  216.77  238.37
 2011 299    3.54   39.72  202.48  238.27
 2011 300    3.54   39.92  188.19  238.16
 2011 301    3.54   40.11  173.90  238.06
 2011 302    3.54   40.30  159.62  237.96
 2011 303    3.54   40.50  145.33  237.85
 2011 304    3.54   40.69  131.04  237.75
 2011 305    3.54   40.88  116.75  237.64
 2011 306    3.54   41.08  102.46  237.53
 2011 307    3.54   41.27   88.16  237.43
 2011 308    3.54   41.46   73.87  237.32
 2011 309    3.53   41.66   59.58  237.21
 2011 310    3.53   41.85   45.29  237.10
 2011 311    3.53   42.04   30.99  236.99
 2011 312    3.53   42.24   16.70  236.88
 2011 313    3.53   42.43    2.40  236.77
 2011 314    3.53   42.62  348.10  236.66
 2011 315    3.53   42.82  333.81  236.54
 2011 316    3.53   43.01  319.51  236.43
 2011 317    3.53   43.20  305.21  236.32
 2011 318    3.53   43.39  290.91  236.20
 2011 319    3.53   43.59  276.61  236.09
 2011 320    3.53   43.78  262.31  235.97
 2011 321    3.53   43.97  248.01  235.85
 2011 322    3.53   44.16  233.71  235.73
 2011 323    3.53   44.36  219.40  235.62
 2011 324    3.53   44.55  205.10  235.50
 2011 325    3.53   44.74  190.79  235.38
 2011 326    3.53   44.93  176.49  235.25
 2011 327    3.53   45.12  162.18  235.13
 2011 328    3.53   45.32  147.88  235.01
 2011 329    3.53   45.51  133.57  234.89
 2011 330    3.53   45.70  119.26  234.76
 2011 331    3.53   45.89  104.95  234.64
 2011 332    3.53   46.08   90.64  234.51
 2011 333    3.53   46.27   76.33  234.38
 2011 334    3.53   46.46   62.01  234.25
 2011 335    3.53   46.65   47.70  234.12
 2011 336    3.53   46.84   33.39  233.99
 2011 337    3.53   47.03   19.07  233.86
 2011 338    3.53   47.23    4.75  233.73
 2011 339    3.53   47.42  350.44  233.60
 2011 340    3.53   47.61  336.12  233.47
 2011 341    3.53   47.80  321.80  233.33
 2011 342    3.53   47.98  307.48  233.20
 2011 343    3.53   48.17  293.16  233.06
 2011 344    3.53   48.36  278.84  232.92
 2011 345    3.53   48.55  264.51  232.78
 2011 346    3.53   48.74  250.19  232.64
 2011 347    3.53   48.93  235.86  232.50
 2011 348    3.53   49.12  221.54  232.36
 2011 349    3.53   49.31  207.21  232.22
 2011 350    3.53   49.50  192.88  232.07
 2011 351    3.53   49.68  178.55  231.93
 2011 352    3.53   49.87  164.22  231.78
 2011 353    3.53   50.06  149.89  231.64
 2011 354    3.53   50.25  135.56  231.49
 2011 355    3.53   50.43  121.23  231.34
 2011 356    3.53   50.62  106.89  231.19
 2011 357    3.53   50.81   92.55  231.04
 2011 358    3.53   50.99   78.22  230.88
 2011 359    3.53   51.18   63.88  230.73
 2011 360    3.54   51.36   49.54  230.57
 2011 361    3.54   51.55   35.20  230.42
 2011 362    3.54   51.73   20.86  230.26
 2011 363    3.54   51.92    6.51  230.10
 2011 364    3.54   52.10  352.17  229.94
 2011 365    3.54   52.29  337.82  229.78
 2012   1    3.54   52.47  323.48  229.62
 2012   2    3.54   52.65  309.13  229.45
 2012   3    3.54   52.84  294.78  229.29
 2012   4    3.54   53.02  280.43  229.12
 2012   5    3.54   53.20  266.08  228.95
 2012   6    3.54   53.39  251.72  228.78
 2012   7    3.54   53.57  237.37  228.61
 2012   8    3.55   53.75  223.01  228.44
 2012   9    3.55   53.93  208.65  228.27
 2012  10    3.55   54.11  194.29  228.09
 2012  11    3.55   54.29  179.93  227.92
 2012  12    3.55   54.47  165.57  227.74
 2012  13    3.55   54.65  151.21  227.56
 2012  14    3.55   54.83  136.84  227.38
 2012  15    3.55   55.01  122.48  227.20
 2012  16    3.55   55.19  108.11  227.01
 2012  17    3.55   55.37   93.74  226.83
 2012  18    3.56   55.55   79.37  226.64
 2012  19    3.56   55.72   64.99  226.45
 2012  20    3.56   55.90   50.62  226.26
 2012  21    3.56   56.08   36.24  226.07
 2012  22    3.56   56.25   21.87  225.88
 2012  23    3.56   56.43    7.49  225.68
 2012  24    3.56   56.61  353.11  225.49
 2012  25    3.56   56.78  338.72  225.29
 2012  26    3.57   56.96  324.34  225.09
 2012  27    3.57   57.13  309.95  224.89
 2012  28    3.57   57.30  295.56  224.68
 2012  29    3.57   57.48  281.18  224.48
 2012  30    3.57   57.65  266.78  224.27
 2012  31    3.57   57.82  252.39  224.06
 2012  32    3.57   57.99  238.00  223.85
 2012  33    3.58   58.17  223.60  223.64
 2012  34    3.58   58.34  209.20  223.43
 2012  35    3.58   58.51  194.80  223.21
 2012  36    3.58   58.68  180.40  222.99
 2012  37    3.58   58.85  165.99  222.77
 2012  38    3.58   59.01  151.59  222.55
 2012  39    3.59   59.18  137.18  222.33
 2012  40    3.59   59.35  122.77  222.10
 2012  41    3.59   59.52  108.35  221.87
 2012  42    3.59   59.68   93.94  221.64
 2012  43    3.59   59.85   79.52  221.41
 2012  44    3.59   60.02   65.11  221.18
 2012  45    3.60   60.18   50.68  220.94
 2012  46    3.60   60.34   36.26  220.70
 2012  47    3.60   60.51   21.84  220.46
 2012  48    3.60   60.67    7.41  220.22
 2012  49    3.60   60.83  352.98  219.97
 2012  50    3.60   61.00  338.55  219.72
 2012  51    3.61   61.16  324.11  219.47
 2012  52    3.61   61.32  309.68  219.22
 2012  53    3.61   61.48  295.24  218.97
 2012  54    3.61   61.64  280.80  218.71
 2012  55    3.61   61.80  266.35  218.45
 2012  56    3.62   61.95  251.91  218.19
 2012  57    3.62   62.11  237.46  217.93
 2012  58    3.62   62.27  223.01  217.66
 2012  59    3.62   62.42  208.56  217.39
 2012  60    3.62   62.58  194.10  217.12
 2012  61    3.63   62.73  179.64  216.85
 2012  62    3.63   62.89  165.18  216.57
 2012  63    3.63   63.04  150.72  216.29
 2012  64    3.63   63.19  136.25  216.01
 2012  65    3.63   63.34  121.78  215.73
 2012  66    3.64   63.49  107.31  215.44
 2012  67    3.64   63.64   92.84  215.15
 2012  68    3.64   63.79   78.36  214.86
 2012  69    3.64   63.94   63.88  214.56
 2012  70    3.65   64.09   49.40  214.27
 2012  71    3.65   64.24   34.92  213.97
 2012  72    3.65   64.38   20.43  213.66
 2012  73    3.65   64.53    5.94  213.36
 2012  74    3.66   64.67  351.45  213.05
 2012  75    3.66   64.82  336.95  212.74
 2012  76    3.66   64.96  322.45  212.42
 2012  77    3.66   65.10  307.95  212.10
 2012  78    3.67   65.24  293.44  211.78
 2012  79    3.67   65.38  278.93  211.46
 2012  80    3.67   65.52  264.42  211.13
 2012  81    3.67   65.66  249.91  210.80
 2012  82    3.68   65.80  235.39  210.47
 2012  83    3.68   65.93  220.87  210.13
 2012  84    3.68   66.07  206.35  209.79
 2012  85    3.68   66.20  191.82  209.45
 2012  86    3.69   66.34  177.29  209.11
 2012  87    3.69   66.47  162.76  208.76
 2012  88    3.69   66.60  148.22  208.41
 2012  89    3.69   66.73  133.68  208.05
 2012  90    3.70   66.86  119.14  207.69
 2012  91    3.70   66.99  104.60  207.33
 2012  92    3.70   67.12   90.05  206.97
 2012  93    3.70   67.25   75.49  206.60
 2012  94    3.71   67.37   60.94  206.23
 2012  95    3.71   67.50   46.38  205.85
 2012  96    3.71   67.62   31.82  205.48
 2012  97    3.72   67.74   17.25  205.09
 2012  98    3.72   67.87    2.68  204.71
 2012  99    3.72   67.99  348.11  204.32
 2012 100    3.72   68.10  333.53  203.93
 2012 101    3.73   68.22  318.95  203.53
 2012 102    3.73   68.34  304.37  203.13
 2012 103    3.73   68.46  289.78  202.73
 2012 104    3.74   68.57  275.19  202.33
 2012 105    3.74   68.68  260.60  201.92
 2012 106    3.74   68.80  246.00  201.50
 2012 107    3.75   68.91  231.40  201.09
 2012 108    3.75   69.02  216.80  200.67
 2012 109    3.75   69.13  202.19  200.25
 2012 110    3.75   69.23  187.58  199.82
 2012 111    3.76   69.34  172.96  199.39
 2012 112    3.76   69.45  158.35  198.96
 2012 113    3.76   69.55  143.72  198.52
 2012 114    3.77   69.65  129.10  198.08
 2012 115    3.77   69.75  114.47  197.63
 2012 116    3.77   69.85   99.84  197.19
 2012 117    3.78   69.95   85.20  196.73
 2012 118    3.78   70.05   70.56  196.28
 2012 119    3.78   70.14   55.92  195.82
 2012 120    3.79   70.24   41.28  195.36
 2012 121    3.79   70.33   26.63  194.90
 2012 122    3.79   70.42   11.97  194.43
 2012 123    3.80   70.52  357.32  193.95
 2012 124    3.80   70.60  342.66  193.48
 2012 125    3.80   70.69  328.00  193.00
 2012 126    3.81   70.78  313.33  192.52
 2012 127    3.81   70.86  298.66  192.03
 2012 128    3.81   70.95  283.99  191.55
 2012 129    3.82   71.03  269.31  191.05
 2012 130    3.82   71.11  254.63  190.56
 2012 131    3.82   71.19  239.95  190.06
 2012 132    3.83   71.27  225.26  189.56
 2012 133    3.83   71.34  210.58  189.06
 2012 134    3.83   71.42  195.88  188.55
 2012 135    3.84   71.49  181.19  188.04
 2012 136    3.84   71.56  166.49  187.53
 2012 137    3.84   71.63  151.79  187.01
 2012 138    3.85   71.70  137.09  186.49
 2012 139    3.85   71.77  122.38  185.97
 2012 140    3.85   71.83  107.67  185.45
 2012 141    3.86   71.90   92.96  184.92
 2012 142    3.86   71.96   78.25  184.39
 2012 143    3.87   72.02   63.53  183.86
 2012 144    3.87   72.08   48.81  183.32
 2012 145    3.87   72.14   34.09  182.79
 2012 146    3.88   72.19   19.37  182.25
 2012 147    3.88   72.25    4.64  181.71
 2012 148    3.88   72.30  349.92  181.16
 2012 149    3.89   72.35  335.19  180.62
 2012 150    3.89   72.40  320.45  180.07
 2012 151    3.90   72.45  305.72  179.52
 2012 152    3.90   72.50  290.99  178.97
 2012 153    3.90   72.54  276.25  178.42
 2012 154    3.91   72.59  261.51  177.86
 2012 155    3.91   72.63  246.77  177.31
 2012 156    3.91   72.67  232.03  176.75
 2012 157    3.92   72.71  217.28  176.19
 2012 158    3.92   72.74  202.54  175.63
 2012 159    3.93   72.78  187.79  175.07
 2012 160    3.93   72.81  173.05  174.51
 2012 161    3.93   72.84  158.30  173.94
 2012 162    3.94   72.87  143.55  173.38
 2012 163    3.94   72.90  128.80  172.82
 2012 164    3.95   72.93  114.05  172.25
 2012 165    3.95   72.96   99.30  171.68
 2012 166    3.95   72.98   84.55  171.12
 2012 167    3.96   73.00   69.80  170.55
 2012 168    3.96   73.02   55.05  169.98
 2012 169    3.97   73.04   40.30  169.42
 2012 170    3.97   73.06   25.55  168.85
 2012 171    3.97   73.08   10.79  168.28
 2012 172    3.98   73.09  356.04  167.72
 2012 173    3.98   73.10  341.29  167.15
 2012 174    3.99   73.11  326.54  166.58
 2012 175    3.99   73.12  311.79  166.02
 2012 176    4.00   73.13  297.04  165.45
 2012 177    4.00   73.14  282.29  164.89
 2012 178    4.00   73.14  267.55  164.33
 2012 179    4.01   73.14  252.80  163.76
 2012 180    4.01   73.15  238.05  163.20
 2012 181    4.02   73.15  223.31  162.64
 2012 182    4.02   73.15  208.56  162.08
 2012 182    4.02   73.14  193.82  161.52
 2012 183    4.03   73.14  179.08  160.97
 2012 184    4.03   73.13  164.34  160.41
 2012 185    4.04   73.13  149.60  159.86
 2012 186    4.04   73.12  134.87  159.31
 2012 187    4.05   73.11  120.13  158.76
 2012 188    4.05   73.09  105.40  158.21
 2012 190    4.05   73.08   90.67  157.66
 2012 191    4.06   73.07   75.94  157.12
 2012 192    4.06   73.05   61.22  156.58
 2012 193    4.07   73.03   46.49  156.04
 2012 194    4.07   73.02   31.77  155.50
 2012 195    4.08   73.00   17.05  154.96
 2012 196    4.08   72.97    2.33  154.43
 2012 197    4.09   72.95  347.62  153.90
 2012 198    4.09   72.93  332.91  153.37
 2012 199    4.09   72.90  318.20  152.85
 2012 200    4.10   72.88  303.49  152.33
 2012 201    4.10   72.85  288.79  151.81
 2012 202    4.11   72.82  274.08  151.29
 2012 203    4.11   72.79  259.39  150.77
 2012 204    4.12   72.76  244.69  150.26
 2012 205    4.12   72.72  230.00  149.76
 2012 206    4.13   72.69  215.31  149.25
 2012 207    4.13   72.65  200.62  148.75
 2012 208    4.14   72.62  185.94  148.25
 2012 209    4.14   72.58  171.26  147.75
 2012 210    4.14   72.54  156.58  147.26
 2012 211    4.15   72.50  141.91  146.77
 2012 212    4.15   72.46  127.24  146.29
 2012 213    4.16   72.42  112.57  145.80
 2012 214    4.16   72.38   97.91  145.32
 2012 215    4.17   72.33   83.25  144.85
 2012 216    4.17   72.29   68.59  144.37
 2012 217    4.18   72.24   53.93  143.91
 2012 218    4.18   72.19   39.28  143.44
 2012 219    4.19   72.15   24.64  142.98
 2012 220    4.19   72.10    9.99  142.52
 2012 221    4.20   72.05  355.35  142.06
 2012 222    4.20   72.00  340.72  141.61
 2012 223    4.21   71.94  326.08  141.16
 2012 224    4.21   71.89  311.46  140.72
 2012 225    4.22   71.84  296.83  140.28
 2012 226    4.22   71.78  282.21  139.84
 2012 227    4.22   71.73  267.59  139.40
 2012 228    4.23   71.67  252.97  138.97
 2012 229    4.23   71.61  238.36  138.54
 2012 230    4.24   71.56  223.75  138.12
 2012 231    4.24   71.50  209.15  137.70
 2012 232    4.25   71.44  194.55  137.28
 2012 233    4.25   71.38  179.95  136.87
 2012 234    4.26   71.32  165.36  136.46
 2012 235    4.26   71.26  150.77  136.06
 2012 236    4.27   71.19  136.18  135.65
 2012 237    4.27   71.13  121.59  135.25
 2012 238    4.28   71.07  107.01  134.86
 2012 239    4.28   71.00   92.44  134.47
 2012 240    4.29   70.94   77.87  134.08
 2012 241    4.29   70.87   63.30  133.69
 2012 242    4.30   70.80   48.73  133.31
 2012 243    4.30   70.74   34.17  132.93
 2012 244    4.31   70.67   19.61  132.56
 2012 245    4.31   70.60    5.05  132.19
 2012 246    4.32   70.53  350.50  131.82
 2012 247    4.32   70.46  335.95  131.45
 2012 248    4.33   70.39  321.40  131.09
 2012 249    4.33   70.32  306.86  130.73
 2012 250    4.34   70.25  292.32  130.38
 2012 251    4.34   70.18  277.79  130.03
 2012 252    4.35   70.11  263.25  129.68
 2012 253    4.35   70.03  248.72  129.33
 2012 254    4.36   69.96  234.20  128.99
 2012 255    4.36   69.89  219.67  128.65
 2012 256    4.37   69.81  205.15  128.32
 2012 257    4.37   69.74  190.64  127.98
 2012 258    4.38   69.66  176.12  127.66
 2012 259    4.38   69.59  161.61  127.33
 2012 260    4.39   69.51  147.11  127.01
 2012 261    4.39   69.43  132.60  126.69
 2012 262    4.40   69.36  118.10  126.37
 2012 263    4.40   69.28  103.60  126.05
 2012 264    4.41   69.20   89.11  125.74
 2012 265    4.41   69.12   74.61  125.44
 2012 266    4.42   69.05   60.12  125.13
 2012 267    4.43   68.97   45.64  124.83
 2012 268    4.43   68.89   31.15  124.53
 2012 269    4.44   68.81   16.67  124.23
 2012 270    4.44   68.73    2.19  123.94
 2012 271    4.45   68.65  347.72  123.65
 2012 272    4.45   68.57  333.25  123.36
 2012 273    4.46   68.49  318.78  123.07
 2012 274    4.46   68.41  304.31  122.79
 2012 275    4.47   68.33  289.84  122.51
 2012 276    4.47   68.25  275.38  122.23
 2012 277    4.48   68.16  260.92  121.96
 2012 278    4.48   68.08  246.47  121.68
 2012 279    4.49   68.00  232.01  121.42
 2012 280    4.49   67.92  217.56  121.15
 2012 281    4.50   67.84  203.11  120.88
 2012 282    4.50   67.75  188.66  120.62
 2012 283    4.51   67.67  174.22  120.36
 2012 284    4.52   67.59  159.78  120.10
 2012 285    4.52   67.50  145.34  119.85
 2012 286    4.53   67.42  130.90  119.60
 2012 287    4.53   67.33  116.47  119.35
 2012 288    4.54   67.25  102.04  119.10
 2012 289    4.54   67.17   87.61  118.85
 2012 290    4.55   67.08   73.18  118.61
 2012 291    4.55   67.00   58.75  118.37
 2012 292    4.56   66.91   44.33  118.13
 2012 293    4.56   66.83   29.91  117.89
 2012 294    4.57   66.74   15.49  117.66
 2012 295    4.57   66.66    1.07  117.43
 2012 296    4.58   66.57  346.66  117.20
 2012 297    4.59   66.49  332.25  116.97
 2012 298    4.59   66.40  317.84  116.74
 2012 299    4.60   66.32  303.43  116.52
 2012 300    4.60   66.23  289.02  116.30
 2012 301    4.61   66.14  274.62  116.08
 2012 302    4.61   66.06  260.22  115.86
 2012 303    4.62   65.97  245.82  115.65
 2012 304    4.62   65.88  231.42  115.43
 2012 305    4.63   65.80  217.02  115.22
 2012 306    4.63   65.71  202.63  115.01
 2012 307    4.64   65.63  188.24  114.80
 2012 308    4.65   65.54  173.85  114.60
 2012 309    4.65   65.45  159.46  114.39
 2012 310    4.66   65.37  145.07  114.19
 2012 311    4.66   65.28  130.69  113.99
 2012 312    4.67   65.19  116.30  113.79
 2012 313    4.67   65.11  101.92  113.59
 2012 314    4.68   65.02   87.54  113.40
 2012 315    4.68   64.93   73.16  113.21
 2012 316    4.69   64.84   58.79  113.01
 2012 317    4.70   64.76   44.41  112.82
 2012 318    4.70   64.67   30.04  112.64
 2012 319    4.71   64.58   15.67  112.45
 2012 320    4.71   64.50    1.30  112.26
 2012 321    4.72   64.41  346.93  112.08
 2012 322    4.72   64.32  332.57  111.90
 2012 323    4.73   64.23  318.20  111.72
 2012 324    4.74   64.15  303.84  111.54
 2012 325    4.74   64.06  289.48  111.36
 2012 326    4.75   63.97  275.12  111.19
 2012 327    4.75   63.89  260.76  111.01
 2012 328    4.76   63.80  246.40  110.84
 2012 329    4.76   63.71  232.04  110.67
 2012 330    4.77   63.62  217.69  110.50
 2012 331    4.78   63.54  203.34  110.33
 2012 332    4.78   63.45  188.99  110.16
 2012 333    4.79   63.36  174.64  110.00
 2012 334    4.79   63.28  160.29  109.83
 2012 335    4.80   63.19  145.94  109.67
 2012 336    4.80   63.10  131.59  109.51
 2012 337    4.81   63.01  117.25  109.35
 2012 338    4.82   62.93  102.91  109.19
 2012 339    4.82   62.84   88.57  109.03
 2012 340    4.83   62.75   74.22  108.88
 2012 341    4.83   62.67   59.89  108.72
 2012 342    4.84   62.58   45.55  108.57
 2012 343    4.84   62.49   31.21  108.42
 2012 344    4.85   62.41   16.88  108.26
 2012 345    4.86   62.32    2.54  108.12
 2012 346    4.86   62.23  348.21  107.97
 2012 347    4.87   62.14  333.88  107.82
 2012 348    4.87   62.06  319.55  107.67
 2012 349    4.88   61.97  305.22  107.53
 2012 350    4.88   61.89  290.89  107.38
 2012 351    4.89   61.80  276.56  107.24
 2012 352    4.90   61.71  262.24  107.10
 2012 353    4.90   61.63  247.91  106.96
 2012 354    4.91   61.54  233.59  106.82
 2012 355    4.91   61.45  219.26  106.68
 2012 356    4.92   61.37  204.94  106.54
 2012 357    4.93   61.28  190.62  106.41
 2012 358    4.93   61.20  176.30  106.27
 2012 359    4.94   61.11  161.98  106.14
 2012 360    4.94   61.02  147.67  106.01
 2012 361    4.95   60.94  133.35  105.87
 2012 362    4.95   60.85  119.04  105.74
 2012 363    4.96   60.77  104.72  105.61
 2012 364    4.97   60.68   90.41  105.49
 2012 365    4.97   60.59   76.10  105.36
 2012 366    4.98   60.51   61.78  105.23
 2013   1    4.98   60.42   47.47  105.10
 2013   1    4.99   60.34   33.16  104.98
 2013   2    5.00   60.25   18.86  104.86
 2013   3    5.00   60.17    4.55  104.73
 2013   4    5.01   60.08  350.24  104.61
 2013   5    5.01   60.00  335.94  104.49
 2013   6    5.02   59.91  321.63  104.37
 2013   7    5.03   59.83  307.33  104.25
 2013   8    5.03   59.74  293.03  104.13
 2013   9    5.04   59.66  278.72  104.01
 2013  10    5.04   59.58  264.42  103.90
 2013  11    5.05   59.49  250.12  103.78
 2013  12    5.05   59.41  235.82  103.67
 2013  13    5.06   59.32  221.52  103.55
 2013  14    5.07   59.24  207.23  103.44
 2013  15    5.07   59.15  192.93  103.32
 2013  16    5.08   59.07  178.63  103.21
 2013  17    5.08   58.99  164.34  103.10
 2013  18    5.09   58.90  150.04  102.99
 2013  19    5.10   58.82  135.75  102.88
 2013  20    5.10   58.74  121.46  102.77
 2013  21    5.11   58.65  107.16  102.67
 2013  22    5.11   58.57   92.87  102.56
 2013  23    5.12   58.49   78.58  102.45
 2013  24    5.13   58.40   64.29  102.35
 2013  25    5.13   58.32   50.00  102.24
 2013  26    5.14   58.24   35.71  102.14
 2013  27    5.14   58.16   21.43  102.03
 2013  28    5.15   58.07    7.14  101.93
 2013  29    5.16   57.99  352.85  101.83
 2013  30    5.16   57.91  338.57  101.73
 2013  31    5.17   57.83  324.28  101.63
 2013  32    5.17   57.74  310.00  101.53
 2013  33    5.18   57.66  295.71  101.43
 2013  34    5.19   57.58  281.43  101.33
 2013  35    5.19   57.50  267.15  101.23
 2013  36    5.20   57.42  252.87  101.14
 2013  37    5.20   57.33  238.59  101.04
 2013  38    5.21   57.25  224.31  100.94
 2013  39    5.22   57.17  210.03  100.85
 2013  40    5.22   57.09  195.75  100.75
 2013  41    5.23   57.01  181.47  100.66
 2013  42    5.24   56.93  167.19  100.57
 2013  43    5.24   56.85  152.91  100.47
 2013  44    5.25   56.77  138.64  100.38
 2013  45    5.25   56.69  124.36  100.29
 2013  46    5.26   56.61  110.09  100.20
 2013  47    5.27   56.52   95.81  100.11
 2013  48    5.27   56.44   81.54  100.02
 2013  49    5.28   56.36   67.26   99.93
 2013  50    5.28   56.28   52.99   99.84
 2013  51    5.29   56.20   38.72   99.75
 2013  52    5.30   56.12   24.45   99.67
 2013  53    5.30   56.05   10.18   99.58
 2013  54    5.31   55.97  355.91   99.49
 2013  55    5.31   55.89  341.64   99.41
 2013  56    5.32   55.81  327.37   99.32
 2013  57    5.33   55.73  313.10   99.24
 2013  58    5.33   55.65  298.83   99.15
 2013  59    5.34   55.57  284.56   99.07
 2013  60    5.35   55.49  270.29   98.99
 2013  61    5.35   55.41  256.03   98.90
 2013  62    5.36   55.33  241.76   98.82
 2013  63    5.36   55.26  227.49   98.74
 2013  64    5.37   55.18  213.23   98.66
 2013  65    5.38   55.10  198.96   98.58
 2013  66    5.38   55.02  184.70   98.50
 2013  67    5.39   54.94  170.44   98.42
 2013  68    5.39   54.87  156.17   98.34
 2013  69    5.40   54.79  141.91   98.26
 2013  70    5.41   54.71  127.65   98.18
 2013  71    5.41   54.63  113.38   98.11
 2013  72    5.42   54.56   99.12   98.03
 2013  73    5.43   54.48   84.86   97.95
 2013  74    5.43   54.40   70.60   97.88
 2013  75    5.44   54.32   56.34   97.80
 2013  76    5.44   54.25   42.08   97.73
 2013  77    5.45   54.17   27.82   97.65
 2013  78    5.46   54.09   13.56   97.58
 2013  79    5.46   54.02  359.31   97.50
 2013  80    5.47   53.94  345.05   97.43
 2013  81    5.47   53.87  330.79   97.36
 2013  82    5.48   53.79  316.53   97.28
 2013  83    5.49   53.71  302.28   97.21
 2013  84    5.49   53.64  288.02   97.14
 2013  85    5.50   53.56  273.76   97.07
 2013  86    5.51   53.49  259.51   97.00
 2013  87    5.51   53.41  245.25   96.93
 2013  88    5.52   53.34  231.00   96.86
 2013  89    5.52   53.26  216.75   96.79
 2013  90    5.53   53.19  202.49   96.72
 2013  91    5.54   53.11  188.24   96.65
 2013  92    5.54   53.04  173.99   96.58
 2013  93    5.55   52.96  159.73   96.51
 2013  94    5.56   52.89  145.48   96.44
 2013  95    5.56   52.81  131.23   96.38
 2013  96    5.57   52.74  116.98   96.31
 2013  97    5.57   52.66  102.73   96.24
 2013  98    5.58   52.59   88.48   96.18
 2013  99    5.59   52.52   74.23   96.11
 2013 100    5.59   52.44   59.98   96.05
 2013 101    5.60   52.37   45.73   95.98
 2013 102    5.61   52.30   31.48   95.92
 2013 103    5.61   52.22   17.23   95.85
 2013 104    5.62   52.15    2.98   95.79
 2013 105    5.62   52.08  348.73   95.72
 2013 106    5.63   52.00  334.48   95.66
 2013 107    5.64   51.93  320.24   95.60
 2013 108    5.64   51.86  305.99   95.54
 2013 109    5.65   51.79  291.74   95.47
 2013 110    5.66   51.71  277.50   95.41
 2013 111    5.66   51.64  263.25   95.35
 2013 112    5.67   51.57  249.01   95.29
 2013 113    5.67   51.50  234.76   95.23
 2013 114    5.68   51.43  220.51   95.17
 2013 115    5.69   51.35  206.27   95.11
 2013 116    5.69   51.28  192.03   95.05
 2013 117    5.70   51.21  177.78   94.99
 2013 118    5.71   51.14  163.54   94.93
 2013 119    5.71   51.07  149.29   94.87
 2013 120    5.72   51.00  135.05   94.81
 2013 121    5.72   50.93  120.81   94.75
 2013 122    5.73   50.85  106.57   94.69
 2013 123    5.74   50.78   92.32   94.63
 2013 124    5.74   50.71   78.08   94.58
 2013 125    5.75   50.64   63.84   94.52
 2013 126    5.76   50.57   49.60   94.46
 2013 127    5.76   50.50   35.36   94.41
 2013 128    5.77   50.43   21.12   94.35
 2013 129    5.78   50.36    6.88   94.29
 2013 130    5.78   50.29  352.64   94.24
 2013 131    5.79   50.22  338.40   94.18
 2013 132    5.79   50.15  324.16   94.13
 2013 133    5.80   50.08  309.92   94.07
 2013 134    5.81   50.01  295.68   94.02
 2013 135    5.81   49.94  281.44   93.96
 2013 136    5.82   49.88  267.20   93.91
 2013 137    5.83   49.81  252.96   93.86
 2013 138    5.83   49.74  238.72   93.80
 2013 139    5.84   49.67  224.49   93.75
 2013 140    5.84   49.60  210.25   93.70
 2013 141    5.85   49.53  196.01   93.64
 2013 142    5.86   49.46  181.78   93.59
 2013 143    5.86   49.40  167.54   93.54
 2013 144    5.87   49.33  153.30   93.49
 2013 145    5.88   49.26  139.07   93.43
 2013 146    5.88   49.19  124.83   93.38
 2013 147    5.89   49.12  110.59   93.33
 2013 148    5.90   49.06   96.36   93.28
 2013 149    5.90   48.99   82.12   93.23
 2013 150    5.91   48.92   67.89   93.18
 2013 151    5.91   48.85   53.65   93.13
 2013 152    5.92   48.79   39.42   93.08
 2013 153    5.93   48.72   25.19   93.03
 2013 154    5.93   48.65   10.95   92.98
 2013 155    5.94   48.59  356.72   92.93
 2013 156    5.95   48.52  342.49   92.88
 2013 157    5.95   48.45  328.25   92.83
 2013 158    5.96   48.39  314.02   92.78
 2013 159    5.97   48.32  299.79   92.74
 2013 160    5.97   48.25  285.55   92.69
 2013 161    5.98   48.19  271.32   92.64
 2013 162    5.98   48.12  257.09   92.59
 2013 163    5.99   48.06  242.86   92.54
 2013 164    6.00   47.99  228.63   92.50
 2013 165    6.00   47.93  214.39   92.45
 2013 166    6.01   47.86  200.16   92.40
 2013 167    6.02   47.79  185.93   92.36
 2013 168    6.02   47.73  171.70   92.31
 2013 169    6.03   47.66  157.47   92.26
 2013 170    6.04   47.60  143.24   92.22
 2013 171    6.04   47.53  129.01   92.17
 2013 172    6.05   47.47  114.78   92.13
 2013 173    6.05   47.41  100.55   92.08
 2013 174    6.06   47.34   86.32   92.04
 2013 175    6.07   47.28   72.09   91.99
 2013 176    6.07   47.21   57.86   91.95
 2013 177    6.08   47.15   43.63   91.90
 2013 178    6.09   47.08   29.41   91.86
 2013 179    6.09   47.02   15.18   91.81
 2013 180    6.10   46.96    0.95   91.77
 2013 181    6.11   46.89  346.72   91.73
 2013 182    6.11   46.83  332.49   91.68
 2013 183    6.12   46.77  318.27   91.64
 2013 184    6.13   46.70  304.04   91.60
 2013 185    6.13   46.64  289.81   91.55
 2013 186    6.14   46.58  275.58   91.51
 2013 187    6.14   46.51  261.36   91.47
 2013 189    6.15   46.45  247.13   91.43
 2013 190    6.16   46.39  232.90   91.38
 2013 191    6.16   46.33  218.68   91.34
 2013 192    6.17   46.26  204.45   91.30
 2013 193    6.18   46.20  190.22   91.26
 2013 194    6.18   46.14  176.00   91.22
 2013 195    6.19   46.08  161.77   91.18
 2013 196    6.20   46.01  147.55   91.14
 2013 197    6.20   45.95  133.32   91.09
 2013 198    6.21   45.89  119.10   91.05
 2013 199    6.21   45.83  104.87   91.01
 2013 200    6.22   45.77   90.65   90.97
 2013 201    6.23   45.71   76.42   90.93
 2013 202    6.23   45.64   62.20   90.89
 2013 203    6.24   45.58   47.97   90.85
 2013 204    6.25   45.52   33.75   90.81
 2013 205    6.25   45.46   19.53   90.77
 2013 206    6.26   45.40    5.30   90.73
 2013 207    6.27   45.34  351.08   90.69
 2013 208    6.27   45.28  336.86   90.66
 2013 209    6.28   45.22  322.63   90.62
 2013 210    6.29   45.16  308.41   90.58
 2013 211    6.29   45.10  294.19   90.54
 2013 212    6.30   45.04  279.96   90.50
 2013 213    6.30   44.98  265.74   90.46
 2013 214    6.31   44.92  251.52   90.42
 2013 215    6.32   44.86  237.30   90.39
 2013 216    6.32   44.80  223.07   90.35
 2013 217    6.33   44.74  208.85   90.31
 2013 218    6.34   44.68  194.63   90.27
 2013 219    6.34   44.62  180.41   90.24
 2013 220    6.35   44.56  166.19   90.20
 2013 221    6.36   44.50  151.96   90.16
 2013 222    6.36   44.44  137.74   90.13
 2013 223    6.37   44.38  123.52   90.09
 2013 224    6.38   44.32  109.30   90.05
 2013 225    6.38   44.26   95.08   90.02
 2013 226    6.39   44.21   80.86   89.98
 2013 227    6.39   44.15   66.64   89.94
 2013 228    6.40   44.09   52.42   89.91
 2013 229    6.41   44.03   38.20   89.87
 2013 230    6.41   43.97   23.98   89.84
 2013 231    6.42   43.91    9.76   89.80
 2013 232    6.43   43.86  355.54   89.77
 2013 233    6.43   43.80  341.32   89.73
 2013 234    6.44   43.74  327.10   89.69
 2013 235    6.45   43.68  312.88   89.66
 2013 236    6.45   43.62  298.66   89.63
 2013 237    6.46   43.57  284.44   89.59
 2013 238    6.47   43.51  270.22   89.56
 2013 239    6.47   43.45  256.00   89.52
 2013 240    6.48   43.39  241.79   89.49
 2013 241    6.49   43.34  227.57   89.45
 2013 242    6.49   43.28  213.35   89.42
 2013 243    6.50   43.22  199.13   89.38
 2013 244    6.50   43.17  184.91   89.35
 2013 245    6.51   43.11  170.69   89.32
 2013 246    6.52   43.05  156.48   89.28
 2013 247    6.52   43.00  142.26   89.25
 2013 248    6.53   42.94  128.04   89.22
 2013 249    6.54   42.88  113.82   89.18
 2013 250    6.54   42.83   99.61   89.15
 2013 251    6.55   42.77   85.39   89.12
 2013 252    6.56   42.72   71.17   89.09
 2013 253    6.56   42.66   56.95   89.05
 2013 254    6.57   42.60   42.74   89.02
 2013 255    6.58   42.55   28.52   88.99
 2013 256    6.58   42.49   14.30   88.96
 2013 257    6.59   42.44    0.09   88.92
 2013 258    6.60   42.38  345.87   88.89
 2013 259    6.60   42.33  331.65   88.86
 2013 260    6.61   42.27  317.44   88.83
 2013 261    6.61   42.22  303.22   88.80
 2013 262    6.62   42.16  289.01   88.76
 2013 263    6.63   42.11  274.79   88.73
 2013 264    6.63   42.05  260.57   88.70
 2013 265    6.64   42.00  246.36   88.67
 2013 266    6.65   41.94  232.14   88.64
 2013 267    6.65   41.89  217.93   88.61
 2013 268    6.66   41.83  203.71   88.58
 2013 269    6.67   41.78  189.50   88.55
 2013 270    6.67   41.72  175.28   88.52
 2013 271    6.68   41.67  161.07   88.49
 2013 272    6.69   41.62  146.85   88.45
 2013 273    6.69   41.56  132.64   88.42
 2013 274    6.70   41.51  118.42   88.39
 2013 275    6.70   41.45  104.21   88.36
 2013 276    6.71   41.40   89.99   88.33
 2013 277    6.72   41.35   75.78   88.30
 2013 278    6.72   41.29   61.57   88.27
 2013 279    6.73   41.24   47.35   88.24
 2013 280    6.74   41.19   33.14   88.22
 2013 281    6.74   41.13   18.92   88.19
 2013 282    6.75   41.08    4.71   88.16
 2013 283    6.76   41.03  350.50   88.13
 2013 284    6.76   40.97  336.28   88.10
 2013 285    6.77   40.92  322.07   88.07
 2013 286    6.78   40.87  307.86   88.04
 2013 287    6.78   40.82  293.64   88.01
 2013 288    6.79   40.76  279.43   87.98
 2013 289    6.80   40.71  265.22   87.95
 2013 290    6.80   40.66  251.00   87.93
 2013 291    6.81   40.61  236.79   87.90
 2013 292    6.81   40.56  222.58   87.87
 2013 293    6.82   40.50  208.37   87.84
 2013 294    6.83   40.45  194.15   87.81
 2013 295    6.83   40.40  179.94   87.78
 2013 296    6.84   40.35  165.73   87.76
 2013 297    6.85   40.30  151.52   87.73
 2013 298    6.85   40.24  137.30   87.70
 2013 299    6.86   40.19  123.09   87.67
 2013 300    6.87   40.14  108.88   87.64
 2013 301    6.87   40.09   94.67   87.62
 2013 302    6.88   40.04   80.46   87.59
 2013 303    6.89   39.99   66.24   87.56
 2013 304    6.89   39.94   52.03   87.54
 2013 305    6.90   39.89   37.82   87.51
 2013 306    6.91   39.83   23.61   87.48
 2013 307    6.91   39.78    9.40   87.45
 2013 308    6.92   39.73  355.19   87.43
 2013 309    6.93   39.68  340.98   87.40
 2013 310    6.93   39.63  326.76   87.37
 2013 311    6.94   39.58  312.55   87.35
 2013 312    6.94   39.53  298.34   87.32
 2013 313    6.95   39.48  284.13   87.29
 2013 314    6.96   39.43  269.92   87.27
 2013 315    6.96   39.38  255.71   87.24
 2013 316    6.97   39.33  241.50   87.22
 2013 317    6.98   39.28  227.29   87.19
 2013 318    6.98   39.23  213.08   87.16
 2013 319    6.99   39.18  198.87   87.14
 2013 320    7.00   39.13  184.66   87.11
 2013 321    7.00   39.08  170.45   87.09
 2013 322    7.01   39.03  156.24   87.06
 2013 323    7.02   38.98  142.03   87.04
 2013 324    7.02   38.93  127.82   87.01
 2013 325    7.03   38.88  113.61   86.98
 2013 326    7.04   38.84   99.40   86.96
 2013 327    7.04   38.79   85.19   86.93
 2013 328    7.05   38.74   70.98   86.91
 2013 329    7.05   38.69   56.77   86.88
 2013 330    7.06   38.64   42.56   86.86
 2013 331    7.07   38.59   28.35   86.83
 2013 332    7.07   38.54   14.14   86.81
 2013 333    7.08   38.49  359.93   86.78
 2013 334    7.09   38.45  345.72   86.76
 2013 335    7.09   38.40  331.52   86.73
 2013 336    7.10   38.35  317.31   86.71
 2013 337    7.11   38.30  303.10   86.69
 2013 338    7.11   38.25  288.89   86.66
 2013 339    7.12   38.20  274.68   86.64
 2013 340    7.13   38.16  260.47   86.61
 2013 341    7.13   38.11  246.26   86.59
 2013 342    7.14   38.06  232.05   86.56
 2013 343    7.15   38.01  217.85   86.54
 2013 344    7.15   37.97  203.64   86.52
 2013 345    7.16   37.92  189.43   86.49
 2013 346    7.16   37.87  175.22   86.47
 2013 347    7.17   37.82  161.01   86.45
 2013 348    7.18   37.78  146.81   86.42
 2013 349    7.18   37.73  132.60   86.40
 2013 350    7.19   37.68  118.39   86.37
 2013 351    7.20   37.63  104.18   86.35
 2013 352    7.20   37.59   89.97   86.33
 2013 353    7.21   37.54   75.77   86.30
 2013 354    7.22   37.49   61.56   86.28
 2013 355    7.22   37.45   47.35   86.26
 2013 356    7.23   37.40   33.14   86.24
 2013 357    7.24   37.35   18.94   86.21
 2013 358    7.24   37.31    4.73   86.19
 2013 359    7.25   37.26  350.52   86.17
 2013 360    7.26   37.21  336.32   86.14
 2013 361    7.26   37.17  322.11   86.12
 2013 362    7.27   37.12  307.90   86.10
 2013 363    7.27   37.08  293.69   86.08
 2013 364    7.28   37.03  279.49   86.05
 2013 365    7.29   36.98  265.28   86.03
