 YYYY DOY     AU    HG_LAT  HG_LON  HGI_LON   from orbital elements with epoch: 2008-Aug-26.2764
 2006   1    5.37    2.16   96.79  244.92
 2006   2    5.36    2.18   82.68  244.99
 2006   3    5.36    2.19   68.56  245.06
 2006   4    5.36    2.21   54.45  245.13
 2006   5    5.36    2.22   40.34  245.20
 2006   6    5.35    2.24   26.22  245.27
 2006   7    5.35    2.25   12.11  245.34
 2006   8    5.35    2.27  357.99  245.41
 2006   9    5.35    2.28  343.88  245.48
 2006  10    5.35    2.30  329.77  245.55
 2006  11    5.34    2.31  315.65  245.62
 2006  12    5.34    2.33  301.54  245.69
 2006  13    5.34    2.34  287.43  245.76
 2006  14    5.34    2.36  273.31  245.84
 2006  15    5.33    2.37  259.20  245.91
 2006  16    5.33    2.39  245.08  245.98
 2006  17    5.33    2.40  230.97  246.05
 2006  18    5.33    2.42  216.86  246.12
 2006  19    5.33    2.43  202.74  246.19
 2006  20    5.32    2.45  188.63  246.26
 2006  21    5.32    2.46  174.52  246.33
 2006  22    5.32    2.48  160.41  246.40
 2006  23    5.32    2.49  146.29  246.48
 2006  24    5.31    2.51  132.18  246.55
 2006  25    5.31    2.52  118.07  246.62
 2006  26    5.31    2.54  103.95  246.69
 2006  27    5.31    2.55   89.84  246.76
 2006  28    5.30    2.57   75.73  246.83
 2006  29    5.30    2.58   61.62  246.91
 2006  30    5.30    2.60   47.50  246.98
 2006  31    5.30    2.61   33.39  247.05
 2006  32    5.29    2.63   19.28  247.12
 2006  33    5.29    2.64    5.17  247.19
 2006  34    5.29    2.66  351.05  247.27
 2006  35    5.29    2.67  336.94  247.34
 2006  36    5.29    2.69  322.83  247.41
 2006  37    5.28    2.70  308.72  247.48
 2006  38    5.28    2.72  294.61  247.56
 2006  39    5.28    2.73  280.49  247.63
 2006  40    5.28    2.75  266.38  247.70
 2006  41    5.27    2.76  252.27  247.77
 2006  42    5.27    2.78  238.16  247.85
 2006  43    5.27    2.79  224.05  247.92
 2006  44    5.27    2.81  209.94  247.99
 2006  45    5.26    2.82  195.82  248.06
 2006  46    5.26    2.84  181.71  248.14
 2006  47    5.26    2.85  167.60  248.21
 2006  48    5.26    2.87  153.49  248.28
 2006  49    5.25    2.89  139.38  248.36
 2006  50    5.25    2.90  125.27  248.43
 2006  51    5.25    2.92  111.16  248.50
 2006  52    5.25    2.93   97.04  248.58
 2006  53    5.25    2.95   82.93  248.65
 2006  54    5.24    2.96   68.82  248.72
 2006  55    5.24    2.98   54.71  248.80
 2006  56    5.24    2.99   40.60  248.87
 2006  57    5.24    3.01   26.49  248.94
 2006  58    5.23    3.02   12.38  249.02
 2006  59    5.23    3.04  358.27  249.09
 2006  60    5.23    3.05  344.16  249.16
 2006  61    5.23    3.07  330.05  249.24
 2006  62    5.22    3.08  315.94  249.31
 2006  63    5.22    3.10  301.83  249.39
 2006  64    5.22    3.11  287.72  249.46
 2006  65    5.22    3.13  273.61  249.54
 2006  66    5.21    3.15  259.50  249.61
 2006  67    5.21    3.16  245.39  249.68
 2006  68    5.21    3.18  231.28  249.76
 2006  69    5.21    3.19  217.17  249.83
 2006  70    5.20    3.21  203.06  249.91
 2006  71    5.20    3.22  188.95  249.98
 2006  72    5.20    3.24  174.84  250.06
 2006  73    5.20    3.25  160.73  250.13
 2006  74    5.20    3.27  146.62  250.21
 2006  75    5.19    3.28  132.51  250.28
 2006  76    5.19    3.30  118.40  250.36
 2006  77    5.19    3.32  104.29  250.43
 2006  78    5.19    3.33   90.18  250.51
 2006  79    5.18    3.35   76.07  250.58
 2006  80    5.18    3.36   61.96  250.66
 2006  81    5.18    3.38   47.85  250.73
 2006  82    5.18    3.39   33.75  250.81
 2006  83    5.17    3.41   19.64  250.88
 2006  84    5.17    3.42    5.53  250.96
 2006  85    5.17    3.44  351.42  251.04
 2006  86    5.17    3.45  337.31  251.11
 2006  87    5.16    3.47  323.20  251.19
 2006  88    5.16    3.49  309.09  251.26
 2006  89    5.16    3.50  294.99  251.34
 2006  90    5.16    3.52  280.88  251.41
 2006  91    5.15    3.53  266.77  251.49
 2006  92    5.15    3.55  252.66  251.57
 2006  93    5.15    3.56  238.55  251.64
 2006  94    5.15    3.58  224.44  251.72
 2006  95    5.14    3.60  210.34  251.80
 2006  96    5.14    3.61  196.23  251.87
 2006  97    5.14    3.63  182.12  251.95
 2006  98    5.14    3.64  168.01  252.03
 2006  99    5.13    3.66  153.91  252.10
 2006 100    5.13    3.67  139.80  252.18
 2006 101    5.13    3.69  125.69  252.26
 2006 102    5.13    3.70  111.58  252.33
 2006 103    5.12    3.72   97.48  252.41
 2006 104    5.12    3.74   83.37  252.49
 2006 105    5.12    3.75   69.26  252.56
 2006 106    5.12    3.77   55.15  252.64
 2006 107    5.11    3.78   41.05  252.72
 2006 108    5.11    3.80   26.94  252.80
 2006 109    5.11    3.81   12.83  252.87
 2006 110    5.11    3.83  358.73  252.95
 2006 111    5.10    3.85  344.62  253.03
 2006 112    5.10    3.86  330.51  253.11
 2006 113    5.10    3.88  316.41  253.18
 2006 114    5.10    3.89  302.30  253.26
 2006 115    5.09    3.91  288.19  253.34
 2006 116    5.09    3.93  274.09  253.42
 2006 117    5.09    3.94  259.98  253.50
 2006 118    5.09    3.96  245.87  253.58
 2006 119    5.08    3.97  231.77  253.65
 2006 120    5.08    3.99  217.66  253.73
 2006 121    5.08    4.00  203.56  253.81
 2006 122    5.08    4.02  189.45  253.89
 2006 123    5.07    4.04  175.34  253.97
 2006 124    5.07    4.05  161.24  254.05
 2006 125    5.07    4.07  147.13  254.12
 2006 126    5.07    4.08  133.03  254.20
 2006 127    5.06    4.10  118.92  254.28
 2006 128    5.06    4.12  104.82  254.36
 2006 129    5.06    4.13   90.71  254.44
 2006 130    5.06    4.15   76.61  254.52
 2006 131    5.05    4.16   62.50  254.60
 2006 132    5.05    4.18   48.40  254.68
 2006 133    5.05    4.20   34.29  254.76
 2006 134    5.05    4.21   20.19  254.84
 2006 135    5.04    4.23    6.08  254.92
 2006 136    5.04    4.24  351.98  255.00
 2006 137    5.04    4.26  337.87  255.08
 2006 138    5.04    4.28  323.77  255.16
 2006 139    5.03    4.29  309.66  255.24
 2006 140    5.03    4.31  295.56  255.32
 2006 141    5.03    4.32  281.45  255.40
 2006 142    5.03    4.34  267.35  255.48
 2006 143    5.02    4.36  253.25  255.56
 2006 144    5.02    4.37  239.14  255.64
 2006 145    5.02    4.39  225.04  255.72
 2006 146    5.02    4.40  210.93  255.80
 2006 147    5.01    4.42  196.83  255.88
 2006 148    5.01    4.44  182.73  255.96
 2006 149    5.01    4.45  168.62  256.04
 2006 150    5.01    4.47  154.52  256.12
 2006 151    5.00    4.48  140.42  256.20
 2006 152    5.00    4.50  126.31  256.28
 2006 153    5.00    4.52  112.21  256.36
 2006 154    5.00    4.53   98.11  256.44
 2006 155    4.99    4.55   84.00  256.53
 2006 156    4.99    4.56   69.90  256.61
 2006 157    4.99    4.58   55.80  256.69
 2006 158    4.99    4.60   41.69  256.77
 2006 159    4.98    4.61   27.59  256.85
 2006 160    4.98    4.63   13.49  256.93
 2006 161    4.98    4.64  359.39  257.02
 2006 162    4.98    4.66  345.28  257.10
 2006 163    4.97    4.68  331.18  257.18
 2006 164    4.97    4.69  317.08  257.26
 2006 165    4.97    4.71  302.98  257.34
 2006 166    4.97    4.73  288.87  257.43
 2006 167    4.96    4.74  274.77  257.51
 2006 168    4.96    4.76  260.67  257.59
 2006 169    4.96    4.77  246.57  257.67
 2006 170    4.96    4.79  232.47  257.76
 2006 171    4.95    4.81  218.36  257.84
 2006 172    4.95    4.82  204.26  257.92
 2006 173    4.95    4.84  190.16  258.00
 2006 174    4.95    4.86  176.06  258.09
 2006 175    4.94    4.87  161.96  258.17
 2006 176    4.94    4.89  147.86  258.25
 2006 177    4.94    4.90  133.76  258.34
 2006 178    4.94    4.92  119.65  258.42
 2006 179    4.93    4.94  105.55  258.50
 2006 180    4.93    4.95   91.45  258.59
 2006 181    4.93    4.97   77.35  258.67
 2006 182    4.93    4.99   63.25  258.75
 2006 183    4.92    5.00   49.15  258.84
 2006 184    4.92    5.02   35.05  258.92
 2006 185    4.92    5.03   20.95  259.01
 2006 186    4.91    5.05    6.85  259.09
 2006 187    4.91    5.07  352.75  259.17
 2006 188    4.91    5.08  338.65  259.26
 2006 189    4.91    5.10  324.55  259.34
 2006 190    4.90    5.12  310.45  259.43
 2006 191    4.90    5.13  296.35  259.51
 2006 192    4.90    5.15  282.25  259.60
 2006 193    4.90    5.16  268.15  259.68
 2006 194    4.89    5.18  254.05  259.76
 2006 195    4.89    5.20  239.95  259.85
 2006 196    4.89    5.21  225.85  259.93
 2006 197    4.89    5.23  211.75  260.02
 2006 198    4.88    5.25  197.65  260.10
 2006 199    4.88    5.26  183.55  260.19
 2006 200    4.88    5.28  169.45  260.28
 2006 201    4.88    5.30  155.35  260.36
 2006 202    4.87    5.31  141.26  260.45
 2006 203    4.87    5.33  127.16  260.53
 2006 204    4.87    5.35  113.06  260.62
 2006 205    4.87    5.36   98.96  260.70
 2006 206    4.86    5.38   84.86  260.79
 2006 207    4.86    5.39   70.76  260.88
 2006 208    4.86    5.41   56.66  260.96
 2006 209    4.86    5.43   42.57  261.05
 2006 210    4.85    5.44   28.47  261.13
 2006 211    4.85    5.46   14.37  261.22
 2006 212    4.85    5.48    0.27  261.31
 2006 213    4.84    5.49  346.18  261.39
 2006 214    4.84    5.51  332.08  261.48
 2006 215    4.84    5.53  317.98  261.57
 2006 216    4.84    5.54  303.88  261.65
 2006 217    4.83    5.56  289.78  261.74
 2006 218    4.83    5.58  275.69  261.83
 2006 219    4.83    5.59  261.59  261.92
 2006 220    4.83    5.61  247.49  262.00
 2006 221    4.82    5.63  233.40  262.09
 2006 222    4.82    5.64  219.30  262.18
 2006 223    4.82    5.66  205.20  262.27
 2006 224    4.82    5.68  191.11  262.35
 2006 225    4.81    5.69  177.01  262.44
 2006 226    4.81    5.71  162.91  262.53
 2006 227    4.81    5.72  148.82  262.62
 2006 228    4.81    5.74  134.72  262.71
 2006 229    4.80    5.76  120.62  262.79
 2006 230    4.80    5.77  106.53  262.88
 2006 231    4.80    5.79   92.43  262.97
 2006 232    4.79    5.81   78.34  263.06
 2006 233    4.79    5.82   64.24  263.15
 2006 234    4.79    5.84   50.14  263.24
 2006 235    4.79    5.86   36.05  263.32
 2006 236    4.78    5.87   21.95  263.41
 2006 237    4.78    5.89    7.86  263.50
 2006 238    4.78    5.91  353.76  263.59
 2006 239    4.78    5.92  339.67  263.68
 2006 240    4.77    5.94  325.57  263.77
 2006 241    4.77    5.96  311.48  263.86
 2006 242    4.77    5.97  297.38  263.95
 2006 243    4.77    5.99  283.29  264.04
 2006 244    4.76    6.01  269.19  264.13
 2006 245    4.76    6.02  255.10  264.22
 2006 246    4.76    6.04  241.00  264.31
 2006 247    4.75    6.06  226.91  264.40
 2006 248    4.75    6.07  212.82  264.49
 2006 249    4.75    6.09  198.72  264.58
 2006 250    4.75    6.11  184.63  264.67
 2006 251    4.74    6.12  170.53  264.76
 2006 252    4.74    6.14  156.44  264.85
 2006 253    4.74    6.16  142.35  264.94
 2006 254    4.74    6.17  128.25  265.03
 2006 255    4.73    6.19  114.16  265.12
 2006 256    4.73    6.21  100.07  265.21
 2006 257    4.73    6.22   85.97  265.31
 2006 258    4.73    6.24   71.88  265.40
 2006 259    4.72    6.26   57.79  265.49
 2006 260    4.72    6.27   43.69  265.58
 2006 261    4.72    6.29   29.60  265.67
 2006 262    4.71    6.31   15.51  265.76
 2006 263    4.71    6.32    1.42  265.86
 2006 264    4.71    6.34  347.32  265.95
 2006 265    4.71    6.36  333.23  266.04
 2006 266    4.70    6.37  319.14  266.13
 2006 267    4.70    6.39  305.05  266.22
 2006 268    4.70    6.41  290.96  266.32
 2006 269    4.70    6.42  276.86  266.41
 2006 270    4.69    6.44  262.77  266.50
 2006 271    4.69    6.46  248.68  266.59
 2006 272    4.69    6.47  234.59  266.69
 2006 273    4.69    6.49  220.50  266.78
 2006 274    4.68    6.51  206.41  266.87
 2006 275    4.68    6.52  192.31  266.97
 2006 276    4.68    6.54  178.22  267.06
 2006 277    4.67    6.56  164.13  267.15
 2006 278    4.67    6.57  150.04  267.25
 2006 279    4.67    6.59  135.95  267.34
 2006 280    4.67    6.61  121.86  267.43
 2006 281    4.66    6.62  107.77  267.53
 2006 282    4.66    6.64   93.68  267.62
 2006 283    4.66    6.66   79.59  267.72
 2006 284    4.66    6.67   65.50  267.81
 2006 285    4.65    6.69   51.41  267.90
 2006 286    4.65    6.71   37.32  268.00
 2006 287    4.65    6.72   23.23  268.09
 2006 288    4.64    6.74    9.14  268.19
 2006 289    4.64    6.76  355.05  268.28
 2006 290    4.64    6.77  340.96  268.38
 2006 291    4.64    6.79  326.87  268.47
 2006 292    4.63    6.81  312.78  268.57
 2006 293    4.63    6.82  298.69  268.66
 2006 294    4.63    6.84  284.60  268.76
 2006 295    4.63    6.86  270.51  268.85
 2006 296    4.62    6.87  256.43  268.95
 2006 297    4.62    6.89  242.34  269.04
 2006 298    4.62    6.91  228.25  269.14
 2006 299    4.62    6.93  214.16  269.24
 2006 300    4.61    6.94  200.07  269.33
 2006 301    4.61    6.96  185.98  269.43
 2006 302    4.61    6.98  171.89  269.53
 2006 303    4.60    6.99  157.81  269.62
 2006 304    4.60    7.01  143.72  269.72
 2006 305    4.60    7.03  129.63  269.81
 2006 306    4.60    7.04  115.54  269.91
 2006 307    4.59    7.06  101.46  270.01
 2006 308    4.59    7.08   87.37  270.11
 2006 309    4.59    7.09   73.28  270.20
 2006 310    4.59    7.11   59.19  270.30
 2006 311    4.58    7.13   45.11  270.40
 2006 312    4.58    7.14   31.02  270.49
 2006 313    4.58    7.16   16.93  270.59
 2006 314    4.57    7.18  362.85  270.69
 2006 315    4.57    7.19  348.76  270.79
 2006 316    4.57    7.21  334.67  270.89
 2006 317    4.57    7.23  320.59  270.98
 2006 318    4.56    7.24  306.50  271.08
 2006 319    4.56    7.26  292.42  271.18
 2006 320    4.56    7.28  278.33  271.28
 2006 321    4.56    7.29  264.24  271.38
 2006 322    4.55    7.31  250.16  271.48
 2006 323    4.55    7.33  236.07  271.58
 2006 324    4.55    7.34  221.99  271.67
 2006 325    4.54    7.36  207.90  271.77
 2006 326    4.54    7.38  193.82  271.87
 2006 327    4.54    7.39  179.73  271.97
 2006 328    4.54    7.41  165.65  272.07
 2006 329    4.53    7.43  151.56  272.17
 2006 330    4.53    7.44  137.48  272.27
 2006 331    4.53    7.46  123.39  272.37
 2006 332    4.53    7.48  109.31  272.47
 2006 333    4.52    7.49   95.23  272.57
 2006 334    4.52    7.51   81.14  272.67
 2006 335    4.52    7.53   67.06  272.77
 2006 336    4.51    7.54   52.97  272.87
 2006 337    4.51    7.56   38.89  272.97
 2006 338    4.51    7.58   24.81  273.07
 2006 339    4.51    7.59   10.72  273.18
 2006 340    4.50    7.61  356.64  273.28
 2006 341    4.50    7.63  342.56  273.38
 2006 342    4.50    7.64  328.47  273.48
 2006 343    4.50    7.66  314.39  273.58
 2006 344    4.49    7.68  300.31  273.68
 2006 345    4.49    7.69  286.22  273.78
 2006 346    4.49    7.71  272.14  273.89
 2006 347    4.48    7.73  258.06  273.99
 2006 348    4.48    7.74  243.98  274.09
 2006 349    4.48    7.76  229.90  274.19
 2006 350    4.48    7.78  215.81  274.29
 2006 351    4.47    7.79  201.73  274.40
 2006 352    4.47    7.81  187.65  274.50
 2006 353    4.47    7.83  173.57  274.60
 2006 354    4.47    7.84  159.49  274.71
 2006 355    4.46    7.86  145.41  274.81
 2006 356    4.46    7.88  131.32  274.91
 2006 357    4.46    7.89  117.24  275.01
 2006 358    4.45    7.91  103.16  275.12
 2006 359    4.45    7.93   89.08  275.22
 2006 360    4.45    7.94   75.00  275.33
 2006 361    4.45    7.96   60.92  275.43
 2006 362    4.44    7.98   46.84  275.53
 2006 363    4.44    7.99   32.76  275.64
 2006 364    4.44    8.01   18.68  275.74
 2006 365    4.44    8.03  364.60  275.85
 2007   1    4.43    8.04  350.52  275.95
 2007   2    4.43    8.06  336.44  276.06
 2007   3    4.43    8.08  322.36  276.16
 2007   4    4.42    8.09  308.28  276.27
 2007   5    4.42    8.11  294.20  276.37
 2007   6    4.42    8.13  280.12  276.48
 2007   7    4.42    8.14  266.04  276.58
 2007   8    4.41    8.16  251.96  276.69
 2007   9    4.41    8.18  237.89  276.79
 2007  10    4.41    8.19  223.81  276.90
 2007  11    4.41    8.21  209.73  277.00
 2007  12    4.40    8.23  195.65  277.11
 2007  13    4.40    8.24  181.57  277.22
 2007  14    4.40    8.26  167.49  277.32
 2007  15    4.39    8.28  153.42  277.43
 2007  16    4.39    8.29  139.34  277.54
 2007  17    4.39    8.31  125.26  277.64
 2007  18    4.39    8.32  111.18  277.75
 2007  19    4.38    8.34   97.11  277.86
 2007  20    4.38    8.36   83.03  277.96
 2007  21    4.38    8.37   68.95  278.07
 2007  22    4.38    8.39   54.87  278.18
 2007  23    4.37    8.41   40.80  278.29
 2007  24    4.37    8.42   26.72  278.39
 2007  25    4.37    8.44   12.65  278.50
 2007  26    4.36    8.46  358.57  278.61
 2007  27    4.36    8.47  344.49  278.72
 2007  28    4.36    8.49  330.42  278.83
 2007  29    4.36    8.50  316.34  278.94
 2007  30    4.35    8.52  302.27  279.04
 2007  31    4.35    8.54  288.19  279.15
 2007  32    4.35    8.55  274.11  279.26
 2007  33    4.34    8.57  260.04  279.37
 2007  34    4.34    8.59  245.96  279.48
 2007  35    4.34    8.60  231.89  279.59
 2007  36    4.34    8.62  217.81  279.70
 2007  37    4.33    8.64  203.74  279.81
 2007  38    4.33    8.65  189.66  279.92
 2007  39    4.33    8.67  175.59  280.03
 2007  40    4.33    8.68  161.52  280.14
 2007  41    4.32    8.70  147.44  280.25
 2007  42    4.32    8.72  133.37  280.36
 2007  43    4.32    8.73  119.29  280.47
 2007  44    4.31    8.75  105.22  280.58
 2007  45    4.31    8.77   91.15  280.69
 2007  46    4.31    8.78   77.07  280.80
 2007  47    4.31    8.80   63.00  280.91
 2007  48    4.30    8.81   48.93  281.03
 2007  49    4.30    8.83   34.85  281.14
 2007  50    4.30    8.85   20.78  281.25
 2007  51    4.30    8.86  366.71  281.36
 2007  52    4.29    8.88  352.64  281.47
 2007  53    4.29    8.89  338.56  281.58
 2007  54    4.29    8.91  324.49  281.70
 2007  55    4.28    8.93  310.42  281.81
 2007  56    4.28    8.94  296.35  281.92
 2007  57    4.28    8.96  282.28  282.03
 2007  58    4.28    8.97  268.21  282.15
 2007  59    4.27    8.99  254.13  282.26
 2007  60    4.27    9.01  240.06  282.37
 2007  61    4.27    9.02  225.99  282.49
 2007  62    4.27    9.04  211.92  282.60
 2007  63    4.26    9.05  197.85  282.71
 2007  64    4.26    9.07  183.78  282.83
 2007  65    4.26    9.09  169.71  282.94
 2007  66    4.25    9.10  155.64  283.06
 2007  67    4.25    9.12  141.57  283.17
 2007  68    4.25    9.13  127.50  283.28
 2007  69    4.25    9.15  113.43  283.40
 2007  70    4.24    9.17   99.36  283.51
 2007  71    4.24    9.18   85.29  283.63
 2007  72    4.24    9.20   71.22  283.74
 2007  73    4.24    9.21   57.15  283.86
 2007  74    4.23    9.23   43.08  283.97
 2007  75    4.23    9.24   29.01  284.09
 2007  76    4.23    9.26  374.94  284.21
 2007  77    4.22    9.28  360.88  284.32
 2007  78    4.22    9.29  346.81  284.44
 2007  79    4.22    9.31  332.74  284.55
 2007  80    4.22    9.32  318.67  284.67
 2007  81    4.21    9.34  304.60  284.79
 2007  82    4.21    9.35  290.54  284.90
 2007  83    4.21    9.37  276.47  285.02
 2007  84    4.21    9.39  262.40  285.14
 2007  85    4.20    9.40  248.33  285.25
 2007  86    4.20    9.42  234.27  285.37
 2007  87    4.20    9.43  220.20  285.49
 2007  88    4.19    9.45  206.13  285.61
 2007  89    4.19    9.46  192.07  285.72
 2007  90    4.19    9.48  178.00  285.84
 2007  91    4.19    9.49  163.93  285.96
 2007  92    4.18    9.51  149.87  286.08
 2007  93    4.18    9.53  135.80  286.20
 2007  94    4.18    9.54  121.74  286.32
 2007  95    4.18    9.56  107.67  286.43
 2007  96    4.17    9.57   93.60  286.55
 2007  97    4.17    9.59   79.54  286.67
 2007  98    4.17    9.60   65.47  286.79
 2007  99    4.16    9.62   51.41  286.91
 2007 100    4.16    9.63   37.34  287.03
 2007 101    4.16    9.65   23.28  287.15
 2007 102    4.16    9.66  369.21  287.27
 2007 103    4.15    9.68  355.15  287.39
 2007 104    4.15    9.69  341.09  287.51
 2007 105    4.15    9.71  327.02  287.63
 2007 106    4.15    9.72  312.96  287.75
 2007 107    4.14    9.74  298.90  287.87
 2007 108    4.14    9.75  284.83  287.99
 2007 109    4.14    9.77  270.77  288.12
 2007 110    4.14    9.78  256.71  288.24
 2007 111    4.13    9.80  242.64  288.36
 2007 112    4.13    9.82  228.58  288.48
 2007 113    4.13    9.83  214.52  288.60
 2007 114    4.12    9.85  200.45  288.72
 2007 115    4.12    9.86  186.39  288.85
 2007 116    4.12    9.87  172.33  288.97
 2007 117    4.12    9.89  158.27  289.09
 2007 118    4.11    9.90  144.21  289.21
 2007 119    4.11    9.92  130.15  289.34
 2007 120    4.11    9.93  116.08  289.46
 2007 121    4.11    9.95  102.02  289.58
 2007 122    4.10    9.96   87.96  289.71
 2007 123    4.10    9.98   73.90  289.83
 2007 124    4.10    9.99   59.84  289.95
 2007 125    4.09   10.01   45.78  290.08
 2007 126    4.09   10.02   31.72  290.20
 2007 127    4.09   10.04  377.66  290.32
 2007 128    4.09   10.05  363.60  290.45
 2007 129    4.08   10.07  349.54  290.57
 2007 130    4.08   10.08  335.48  290.70
 2007 131    4.08   10.10  321.42  290.82
 2007 132    4.08   10.11  307.36  290.95
 2007 133    4.07   10.12  293.30  291.07
 2007 134    4.07   10.14  279.24  291.20
 2007 135    4.07   10.15  265.18  291.32
 2007 136    4.07   10.17  251.12  291.45
 2007 137    4.06   10.18  237.07  291.58
 2007 138    4.06   10.20  223.01  291.70
 2007 139    4.06   10.21  208.95  291.83
 2007 140    4.05   10.23  194.89  291.95
 2007 141    4.05   10.24  180.83  292.08
 2007 142    4.05   10.25  166.78  292.21
 2007 143    4.05   10.27  152.72  292.34
 2007 144    4.04   10.28  138.66  292.46
 2007 145    4.04   10.30  124.61  292.59
 2007 146    4.04   10.31  110.55  292.72
 2007 147    4.04   10.32   96.49  292.85
 2007 148    4.03   10.34   82.44  292.97
 2007 149    4.03   10.35   68.38  293.10
 2007 150    4.03   10.37   54.32  293.23
 2007 151    4.03   10.38   40.27  293.36
 2007 152    4.02   10.39  386.21  293.49
 2007 153    4.02   10.41  372.16  293.62
 2007 154    4.02   10.42  358.10  293.74
 2007 155    4.01   10.44  344.04  293.87
 2007 156    4.01   10.45  329.99  294.00
 2007 157    4.01   10.46  315.94  294.13
 2007 158    4.01   10.48  301.88  294.26
 2007 159    4.00   10.49  287.83  294.39
 2007 160    4.00   10.50  273.77  294.52
 2007 161    4.00   10.52  259.72  294.65
 2007 162    4.00   10.53  245.66  294.78
 2007 163    3.99   10.54  231.61  294.91
 2007 164    3.99   10.56  217.56  295.04
 2007 165    3.99   10.57  203.50  295.18
 2007 166    3.99   10.59  189.45  295.31
 2007 167    3.98   10.60  175.40  295.44
 2007 168    3.98   10.61  161.34  295.57
 2007 169    3.98   10.63  147.29  295.70
 2007 170    3.98   10.64  133.24  295.83
 2007 171    3.97   10.65  119.19  295.97
 2007 172    3.97   10.66  105.13  296.10
 2007 173    3.97   10.68   91.08  296.23
 2007 174    3.97   10.69   77.03  296.36
 2007 175    3.96   10.70   62.98  296.50
 2007 176    3.96   10.72   48.93  296.63
 2007 177    3.96   10.73   34.88  296.76
 2007 178    3.95   10.74  380.83  296.90
 2007 179    3.95   10.76  366.77  297.03
 2007 180    3.95   10.77  352.72  297.16
 2007 181    3.95   10.78  338.67  297.30
 2007 182    3.94   10.79  324.62  297.43
 2007 183    3.94   10.81  310.57  297.57
 2007 184    3.94   10.82  296.52  297.70
 2007 185    3.94   10.83  282.47  297.83
 2007 186    3.93   10.85  268.42  297.97
 2007 187    3.93   10.86  254.38  298.10
 2007 188    3.93   10.87  240.33  298.24
 2007 189    3.93   10.88  226.28  298.38
 2007 190    3.92   10.90  212.23  298.51
 2007 191    3.92   10.91  198.18  298.65
 2007 192    3.92   10.92  184.13  298.78
 2007 193    3.92   10.93  170.08  298.92
 2007 194    3.91   10.94  156.04  299.06
 2007 195    3.91   10.96  141.99  299.19
 2007 196    3.91   10.97  127.94  299.33
 2007 197    3.91   10.98  113.89  299.47
 2007 198    3.90   10.99   99.85  299.60
 2007 199    3.90   11.01   85.80  299.74
 2007 200    3.90   11.02   71.75  299.88
 2007 201    3.90   11.03   57.71  300.02
 2007 202    3.89   11.04   43.66  300.15
 2007 203    3.89   11.05  389.61  300.29
 2007 204    3.89   11.07  375.57  300.43
 2007 205    3.89   11.08  361.52  300.57
 2007 206    3.88   11.09  347.47  300.71
 2007 207    3.88   11.10  333.43  300.85
 2007 208    3.88   11.11  319.38  300.99
 2007 209    3.88   11.12  305.34  301.13
 2007 210    3.87   11.14  291.29  301.26
 2007 211    3.87   11.15  277.25  301.40
 2007 212    3.87   11.16  263.20  301.54
 2007 213    3.87   11.17  249.16  301.68
 2007 214    3.86   11.18  235.12  301.82
 2007 215    3.86   11.19  221.07  301.97
 2007 216    3.86   11.20  207.03  302.11
 2007 217    3.85   11.21  192.99  302.25
 2007 218    3.85   11.23  178.94  302.39
 2007 219    3.85   11.24  164.90  302.53
 2007 220    3.85   11.25  150.86  302.67
 2007 221    3.84   11.26  136.81  302.81
 2007 222    3.84   11.27  122.77  302.95
 2007 223    3.84   11.28  108.73  303.10
 2007 224    3.84   11.29   94.69  303.24
 2007 225    3.84   11.30   80.64  303.38
 2007 226    3.83   11.31   66.60  303.52
 2007 227    3.83   11.32   52.56  303.67
 2007 228    3.83   11.33   38.52  303.81
 2007 229    3.83   11.34  384.48  303.95
 2007 230    3.82   11.35  370.44  304.10
 2007 231    3.82   11.37  356.40  304.24
 2007 232    3.82   11.38  342.36  304.38
 2007 233    3.82   11.39  328.32  304.53
 2007 234    3.81   11.40  314.27  304.67
 2007 235    3.81   11.41  300.23  304.82
 2007 236    3.81   11.42  286.19  304.96
 2007 237    3.81   11.43  272.16  305.10
 2007 238    3.80   11.44  258.12  305.25
 2007 239    3.80   11.45  244.08  305.39
 2007 240    3.80   11.46  230.04  305.54
 2007 241    3.80   11.47  216.00  305.69
 2007 242    3.79   11.48  201.96  305.83
 2007 243    3.79   11.49  187.92  305.98
 2007 244    3.79   11.50  173.88  306.12
 2007 245    3.79   11.51  159.85  306.27
 2007 246    3.78   11.51  145.81  306.42
 2007 247    3.78   11.52  131.77  306.56
 2007 248    3.78   11.53  117.73  306.71
 2007 249    3.78   11.54  103.70  306.86
 2007 250    3.77   11.55   89.66  307.00
 2007 251    3.77   11.56   75.62  307.15
 2007 252    3.77   11.57   61.58  307.30
 2007 253    3.77   11.58   47.55  307.45
 2007 254    3.76   11.59  393.51  307.60
 2007 255    3.76   11.60  379.48  307.74
 2007 256    3.76   11.61  365.44  307.89
 2007 257    3.76   11.62  351.40  308.04
 2007 258    3.75   11.62  337.37  308.19
 2007 259    3.75   11.63  323.33  308.34
 2007 260    3.75   11.64  309.30  308.49
 2007 261    3.75   11.65  295.26  308.64
 2007 262    3.75   11.66  281.23  308.79
 2007 263    3.74   11.67  267.19  308.94
 2007 264    3.74   11.68  253.16  309.09
 2007 265    3.74   11.68  239.13  309.24
 2007 266    3.74   11.69  225.09  309.39
 2007 267    3.73   11.70  211.06  309.54
 2007 268    3.73   11.71  197.02  309.69
 2007 269    3.73   11.72  182.99  309.84
 2007 270    3.73   11.72  168.96  309.99
 2007 271    3.72   11.73  154.93  310.14
 2007 272    3.72   11.74  140.89  310.30
 2007 273    3.72   11.75  126.86  310.45
 2007 274    3.72   11.76  112.83  310.60
 2007 275    3.71   11.76   98.80  310.75
 2007 276    3.71   11.77   84.76  310.90
 2007 277    3.71   11.78   70.73  311.06
 2007 278    3.71   11.79   56.70  311.21
 2007 279    3.71   11.79  402.67  311.36
 2007 280    3.70   11.80  388.64  311.52
 2007 281    3.70   11.81  374.61  311.67
 2007 282    3.70   11.82  360.58  311.82
 2007 283    3.70   11.82  346.55  311.98
 2007 284    3.69   11.83  332.52  312.13
 2007 285    3.69   11.84  318.49  312.29
 2007 286    3.69   11.84  304.46  312.44
 2007 287    3.69   11.85  290.43  312.60
 2007 288    3.68   11.86  276.40  312.75
 2007 289    3.68   11.86  262.37  312.91
 2007 290    3.68   11.87  248.34  313.06
 2007 291    3.68   11.88  234.31  313.22
 2007 292    3.68   11.88  220.28  313.37
 2007 293    3.67   11.89  206.25  313.53
 2007 294    3.67   11.89  192.22  313.68
 2007 295    3.67   11.90  178.20  313.84
 2007 296    3.67   11.91  164.17  314.00
 2007 297    3.66   11.91  150.14  314.15
 2007 298    3.66   11.92  136.11  314.31
 2007 299    3.66   11.92  122.08  314.47
 2007 300    3.66   11.93  108.06  314.62
 2007 301    3.66   11.94   94.03  314.78
 2007 302    3.65   11.94   80.00  314.94
 2007 303    3.65   11.95   65.98  315.10
 2007 304    3.65   11.95   51.95  315.26
 2007 305    3.65   11.96  397.92  315.41
 2007 306    3.64   11.96  383.90  315.57
 2007 307    3.64   11.97  369.87  315.73
 2007 308    3.64   11.97  355.85  315.89
 2007 309    3.64   11.98  341.82  316.05
 2007 310    3.64   11.98  327.80  316.21
 2007 311    3.63   11.99  313.77  316.37
 2007 312    3.63   11.99  299.75  316.53
 2007 313    3.63   12.00  285.72  316.69
 2007 314    3.63   12.00  271.70  316.85
 2007 315    3.63   12.01  257.67  317.01
 2007 316    3.62   12.01  243.65  317.17
 2007 317    3.62   12.02  229.63  317.33
 2007 318    3.62   12.02  215.60  317.49
 2007 319    3.62   12.02  201.58  317.65
 2007 320    3.61   12.03  187.56  317.81
 2007 321    3.61   12.03  173.53  317.97
 2007 322    3.61   12.04  159.51  318.13
 2007 323    3.61   12.04  145.49  318.30
 2007 324    3.61   12.04  131.47  318.46
 2007 325    3.60   12.05  117.44  318.62
 2007 326    3.60   12.05  103.42  318.78
 2007 327    3.60   12.05   89.40  318.94
 2007 328    3.60   12.06   75.38  319.11
 2007 329    3.60   12.06   61.36  319.27
 2007 330    3.59   12.06  407.33  319.43
 2007 331    3.59   12.07  393.31  319.60
 2007 332    3.59   12.07  379.29  319.76
 2007 333    3.59   12.07  365.27  319.92
 2007 334    3.59   12.08  351.25  320.09
 2007 335    3.58   12.08  337.23  320.25
 2007 336    3.58   12.08  323.21  320.42
 2007 337    3.58   12.08  309.19  320.58
 2007 338    3.58   12.09  295.17  320.74
 2007 339    3.57   12.09  281.15  320.91
 2007 340    3.57   12.09  267.13  321.07
 2007 341    3.57   12.09  253.11  321.24
 2007 342    3.57   12.09  239.09  321.41
 2007 343    3.57   12.10  225.08  321.57
 2007 344    3.56   12.10  211.06  321.74
 2007 345    3.56   12.10  197.04  321.90
 2007 346    3.56   12.10  183.02  322.07
 2007 347    3.56   12.10  169.00  322.24
 2007 348    3.56   12.10  154.98  322.40
 2007 349    3.55   12.11  140.97  322.57
 2007 350    3.55   12.11  126.95  322.74
 2007 351    3.55   12.11  112.93  322.90
 2007 352    3.55   12.11   98.91  323.07
 2007 353    3.55   12.11   84.90  323.24
 2007 354    3.54   12.11   70.88  323.40
 2007 355    3.54   12.11  416.86  323.57
 2007 356    3.54   12.11  402.85  323.74
 2007 357    3.54   12.11  388.83  323.91
 2007 358    3.54   12.11  374.82  324.08
 2007 359    3.54   12.11  360.80  324.25
 2007 360    3.53   12.11  346.78  324.41
 2007 361    3.53   12.11  332.77  324.58
 2007 362    3.53   12.11  318.75  324.75
 2007 363    3.53   12.11  304.74  324.92
 2007 364    3.53   12.11  290.72  325.09
 2007 365    3.52   12.11  276.71  325.26
 2008   1    3.52   12.11  262.69  325.43
 2008   2    3.52   12.11  248.68  325.60
 2008   3    3.52   12.11  234.67  325.77
 2008   4    3.52   12.11  220.65  325.94
 2008   5    3.51   12.11  206.64  326.11
 2008   6    3.51   12.11  192.62  326.28
 2008   7    3.51   12.11  178.61  326.45
 2008   8    3.51   12.11  164.60  326.63
 2008   9    3.51   12.11  150.59  326.80
 2008  10    3.51   12.11  136.57  326.97
 2008  11    3.50   12.10  122.56  327.14
 2008  12    3.50   12.10  108.55  327.31
 2008  13    3.50   12.10   94.53  327.48
 2008  14    3.50   12.10   80.52  327.66
 2008  15    3.50   12.10   66.51  327.83
 2008  16    3.49   12.10  412.50  328.00
 2008  17    3.49   12.09  398.49  328.17
 2008  18    3.49   12.09  384.48  328.35
 2008  19    3.49   12.09  370.46  328.52
 2008  20    3.49   12.09  356.45  328.69
 2008  21    3.49   12.08  342.44  328.87
 2008  22    3.48   12.08  328.43  329.04
 2008  23    3.48   12.08  314.42  329.21
 2008  24    3.48   12.08  300.41  329.39
 2008  25    3.48   12.07  286.40  329.56
 2008  26    3.48   12.07  272.39  329.74
 2008  27    3.47   12.07  258.38  329.91
 2008  28    3.47   12.06  244.37  330.09
 2008  29    3.47   12.06  230.36  330.26
 2008  30    3.47   12.06  216.35  330.43
 2008  31    3.47   12.05  202.34  330.61
 2008  32    3.47   12.05  188.33  330.79
 2008  33    3.46   12.05  174.32  330.96
 2008  34    3.46   12.04  160.31  331.14
 2008  35    3.46   12.04  146.31  331.31
 2008  36    3.46   12.03  132.30  331.49
 2008  37    3.46   12.03  118.29  331.66
 2008  38    3.46   12.03  104.28  331.84
 2008  39    3.45   12.02   90.27  332.02
 2008  40    3.45   12.02   76.27  332.19
 2008  41    3.45   12.01  422.26  332.37
 2008  42    3.45   12.01  408.25  332.55
 2008  43    3.45   12.00  394.24  332.72
 2008  44    3.45   12.00  380.24  332.90
 2008  45    3.44   11.99  366.23  333.08
 2008  46    3.44   11.99  352.22  333.26
 2008  47    3.44   11.98  338.22  333.43
 2008  48    3.44   11.97  324.21  333.61
 2008  49    3.44   11.97  310.20  333.79
 2008  50    3.44   11.96  296.20  333.97
 2008  51    3.44   11.96  282.19  334.15
 2008  52    3.43   11.95  268.18  334.33
 2008  53    3.43   11.95  254.18  334.50
 2008  54    3.43   11.94  240.17  334.68
 2008  55    3.43   11.93  226.17  334.86
 2008  56    3.43   11.93  212.16  335.04
 2008  57    3.43   11.92  198.16  335.22
 2008  58    3.42   11.91  184.15  335.40
 2008  59    3.42   11.91  170.15  335.58
 2008  60    3.42   11.90  156.14  335.76
 2008  61    3.42   11.89  142.14  335.94
 2008  62    3.42   11.88  128.13  336.12
 2008  63    3.42   11.88  114.13  336.30
 2008  64    3.42   11.87  100.13  336.48
 2008  65    3.41   11.86   86.12  336.66
 2008  66    3.41   11.85   72.12  336.84
 2008  67    3.41   11.85  418.11  337.02
 2008  68    3.41   11.84  404.11  337.20
 2008  69    3.41   11.83  390.11  337.38
 2008  70    3.41   11.82  376.10  337.56
 2008  71    3.41   11.81  362.10  337.75
 2008  72    3.40   11.81  348.10  337.93
 2008  73    3.40   11.80  334.10  338.11
 2008  74    3.40   11.79  320.09  338.29
 2008  75    3.40   11.78  306.09  338.47
 2008  76    3.40   11.77  292.09  338.65
 2008  77    3.40   11.76  278.09  338.84
 2008  78    3.40   11.75  264.08  339.02
 2008  79    3.39   11.74  250.08  339.20
 2008  80    3.39   11.73  236.08  339.38
 2008  81    3.39   11.72  222.08  339.57
 2008  82    3.39   11.71  208.08  339.75
 2008  83    3.39   11.70  194.08  339.93
 2008  84    3.39   11.70  180.07  340.12
 2008  85    3.39   11.69  166.07  340.30
 2008  86    3.38   11.67  152.07  340.48
 2008  87    3.38   11.66  138.07  340.67
 2008  88    3.38   11.65  124.07  340.85
 2008  89    3.38   11.64  110.07  341.03
 2008  90    3.38   11.63   96.07  341.22
 2008  91    3.38   11.62   82.07  341.40
 2008  92    3.38   11.61  428.07  341.59
 2008  93    3.38   11.60  414.07  341.77
 2008  94    3.37   11.59  400.07  341.95
 2008  95    3.37   11.58  386.07  342.14
 2008  96    3.37   11.57  372.07  342.32
 2008  97    3.37   11.55  358.07  342.51
 2008  98    3.37   11.54  344.07  342.69
 2008  99    3.37   11.53  330.07  342.88
 2008 100    3.37   11.52  316.07  343.06
 2008 101    3.37   11.51  302.07  343.25
 2008 102    3.36   11.50  288.07  343.43
 2008 103    3.36   11.48  274.07  343.62
 2008 104    3.36   11.47  260.07  343.80
 2008 105    3.36   11.46  246.08  343.99
 2008 106    3.36   11.45  232.08  344.18
 2008 107    3.36   11.43  218.08  344.36
 2008 108    3.36   11.42  204.08  344.55
 2008 109    3.36   11.41  190.08  344.73
 2008 110    3.36   11.39  176.08  344.92
 2008 111    3.35   11.38  162.09  345.11
 2008 112    3.35   11.37  148.09  345.29
 2008 113    3.35   11.35  134.09  345.48
 2008 114    3.35   11.34  120.09  345.67
 2008 115    3.35   11.33  106.09  345.85
 2008 116    3.35   11.31   92.10  346.04
 2008 117    3.35   11.30  438.10  346.23
 2008 118    3.35   11.28  424.10  346.41
 2008 119    3.35   11.27  410.11  346.60
 2008 120    3.34   11.25  396.11  346.79
 2008 121    3.34   11.24  382.11  346.98
 2008 122    3.34   11.23  368.11  347.16
 2008 123    3.34   11.21  354.12  347.35
 2008 124    3.34   11.20  340.12  347.54
 2008 125    3.34   11.18  326.12  347.73
 2008 126    3.34   11.17  312.13  347.91
 2008 127    3.34   11.15  298.13  348.10
 2008 128    3.34   11.13  284.13  348.29
 2008 129    3.34   11.12  270.14  348.48
 2008 130    3.33   11.10  256.14  348.67
 2008 131    3.33   11.09  242.15  348.85
 2008 132    3.33   11.07  228.15  349.04
 2008 133    3.33   11.06  214.15  349.23
 2008 134    3.33   11.04  200.16  349.42
 2008 135    3.33   11.02  186.16  349.61
 2008 136    3.33   11.01  172.17  349.80
 2008 137    3.33   10.99  158.17  349.99
 2008 138    3.33   10.97  144.18  350.17
 2008 139    3.33   10.96  130.18  350.36
 2008 140    3.33   10.94  116.19  350.55
 2008 141    3.32   10.92  102.19  350.74
 2008 142    3.32   10.91   88.19  350.93
 2008 143    3.32   10.89  434.20  351.12
 2008 144    3.32   10.87  420.20  351.31
 2008 145    3.32   10.85  406.21  351.50
 2008 146    3.32   10.84  392.21  351.69
 2008 147    3.32   10.82  378.22  351.88
 2008 148    3.32   10.80  364.23  352.07
 2008 149    3.32   10.78  350.23  352.26
 2008 150    3.32   10.76  336.24  352.45
 2008 151    3.32   10.74  322.24  352.64
 2008 152    3.32   10.73  308.25  352.83
 2008 153    3.31   10.71  294.25  353.02
 2008 154    3.31   10.69  280.26  353.21
 2008 155    3.31   10.67  266.26  353.40
 2008 156    3.31   10.65  252.27  353.59
 2008 157    3.31   10.63  238.28  353.78
 2008 158    3.31   10.61  224.28  353.97
 2008 159    3.31   10.59  210.29  354.16
 2008 160    3.31   10.57  196.29  354.35
 2008 161    3.31   10.55  182.30  354.54
 2008 162    3.31   10.54  168.31  354.73
 2008 163    3.31   10.52  154.31  354.92
 2008 164    3.31   10.50  140.32  355.11
 2008 165    3.31   10.48  126.32  355.30
 2008 166    3.30   10.46  112.33  355.49
 2008 167    3.30   10.43   98.34  355.68
 2008 168    3.30   10.41  444.34  355.88
 2008 169    3.30   10.39  430.35  356.07
 2008 170    3.30   10.37  416.36  356.26
 2008 171    3.30   10.35  402.36  356.45
 2008 172    3.30   10.33  388.37  356.64
 2008 173    3.30   10.31  374.38  356.83
 2008 174    3.30   10.29  360.38  357.02
 2008 175    3.30   10.27  346.39  357.21
 2008 176    3.30   10.25  332.40  357.40
 2008 177    3.30   10.23  318.40  357.60
 2008 178    3.30   10.20  304.41  357.79
 2008 179    3.30   10.18  290.42  357.98
 2008 180    3.30   10.16  276.43  358.17
 2008 181    3.30   10.14  262.43  358.36
 2008 182    3.30   10.12  248.44  358.55
 2008 183    3.29   10.09  234.45  358.74
 2008 184    3.29   10.07  220.45  358.94
 2008 185    3.29   10.05  206.46  359.13
 2008 186    3.29   10.03  192.47  359.32
 2008 187    3.29   10.00  178.48  359.51
 2008 188    3.29    9.98  164.48  359.70
 2008 189    3.29    9.96  150.49  359.89
 2008 190    3.29    9.94  136.50    0.08
 2008 191    3.29    9.91  122.50    0.28
 2008 192    3.29    9.89  108.51    0.47
 2008 193    3.29    9.87   94.52    0.66
 2008 194    3.29    9.84   80.53    0.85
 2008 195    3.29    9.82   66.53    1.04
 2008 196    3.29    9.79   52.54    1.24
 2008 197    3.29    9.77   38.55    1.43
 2008 198    3.29    9.75   24.56    1.62
 2008 199    3.29    9.72   10.56    1.81
 2008 200    3.29    9.70  356.57    2.00
 2008 201    3.29    9.67  342.58    2.20
 2008 202    3.29    9.65  328.59    2.39
 2008 203    3.29    9.63  314.59    2.58
 2008 204    3.29    9.60  300.60    2.77
 2008 205    3.29    9.58  286.61    2.96
 2008 206    3.29    9.55  272.62    3.16
 2008 207    3.29    9.53  258.62    3.35
 2008 208    3.28    9.50  244.63    3.54
 2008 209    3.28    9.48  230.64    3.73
 2008 210    3.28    9.45  216.65    3.92
 2008 211    3.28    9.43  202.66    4.12
 2008 212    3.28    9.40  188.66    4.31
 2008 213    3.28    9.37  174.67    4.50
 2008 214    3.28    9.35  160.68    4.69
 2008 215    3.28    9.32  146.69    4.88
 2008 216    3.28    9.30  132.69    5.08
 2008 217    3.28    9.27  118.70    5.27
 2008 218    3.28    9.25  104.71    5.46
 2008 219    3.28    9.22   90.72    5.65
 2008 220    3.28    9.19   76.72    5.84
 2008 221    3.28    9.17   62.73    6.04
 2008 222    3.28    9.14   48.74    6.23
 2008 223    3.28    9.11   34.75    6.42
 2008 224    3.28    9.09   20.75    6.61
 2008 225    3.28    9.06    6.76    6.80
 2008 226    3.28    9.03  352.77    6.99
 2008 227    3.28    9.01  338.78    7.19
 2008 228    3.28    8.98  324.78    7.38
 2008 229    3.28    8.95  310.79    7.57
 2008 230    3.28    8.92  296.80    7.76
 2008 231    3.28    8.90  282.81    7.95
 2008 232    3.28    8.87  268.81    8.15
 2008 233    3.28    8.84  254.82    8.34
 2008 234    3.28    8.81  240.83    8.53
 2008 235    3.28    8.79  226.84    8.72
 2008 236    3.28    8.76  212.84    8.91
 2008 237    3.28    8.73  198.85    9.10
 2008 238    3.28    8.70  184.86    9.30
 2008 239    3.28    8.67  170.86    9.49
 2008 240    3.28    8.64  156.87    9.68
 2008 241    3.28    8.62  142.88    9.87
 2008 242    3.28    8.59  128.89   10.06
 2008 243    3.28    8.56  114.89   10.25
 2008 244    3.28    8.53  100.90   10.45
 2008 245    3.28    8.50   86.91   10.64
 2008 246    3.28    8.47   72.91   10.83
 2008 247    3.28    8.44   58.92   11.02
 2008 248    3.28    8.41   44.93   11.21
 2008 249    3.28    8.39   30.94   11.40
 2008 250    3.28    8.36   16.94   11.59
 2008 251    3.28    8.33    2.95   11.79
 2008 252    3.28    8.30  348.96   11.98
 2008 253    3.28    8.27  334.96   12.17
 2008 254    3.28    8.24  320.97   12.36
 2008 255    3.28    8.21  306.98   12.55
 2008 256    3.28    8.18  292.98   12.74
 2008 257    3.28    8.15  278.99   12.93
 2008 258    3.28    8.12  265.00   13.12
 2008 259    3.28    8.09  251.00   13.31
 2008 260    3.28    8.06  237.01   13.50
 2008 261    3.28    8.03  223.02   13.70
 2008 262    3.28    8.00  209.02   13.89
 2008 263    3.28    7.97  195.03   14.08
 2008 264    3.28    7.94  181.03   14.27
 2008 265    3.28    7.91  167.04   14.46
 2008 266    3.28    7.88  153.05   14.65
 2008 267    3.28    7.85  139.05   14.84
 2008 268    3.28    7.81  125.06   15.03
 2008 269    3.28    7.78  111.06   15.22
 2008 270    3.28    7.75   97.07   15.41
 2008 271    3.29    7.72   83.08   15.60
 2008 272    3.29    7.69   69.08   15.79
 2008 273    3.29    7.66   55.09   15.98
 2008 274    3.29    7.63   41.09   16.17
 2008 275    3.29    7.60   27.10   16.36
 2008 276    3.29    7.57   13.10   16.55
 2008 277    3.29    7.53  359.11   16.74
 2008 278    3.29    7.50  345.12   16.93
 2008 279    3.29    7.47  331.12   17.12
 2008 280    3.29    7.44  317.13   17.31
 2008 281    3.29    7.41  303.13   17.50
 2008 282    3.29    7.38  289.14   17.69
 2008 283    3.29    7.34  275.14   17.88
 2008 284    3.29    7.31  261.15   18.07
 2008 285    3.29    7.28  247.15   18.26
 2008 286    3.29    7.25  233.16   18.45
 2008 287    3.29    7.21  219.16   18.63
 2008 288    3.29    7.18  205.17   18.82
 2008 289    3.29    7.15  191.17   19.01
 2008 290    3.29    7.12  177.17   19.20
 2008 291    3.29    7.09  163.18   19.39
 2008 292    3.29    7.05  149.18   19.58
 2008 293    3.29    7.02  135.19   19.77
 2008 294    3.29    6.99  121.19   19.96
 2008 295    3.29    6.95  107.20   20.14
 2008 296    3.30    6.92   93.20   20.33
 2008 297    3.30    6.89   79.20   20.52
 2008 298    3.30    6.86   65.21   20.71
 2008 299    3.30    6.82   51.21   20.90
 2008 300    3.30    6.79   37.21   21.09
 2008 301    3.30    6.76   23.22   21.27
 2008 302    3.30    6.72    9.22   21.46
 2008 303    3.30    6.69  355.22   21.65
 2008 304    3.30    6.66  341.23   21.84
 2008 305    3.30    6.62  327.23   22.02
 2008 306    3.30    6.59  313.23   22.21
 2008 307    3.30    6.56  299.24   22.40
 2008 308    3.30    6.52  285.24   22.59
 2008 309    3.30    6.49  271.24   22.77
 2008 310    3.30    6.46  257.25   22.96
 2008 311    3.30    6.42  243.25   23.15
 2008 312    3.30    6.39  229.25   23.34
 2008 313    3.31    6.35  215.25   23.52
 2008 314    3.31    6.32  201.26   23.71
 2008 315    3.31    6.29  187.26   23.90
 2008 316    3.31    6.25  173.26   24.08
 2008 317    3.31    6.22  159.26   24.27
 2008 318    3.31    6.18  145.26   24.45
 2008 319    3.31    6.15  131.27   24.64
 2008 320    3.31    6.12  117.27   24.83
 2008 321    3.31    6.08  103.27   25.01
 2008 322    3.31    6.05   89.27   25.20
 2008 323    3.31    6.01   75.27   25.38
 2008 324    3.31    5.98   61.27   25.57
 2008 325    3.31    5.94   47.27   25.76
 2008 326    3.31    5.91   33.28   25.94
 2008 327    3.32    5.88   19.28   26.13
 2008 328    3.32    5.84    5.28   26.31
 2008 329    3.32    5.81  351.28   26.50
 2008 330    3.32    5.77  337.28   26.68
 2008 331    3.32    5.74  323.28   26.87
 2008 332    3.32    5.70  309.28   27.05
 2008 333    3.32    5.67  295.28   27.24
 2008 334    3.32    5.63  281.28   27.42
 2008 335    3.32    5.60  267.28   27.61
 2008 336    3.32    5.56  253.28   27.79
 2008 337    3.32    5.53  239.28   27.97
 2008 338    3.32    5.49  225.28   28.16
 2008 339    3.33    5.46  211.28   28.34
 2008 340    3.33    5.42  197.28   28.53
 2008 341    3.33    5.39  183.28   28.71
 2008 342    3.33    5.35  169.28   28.89
 2008 343    3.33    5.32  155.28   29.08
 2008 344    3.33    5.28  141.28   29.26
 2008 345    3.33    5.25  127.27   29.44
 2008 346    3.33    5.21  113.27   29.63
 2008 347    3.33    5.18   99.27   29.81
 2008 348    3.33    5.14   85.27   29.99
 2008 349    3.33    5.11   71.27   30.18
 2008 350    3.34    5.07   57.27   30.36
 2008 351    3.34    5.04   43.26   30.54
 2008 352    3.34    5.00   29.26   30.72
 2008 353    3.34    4.96   15.26   30.90
 2008 354    3.34    4.93    1.26   31.09
 2008 355    3.34    4.89  347.26   31.27
 2008 356    3.34    4.86  333.25   31.45
 2008 357    3.34    4.82  319.25   31.63
 2008 358    3.34    4.79  305.25   31.81
 2008 359    3.34    4.75  291.24   32.00
 2008 360    3.35    4.72  277.24   32.18
 2008 361    3.35    4.68  263.24   32.36
 2008 362    3.35    4.64  249.24   32.54
 2008 363    3.35    4.61  235.23   32.72
 2008 364    3.35    4.57  221.23   32.90
 2008 365    3.35    4.54  207.22   33.08
 2008 366    3.35    4.50  193.22   33.26
 2008 366    3.35    4.46  179.22   33.44
 2009   1    3.35    4.43  165.21   33.62
 2009   2    3.36    4.39  151.21   33.80
 2009   3    3.36    4.36  137.20   33.98
 2009   4    3.36    4.32  123.20   34.16
 2009   5    3.36    4.29  109.19   34.34
 2009   6    3.36    4.25   95.19   34.52
 2009   7    3.36    4.21   81.18   34.70
 2009   8    3.36    4.18   67.18   34.88
 2009   9    3.36    4.14   53.17   35.06
 2009  10    3.37    4.11   39.17   35.24
 2009  11    3.37    4.07   25.16   35.42
 2009  12    3.37    4.03   11.16   35.60
 2009  13    3.37    4.00  357.15   35.77
 2009  14    3.37    3.96  343.15   35.95
 2009  15    3.37    3.93  329.14   36.13
 2009  16    3.37    3.89  315.13   36.31
 2009  17    3.37    3.85  301.13   36.49
 2009  18    3.37    3.82  287.12   36.66
 2009  19    3.38    3.78  273.11   36.84
 2009  20    3.38    3.75  259.11   37.02
 2009  21    3.38    3.71  245.10   37.20
 2009  22    3.38    3.67  231.09   37.37
 2009  23    3.38    3.64  217.08   37.55
 2009  24    3.38    3.60  203.08   37.73
 2009  25    3.38    3.56  189.07   37.91
 2009  26    3.39    3.53  175.06   38.08
 2009  27    3.39    3.49  161.05   38.26
 2009  28    3.39    3.46  147.05   38.43
 2009  29    3.39    3.42  133.04   38.61
 2009  30    3.39    3.38  119.03   38.79
 2009  31    3.39    3.35  105.02   38.96
 2009  32    3.39    3.31   91.01   39.14
 2009  33    3.39    3.28   77.00   39.31
 2009  34    3.40    3.24   62.99   39.49
 2009  35    3.40    3.20   48.98   39.66
 2009  36    3.40    3.17   34.98   39.84
 2009  37    3.40    3.13   20.97   40.01
 2009  38    3.40    3.09    6.96   40.19
 2009  39    3.40    3.06  352.95   40.36
 2009  40    3.40    3.02  338.94   40.54
 2009  41    3.41    2.99  324.93   40.71
 2009  42    3.41    2.95  310.92   40.89
 2009  43    3.41    2.91  296.91   41.06
 2009  44    3.41    2.88  282.89   41.23
 2009  45    3.41    2.84  268.88   41.41
 2009  46    3.41    2.80  254.87   41.58
 2009  47    3.41    2.77  240.86   41.75
 2009  48    3.42    2.73  226.85   41.93
 2009  49    3.42    2.70  212.84   42.10
 2009  50    3.42    2.66  198.83   42.27
 2009  51    3.42    2.62  184.82   42.45
 2009  52    3.42    2.59  170.80   42.62
 2009  53    3.42    2.55  156.79   42.79
 2009  54    3.43    2.52  142.78   42.96
 2009  55    3.43    2.48  128.77   43.14
 2009  56    3.43    2.44  114.76   43.31
 2009  57    3.43    2.41  100.74   43.48
 2009  58    3.43    2.37   86.73   43.65
 2009  59    3.43    2.34   72.72   43.82
 2009  60    3.43    2.30   58.70   43.99
 2009  61    3.44    2.26   44.69   44.16
 2009  62    3.44    2.23   30.68   44.34
 2009  63    3.44    2.19   16.66   44.51
 2009  64    3.44    2.16    2.65   44.68
 2009  65    3.44    2.12  348.64   44.85
 2009  66    3.44    2.08  334.62   45.02
 2009  67    3.45    2.05  320.61   45.19
 2009  68    3.45    2.01  306.59   45.36
 2009  69    3.45    1.98  292.58   45.53
 2009  70    3.45    1.94  278.56   45.70
 2009  71    3.45    1.90  264.55   45.87
 2009  72    3.45    1.87  250.53   46.04
 2009  73    3.46    1.83  236.52   46.20
 2009  74    3.46    1.80  222.50   46.37
 2009  75    3.46    1.76  208.49   46.54
 2009  76    3.46    1.72  194.47   46.71
 2009  77    3.46    1.69  180.45   46.88
 2009  78    3.46    1.65  166.44   47.05
 2009  79    3.47    1.62  152.42   47.21
 2009  80    3.47    1.58  138.41   47.38
 2009  81    3.47    1.55  124.39   47.55
 2009  82    3.47    1.51  110.37   47.72
 2009  83    3.47    1.47   96.35   47.89
 2009  84    3.47    1.44   82.34   48.05
 2009  85    3.48    1.40   68.32   48.22
 2009  86    3.48    1.37   54.30   48.39
 2009  87    3.48    1.33   40.28   48.55
 2009  88    3.48    1.30   26.27   48.72
 2009  89    3.48    1.26   12.25   48.89
 2009  90    3.48    1.23  358.23   49.05
 2009  91    3.49    1.19  344.21   49.22
 2009  92    3.49    1.16  330.19   49.38
 2009  93    3.49    1.12  316.17   49.55
 2009  94    3.49    1.08  302.16   49.72
 2009  95    3.49    1.05  288.14   49.88
 2009  96    3.50    1.01  274.12   50.05
 2009  97    3.50    0.98  260.10   50.21
 2009  98    3.50    0.94  246.08   50.38
 2009  99    3.50    0.91  232.06   50.54
 2009 100    3.50    0.87  218.04   50.70
 2009 101    3.50    0.84  204.02   50.87
 2009 102    3.51    0.80  190.00   51.03
 2009 103    3.51    0.77  175.98   51.20
 2009 104    3.51    0.73  161.96   51.36
 2009 105    3.51    0.70  147.94   51.52
 2009 106    3.51    0.66  133.92   51.69
 2009 107    3.52    0.63  119.89   51.85
 2009 108    3.52    0.59  105.87   52.01
 2009 109    3.52    0.56   91.85   52.18
 2009 110    3.52    0.52   77.83   52.34
 2009 111    3.52    0.49   63.81   52.50
 2009 112    3.52    0.45   49.79   52.66
 2009 113    3.53    0.42   35.76   52.83
 2009 114    3.53    0.38   21.74   52.99
 2009 115    3.53    0.35    7.72   53.15
 2009 116    3.53    0.31  353.70   53.31
 2009 117    3.53    0.28  339.67   53.47
 2009 118    3.54    0.24  325.65   53.63
 2009 119    3.54    0.21  311.63   53.80
 2009 120    3.54    0.18  297.60   53.96
 2009 121    3.54    0.14  283.58   54.12
 2009 122    3.54    0.11  269.55   54.28
 2009 123    3.55    0.07  255.53   54.44
 2009 124    3.55    0.04  241.51   54.60
 2009 125    3.55    0.00  227.48   54.76
 2009 126    3.55   -0.03  213.46   54.92
 2009 127    3.55   -0.06  199.43   55.08
 2009 128    3.56   -0.10  185.41   55.24
 2009 129    3.56   -0.13  171.38   55.40
 2009 130    3.56   -0.17  157.36   55.56
 2009 131    3.56   -0.20  143.33   55.71
 2009 132    3.56   -0.24  129.31   55.87
 2009 133    3.57   -0.27  115.28   56.03
 2009 134    3.57   -0.30  101.25   56.19
 2009 135    3.57   -0.34   87.23   56.35
 2009 136    3.57   -0.37   73.20   56.51
 2009 137    3.57   -0.41   59.18   56.66
 2009 138    3.58   -0.44   45.15   56.82
 2009 139    3.58   -0.47   31.12   56.98
 2009 140    3.58   -0.51   17.10   57.14
 2009 141    3.58   -0.54    3.07   57.29
 2009 142    3.58   -0.57  349.04   57.45
 2009 143    3.59   -0.61  335.01   57.61
 2009 144    3.59   -0.64  320.99   57.76
 2009 145    3.59   -0.67  306.96   57.92
 2009 146    3.59   -0.71  292.93   58.08
 2009 147    3.59   -0.74  278.90   58.23
 2009 148    3.60   -0.78  264.87   58.39
 2009 149    3.60   -0.81  250.84   58.55
 2009 150    3.60   -0.84  236.82   58.70
 2009 151    3.60   -0.88  222.79   58.86
 2009 152    3.60   -0.91  208.76   59.01
 2009 153    3.61   -0.94  194.73   59.17
 2009 154    3.61   -0.97  180.70   59.32
 2009 155    3.61   -1.01  166.67   59.48
 2009 156    3.61   -1.04  152.64   59.63
 2009 157    3.62   -1.07  138.61   59.78
 2009 158    3.62   -1.11  124.58   59.94
 2009 159    3.62   -1.14  110.55   60.09
 2009 160    3.62   -1.17   96.52   60.25
 2009 161    3.62   -1.21   82.49   60.40
 2009 162    3.63   -1.24   68.46   60.55
 2009 163    3.63   -1.27   54.42   60.71
 2009 164    3.63   -1.30   40.39   60.86
 2009 165    3.63   -1.34   26.36   61.01
 2009 166    3.63   -1.37   12.33   61.17
 2009 167    3.64   -1.40  358.30   61.32
 2009 168    3.64   -1.43  344.27   61.47
 2009 169    3.64   -1.47  330.23   61.62
 2009 170    3.64   -1.50  316.20   61.78
 2009 171    3.65   -1.53  302.17   61.93
 2009 172    3.65   -1.56  288.14   62.08
 2009 173    3.65   -1.60  274.10   62.23
 2009 174    3.65   -1.63  260.07   62.38
 2009 175    3.65   -1.66  246.04   62.53
 2009 176    3.66   -1.69  232.00   62.68
 2009 177    3.66   -1.72  217.97   62.83
 2009 178    3.66   -1.76  203.94   62.98
 2009 179    3.66   -1.79  189.90   63.14
 2009 180    3.67   -1.82  175.87   63.29
 2009 181    3.67   -1.85  161.83   63.44
 2009 182    3.67   -1.88  147.80   63.59
 2009 183    3.67   -1.91  133.76   63.74
 2009 184    3.67   -1.95  119.73   63.88
 2009 185    3.68   -1.98  105.69   64.03
 2009 186    3.68   -2.01   91.66   64.18
 2009 187    3.68   -2.04   77.62   64.33
 2009 189    3.68   -2.07   63.59   64.48
 2009 190    3.69   -2.10   49.55   64.63
 2009 191    3.69   -2.14   35.52   64.78
 2009 192    3.69   -2.17   21.48   64.93
 2009 193    3.69   -2.20    7.44   65.07
 2009 194    3.69   -2.23  353.41   65.22
 2009 195    3.70   -2.26  339.37   65.37
 2009 196    3.70   -2.29  325.33   65.52
 2009 197    3.70   -2.32  311.30   65.67
 2009 198    3.70   -2.35  297.26   65.81
 2009 199    3.71   -2.38  283.22   65.96
 2009 200    3.71   -2.41  269.19   66.11
 2009 201    3.71   -2.45  255.15   66.25
 2009 202    3.71   -2.48  241.11   66.40
 2009 203    3.72   -2.51  227.07   66.55
 2009 204    3.72   -2.54  213.03   66.69
 2009 205    3.72   -2.57  198.99   66.84
 2009 206    3.72   -2.60  184.96   66.98
 2009 207    3.73   -2.63  170.92   67.13
 2009 208    3.73   -2.66  156.88   67.27
 2009 209    3.73   -2.69  142.84   67.42
 2009 210    3.73   -2.72  128.80   67.57
 2009 211    3.73   -2.75  114.76   67.71
 2009 212    3.74   -2.78  100.72   67.85
 2009 213    3.74   -2.81   86.68   68.00
 2009 214    3.74   -2.84   72.64   68.14
 2009 215    3.74   -2.87   58.60   68.29
 2009 216    3.75   -2.90   44.56   68.43
 2009 217    3.75   -2.93   30.52   68.58
 2009 218    3.75   -2.96   16.48   68.72
 2009 219    3.75   -2.99    2.44   68.86
 2009 220    3.76   -3.02  348.40   69.01
 2009 221    3.76   -3.05  334.36   69.15
 2009 222    3.76   -3.08  320.32   69.29
 2009 223    3.76   -3.11  306.27   69.44
 2009 224    3.77   -3.14  292.23   69.58
 2009 225    3.77   -3.17  278.19   69.72
 2009 226    3.77   -3.20  264.15   69.86
 2009 227    3.77   -3.23  250.11   70.01
 2009 228    3.77   -3.26  236.06   70.15
 2009 229    3.78   -3.29  222.02   70.29
 2009 230    3.78   -3.32  207.98   70.43
 2009 231    3.78   -3.34  193.94   70.57
 2009 232    3.78   -3.37  179.89   70.71
 2009 233    3.79   -3.40  165.85   70.85
 2009 234    3.79   -3.43  151.81   71.00
 2009 235    3.79   -3.46  137.76   71.14
 2009 236    3.79   -3.49  123.72   71.28
 2009 237    3.80   -3.52  109.67   71.42
 2009 238    3.80   -3.55   95.63   71.56
 2009 239    3.80   -3.58   81.59   71.70
 2009 240    3.80   -3.60   67.54   71.84
 2009 241    3.81   -3.63   53.50   71.98
 2009 242    3.81   -3.66   39.45   72.12
 2009 243    3.81   -3.69   25.41   72.26
 2009 244    3.81   -3.72   11.36   72.40
 2009 245    3.82   -3.75  357.32   72.53
 2009 246    3.82   -3.77  343.27   72.67
 2009 247    3.82   -3.80  329.22   72.81
 2009 248    3.82   -3.83  315.18   72.95
 2009 249    3.83   -3.86  301.13   73.09
 2009 250    3.83   -3.89  287.09   73.23
 2009 251    3.83   -3.91  273.04   73.37
 2009 252    3.83   -3.94  258.99   73.50
 2009 253    3.84   -3.97  244.95   73.64
 2009 254    3.84   -4.00  230.90   73.78
 2009 255    3.84   -4.03  216.85   73.92
 2009 256    3.84   -4.05  202.81   74.05
 2009 257    3.85   -4.08  188.76   74.19
 2009 258    3.85   -4.11  174.71   74.33
 2009 259    3.85   -4.14  160.66   74.46
 2009 260    3.85   -4.16  146.62   74.60
 2009 261    3.86   -4.19  132.57   74.74
 2009 262    3.86   -4.22  118.52   74.87
 2009 263    3.86   -4.25  104.47   75.01
 2009 264    3.86   -4.27   90.42   75.14
 2009 265    3.87   -4.30   76.37   75.28
 2009 266    3.87   -4.33   62.32   75.42
 2009 267    3.87   -4.35   48.28   75.55
 2009 268    3.87   -4.38   34.23   75.69
 2009 269    3.88   -4.41   20.18   75.82
 2009 270    3.88   -4.43    6.13   75.96
 2009 271    3.88   -4.46  352.08   76.09
 2009 272    3.88   -4.49  338.03   76.23
 2009 273    3.89   -4.51  323.98   76.36
 2009 274    3.89   -4.54  309.93   76.49
 2009 275    3.89   -4.57  295.88   76.63
 2009 276    3.89   -4.59  281.83   76.76
 2009 277    3.90   -4.62  267.78   76.90
 2009 278    3.90   -4.65  253.73   77.03
 2009 279    3.90   -4.67  239.67   77.16
 2009 280    3.90   -4.70  225.62   77.30
 2009 281    3.91   -4.73  211.57   77.43
 2009 282    3.91   -4.75  197.52   77.56
 2009 283    3.91   -4.78  183.47   77.69
 2009 284    3.91   -4.80  169.42   77.83
 2009 285    3.92   -4.83  155.36   77.96
 2009 286    3.92   -4.86  141.31   78.09
 2009 287    3.92   -4.88  127.26   78.22
 2009 288    3.92   -4.91  113.21   78.36
 2009 289    3.93   -4.93   99.15   78.49
 2009 290    3.93   -4.96   85.10   78.62
 2009 291    3.93   -4.98   71.05   78.75
 2009 292    3.94   -5.01   57.00   78.88
 2009 293    3.94   -5.04   42.94   79.01
 2009 294    3.94   -5.06   28.89   79.14
 2009 295    3.94   -5.09   14.84   79.27
 2009 296    3.95   -5.11    0.78   79.40
 2009 297    3.95   -5.14  346.73   79.54
 2009 298    3.95   -5.16  332.67   79.67
 2009 299    3.95   -5.19  318.62   79.80
 2009 300    3.96   -5.21  304.56   79.93
 2009 301    3.96   -5.24  290.51   80.06
 2009 302    3.96   -5.26  276.46   80.18
 2009 303    3.96   -5.29  262.40   80.31
 2009 304    3.97   -5.31  248.35   80.44
 2009 305    3.97   -5.34  234.29   80.57
 2009 306    3.97   -5.36  220.23   80.70
 2009 307    3.97   -5.39  206.18   80.83
 2009 308    3.98   -5.41  192.12   80.96
 2009 309    3.98   -5.44  178.07   81.09
 2009 310    3.98   -5.46  164.01   81.22
 2009 311    3.98   -5.48  149.96   81.34
 2009 312    3.99   -5.51  135.90   81.47
 2009 313    3.99   -5.53  121.84   81.60
 2009 314    3.99   -5.56  107.79   81.73
 2009 315    3.99   -5.58   93.73   81.86
 2009 316    4.00   -5.61   79.67   81.98
 2009 317    4.00   -5.63   65.61   82.11
 2009 318    4.00   -5.65   51.56   82.24
 2009 319    4.01   -5.68   37.50   82.36
 2009 320    4.01   -5.70   23.44   82.49
 2009 321    4.01   -5.72    9.38   82.62
 2009 322    4.01   -5.75  355.33   82.74
 2009 323    4.02   -5.77  341.27   82.87
 2009 324    4.02   -5.80  327.21   83.00
 2009 325    4.02   -5.82  313.15   83.12
 2009 326    4.02   -5.84  299.09   83.25
 2009 327    4.03   -5.87  285.03   83.37
 2009 328    4.03   -5.89  270.98   83.50
 2009 329    4.03   -5.91  256.92   83.63
 2009 330    4.03   -5.94  242.86   83.75
 2009 331    4.04   -5.96  228.80   83.88
 2009 332    4.04   -5.98  214.74   84.00
 2009 333    4.04   -6.01  200.68   84.13
 2009 334    4.05   -6.03  186.62   84.25
 2009 335    4.05   -6.05  172.56   84.37
 2009 336    4.05   -6.07  158.50   84.50
 2009 337    4.05   -6.10  144.44   84.62
 2009 338    4.06   -6.12  130.38   84.75
 2009 339    4.06   -6.14  116.32   84.87
 2009 340    4.06   -6.17  102.26   84.99
 2009 341    4.06   -6.19   88.20   85.12
 2009 342    4.07   -6.21   74.14   85.24
 2009 343    4.07   -6.23   60.07   85.36
 2009 344    4.07   -6.26   46.01   85.49
 2009 345    4.07   -6.28   31.95   85.61
 2009 346    4.08   -6.30   17.89   85.73
 2009 347    4.08   -6.32    3.83   85.86
 2009 348    4.08   -6.35  349.77   85.98
 2009 349    4.09   -6.37  335.70   86.10
 2009 350    4.09   -6.39  321.64   86.22
 2009 351    4.09   -6.41  307.58   86.34
 2009 352    4.09   -6.43  293.52   86.47
 2009 353    4.10   -6.46  279.45   86.59
 2009 354    4.10   -6.48  265.39   86.71
 2009 355    4.10   -6.50  251.33   86.83
 2009 356    4.10   -6.52  237.27   86.95
 2009 357    4.11   -6.54  223.20   87.07
 2009 358    4.11   -6.56  209.14   87.19
 2009 359    4.11   -6.59  195.08   87.32
 2009 360    4.11   -6.61  181.01   87.44
 2009 361    4.12   -6.63  166.95   87.56
 2009 362    4.12   -6.65  152.88   87.68
 2009 363    4.12   -6.67  138.82   87.80
 2009 364    4.13   -6.69  124.76   87.92
 2009 365    4.13   -6.71  110.69   88.04
 2010   1    4.13   -6.74   96.63   88.16
 2010   1    4.13   -6.76   82.56   88.28
 2010   2    4.14   -6.78   68.50   88.40
 2010   3    4.14   -6.80   54.43   88.52
 2010   4    4.14   -6.82   40.37   88.64
 2010   5    4.14   -6.84   26.30   88.75
 2010   6    4.15   -6.86   12.24   88.87
 2010   7    4.15   -6.88  358.17   88.99
 2010   8    4.15   -6.90  344.10   89.11
 2010   9    4.16   -6.92  330.04   89.23
 2010  10    4.16   -6.94  315.97   89.35
 2010  11    4.16   -6.97  301.91   89.47
 2010  12    4.16   -6.99  287.84   89.58
 2010  13    4.17   -7.01  273.77   89.70
 2010  14    4.17   -7.03  259.71   89.82
 2010  15    4.17   -7.05  245.64   89.94
 2010  16    4.17   -7.07  231.57   90.06
 2010  17    4.18   -7.09  217.51   90.17
 2010  18    4.18   -7.11  203.44   90.29
 2010  19    4.18   -7.13  189.37   90.41
 2010  20    4.19   -7.15  175.30   90.52
 2010  21    4.19   -7.17  161.24   90.64
 2010  22    4.19   -7.19  147.17   90.76
 2010  23    4.19   -7.21  133.10   90.87
 2010  24    4.20   -7.23  119.03   90.99
 2010  25    4.20   -7.25  104.97   91.11
 2010  26    4.20   -7.27   90.90   91.22
 2010  27    4.20   -7.29   76.83   91.34
 2010  28    4.21   -7.31   62.76   91.45
 2010  29    4.21   -7.33   48.69   91.57
 2010  30    4.21   -7.35   34.62   91.69
 2010  31    4.21   -7.36   20.55   91.80
 2010  32    4.22   -7.38    6.48   91.92
 2010  33    4.22   -7.40  352.42   92.03
 2010  34    4.22   -7.42  338.35   92.15
 2010  35    4.23   -7.44  324.28   92.26
 2010  36    4.23   -7.46  310.21   92.38
 2010  37    4.23   -7.48  296.14   92.49
 2010  38    4.23   -7.50  282.07   92.60
 2010  39    4.24   -7.52  268.00   92.72
 2010  40    4.24   -7.54  253.93   92.83
 2010  41    4.24   -7.56  239.86   92.95
 2010  42    4.24   -7.58  225.79   93.06
 2010  43    4.25   -7.59  211.72   93.18
 2010  44    4.25   -7.61  197.64   93.29
 2010  45    4.25   -7.63  183.57   93.40
 2010  46    4.26   -7.65  169.50   93.52
 2010  47    4.26   -7.67  155.43   93.63
 2010  48    4.26   -7.69  141.36   93.74
 2010  49    4.26   -7.71  127.29   93.85
 2010  50    4.27   -7.72  113.22   93.97
 2010  51    4.27   -7.74   99.15   94.08
 2010  52    4.27   -7.76   85.07   94.19
 2010  53    4.28   -7.78   71.00   94.31
 2010  54    4.28   -7.80   56.93   94.42
 2010  55    4.28   -7.82   42.86   94.53
 2010  56    4.28   -7.83   28.78   94.64
 2010  57    4.29   -7.85   14.71   94.75
 2010  58    4.29   -7.87    0.64   94.87
 2010  59    4.29   -7.89  346.57   94.98
 2010  60    4.29   -7.91  332.49   95.09
 2010  61    4.30   -7.92  318.42   95.20
 2010  62    4.30   -7.94  304.35   95.31
 2010  63    4.30   -7.96  290.27   95.42
 2010  64    4.31   -7.98  276.20   95.53
 2010  65    4.31   -7.99  262.13   95.64
 2010  66    4.31   -8.01  248.05   95.75
 2010  67    4.31   -8.03  233.98   95.86
 2010  68    4.32   -8.05  219.91   95.98
 2010  69    4.32   -8.06  205.83   96.09
 2010  70    4.32   -8.08  191.76   96.20
 2010  71    4.32   -8.10  177.68   96.31
 2010  72    4.33   -8.12  163.61   96.42
 2010  73    4.33   -8.13  149.53   96.53
 2010  74    4.33   -8.15  135.46   96.64
 2010  75    4.34   -8.17  121.38   96.74
 2010  76    4.34   -8.19  107.31   96.85
 2010  77    4.34   -8.20   93.23   96.96
 2010  78    4.34   -8.22   79.16   97.07
 2010  79    4.35   -8.24   65.08   97.18
 2010  80    4.35   -8.25   51.01   97.29
 2010  81    4.35   -8.27   36.93   97.40
 2010  82    4.35   -8.29   22.86   97.51
 2010  83    4.36   -8.30    8.78   97.62
 2010  84    4.36   -8.32  354.70   97.72
 2010  85    4.36   -8.34  340.63   97.83
 2010  86    4.37   -8.35  326.55   97.94
 2010  87    4.37   -8.37  312.48   98.05
 2010  88    4.37   -8.39  298.40   98.16
 2010  89    4.37   -8.40  284.32   98.26
 2010  90    4.38   -8.42  270.25   98.37
 2010  91    4.38   -8.44  256.17   98.48
 2010  92    4.38   -8.45  242.09   98.59
 2010  93    4.38   -8.47  228.01   98.69
 2010  94    4.39   -8.48  213.94   98.80
 2010  95    4.39   -8.50  199.86   98.91
 2010  96    4.39   -8.52  185.78   99.01
 2010  97    4.40   -8.53  171.70   99.12
 2010  98    4.40   -8.55  157.63   99.23
 2010  99    4.40   -8.56  143.55   99.33
 2010 100    4.40   -8.58  129.47   99.44
 2010 101    4.41   -8.60  115.39   99.55
 2010 102    4.41   -8.61  101.31   99.65
 2010 103    4.41   -8.63   87.24   99.76
 2010 104    4.41   -8.64   73.16   99.87
 2010 105    4.42   -8.66   59.08   99.97
 2010 106    4.42   -8.68   45.00  100.08
 2010 107    4.42   -8.69   30.92  100.18
 2010 108    4.43   -8.71   16.84  100.29
 2010 109    4.43   -8.72    2.76  100.39
 2010 110    4.43   -8.74  348.68  100.50
 2010 111    4.43   -8.75  334.60  100.60
 2010 112    4.44   -8.77  320.52  100.71
 2010 113    4.44   -8.78  306.44  100.81
 2010 114    4.44   -8.80  292.36  100.92
 2010 115    4.44   -8.81  278.29  101.02
 2010 116    4.45   -8.83  264.21  101.13
 2010 117    4.45   -8.84  250.13  101.23
 2010 118    4.45   -8.86  236.04  101.33
 2010 119    4.46   -8.87  221.96  101.44
 2010 120    4.46   -8.89  207.88  101.54
 2010 121    4.46   -8.90  193.80  101.65
 2010 122    4.46   -8.92  179.72  101.75
 2010 123    4.47   -8.93  165.64  101.85
 2010 124    4.47   -8.95  151.56  101.96
 2010 125    4.47   -8.96  137.48  102.06
 2010 126    4.47   -8.98  123.40  102.16
 2010 127    4.48   -8.99  109.32  102.27
 2010 128    4.48   -9.01   95.24  102.37
 2010 129    4.48   -9.02   81.15  102.47
 2010 130    4.49   -9.04   67.07  102.58
 2010 131    4.49   -9.05   52.99  102.68
 2010 132    4.49   -9.06   38.91  102.78
 2010 133    4.49   -9.08   24.83  102.88
 2010 134    4.50   -9.09   10.75  102.99
 2010 135    4.50   -9.11  356.66  103.09
 2010 136    4.50   -9.12  342.58  103.19
 2010 137    4.50   -9.14  328.50  103.29
 2010 138    4.51   -9.15  314.42  103.39
 2010 139    4.51   -9.16  300.33  103.49
 2010 140    4.51   -9.18  286.25  103.60
 2010 141    4.52   -9.19  272.17  103.70
 2010 142    4.52   -9.21  258.08  103.80
 2010 143    4.52   -9.22  244.00  103.90
 2010 144    4.52   -9.23  229.92  104.00
 2010 145    4.53   -9.25  215.83  104.10
 2010 146    4.53   -9.26  201.75  104.20
 2010 147    4.53   -9.27  187.67  104.30
 2010 148    4.53   -9.29  173.58  104.41
 2010 149    4.54   -9.30  159.50  104.51
 2010 150    4.54   -9.31  145.42  104.61
 2010 151    4.54   -9.33  131.33  104.71
 2010 152    4.55   -9.34  117.25  104.81
 2010 153    4.55   -9.36  103.16  104.91
 2010 154    4.55   -9.37   89.08  105.01
 2010 155    4.55   -9.38   74.99  105.11
 2010 156    4.56   -9.40   60.91  105.21
 2010 157    4.56   -9.41   46.82  105.31
 2010 158    4.56   -9.42   32.74  105.41
 2010 159    4.56   -9.43   18.65  105.51
 2010 160    4.57   -9.45    4.57  105.60
 2010 161    4.57   -9.46  350.48  105.70
 2010 162    4.57   -9.47  336.40  105.80
 2010 163    4.58   -9.49  322.31  105.90
 2010 164    4.58   -9.50  308.23  106.00
 2010 165    4.58   -9.51  294.14  106.10
 2010 166    4.58   -9.53  280.06  106.20
 2010 167    4.59   -9.54  265.97  106.30
 2010 168    4.59   -9.55  251.89  106.40
 2010 169    4.59   -9.56  237.80  106.49
 2010 170    4.59   -9.58  223.71  106.59
 2010 171    4.60   -9.59  209.63  106.69
 2010 172    4.60   -9.60  195.54  106.79
 2010 173    4.60   -9.61  181.45  106.89
 2010 174    4.61   -9.63  167.37  106.98
 2010 175    4.61   -9.64  153.28  107.08
 2010 176    4.61   -9.65  139.19  107.18
 2010 177    4.61   -9.66  125.11  107.28
 2010 178    4.62   -9.68  111.02  107.37
 2010 179    4.62   -9.69   96.93  107.47
 2010 180    4.62   -9.70   82.85  107.57
 2010 181    4.62   -9.71   68.76  107.67
 2010 182    4.63   -9.73   54.67  107.76
 2010 183    4.63   -9.74   40.58  107.86
 2010 184    4.63   -9.75   26.50  107.96
 2010 185    4.64   -9.76   12.41  108.05
 2010 186    4.64   -9.77  358.32  108.15
 2010 187    4.64   -9.79  344.23  108.25
 2010 189    4.64   -9.80  330.14  108.34
 2010 190    4.65   -9.81  316.06  108.44
 2010 191    4.65   -9.82  301.97  108.53
 2010 192    4.65   -9.83  287.88  108.63
 2010 193    4.65   -9.85  273.79  108.73
 2010 194    4.66   -9.86  259.70  108.82
 2010 195    4.66   -9.87  245.61  108.92
 2010 196    4.66   -9.88  231.52  109.01
 2010 197    4.66   -9.89  217.44  109.11
 2010 198    4.67   -9.90  203.35  109.20
 2010 199    4.67   -9.92  189.26  109.30
 2010 200    4.67   -9.93  175.17  109.39
 2010 201    4.68   -9.94  161.08  109.49
 2010 202    4.68   -9.95  146.99  109.58
 2010 203    4.68   -9.96  132.90  109.68
 2010 204    4.68   -9.97  118.81  109.77
 2010 205    4.69   -9.98  104.72  109.87
 2010 206    4.69   -9.99   90.63  109.96
 2010 207    4.69  -10.01   76.54  110.06
 2010 208    4.69  -10.02   62.45  110.15
 2010 209    4.70  -10.03   48.36  110.25
 2010 210    4.70  -10.04   34.27  110.34
 2010 211    4.70  -10.05   20.18  110.43
 2010 212    4.71  -10.06    6.09  110.53
 2010 213    4.71  -10.07  352.00  110.62
 2010 214    4.71  -10.08  337.91  110.72
 2010 215    4.71  -10.09  323.82  110.81
 2010 216    4.72  -10.11  309.73  110.90
 2010 217    4.72  -10.12  295.64  111.00
 2010 218    4.72  -10.13  281.54  111.09
 2010 219    4.72  -10.14  267.45  111.18
 2010 220    4.73  -10.15  253.36  111.28
 2010 221    4.73  -10.16  239.27  111.37
 2010 222    4.73  -10.17  225.18  111.46
 2010 223    4.73  -10.18  211.09  111.56
 2010 224    4.74  -10.19  197.00  111.65
 2010 225    4.74  -10.20  182.90  111.74
 2010 226    4.74  -10.21  168.81  111.83
 2010 227    4.75  -10.22  154.72  111.93
 2010 228    4.75  -10.23  140.63  112.02
 2010 229    4.75  -10.24  126.54  112.11
 2010 230    4.75  -10.25  112.44  112.20
 2010 231    4.76  -10.26   98.35  112.29
 2010 232    4.76  -10.27   84.26  112.39
 2010 233    4.76  -10.28   70.17  112.48
 2010 234    4.76  -10.29   56.07  112.57
 2010 235    4.77  -10.30   41.98  112.66
 2010 236    4.77  -10.31   27.89  112.75
 2010 237    4.77  -10.32   13.80  112.84
 2010 238    4.77  -10.33  359.70  112.94
 2010 239    4.78  -10.34  345.61  113.03
 2010 240    4.78  -10.35  331.52  113.12
 2010 241    4.78  -10.36  317.42  113.21
 2010 242    4.79  -10.37  303.33  113.30
 2010 243    4.79  -10.38  289.24  113.39
 2010 244    4.79  -10.39  275.14  113.48
 2010 245    4.79  -10.40  261.05  113.57
 2010 246    4.80  -10.41  246.96  113.66
 2010 247    4.80  -10.42  232.86  113.75
 2010 248    4.80  -10.43  218.77  113.84
 2010 249    4.80  -10.44  204.67  113.94
 2010 250    4.81  -10.45  190.58  114.03
 2010 251    4.81  -10.46  176.49  114.12
 2010 252    4.81  -10.47  162.39  114.21
 2010 253    4.81  -10.48  148.30  114.30
 2010 254    4.82  -10.49  134.20  114.39
 2010 255    4.82  -10.50  120.11  114.48
 2010 256    4.82  -10.51  106.01  114.57
 2010 257    4.82  -10.52   91.92  114.65
 2010 258    4.83  -10.53   77.82  114.74
 2010 259    4.83  -10.54   63.73  114.83
 2010 260    4.83  -10.55   49.63  114.92
 2010 261    4.84  -10.56   35.54  115.01
 2010 262    4.84  -10.56   21.44  115.10
 2010 263    4.84  -10.57    7.35  115.19
 2010 264    4.84  -10.58  353.25  115.28
 2010 265    4.85  -10.59  339.16  115.37
 2010 266    4.85  -10.60  325.06  115.46
 2010 267    4.85  -10.61  310.97  115.55
 2010 268    4.85  -10.62  296.87  115.63
 2010 269    4.86  -10.63  282.77  115.72
 2010 270    4.86  -10.64  268.68  115.81
 2010 271    4.86  -10.65  254.58  115.90
 2010 272    4.86  -10.65  240.49  115.99
 2010 273    4.87  -10.66  226.39  116.08
 2010 274    4.87  -10.67  212.29  116.16
 2010 275    4.87  -10.68  198.20  116.25
 2010 276    4.87  -10.69  184.10  116.34
 2010 277    4.88  -10.70  170.00  116.43
 2010 278    4.88  -10.71  155.91  116.52
 2010 279    4.88  -10.71  141.81  116.60
 2010 280    4.88  -10.72  127.71  116.69
 2010 281    4.89  -10.73  113.62  116.78
 2010 282    4.89  -10.74   99.52  116.87
 2010 283    4.89  -10.75   85.42  116.95
 2010 284    4.90  -10.76   71.32  117.04
 2010 285    4.90  -10.77   57.23  117.13
 2010 286    4.90  -10.77   43.13  117.21
 2010 287    4.90  -10.78   29.03  117.30
 2010 288    4.91  -10.79   14.93  117.39
 2010 289    4.91  -10.80    0.84  117.47
 2010 290    4.91  -10.81  346.74  117.56
 2010 291    4.91  -10.82  332.64  117.65
 2010 292    4.92  -10.82  318.54  117.73
 2010 293    4.92  -10.83  304.45  117.82
 2010 294    4.92  -10.84  290.35  117.91
 2010 295    4.92  -10.85  276.25  117.99
 2010 296    4.93  -10.86  262.15  118.08
 2010 297    4.93  -10.86  248.05  118.17
 2010 298    4.93  -10.87  233.95  118.25
 2010 299    4.93  -10.88  219.86  118.34
 2010 300    4.94  -10.89  205.76  118.42
 2010 301    4.94  -10.90  191.66  118.51
 2010 302    4.94  -10.90  177.56  118.59
 2010 303    4.94  -10.91  163.46  118.68
 2010 304    4.95  -10.92  149.36  118.77
 2010 305    4.95  -10.93  135.26  118.85
 2010 306    4.95  -10.93  121.16  118.94
 2010 307    4.95  -10.94  107.06  119.02
 2010 308    4.96  -10.95   92.97  119.11
 2010 309    4.96  -10.96   78.87  119.19
 2010 310    4.96  -10.96   64.77  119.28
 2010 311    4.96  -10.97   50.67  119.36
 2010 312    4.97  -10.98   36.57  119.45
 2010 313    4.97  -10.99   22.47  119.53
 2010 314    4.97  -10.99    8.37  119.62
 2010 315    4.98  -11.00  354.27  119.70
 2010 316    4.98  -11.01  340.17  119.78
 2010 317    4.98  -11.02  326.07  119.87
 2010 318    4.98  -11.02  311.97  119.95
 2010 319    4.99  -11.03  297.87  120.04
 2010 320    4.99  -11.04  283.77  120.12
 2010 321    4.99  -11.05  269.67  120.21
 2010 322    4.99  -11.05  255.57  120.29
 2010 323    5.00  -11.06  241.47  120.37
 2010 324    5.00  -11.07  227.37  120.46
 2010 325    5.00  -11.07  213.27  120.54
 2010 326    5.00  -11.08  199.16  120.62
 2010 327    5.01  -11.09  185.06  120.71
 2010 328    5.01  -11.10  170.96  120.79
 2010 329    5.01  -11.10  156.86  120.87
 2010 330    5.01  -11.11  142.76  120.96
 2010 331    5.02  -11.12  128.66  121.04
 2010 332    5.02  -11.12  114.56  121.12
 2010 333    5.02  -11.13  100.46  121.21
 2010 334    5.02  -11.14   86.36  121.29
 2010 335    5.03  -11.14   72.25  121.37
 2010 336    5.03  -11.15   58.15  121.46
 2010 337    5.03  -11.16   44.05  121.54
 2010 338    5.03  -11.16   29.95  121.62
 2010 339    5.04  -11.17   15.85  121.70
 2010 340    5.04  -11.18    1.75  121.79
 2010 341    5.04  -11.18  347.64  121.87
 2010 342    5.04  -11.19  333.54  121.95
 2010 343    5.05  -11.20  319.44  122.03
 2010 344    5.05  -11.20  305.34  122.12
 2010 345    5.05  -11.21  291.23  122.20
 2010 346    5.05  -11.22  277.13  122.28
 2010 347    5.06  -11.22  263.03  122.36
 2010 348    5.06  -11.23  248.93  122.44
 2010 349    5.06  -11.24  234.83  122.53
 2010 350    5.06  -11.24  220.72  122.61
 2010 351    5.07  -11.25  206.62  122.69
 2010 352    5.07  -11.26  192.52  122.77
 2010 353    5.07  -11.26  178.41  122.85
 2010 354    5.07  -11.27  164.31  122.93
 2010 355    5.08  -11.27  150.21  123.02
 2010 356    5.08  -11.28  136.11  123.10
 2010 357    5.08  -11.29  122.00  123.18
 2010 358    5.08  -11.29  107.90  123.26
 2010 359    5.09  -11.30   93.80  123.34
 2010 360    5.09  -11.31   79.69  123.42
 2010 361    5.09  -11.31   65.59  123.50
 2010 362    5.09  -11.32   51.48  123.58
 2010 363    5.10  -11.32   37.38  123.66
 2010 364    5.10  -11.33   23.28  123.74
 2010 365    5.10  -11.34    9.17  123.83
