 YYYY DOY     AU    HG_LAT  HG_LON  HGI_LON   from orbital elements with epoch: 2009-Dec-6.0204 
 2007   1    4.94  -10.06  183.15  108.58
 2007   2    4.94  -10.07  169.04  108.65
 2007   3    4.94  -10.09  154.92  108.72
 2007   4    4.94  -10.11  140.81  108.80
 2007   5    4.94  -10.12  126.70  108.87
 2007   6    4.94  -10.14  112.59  108.94
 2007   7    4.94  -10.16   98.47  109.01
 2007   8    4.94  -10.17   84.36  109.08
 2007   9    4.94  -10.19   70.25  109.16
 2007  10    4.93  -10.21   56.14  109.23
 2007  11    4.93  -10.22   42.02  109.30
 2007  12    4.93  -10.24   27.91  109.37
 2007  13    4.93  -10.25   13.80  109.44
 2007  14    4.93  -10.27  359.69  109.52
 2007  15    4.93  -10.29  345.58  109.59
 2007  16    4.93  -10.30  331.46  109.66
 2007  17    4.93  -10.32  317.35  109.73
 2007  18    4.93  -10.34  303.24  109.81
 2007  19    4.92  -10.35  289.13  109.88
 2007  20    4.92  -10.37  275.02  109.95
 2007  21    4.92  -10.39  260.91  110.02
 2007  22    4.92  -10.40  246.79  110.10
 2007  23    4.92  -10.42  232.68  110.17
 2007  24    4.92  -10.43  218.57  110.24
 2007  25    4.92  -10.45  204.46  110.32
 2007  26    4.92  -10.47  190.35  110.39
 2007  27    4.92  -10.48  176.24  110.46
 2007  28    4.91  -10.50  162.12  110.53
 2007  29    4.91  -10.52  148.01  110.61
 2007  30    4.91  -10.53  133.90  110.68
 2007  31    4.91  -10.55  119.79  110.75
 2007  32    4.91  -10.56  105.68  110.83
 2007  33    4.91  -10.58   91.57  110.90
 2007  34    4.91  -10.60   77.46  110.97
 2007  35    4.91  -10.61   63.34  111.05
 2007  36    4.91  -10.63   49.23  111.12
 2007  37    4.90  -10.64   35.12  111.19
 2007  38    4.90  -10.66   21.01  111.27
 2007  39    4.90  -10.68    6.90  111.34
 2007  40    4.90  -10.69  352.79  111.41
 2007  41    4.90  -10.71  338.68  111.49
 2007  42    4.90  -10.72  324.57  111.56
 2007  43    4.90  -10.74  310.46  111.63
 2007  44    4.90  -10.76  296.35  111.71
 2007  45    4.90  -10.77  282.23  111.78
 2007  46    4.89  -10.79  268.12  111.85
 2007  47    4.89  -10.81  254.01  111.93
 2007  48    4.89  -10.82  239.90  112.00
 2007  49    4.89  -10.84  225.79  112.07
 2007  50    4.89  -10.85  211.68  112.15
 2007  51    4.89  -10.87  197.57  112.22
 2007  52    4.89  -10.89  183.46  112.30
 2007  53    4.89  -10.90  169.35  112.37
 2007  54    4.88  -10.92  155.24  112.44
 2007  55    4.88  -10.93  141.13  112.52
 2007  56    4.88  -10.95  127.02  112.59
 2007  57    4.88  -10.96  112.91  112.67
 2007  58    4.88  -10.98   98.80  112.74
 2007  59    4.88  -11.00   84.69  112.82
 2007  60    4.88  -11.01   70.58  112.89
 2007  61    4.88  -11.03   56.47  112.96
 2007  62    4.87  -11.04   42.36  113.04
 2007  63    4.87  -11.06   28.25  113.11
 2007  64    4.87  -11.08   14.14  113.19
 2007  65    4.87  -11.09    0.03  113.26
 2007  66    4.87  -11.11  345.92  113.34
 2007  67    4.87  -11.12  331.81  113.41
 2007  68    4.87  -11.14  317.70  113.49
 2007  69    4.87  -11.16  303.59  113.56
 2007  70    4.86  -11.17  289.48  113.63
 2007  71    4.86  -11.19  275.37  113.71
 2007  72    4.86  -11.20  261.26  113.78
 2007  73    4.86  -11.22  247.15  113.86
 2007  74    4.86  -11.23  233.04  113.93
 2007  75    4.86  -11.25  218.93  114.01
 2007  76    4.86  -11.27  204.82  114.08
 2007  77    4.85  -11.28  190.71  114.16
 2007  78    4.85  -11.30  176.60  114.23
 2007  79    4.85  -11.31  162.50  114.31
 2007  80    4.85  -11.33  148.39  114.39
 2007  81    4.85  -11.34  134.28  114.46
 2007  82    4.85  -11.36  120.17  114.54
 2007  83    4.85  -11.38  106.06  114.61
 2007  84    4.85  -11.39   91.95  114.69
 2007  85    4.84  -11.41   77.84  114.76
 2007  86    4.84  -11.42   63.73  114.84
 2007  87    4.84  -11.44   49.62  114.91
 2007  88    4.84  -11.45   35.51  114.99
 2007  89    4.84  -11.47   21.41  115.06
 2007  90    4.84  -11.49    7.30  115.14
 2007  91    4.84  -11.50  353.19  115.22
 2007  92    4.83  -11.52  339.08  115.29
 2007  93    4.83  -11.53  324.97  115.37
 2007  94    4.83  -11.55  310.86  115.44
 2007  95    4.83  -11.56  296.76  115.52
 2007  96    4.83  -11.58  282.65  115.60
 2007  97    4.83  -11.59  268.54  115.67
 2007  98    4.83  -11.61  254.43  115.75
 2007  99    4.82  -11.63  240.32  115.82
 2007 100    4.82  -11.64  226.21  115.90
 2007 101    4.82  -11.66  212.11  115.98
 2007 102    4.82  -11.67  198.00  116.05
 2007 103    4.82  -11.69  183.89  116.13
 2007 104    4.82  -11.70  169.78  116.21
 2007 105    4.82  -11.72  155.67  116.28
 2007 106    4.81  -11.73  141.57  116.36
 2007 107    4.81  -11.75  127.46  116.44
 2007 108    4.81  -11.76  113.35  116.51
 2007 109    4.81  -11.78   99.24  116.59
 2007 110    4.81  -11.79   85.14  116.67
 2007 111    4.81  -11.81   71.03  116.74
 2007 112    4.81  -11.83   56.92  116.82
 2007 113    4.80  -11.84   42.81  116.90
 2007 114    4.80  -11.86   28.71  116.97
 2007 115    4.80  -11.87   14.60  117.05
 2007 116    4.80  -11.89    0.49  117.13
 2007 117    4.80  -11.90  346.38  117.21
 2007 118    4.80  -11.92  332.28  117.28
 2007 119    4.80  -11.93  318.17  117.36
 2007 120    4.79  -11.95  304.06  117.44
 2007 121    4.79  -11.96  289.96  117.52
 2007 122    4.79  -11.98  275.85  117.59
 2007 123    4.79  -11.99  261.74  117.67
 2007 124    4.79  -12.01  247.64  117.75
 2007 125    4.79  -12.02  233.53  117.83
 2007 126    4.78  -12.04  219.42  117.90
 2007 127    4.78  -12.05  205.32  117.98
 2007 128    4.78  -12.07  191.21  118.06
 2007 129    4.78  -12.09  177.10  118.14
 2007 130    4.78  -12.10  163.00  118.22
 2007 131    4.78  -12.12  148.89  118.29
 2007 132    4.78  -12.13  134.78  118.37
 2007 133    4.77  -12.15  120.68  118.45
 2007 134    4.77  -12.16  106.57  118.53
 2007 135    4.77  -12.18   92.47  118.61
 2007 136    4.77  -12.19   78.36  118.68
 2007 137    4.77  -12.21   64.25  118.76
 2007 138    4.77  -12.22   50.15  118.84
 2007 139    4.76  -12.24   36.04  118.92
 2007 140    4.76  -12.25   21.94  119.00
 2007 141    4.76  -12.27    7.83  119.08
 2007 142    4.76  -12.28  353.72  119.16
 2007 143    4.76  -12.30  339.62  119.23
 2007 144    4.76  -12.31  325.51  119.31
 2007 145    4.75  -12.33  311.41  119.39
 2007 146    4.75  -12.34  297.30  119.47
 2007 147    4.75  -12.36  283.20  119.55
 2007 148    4.75  -12.37  269.09  119.63
 2007 149    4.75  -12.39  254.99  119.71
 2007 150    4.75  -12.40  240.88  119.79
 2007 151    4.75  -12.42  226.78  119.87
 2007 152    4.74  -12.43  212.67  119.95
 2007 153    4.74  -12.45  198.57  120.03
 2007 154    4.74  -12.46  184.46  120.11
 2007 155    4.74  -12.47  170.36  120.18
 2007 156    4.74  -12.49  156.25  120.26
 2007 157    4.74  -12.50  142.15  120.34
 2007 158    4.73  -12.52  128.04  120.42
 2007 159    4.73  -12.53  113.94  120.50
 2007 160    4.73  -12.55   99.83  120.58
 2007 161    4.73  -12.56   85.73  120.66
 2007 162    4.73  -12.58   71.62  120.74
 2007 163    4.73  -12.59   57.52  120.82
 2007 164    4.72  -12.61   43.42  120.90
 2007 165    4.72  -12.62   29.31  120.98
 2007 166    4.72  -12.64   15.21  121.06
 2007 167    4.72  -12.65    1.10  121.14
 2007 168    4.72  -12.67  347.00  121.22
 2007 169    4.71  -12.68  332.89  121.31
 2007 170    4.71  -12.70  318.79  121.39
 2007 171    4.71  -12.71  304.69  121.47
 2007 172    4.71  -12.73  290.58  121.55
 2007 173    4.71  -12.74  276.48  121.63
 2007 174    4.71  -12.75  262.38  121.71
 2007 175    4.70  -12.77  248.27  121.79
 2007 176    4.70  -12.78  234.17  121.87
 2007 177    4.70  -12.80  220.07  121.95
 2007 178    4.70  -12.81  205.96  122.03
 2007 179    4.70  -12.83  191.86  122.11
 2007 180    4.70  -12.84  177.76  122.19
 2007 181    4.69  -12.86  163.65  122.28
 2007 182    4.69  -12.87  149.55  122.36
 2007 183    4.69  -12.89  135.45  122.44
 2007 184    4.69  -12.90  121.34  122.52
 2007 185    4.69  -12.91  107.24  122.60
 2007 186    4.69  -12.93   93.14  122.68
 2007 187    4.68  -12.94   79.04  122.76
 2007 188    4.68  -12.96   64.93  122.85
 2007 189    4.68  -12.97   50.83  122.93
 2007 190    4.68  -12.99   36.73  123.01
 2007 191    4.68  -13.00   22.63  123.09
 2007 192    4.67  -13.01    8.52  123.17
 2007 193    4.67  -13.03  354.42  123.26
 2007 194    4.67  -13.04  340.32  123.34
 2007 195    4.67  -13.06  326.22  123.42
 2007 196    4.67  -13.07  312.11  123.50
 2007 197    4.67  -13.09  298.01  123.59
 2007 198    4.66  -13.10  283.91  123.67
 2007 199    4.66  -13.11  269.81  123.75
 2007 200    4.66  -13.13  255.71  123.83
 2007 201    4.66  -13.14  241.61  123.92
 2007 202    4.66  -13.16  227.50  124.00
 2007 203    4.65  -13.17  213.40  124.08
 2007 204    4.65  -13.19  199.30  124.17
 2007 205    4.65  -13.20  185.20  124.25
 2007 206    4.65  -13.21  171.10  124.33
 2007 207    4.65  -13.23  157.00  124.41
 2007 208    4.65  -13.24  142.90  124.50
 2007 209    4.64  -13.26  128.79  124.58
 2007 210    4.64  -13.27  114.69  124.66
 2007 211    4.64  -13.28  100.59  124.75
 2007 212    4.64  -13.30   86.49  124.83
 2007 213    4.64  -13.31   72.39  124.92
 2007 214    4.63  -13.33   58.29  125.00
 2007 215    4.63  -13.34   44.19  125.08
 2007 216    4.63  -13.35   30.09  125.17
 2007 217    4.63  -13.37   15.99  125.25
 2007 218    4.63  -13.38    1.89  125.33
 2007 219    4.62  -13.40  347.79  125.42
 2007 220    4.62  -13.41  333.69  125.50
 2007 221    4.62  -13.42  319.59  125.59
 2007 222    4.62  -13.44  305.49  125.67
 2007 223    4.62  -13.45  291.39  125.76
 2007 224    4.61  -13.46  277.29  125.84
 2007 225    4.61  -13.48  263.19  125.93
 2007 226    4.61  -13.49  249.09  126.01
 2007 227    4.61  -13.51  234.99  126.09
 2007 228    4.61  -13.52  220.89  126.18
 2007 229    4.60  -13.53  206.79  126.26
 2007 230    4.60  -13.55  192.69  126.35
 2007 231    4.60  -13.56  178.59  126.43
 2007 232    4.60  -13.57  164.49  126.52
 2007 233    4.60  -13.59  150.39  126.60
 2007 234    4.59  -13.60  136.29  126.69
 2007 235    4.59  -13.62  122.19  126.78
 2007 236    4.59  -13.63  108.10  126.86
 2007 237    4.59  -13.64   94.00  126.95
 2007 238    4.59  -13.66   79.90  127.03
 2007 239    4.58  -13.67   65.80  127.12
 2007 240    4.58  -13.68   51.70  127.20
 2007 241    4.58  -13.70   37.60  127.29
 2007 242    4.58  -13.71   23.50  127.38
 2007 243    4.58  -13.72    9.41  127.46
 2007 244    4.57  -13.74  355.31  127.55
 2007 245    4.57  -13.75  341.21  127.63
 2007 246    4.57  -13.76  327.11  127.72
 2007 247    4.57  -13.78  313.01  127.81
 2007 248    4.57  -13.79  298.92  127.89
 2007 249    4.56  -13.81  284.82  127.98
 2007 250    4.56  -13.82  270.72  128.07
 2007 251    4.56  -13.83  256.62  128.15
 2007 252    4.56  -13.85  242.53  128.24
 2007 253    4.56  -13.86  228.43  128.33
 2007 254    4.55  -13.87  214.33  128.41
 2007 255    4.55  -13.89  200.23  128.50
 2007 256    4.55  -13.90  186.14  128.59
 2007 257    4.55  -13.91  172.04  128.68
 2007 258    4.55  -13.92  157.94  128.76
 2007 259    4.54  -13.94  143.85  128.85
 2007 260    4.54  -13.95  129.75  128.94
 2007 261    4.54  -13.96  115.65  129.03
 2007 262    4.54  -13.98  101.56  129.11
 2007 263    4.54  -13.99   87.46  129.20
 2007 264    4.53  -14.00   73.36  129.29
 2007 265    4.53  -14.02   59.27  129.38
 2007 266    4.53  -14.03   45.17  129.47
 2007 267    4.53  -14.04   31.07  129.55
 2007 268    4.53  -14.06   16.98  129.64
 2007 269    4.52  -14.07    2.88  129.73
 2007 270    4.52  -14.08  348.79  129.82
 2007 271    4.52  -14.09  334.69  129.91
 2007 272    4.52  -14.11  320.59  130.00
 2007 273    4.51  -14.12  306.50  130.09
 2007 274    4.51  -14.13  292.40  130.17
 2007 275    4.51  -14.15  278.31  130.26
 2007 276    4.51  -14.16  264.21  130.35
 2007 277    4.51  -14.17  250.12  130.44
 2007 278    4.50  -14.19  236.02  130.53
 2007 279    4.50  -14.20  221.93  130.62
 2007 280    4.50  -14.21  207.83  130.71
 2007 281    4.50  -14.22  193.74  130.80
 2007 282    4.50  -14.24  179.64  130.89
 2007 283    4.49  -14.25  165.55  130.98
 2007 284    4.49  -14.26  151.45  131.07
 2007 285    4.49  -14.27  137.36  131.16
 2007 286    4.49  -14.29  123.26  131.25
 2007 287    4.48  -14.30  109.17  131.34
 2007 288    4.48  -14.31   95.08  131.43
 2007 289    4.48  -14.32   80.98  131.52
 2007 290    4.48  -14.34   66.89  131.61
 2007 291    4.48  -14.35   52.79  131.70
 2007 292    4.47  -14.36   38.70  131.79
 2007 293    4.47  -14.38   24.61  131.88
 2007 294    4.47  -14.39   10.51  131.97
 2007 295    4.47  -14.40  356.42  132.06
 2007 296    4.46  -14.41  342.33  132.16
 2007 297    4.46  -14.42  328.23  132.25
 2007 298    4.46  -14.44  314.14  132.34
 2007 299    4.46  -14.45  300.05  132.43
 2007 300    4.46  -14.46  285.95  132.52
 2007 301    4.45  -14.47  271.86  132.61
 2007 302    4.45  -14.49  257.77  132.70
 2007 303    4.45  -14.50  243.68  132.80
 2007 304    4.45  -14.51  229.58  132.89
 2007 305    4.44  -14.52  215.49  132.98
 2007 306    4.44  -14.54  201.40  133.07
 2007 307    4.44  -14.55  187.31  133.16
 2007 308    4.44  -14.56  173.21  133.26
 2007 309    4.43  -14.57  159.12  133.35
 2007 310    4.43  -14.58  145.03  133.44
 2007 311    4.43  -14.60  130.94  133.53
 2007 312    4.43  -14.61  116.85  133.63
 2007 313    4.43  -14.62  102.75  133.72
 2007 314    4.42  -14.63   88.66  133.81
 2007 315    4.42  -14.64   74.57  133.90
 2007 316    4.42  -14.66   60.48  134.00
 2007 317    4.42  -14.67   46.39  134.09
 2007 318    4.41  -14.68   32.30  134.18
 2007 319    4.41  -14.69   18.21  134.28
 2007 320    4.41  -14.70    4.12  134.37
 2007 321    4.41  -14.72  350.03  134.46
 2007 322    4.40  -14.73  335.94  134.56
 2007 323    4.40  -14.74  321.84  134.65
 2007 324    4.40  -14.75  307.75  134.75
 2007 325    4.40  -14.76  293.66  134.84
 2007 326    4.40  -14.77  279.57  134.93
 2007 327    4.39  -14.79  265.48  135.03
 2007 328    4.39  -14.80  251.39  135.12
 2007 329    4.39  -14.81  237.30  135.22
 2007 330    4.39  -14.82  223.21  135.31
 2007 331    4.38  -14.83  209.12  135.41
 2007 332    4.38  -14.84  195.04  135.50
 2007 333    4.38  -14.86  180.95  135.60
 2007 334    4.38  -14.87  166.86  135.69
 2007 335    4.37  -14.88  152.77  135.79
 2007 336    4.37  -14.89  138.68  135.88
 2007 337    4.37  -14.90  124.59  135.98
 2007 338    4.37  -14.91  110.50  136.07
 2007 339    4.36  -14.92   96.41  136.17
 2007 340    4.36  -14.94   82.32  136.27
 2007 341    4.36  -14.95   68.24  136.36
 2007 342    4.36  -14.96   54.15  136.46
 2007 343    4.35  -14.97   40.06  136.55
 2007 344    4.35  -14.98   25.97  136.65
 2007 345    4.35  -14.99   11.88  136.75
 2007 346    4.35  -15.00  357.79  136.84
 2007 347    4.35  -15.01  343.71  136.94
 2007 348    4.34  -15.03  329.62  137.04
 2007 349    4.34  -15.04  315.53  137.13
 2007 350    4.34  -15.05  301.44  137.23
 2007 351    4.34  -15.06  287.36  137.33
 2007 352    4.33  -15.07  273.27  137.42
 2007 353    4.33  -15.08  259.18  137.52
 2007 354    4.33  -15.09  245.10  137.62
 2007 355    4.33  -15.10  231.01  137.72
 2007 356    4.32  -15.11  216.92  137.81
 2007 357    4.32  -15.12  202.84  137.91
 2007 358    4.32  -15.14  188.75  138.01
 2007 359    4.32  -15.15  174.66  138.11
 2007 360    4.31  -15.16  160.58  138.21
 2007 361    4.31  -15.17  146.49  138.31
 2007 362    4.31  -15.18  132.40  138.40
 2007 363    4.31  -15.19  118.32  138.50
 2007 364    4.30  -15.20  104.23  138.60
 2007 365    4.30  -15.21   90.15  138.70
 2008   1    4.30  -15.22   76.06  138.80
 2008   2    4.30  -15.23   61.98  138.90
 2008   3    4.29  -15.24   47.89  139.00
 2008   4    4.29  -15.25   33.81  139.10
 2008   5    4.29  -15.26   19.72  139.20
 2008   6    4.29  -15.27    5.64  139.30
 2008   7    4.28  -15.28  351.55  139.40
 2008   8    4.28  -15.29  337.47  139.49
 2008   9    4.28  -15.30  323.38  139.59
 2008  10    4.28  -15.31  309.30  139.69
 2008  11    4.27  -15.33  295.21  139.80
 2008  12    4.27  -15.34  281.13  139.90
 2008  13    4.27  -15.35  267.05  140.00
 2008  14    4.27  -15.36  252.96  140.10
 2008  15    4.26  -15.37  238.88  140.20
 2008  16    4.26  -15.38  224.80  140.30
 2008  17    4.26  -15.39  210.71  140.40
 2008  18    4.25  -15.40  196.63  140.50
 2008  19    4.25  -15.41  182.55  140.60
 2008  20    4.25  -15.42  168.46  140.70
 2008  21    4.25  -15.43  154.38  140.80
 2008  22    4.24  -15.44  140.30  140.91
 2008  23    4.24  -15.45  126.21  141.01
 2008  24    4.24  -15.46  112.13  141.11
 2008  25    4.24  -15.47   98.05  141.21
 2008  26    4.23  -15.48   83.97  141.31
 2008  27    4.23  -15.48   69.89  141.42
 2008  28    4.23  -15.49   55.80  141.52
 2008  29    4.23  -15.50   41.72  141.62
 2008  30    4.22  -15.51   27.64  141.72
 2008  31    4.22  -15.52   13.56  141.83
 2008  32    4.22  -15.53  359.48  141.93
 2008  33    4.22  -15.54  345.40  142.03
 2008  34    4.21  -15.55  331.32  142.14
 2008  35    4.21  -15.56  317.23  142.24
 2008  36    4.21  -15.57  303.15  142.34
 2008  37    4.21  -15.58  289.07  142.45
 2008  38    4.20  -15.59  274.99  142.55
 2008  39    4.20  -15.60  260.91  142.66
 2008  40    4.20  -15.61  246.83  142.76
 2008  41    4.19  -15.62  232.75  142.86
 2008  42    4.19  -15.63  218.67  142.97
 2008  43    4.19  -15.64  204.59  143.07
 2008  44    4.19  -15.64  190.51  143.18
 2008  45    4.18  -15.65  176.43  143.28
 2008  46    4.18  -15.66  162.35  143.39
 2008  47    4.18  -15.67  148.27  143.49
 2008  48    4.18  -15.68  134.19  143.60
 2008  49    4.17  -15.69  120.12  143.70
 2008  50    4.17  -15.70  106.04  143.81
 2008  51    4.17  -15.71   91.96  143.91
 2008  52    4.16  -15.72   77.88  144.02
 2008  53    4.16  -15.73   63.80  144.13
 2008  54    4.16  -15.73   49.72  144.23
 2008  55    4.16  -15.74   35.65  144.34
 2008  56    4.15  -15.75   21.57  144.45
 2008  57    4.15  -15.76    7.49  144.55
 2008  58    4.15  -15.77  353.41  144.66
 2008  59    4.15  -15.78  339.33  144.77
 2008  60    4.14  -15.79  325.26  144.87
 2008  61    4.14  -15.79  311.18  144.98
 2008  62    4.14  -15.80  297.10  145.09
 2008  63    4.13  -15.81  283.03  145.20
 2008  64    4.13  -15.82  268.95  145.30
 2008  65    4.13  -15.83  254.87  145.41
 2008  66    4.13  -15.84  240.80  145.52
 2008  67    4.12  -15.84  226.72  145.63
 2008  68    4.12  -15.85  212.64  145.73
 2008  69    4.12  -15.86  198.57  145.84
 2008  70    4.12  -15.87  184.49  145.95
 2008  71    4.11  -15.88  170.42  146.06
 2008  72    4.11  -15.88  156.34  146.17
 2008  73    4.11  -15.89  142.27  146.28
 2008  74    4.10  -15.90  128.19  146.39
 2008  75    4.10  -15.91  114.12  146.50
 2008  76    4.10  -15.92  100.04  146.61
 2008  77    4.10  -15.92   85.97  146.72
 2008  78    4.09  -15.93   71.89  146.83
 2008  79    4.09  -15.94   57.82  146.94
 2008  80    4.09  -15.95   43.74  147.05
 2008  81    4.08  -15.95   29.67  147.16
 2008  82    4.08  -15.96   15.59  147.27
 2008  83    4.08  -15.97    1.52  147.38
 2008  84    4.08  -15.98  347.45  147.49
 2008  85    4.07  -15.98  333.37  147.60
 2008  86    4.07  -15.99  319.30  147.71
 2008  87    4.07  -16.00  305.23  147.82
 2008  88    4.06  -16.01  291.15  147.93
 2008  89    4.06  -16.01  277.08  148.05
 2008  90    4.06  -16.02  263.01  148.16
 2008  91    4.06  -16.03  248.94  148.27
 2008  92    4.05  -16.03  234.86  148.38
 2008  93    4.05  -16.04  220.79  148.49
 2008  94    4.05  -16.05  206.72  148.61
 2008  95    4.04  -16.05  192.65  148.72
 2008  96    4.04  -16.06  178.58  148.83
 2008  97    4.04  -16.07  164.51  148.94
 2008  98    4.04  -16.08  150.43  149.06
 2008  99    4.03  -16.08  136.36  149.17
 2008 100    4.03  -16.09  122.29  149.28
 2008 101    4.03  -16.10  108.22  149.40
 2008 102    4.02  -16.10   94.15  149.51
 2008 103    4.02  -16.11   80.08  149.63
 2008 104    4.02  -16.11   66.01  149.74
 2008 105    4.02  -16.12   51.94  149.85
 2008 106    4.01  -16.13   37.87  149.97
 2008 107    4.01  -16.13   23.80  150.08
 2008 108    4.01  -16.14    9.73  150.20
 2008 109    4.00  -16.15  355.66  150.31
 2008 110    4.00  -16.15  341.59  150.43
 2008 111    4.00  -16.16  327.52  150.54
 2008 112    4.00  -16.16  313.45  150.66
 2008 113    3.99  -16.17  299.39  150.78
 2008 114    3.99  -16.18  285.32  150.89
 2008 115    3.99  -16.18  271.25  151.01
 2008 116    3.98  -16.19  257.18  151.12
 2008 117    3.98  -16.19  243.11  151.24
 2008 118    3.98  -16.20  229.05  151.36
 2008 119    3.98  -16.21  214.98  151.47
 2008 120    3.97  -16.21  200.91  151.59
 2008 121    3.97  -16.22  186.84  151.71
 2008 122    3.97  -16.22  172.78  151.82
 2008 123    3.96  -16.23  158.71  151.94
 2008 124    3.96  -16.23  144.64  152.06
 2008 125    3.96  -16.24  130.58  152.18
 2008 126    3.95  -16.24  116.51  152.30
 2008 127    3.95  -16.25  102.44  152.41
 2008 128    3.95  -16.25   88.38  152.53
 2008 129    3.95  -16.26   74.31  152.65
 2008 130    3.94  -16.26   60.25  152.77
 2008 131    3.94  -16.27   46.18  152.89
 2008 132    3.94  -16.27   32.12  153.01
 2008 133    3.93  -16.28   18.05  153.13
 2008 134    3.93  -16.28    3.99  153.25
 2008 135    3.93  -16.29  349.92  153.37
 2008 136    3.92  -16.29  335.86  153.49
 2008 137    3.92  -16.30  321.79  153.61
 2008 138    3.92  -16.30  307.73  153.73
 2008 139    3.92  -16.31  293.66  153.85
 2008 140    3.91  -16.31  279.60  153.97
 2008 141    3.91  -16.32  265.54  154.09
 2008 142    3.91  -16.32  251.47  154.21
 2008 143    3.90  -16.32  237.41  154.33
 2008 144    3.90  -16.33  223.35  154.45
 2008 145    3.90  -16.33  209.28  154.57
 2008 146    3.89  -16.34  195.22  154.70
 2008 147    3.89  -16.34  181.16  154.82
 2008 148    3.89  -16.34  167.10  154.94
 2008 149    3.88  -16.35  153.04  155.06
 2008 150    3.88  -16.35  138.97  155.19
 2008 151    3.88  -16.36  124.91  155.31
 2008 152    3.88  -16.36  110.85  155.43
 2008 153    3.87  -16.36   96.79  155.56
 2008 154    3.87  -16.37   82.73  155.68
 2008 155    3.87  -16.37   68.67  155.80
 2008 156    3.86  -16.37   54.61  155.93
 2008 157    3.86  -16.38   40.55  156.05
 2008 158    3.86  -16.38   26.49  156.17
 2008 159    3.85  -16.38   12.43  156.30
 2008 160    3.85  -16.39  358.37  156.42
 2008 161    3.85  -16.39  344.31  156.55
 2008 162    3.84  -16.39  330.25  156.67
 2008 163    3.84  -16.39  316.19  156.80
 2008 164    3.84  -16.40  302.13  156.92
 2008 165    3.84  -16.40  288.07  157.05
 2008 166    3.83  -16.40  274.01  157.18
 2008 167    3.83  -16.41  259.96  157.30
 2008 168    3.83  -16.41  245.90  157.43
 2008 169    3.82  -16.41  231.84  157.55
 2008 170    3.82  -16.41  217.78  157.68
 2008 171    3.82  -16.42  203.72  157.81
 2008 172    3.81  -16.42  189.67  157.94
 2008 173    3.81  -16.42  175.61  158.06
 2008 174    3.81  -16.42  161.55  158.19
 2008 175    3.80  -16.42  147.50  158.32
 2008 176    3.80  -16.43  133.44  158.45
 2008 177    3.80  -16.43  119.38  158.57
 2008 178    3.80  -16.43  105.33  158.70
 2008 179    3.79  -16.43   91.27  158.83
 2008 180    3.79  -16.43   77.22  158.96
 2008 181    3.79  -16.44   63.16  159.09
 2008 182    3.78  -16.44   49.11  159.22
 2008 183    3.78  -16.44   35.05  159.35
 2008 184    3.78  -16.44   21.00  159.48
 2008 185    3.77  -16.44    6.94  159.61
 2008 186    3.77  -16.44  352.89  159.74
 2008 187    3.77  -16.44  338.83  159.87
 2008 188    3.76  -16.44  324.78  160.00
 2008 189    3.76  -16.45  310.73  160.13
 2008 190    3.76  -16.45  296.67  160.26
 2008 191    3.75  -16.45  282.62  160.39
 2008 192    3.75  -16.45  268.57  160.52
 2008 193    3.75  -16.45  254.51  160.65
 2008 194    3.74  -16.45  240.46  160.79
 2008 195    3.74  -16.45  226.41  160.92
 2008 196    3.74  -16.45  212.36  161.05
 2008 197    3.73  -16.45  198.31  161.18
 2008 198    3.73  -16.45  184.25  161.32
 2008 199    3.73  -16.45  170.20  161.45
 2008 200    3.73  -16.45  156.15  161.58
 2008 201    3.72  -16.45  142.10  161.72
 2008 202    3.72  -16.45  128.05  161.85
 2008 203    3.72  -16.45  114.00  161.98
 2008 204    3.71  -16.45   99.95  162.12
 2008 205    3.71  -16.45   85.90  162.25
 2008 206    3.71  -16.45   71.85  162.39
 2008 207    3.70  -16.45   57.80  162.52
 2008 208    3.70  -16.45   43.75  162.66
 2008 209    3.70  -16.45   29.70  162.79
 2008 210    3.69  -16.45   15.65  162.93
 2008 211    3.69  -16.45    1.60  163.06
 2008 212    3.69  -16.45  347.56  163.20
 2008 213    3.68  -16.44  333.51  163.34
 2008 214    3.68  -16.44  319.46  163.47
 2008 215    3.68  -16.44  305.41  163.61
 2008 216    3.67  -16.44  291.37  163.75
 2008 217    3.67  -16.44  277.32  163.89
 2008 218    3.67  -16.44  263.27  164.02
 2008 219    3.66  -16.44  249.23  164.16
 2008 220    3.66  -16.43  235.18  164.30
 2008 221    3.66  -16.43  221.13  164.44
 2008 222    3.65  -16.43  207.09  164.58
 2008 223    3.65  -16.43  193.04  164.71
 2008 224    3.65  -16.43  179.00  164.85
 2008 225    3.64  -16.42  164.95  164.99
 2008 226    3.64  -16.42  150.91  165.13
 2008 227    3.64  -16.42  136.86  165.27
 2008 228    3.63  -16.42  122.82  165.41
 2008 229    3.63  -16.42  108.77  165.55
 2008 230    3.63  -16.41   94.73  165.69
 2008 231    3.62  -16.41   80.68  165.83
 2008 232    3.62  -16.41   66.64  165.97
 2008 233    3.62  -16.40   52.60  166.12
 2008 234    3.61  -16.40   38.56  166.26
 2008 235    3.61  -16.40   24.51  166.40
 2008 236    3.61  -16.39   10.47  166.54
 2008 237    3.60  -16.39  356.43  166.68
 2008 238    3.60  -16.39  342.39  166.83
 2008 239    3.60  -16.38  328.34  166.97
 2008 240    3.59  -16.38  314.30  167.11
 2008 241    3.59  -16.38  300.26  167.25
 2008 242    3.59  -16.37  286.22  167.40
 2008 243    3.59  -16.37  272.18  167.54
 2008 244    3.58  -16.37  258.14  167.69
 2008 245    3.58  -16.36  244.10  167.83
 2008 246    3.58  -16.36  230.06  167.97
 2008 247    3.57  -16.35  216.02  168.12
 2008 248    3.57  -16.35  201.98  168.26
 2008 249    3.57  -16.34  187.94  168.41
 2008 250    3.56  -16.34  173.90  168.56
 2008 251    3.56  -16.33  159.87  168.70
 2008 252    3.56  -16.33  145.83  168.85
 2008 253    3.55  -16.32  131.79  168.99
 2008 254    3.55  -16.32  117.75  169.14
 2008 255    3.55  -16.31  103.71  169.29
 2008 256    3.54  -16.31   89.68  169.44
 2008 257    3.54  -16.30   75.64  169.58
 2008 258    3.54  -16.30   61.60  169.73
 2008 259    3.53  -16.29   47.57  169.88
 2008 260    3.53  -16.29   33.53  170.03
 2008 261    3.53  -16.28   19.50  170.18
 2008 262    3.52  -16.27    5.46  170.32
 2008 263    3.52  -16.27  351.42  170.47
 2008 264    3.51  -16.26  337.39  170.62
 2008 265    3.51  -16.25  323.36  170.77
 2008 266    3.51  -16.25  309.32  170.92
 2008 267    3.50  -16.24  295.29  171.07
 2008 268    3.50  -16.23  281.25  171.22
 2008 269    3.50  -16.23  267.22  171.37
 2008 270    3.49  -16.22  253.19  171.53
 2008 271    3.49  -16.21  239.15  171.68
 2008 272    3.49  -16.21  225.12  171.83
 2008 273    3.48  -16.20  211.09  171.98
 2008 274    3.48  -16.19  197.06  172.13
 2008 275    3.48  -16.18  183.02  172.28
 2008 276    3.47  -16.18  168.99  172.44
 2008 277    3.47  -16.17  154.96  172.59
 2008 278    3.47  -16.16  140.93  172.74
 2008 279    3.46  -16.15  126.90  172.90
 2008 280    3.46  -16.14  112.87  173.05
 2008 281    3.46  -16.14   98.84  173.21
 2008 282    3.45  -16.13   84.81  173.36
 2008 283    3.45  -16.12   70.78  173.52
 2008 284    3.45  -16.11   56.75  173.67
 2008 285    3.44  -16.10   42.72  173.83
 2008 286    3.44  -16.09   28.69  173.98
 2008 287    3.44  -16.08   14.66  174.14
 2008 288    3.43  -16.07    0.63  174.29
 2008 289    3.43  -16.06  346.61  174.45
 2008 290    3.43  -16.05  332.58  174.61
 2008 291    3.42  -16.04  318.55  174.76
 2008 292    3.42  -16.04  304.53  174.92
 2008 293    3.42  -16.03  290.50  175.08
 2008 294    3.41  -16.02  276.47  175.24
 2008 295    3.41  -16.01  262.45  175.40
 2008 296    3.41  -15.99  248.42  175.55
 2008 297    3.40  -15.98  234.40  175.71
 2008 298    3.40  -15.97  220.37  175.87
 2008 299    3.40  -15.96  206.34  176.03
 2008 300    3.39  -15.95  192.32  176.19
 2008 301    3.39  -15.94  178.30  176.35
 2008 302    3.39  -15.93  164.27  176.51
 2008 303    3.38  -15.92  150.25  176.67
 2008 304    3.38  -15.91  136.23  176.83
 2008 305    3.38  -15.90  122.20  177.00
 2008 306    3.37  -15.88  108.18  177.16
 2008 307    3.37  -15.87   94.16  177.32
 2008 308    3.37  -15.86   80.14  177.48
 2008 309    3.36  -15.85   66.11  177.64
 2008 310    3.36  -15.84   52.09  177.81
 2008 311    3.36  -15.82   38.07  177.97
 2008 312    3.35  -15.81   24.05  178.13
 2008 313    3.35  -15.80   10.03  178.30
 2008 314    3.35  -15.78  356.01  178.46
 2008 315    3.34  -15.77  341.99  178.63
 2008 316    3.34  -15.76  327.97  178.79
 2008 317    3.34  -15.74  313.95  178.96
 2008 318    3.33  -15.73  299.93  179.12
 2008 319    3.33  -15.72  285.91  179.29
 2008 320    3.32  -15.70  271.89  179.45
 2008 321    3.32  -15.69  257.88  179.62
 2008 322    3.32  -15.68  243.86  179.79
 2008 323    3.31  -15.66  229.84  179.95
 2008 324    3.31  -15.65  215.82  180.12
 2008 325    3.31  -15.63  201.81  180.29
 2008 326    3.30  -15.62  187.79  180.46
 2008 327    3.30  -15.60  173.77  180.63
 2008 328    3.30  -15.59  159.76  180.79
 2008 329    3.29  -15.57  145.74  180.96
 2008 330    3.29  -15.56  131.73  181.13
 2008 331    3.29  -15.54  117.71  181.30
 2008 332    3.28  -15.53  103.70  181.47
 2008 333    3.28  -15.51   89.69  181.64
 2008 334    3.28  -15.49   75.67  181.81
 2008 335    3.27  -15.48   61.66  181.98
 2008 336    3.27  -15.46   47.65  182.15
 2008 337    3.27  -15.44   33.63  182.33
 2008 338    3.26  -15.43   19.62  182.50
 2008 339    3.26  -15.41    5.61  182.67
 2008 340    3.26  -15.39  351.60  182.84
 2008 341    3.25  -15.38  337.58  183.02
 2008 342    3.25  -15.36  323.57  183.19
 2008 343    3.25  -15.34  309.56  183.36
 2008 344    3.24  -15.32  295.55  183.54
 2008 345    3.24  -15.31  281.54  183.71
 2008 346    3.24  -15.29  267.53  183.89
 2008 347    3.23  -15.27  253.52  184.06
 2008 348    3.23  -15.25  239.51  184.24
 2008 349    3.23  -15.23  225.51  184.41
 2008 350    3.22  -15.21  211.50  184.59
 2008 351    3.22  -15.20  197.49  184.76
 2008 352    3.21  -15.18  183.48  184.94
 2008 353    3.21  -15.16  169.47  185.12
 2008 354    3.21  -15.14  155.47  185.30
 2008 355    3.20  -15.12  141.46  185.47
 2008 356    3.20  -15.10  127.45  185.65
 2008 357    3.20  -15.08  113.45  185.83
 2008 358    3.19  -15.06   99.44  186.01
 2008 359    3.19  -15.04   85.44  186.19
 2008 360    3.19  -15.02   71.43  186.37
 2008 361    3.18  -15.00   57.43  186.55
 2008 362    3.18  -14.97   43.42  186.73
 2008 363    3.18  -14.95   29.42  186.91
 2008 364    3.17  -14.93   15.42  187.09
 2008 365    3.17  -14.91    1.41  187.27
 2008 366    3.17  -14.89  347.41  187.45
 2008 366    3.16  -14.87  333.41  187.63
 2009   1    3.16  -14.84  319.41  187.82
 2009   2    3.16  -14.82  305.40  188.00
 2009   3    3.15  -14.80  291.40  188.18
 2009   4    3.15  -14.78  277.40  188.37
 2009   5    3.15  -14.75  263.40  188.55
 2009   6    3.14  -14.73  249.40  188.73
 2009   7    3.14  -14.71  235.40  188.92
 2009   8    3.14  -14.68  221.40  189.10
 2009   9    3.13  -14.66  207.40  189.29
 2009  10    3.13  -14.64  193.40  189.47
 2009  11    3.13  -14.61  179.40  189.66
 2009  12    3.12  -14.59  165.41  189.85
 2009  13    3.12  -14.56  151.41  190.03
 2009  14    3.12  -14.54  137.41  190.22
 2009  15    3.11  -14.51  123.41  190.41
 2009  16    3.11  -14.49  109.42  190.59
 2009  17    3.11  -14.46   95.42  190.78
 2009  18    3.10  -14.44   81.43  190.97
 2009  19    3.10  -14.41   67.43  191.16
 2009  20    3.10  -14.39   53.44  191.35
 2009  21    3.09  -14.36   39.44  191.54
 2009  22    3.09  -14.34   25.45  191.73
 2009  23    3.09  -14.31   11.45  191.92
 2009  24    3.08  -14.28  357.46  192.11
 2009  25    3.08  -14.25  343.47  192.30
 2009  26    3.07  -14.23  329.47  192.49
 2009  27    3.07  -14.20  315.48  192.68
 2009  28    3.07  -14.17  301.49  192.88
 2009  29    3.06  -14.14  287.50  193.07
 2009  30    3.06  -14.12  273.50  193.26
 2009  31    3.06  -14.09  259.51  193.46
 2009  32    3.05  -14.06  245.52  193.65
 2009  33    3.05  -14.03  231.53  193.84
 2009  34    3.05  -14.00  217.54  194.04
 2009  35    3.04  -13.97  203.55  194.23
 2009  36    3.04  -13.94  189.56  194.43
 2009  37    3.04  -13.91  175.58  194.62
 2009  38    3.03  -13.88  161.59  194.82
 2009  39    3.03  -13.85  147.60  195.02
 2009  40    3.03  -13.82  133.61  195.21
 2009  41    3.02  -13.79  119.62  195.41
 2009  42    3.02  -13.76  105.64  195.61
 2009  43    3.02  -13.73   91.65  195.81
 2009  44    3.01  -13.70   77.67  196.01
 2009  45    3.01  -13.67   63.68  196.20
 2009  46    3.01  -13.64   49.69  196.40
 2009  47    3.00  -13.61   35.71  196.60
 2009  48    3.00  -13.57   21.73  196.80
 2009  49    3.00  -13.54    7.74  197.00
 2009  50    2.99  -13.51  353.76  197.20
 2009  51    2.99  -13.48  339.77  197.40
 2009  52    2.99  -13.44  325.79  197.61
 2009  53    2.98  -13.41  311.81  197.81
 2009  54    2.98  -13.38  297.83  198.01
 2009  55    2.98  -13.34  283.85  198.21
 2009  56    2.97  -13.31  269.86  198.42
 2009  57    2.97  -13.28  255.88  198.62
 2009  58    2.97  -13.24  241.90  198.82
 2009  59    2.96  -13.21  227.92  199.03
 2009  60    2.96  -13.17  213.94  199.23
 2009  61    2.96  -13.14  199.96  199.44
 2009  62    2.95  -13.10  185.98  199.64
 2009  63    2.95  -13.07  172.01  199.85
 2009  64    2.95  -13.03  158.03  200.06
 2009  65    2.94  -12.99  144.05  200.26
 2009  66    2.94  -12.96  130.07  200.47
 2009  67    2.94  -12.92  116.10  200.68
 2009  68    2.93  -12.88  102.12  200.88
 2009  69    2.93  -12.85   88.14  201.09
 2009  70    2.93  -12.81   74.17  201.30
 2009  71    2.92  -12.77   60.19  201.51
 2009  72    2.92  -12.74   46.22  201.72
 2009  73    2.92  -12.70   32.24  201.93
 2009  74    2.91  -12.66   18.27  202.14
 2009  75    2.91  -12.62    4.30  202.35
 2009  76    2.91  -12.58  350.32  202.56
 2009  77    2.91  -12.54  336.35  202.77
 2009  78    2.90  -12.50  322.38  202.99
 2009  79    2.90  -12.46  308.41  203.20
 2009  80    2.90  -12.42  294.43  203.41
 2009  81    2.89  -12.38  280.46  203.62
 2009  82    2.89  -12.34  266.49  203.84
 2009  83    2.89  -12.30  252.52  204.05
 2009  84    2.88  -12.26  238.55  204.27
 2009  85    2.88  -12.22  224.58  204.48
 2009  86    2.88  -12.18  210.61  204.70
 2009  87    2.87  -12.14  196.64  204.91
 2009  88    2.87  -12.10  182.68  205.13
 2009  89    2.87  -12.05  168.71  205.35
 2009  90    2.86  -12.01  154.74  205.56
 2009  91    2.86  -11.97  140.77  205.78
 2009  92    2.86  -11.93  126.81  206.00
 2009  93    2.85  -11.88  112.84  206.22
 2009  94    2.85  -11.84   98.87  206.43
 2009  95    2.85  -11.80   84.91  206.65
 2009  96    2.84  -11.75   70.94  206.87
 2009  97    2.84  -11.71   56.98  207.09
 2009  98    2.84  -11.66   43.02  207.31
 2009  99    2.83  -11.62   29.05  207.53
 2009 100    2.83  -11.57   15.09  207.75
 2009 101    2.83  -11.53    1.13  207.98
 2009 102    2.83  -11.48  347.16  208.20
 2009 103    2.82  -11.44  333.20  208.42
 2009 104    2.82  -11.39  319.24  208.64
 2009 105    2.82  -11.34  305.28  208.87
 2009 106    2.81  -11.30  291.32  209.09
 2009 107    2.81  -11.25  277.36  209.31
 2009 108    2.81  -11.20  263.40  209.54
 2009 109    2.80  -11.16  249.44  209.76
 2009 110    2.80  -11.11  235.48  209.99
 2009 111    2.80  -11.06  221.52  210.21
 2009 112    2.79  -11.01  207.56  210.44
 2009 113    2.79  -10.96  193.60  210.67
 2009 114    2.79  -10.91  179.65  210.89
 2009 115    2.79  -10.86  165.69  211.12
 2009 116    2.78  -10.82  151.73  211.35
 2009 117    2.78  -10.77  137.78  211.58
 2009 118    2.78  -10.72  123.82  211.81
 2009 119    2.77  -10.67  109.87  212.04
 2009 120    2.77  -10.61   95.91  212.26
 2009 121    2.77  -10.56   81.96  212.49
 2009 122    2.76  -10.51   68.00  212.73
 2009 123    2.76  -10.46   54.05  212.96
 2009 124    2.76  -10.41   40.10  213.19
 2009 125    2.75  -10.36   26.14  213.42
 2009 126    2.75  -10.31   12.19  213.65
 2009 127    2.75  -10.25  358.24  213.88
 2009 128    2.75  -10.20  344.29  214.12
 2009 129    2.74  -10.15  330.34  214.35
 2009 130    2.74  -10.09  316.39  214.58
 2009 131    2.74  -10.04  302.44  214.82
 2009 132    2.73   -9.99  288.49  215.05
 2009 133    2.73   -9.93  274.54  215.29
 2009 134    2.73   -9.88  260.59  215.52
 2009 135    2.73   -9.82  246.64  215.76
 2009 136    2.72   -9.77  232.69  216.00
 2009 137    2.72   -9.71  218.74  216.23
 2009 138    2.72   -9.66  204.80  216.47
 2009 139    2.71   -9.60  190.85  216.71
 2009 140    2.71   -9.55  176.90  216.95
 2009 141    2.71   -9.49  162.96  217.18
 2009 142    2.71   -9.43  149.01  217.42
 2009 143    2.70   -9.38  135.07  217.66
 2009 144    2.70   -9.32  121.12  217.90
 2009 145    2.70   -9.26  107.18  218.14
 2009 146    2.69   -9.20   93.23  218.38
 2009 147    2.69   -9.15   79.29  218.62
 2009 148    2.69   -9.09   65.35  218.86
 2009 149    2.69   -9.03   51.41  219.11
 2009 150    2.68   -8.97   37.46  219.35
 2009 151    2.68   -8.91   23.52  219.59
 2009 152    2.68   -8.85    9.58  219.83
 2009 153    2.67   -8.79  355.64  220.08
 2009 154    2.67   -8.73  341.70  220.32
 2009 155    2.67   -8.67  327.76  220.57
 2009 156    2.67   -8.61  313.82  220.81
 2009 157    2.66   -8.55  299.88  221.06
 2009 158    2.66   -8.49  285.94  221.30
 2009 159    2.66   -8.43  272.00  221.55
 2009 160    2.66   -8.36  258.07  221.80
 2009 161    2.65   -8.30  244.13  222.04
 2009 162    2.65   -8.24  230.19  222.29
 2009 163    2.65   -8.18  216.25  222.54
 2009 164    2.64   -8.12  202.32  222.79
 2009 165    2.64   -8.05  188.38  223.03
 2009 166    2.64   -7.99  174.45  223.28
 2009 167    2.64   -7.93  160.51  223.53
 2009 168    2.63   -7.86  146.58  223.78
 2009 169    2.63   -7.80  132.64  224.03
 2009 170    2.63   -7.73  118.71  224.28
 2009 171    2.63   -7.67  104.78  224.54
 2009 172    2.62   -7.60   90.84  224.79
 2009 173    2.62   -7.54   76.91  225.04
 2009 174    2.62   -7.47   62.98  225.29
 2009 175    2.62   -7.41   49.05  225.54
 2009 176    2.61   -7.34   35.12  225.80
 2009 177    2.61   -7.27   21.19  226.05
 2009 178    2.61   -7.21    7.26  226.31
 2009 179    2.61   -7.14  353.33  226.56
 2009 180    2.60   -7.07  339.40  226.82
 2009 181    2.60   -7.01  325.47  227.07
 2009 182    2.60   -6.94  311.54  227.33
 2009 183    2.60   -6.87  297.61  227.58
 2009 184    2.59   -6.80  283.68  227.84
 2009 185    2.59   -6.73  269.76  228.10
 2009 186    2.59   -6.66  255.83  228.35
 2009 187    2.59   -6.59  241.90  228.61
 2009 189    2.58   -6.53  227.98  228.87
 2009 190    2.58   -6.46  214.05  229.13
 2009 191    2.58   -6.39  200.13  229.39
 2009 192    2.58   -6.32  186.20  229.65
 2009 193    2.57   -6.25  172.28  229.91
 2009 194    2.57   -6.17  158.35  230.17
 2009 195    2.57   -6.10  144.43  230.43
 2009 196    2.57   -6.03  130.51  230.69
 2009 197    2.56   -5.96  116.58  230.95
 2009 198    2.56   -5.89  102.66  231.21
 2009 199    2.56   -5.82   88.74  231.47
 2009 200    2.56   -5.75   74.82  231.74
 2009 201    2.56   -5.67   60.90  232.00
 2009 202    2.55   -5.60   46.97  232.26
 2009 203    2.55   -5.53   33.05  232.53
 2009 204    2.55   -5.45   19.13  232.79
 2009 205    2.55   -5.38    5.21  233.06
 2009 206    2.54   -5.31  351.30  233.32
 2009 207    2.54   -5.23  337.38  233.59
 2009 208    2.54   -5.16  323.46  233.85
 2009 209    2.54   -5.09  309.54  234.12
 2009 210    2.54   -5.01  295.62  234.39
 2009 211    2.53   -4.94  281.70  234.65
 2009 212    2.53   -4.86  267.79  234.92
 2009 213    2.53   -4.79  253.87  235.19
 2009 214    2.53   -4.71  239.96  235.46
 2009 215    2.52   -4.63  226.04  235.73
 2009 216    2.52   -4.56  212.12  236.00
 2009 217    2.52   -4.48  198.21  236.27
 2009 218    2.52   -4.41  184.29  236.53
 2009 219    2.52   -4.33  170.38  236.81
 2009 220    2.51   -4.25  156.47  237.08
 2009 221    2.51   -4.18  142.55  237.35
 2009 222    2.51   -4.10  128.64  237.62
 2009 223    2.51   -4.02  114.73  237.89
 2009 224    2.51   -3.94  100.82  238.16
 2009 225    2.50   -3.87   86.90  238.43
 2009 226    2.50   -3.79   72.99  238.71
 2009 227    2.50   -3.71   59.08  238.98
 2009 228    2.50   -3.63   45.17  239.25
 2009 229    2.50   -3.55   31.26  239.53
 2009 230    2.50   -3.47   17.35  239.80
 2009 231    2.49   -3.39    3.44  240.08
 2009 232    2.49   -3.31  349.53  240.35
 2009 233    2.49   -3.23  335.62  240.63
 2009 234    2.49   -3.15  321.71  240.90
 2009 235    2.49   -3.07  307.81  241.18
 2009 236    2.48   -2.99  293.90  241.46
 2009 237    2.48   -2.91  279.99  241.73
 2009 238    2.48   -2.83  266.08  242.01
 2009 239    2.48   -2.75  252.18  242.29
 2009 240    2.48   -2.67  238.27  242.57
 2009 241    2.48   -2.59  224.36  242.84
 2009 242    2.47   -2.51  210.46  243.12
 2009 243    2.47   -2.43  196.55  243.40
 2009 244    2.47   -2.35  182.65  243.68
 2009 245    2.47   -2.27  168.74  243.96
 2009 246    2.47   -2.18  154.84  244.24
 2009 247    2.47   -2.10  140.93  244.52
 2009 248    2.46   -2.02  127.03  244.80
 2009 249    2.46   -1.94  113.13  245.08
 2009 250    2.46   -1.85   99.22  245.37
 2009 251    2.46   -1.77   85.32  245.65
 2009 252    2.46   -1.69   71.42  245.93
 2009 253    2.46   -1.61   57.52  246.21
 2009 254    2.45   -1.52   43.62  246.49
 2009 255    2.45   -1.44   29.71  246.78
 2009 256    2.45   -1.36   15.81  247.06
 2009 257    2.45   -1.27    1.91  247.34
 2009 258    2.45   -1.19  348.01  247.63
 2009 259    2.45   -1.11  334.11  247.91
 2009 260    2.45   -1.02  320.21  248.20
 2009 261    2.44   -0.94  306.31  248.48
 2009 262    2.44   -0.85  292.41  248.77
 2009 263    2.44   -0.77  278.52  249.05
 2009 264    2.44   -0.69  264.62  249.34
 2009 265    2.44   -0.60  250.72  249.63
 2009 266    2.44   -0.52  236.82  249.91
 2009 267    2.44   -0.43  222.92  250.20
 2009 268    2.43   -0.35  209.03  250.49
 2009 269    2.43   -0.26  195.13  250.77
 2009 270    2.43   -0.18  181.23  251.06
 2009 271    2.43   -0.09  167.34  251.35
 2009 272    2.43   -0.01  153.44  251.64
 2009 273    2.43    0.08  139.55  251.93
 2009 274    2.43    0.16  125.65  252.22
 2009 275    2.43    0.25  111.76  252.51
 2009 276    2.42    0.34   97.86  252.80
 2009 277    2.42    0.42   83.97  253.09
 2009 278    2.42    0.51   70.07  253.38
 2009 279    2.42    0.59   56.18  253.67
 2009 280    2.42    0.68   42.28  253.96
 2009 281    2.42    0.76   28.39  254.25
 2009 282    2.42    0.85   14.50  254.54
 2009 283    2.42    0.94    0.60  254.83
 2009 284    2.42    1.02  346.71  255.12
 2009 285    2.41    1.11  332.82  255.41
 2009 286    2.41    1.19  318.93  255.71
 2009 287    2.41    1.28  305.04  256.00
 2009 288    2.41    1.37  291.14  256.29
 2009 289    2.41    1.45  277.25  256.58
 2009 290    2.41    1.54  263.36  256.88
 2009 291    2.41    1.62  249.47  257.17
 2009 292    2.41    1.71  235.58  257.47
 2009 293    2.41    1.80  221.69  257.76
 2009 294    2.41    1.88  207.80  258.05
 2009 295    2.41    1.97  193.91  258.35
 2009 296    2.40    2.06  180.02  258.64
 2009 297    2.40    2.14  166.13  258.94
 2009 298    2.40    2.23  152.24  259.23
 2009 299    2.40    2.31  138.35  259.53
 2009 300    2.40    2.40  124.46  259.82
 2009 301    2.40    2.49  110.57  260.12
 2009 302    2.40    2.57   96.69  260.42
 2009 303    2.40    2.66   82.80  260.71
 2009 304    2.40    2.75   68.91  261.01
 2009 305    2.40    2.83   55.02  261.31
 2009 306    2.40    2.92   41.14  261.60
 2009 307    2.40    3.00   27.25  261.90
 2009 308    2.40    3.09   13.36  262.20
 2009 309    2.40    3.18  359.47  262.49
 2009 310    2.40    3.26  345.59  262.79
 2009 311    2.39    3.35  331.70  263.09
 2009 312    2.39    3.43  317.81  263.39
 2009 313    2.39    3.52  303.93  263.69
 2009 314    2.39    3.61  290.04  263.98
 2009 315    2.39    3.69  276.16  264.28
 2009 316    2.39    3.78  262.27  264.58
 2009 317    2.39    3.86  248.39  264.88
 2009 318    2.39    3.95  234.50  265.18
 2009 319    2.39    4.03  220.61  265.48
 2009 320    2.39    4.12  206.73  265.78
 2009 321    2.39    4.20  192.85  266.08
 2009 322    2.39    4.29  178.96  266.38
 2009 323    2.39    4.38  165.08  266.68
 2009 324    2.39    4.46  151.19  266.98
 2009 325    2.39    4.55  137.31  267.28
 2009 326    2.39    4.63  123.42  267.58
 2009 327    2.39    4.71  109.54  267.88
 2009 328    2.39    4.80   95.66  268.18
 2009 329    2.39    4.88   81.77  268.48
 2009 330    2.39    4.97   67.89  268.78
 2009 331    2.39    5.05   54.01  269.08
 2009 332    2.39    5.14   40.12  269.38
 2009 333    2.39    5.22   26.24  269.68
 2009 334    2.39    5.30   12.36  269.99
 2009 335    2.39    5.39  358.47  270.29
 2009 336    2.39    5.47  344.59  270.59
 2009 337    2.39    5.55  330.71  270.89
 2009 338    2.39    5.64  316.82  271.19
 2009 339    2.39    5.72  302.94  271.49
 2009 340    2.39    5.80  289.06  271.80
 2009 341    2.39    5.89  275.18  272.10
 2009 342    2.39    5.97  261.29  272.40
 2009 343    2.39    6.05  247.41  272.70
 2009 344    2.39    6.13  233.53  273.00
 2009 345    2.39    6.22  219.65  273.31
 2009 346    2.39    6.30  205.77  273.61
 2009 347    2.39    6.38  191.88  273.91
 2009 348    2.39    6.46  178.00  274.21
 2009 349    2.39    6.54  164.12  274.52
 2009 350    2.39    6.62  150.24  274.82
 2009 351    2.39    6.71  136.36  275.12
 2009 352    2.39    6.79  122.48  275.43
 2009 353    2.39    6.87  108.59  275.73
 2009 354    2.39    6.95   94.71  276.03
 2009 355    2.39    7.03   80.83  276.33
 2009 356    2.39    7.11   66.95  276.64
 2009 357    2.39    7.19   53.07  276.94
 2009 358    2.39    7.27   39.19  277.24
 2009 359    2.39    7.35   25.31  277.55
 2009 360    2.39    7.42  371.42  277.85
 2009 361    2.39    7.50  357.54  278.15
 2009 362    2.39    7.58  343.66  278.45
 2009 363    2.39    7.66  329.78  278.76
 2009 364    2.39    7.74  315.90  279.06
 2009 365    2.39    7.82  302.02  279.36
 2009 365    2.39    7.89  288.14  279.67
 2010   1    2.39    7.97  274.25  279.97
 2010   2    2.39    8.05  260.37  280.27
 2010   3    2.39    8.13  246.49  280.58
 2010   4    2.40    8.20  232.61  280.88
 2010   5    2.40    8.28  218.73  281.18
 2010   6    2.40    8.35  204.85  281.49
 2010   7    2.40    8.43  190.97  281.79
 2010   8    2.40    8.51  177.08  282.09
 2010   9    2.40    8.58  163.20  282.39
 2010  10    2.40    8.66  149.32  282.70
 2010  11    2.40    8.73  135.44  283.00
 2010  12    2.40    8.81  121.56  283.30
 2010  13    2.40    8.88  107.68  283.60
 2010  14    2.40    8.95   93.79  283.91
 2010  15    2.40    9.03   79.91  284.21
 2010  16    2.40    9.10   66.03  284.51
 2010  17    2.40    9.17   52.15  284.81
 2010  18    2.40    9.25   38.27  285.12
 2010  19    2.41    9.32   24.38  285.42
 2010  20    2.41    9.39  370.50  285.72
 2010  21    2.41    9.46  356.62  286.02
 2010  22    2.41    9.53  342.74  286.33
 2010  23    2.41    9.60  328.86  286.63
 2010  24    2.41    9.68  314.97  286.93
 2010  25    2.41    9.75  301.09  287.23
 2010  26    2.41    9.82  287.21  287.53
 2010  27    2.41    9.89  273.32  287.83
 2010  28    2.41    9.96  259.44  288.14
 2010  29    2.41   10.03  245.56  288.44
 2010  30    2.42   10.09  231.67  288.74
 2010  31    2.42   10.16  217.79  289.04
 2010  32    2.42   10.23  203.91  289.34
 2010  33    2.42   10.30  190.02  289.64
 2010  34    2.42   10.37  176.14  289.94
 2010  35    2.42   10.43  162.26  290.24
 2010  36    2.42   10.50  148.37  290.54
 2010  37    2.42   10.57  134.49  290.84
 2010  38    2.42   10.63  120.60  291.14
 2010  39    2.43   10.70  106.72  291.44
 2010  40    2.43   10.76   92.83  291.74
 2010  41    2.43   10.83   78.95  292.04
 2010  42    2.43   10.89   65.06  292.34
 2010  43    2.43   10.96   51.18  292.64
 2010  44    2.43   11.02   37.29  292.94
 2010  45    2.43   11.09  383.41  293.24
 2010  46    2.43   11.15  369.52  293.54
 2010  47    2.44   11.21  355.64  293.83
 2010  48    2.44   11.28  341.75  294.13
 2010  49    2.44   11.34  327.86  294.43
 2010  50    2.44   11.40  313.98  294.73
 2010  51    2.44   11.46  300.09  295.03
 2010  52    2.44   11.52  286.20  295.32
 2010  53    2.44   11.58  272.32  295.62
 2010  54    2.45   11.64  258.43  295.92
 2010  55    2.45   11.70  244.54  296.21
 2010  56    2.45   11.76  230.65  296.51
 2010  57    2.45   11.82  216.77  296.81
 2010  58    2.45   11.88  202.88  297.10
 2010  59    2.45   11.94  188.99  297.40
 2010  60    2.45   12.00  175.10  297.69
 2010  61    2.46   12.06  161.21  297.99
 2010  62    2.46   12.11  147.32  298.29
 2010  63    2.46   12.17  133.43  298.58
 2010  64    2.46   12.23  119.54  298.87
 2010  65    2.46   12.28  105.65  299.17
 2010  66    2.46   12.34   91.76  299.46
 2010  67    2.47   12.39   77.87  299.76
 2010  68    2.47   12.45   63.98  300.05
 2010  69    2.47   12.50   50.09  300.34
 2010  70    2.47   12.56   36.20  300.64
 2010  71    2.47   12.61  382.31  300.93
 2010  72    2.47   12.67  368.42  301.22
 2010  73    2.48   12.72  354.52  301.52
 2010  74    2.48   12.77  340.63  301.81
 2010  75    2.48   12.82  326.74  302.10
 2010  76    2.48   12.88  312.85  302.39
 2010  77    2.48   12.93  298.95  302.68
 2010  78    2.48   12.98  285.06  302.97
 2010  79    2.49   13.03  271.16  303.26
 2010  80    2.49   13.08  257.27  303.55
 2010  81    2.49   13.13  243.38  303.84
 2010  82    2.49   13.18  229.48  304.13
 2010  83    2.49   13.23  215.59  304.42
 2010  84    2.50   13.28  201.69  304.71
 2010  85    2.50   13.33  187.79  305.00
 2010  86    2.50   13.37  173.90  305.29
 2010  87    2.50   13.42  160.00  305.58
 2010  88    2.50   13.47  146.11  305.86
 2010  89    2.50   13.52  132.21  306.15
 2010  90    2.51   13.56  118.31  306.44
 2010  91    2.51   13.61  104.41  306.72
 2010  92    2.51   13.65   90.52  307.01
 2010  93    2.51   13.70   76.62  307.30
 2010  94    2.51   13.74   62.72  307.58
 2010  95    2.52   13.79   48.82  307.87
 2010  96    2.52   13.83  394.92  308.15
 2010  97    2.52   13.88  381.02  308.44
 2010  98    2.52   13.92  367.12  308.72
 2010  99    2.52   13.96  353.22  309.00
 2010 100    2.53   14.00  339.32  309.29
 2010 101    2.53   14.05  325.42  309.57
 2010 102    2.53   14.09  311.51  309.85
 2010 103    2.53   14.13  297.61  310.14
 2010 104    2.54   14.17  283.71  310.42
 2010 105    2.54   14.21  269.81  310.70
 2010 106    2.54   14.25  255.90  310.98
 2010 107    2.54   14.29  242.00  311.26
 2010 108    2.54   14.33  228.10  311.54
 2010 109    2.55   14.37  214.19  311.82
 2010 110    2.55   14.41  200.29  312.10
 2010 111    2.55   14.44  186.38  312.38
 2010 112    2.55   14.48  172.48  312.66
 2010 113    2.56   14.52  158.57  312.94
 2010 114    2.56   14.55  144.66  313.22
 2010 115    2.56   14.59  130.76  313.49
 2010 116    2.56   14.63  116.85  313.77
 2010 117    2.56   14.66  102.94  314.05
 2010 118    2.57   14.70   89.04  314.33
 2010 119    2.57   14.73   75.13  314.60
 2010 120    2.57   14.77   61.22  314.88
 2010 121    2.57   14.80  407.31  315.15
 2010 122    2.58   14.84  393.40  315.43
 2010 123    2.58   14.87  379.49  315.70
 2010 124    2.58   14.90  365.58  315.98
 2010 125    2.58   14.93  351.67  316.25
 2010 126    2.59   14.97  337.76  316.52
 2010 127    2.59   15.00  323.85  316.79
 2010 128    2.59   15.03  309.93  317.07
 2010 129    2.59   15.06  296.02  317.34
 2010 130    2.60   15.09  282.11  317.61
 2010 131    2.60   15.12  268.19  317.88
 2010 132    2.60   15.15  254.28  318.15
 2010 133    2.60   15.18  240.37  318.42
 2010 134    2.61   15.21  226.45  318.69
 2010 135    2.61   15.24  212.54  318.96
 2010 136    2.61   15.27  198.62  319.23
 2010 137    2.61   15.29  184.70  319.50
 2010 138    2.62   15.32  170.79  319.76
 2010 139    2.62   15.35  156.87  320.03
 2010 140    2.62   15.38  142.95  320.30
 2010 141    2.62   15.40  129.03  320.57
 2010 142    2.63   15.43  115.12  320.83
 2010 143    2.63   15.45  101.20  321.10
 2010 144    2.63   15.48   87.28  321.36
 2010 145    2.63   15.50   73.36  321.63
 2010 146    2.64   15.53   59.44  321.89
 2010 147    2.64   15.55  405.52  322.15
 2010 148    2.64   15.58  391.60  322.42
 2010 149    2.64   15.60  377.67  322.68
 2010 150    2.65   15.62  363.75  322.94
 2010 151    2.65   15.65  349.83  323.20
 2010 152    2.65   15.67  335.91  323.47
 2010 153    2.66   15.69  321.98  323.73
 2010 154    2.66   15.71  308.06  323.99
 2010 155    2.66   15.74  294.13  324.25
 2010 156    2.66   15.76  280.21  324.51
 2010 157    2.67   15.78  266.28  324.77
 2010 158    2.67   15.80  252.36  325.02
 2010 159    2.67   15.82  238.43  325.28
 2010 160    2.67   15.84  224.51  325.54
 2010 161    2.68   15.86  210.58  325.80
 2010 162    2.68   15.88  196.65  326.05
 2010 163    2.68   15.89  182.72  326.31
 2010 164    2.69   15.91  168.79  326.56
 2010 165    2.69   15.93  154.86  326.82
 2010 166    2.69   15.95  140.93  327.07
 2010 167    2.69   15.97  127.00  327.33
 2010 168    2.70   15.98  113.07  327.58
 2010 169    2.70   16.00   99.14  327.84
 2010 170    2.70   16.02   85.21  328.09
 2010 171    2.71   16.03   71.28  328.34
 2010 172    2.71   16.05  417.34  328.59
 2010 173    2.71   16.06  403.41  328.84
 2010 174    2.71   16.08  389.48  329.09
 2010 175    2.72   16.09  375.54  329.34
 2010 176    2.72   16.11  361.61  329.59
 2010 177    2.72   16.12  347.67  329.84
 2010 178    2.73   16.13  333.74  330.09
 2010 179    2.73   16.15  319.80  330.34
 2010 180    2.73   16.16  305.87  330.59
 2010 181    2.73   16.17  291.93  330.84
 2010 182    2.74   16.19  277.99  331.08
 2010 183    2.74   16.20  264.05  331.33
 2010 184    2.74   16.21  250.11  331.57
 2010 185    2.75   16.22  236.17  331.82
 2010 186    2.75   16.23  222.23  332.06
 2010 187    2.75   16.24  208.29  332.31
 2010 189    2.75   16.25  194.35  332.55
 2010 190    2.76   16.26  180.41  332.79
 2010 191    2.76   16.27  166.47  333.04
 2010 192    2.76   16.28  152.53  333.28
 2010 193    2.77   16.29  138.59  333.52
 2010 194    2.77   16.30  124.64  333.76
 2010 195    2.77   16.31  110.70  334.00
 2010 196    2.78   16.32   96.76  334.24
 2010 197    2.78   16.33   82.81  334.48
 2010 198    2.78   16.34   68.87  334.72
 2010 199    2.79   16.34  414.92  334.96
 2010 200    2.79   16.35  400.97  335.20
 2010 201    2.79   16.36  387.03  335.44
 2010 202    2.79   16.37  373.08  335.67
 2010 203    2.80   16.37  359.13  335.91
 2010 204    2.80   16.38  345.18  336.15
 2010 205    2.80   16.38  331.23  336.38
 2010 206    2.81   16.39  317.29  336.62
 2010 207    2.81   16.40  303.34  336.85
 2010 208    2.81   16.40  289.39  337.09
 2010 209    2.82   16.41  275.43  337.32
 2010 210    2.82   16.41  261.48  337.55
 2010 211    2.82   16.42  247.53  337.79
 2010 212    2.83   16.42  233.58  338.02
 2010 213    2.83   16.42  219.63  338.25
 2010 214    2.83   16.43  205.67  338.48
 2010 215    2.83   16.43  191.72  338.71
 2010 216    2.84   16.43  177.77  338.94
 2010 217    2.84   16.44  163.81  339.17
 2010 218    2.84   16.44  149.86  339.40
 2010 219    2.85   16.44  135.90  339.63
 2010 220    2.85   16.44  121.94  339.86
 2010 221    2.85   16.45  107.99  340.09
 2010 222    2.86   16.45   94.03  340.31
 2010 223    2.86   16.45   80.07  340.54
 2010 224    2.86   16.45  426.11  340.76
 2010 225    2.87   16.45  412.15  340.99
 2010 226    2.87   16.45  398.20  341.22
 2010 227    2.87   16.45  384.24  341.44
 2010 228    2.88   16.45  370.28  341.66
 2010 229    2.88   16.45  356.31  341.89
 2010 230    2.88   16.45  342.35  342.11
 2010 231    2.89   16.45  328.39  342.33
 2010 232    2.89   16.45  314.43  342.56
 2010 233    2.89   16.45  300.47  342.78
 2010 234    2.90   16.45  286.50  343.00
 2010 235    2.90   16.45  272.54  343.22
 2010 236    2.90   16.44  258.58  343.44
 2010 237    2.90   16.44  244.61  343.66
 2010 238    2.91   16.44  230.65  343.88
 2010 239    2.91   16.44  216.68  344.10
 2010 240    2.91   16.43  202.71  344.31
 2010 241    2.92   16.43  188.75  344.53
 2010 242    2.92   16.43  174.78  344.75
 2010 243    2.92   16.43  160.81  344.97
 2010 244    2.93   16.42  146.84  345.18
 2010 245    2.93   16.42  132.87  345.40
 2010 246    2.93   16.41  118.91  345.61
 2010 247    2.94   16.41  104.94  345.83
 2010 248    2.94   16.41   90.97  346.04
 2010 249    2.94   16.40  436.99  346.26
 2010 250    2.95   16.40  423.02  346.47
 2010 251    2.95   16.39  409.05  346.68
 2010 252    2.95   16.39  395.08  346.89
 2010 253    2.96   16.38  381.11  347.11
 2010 254    2.96   16.38  367.13  347.32
 2010 255    2.96   16.37  353.16  347.53
 2010 256    2.97   16.36  339.19  347.74
 2010 257    2.97   16.36  325.21  347.95
 2010 258    2.97   16.35  311.24  348.16
 2010 259    2.98   16.34  297.26  348.37
 2010 260    2.98   16.34  283.29  348.58
 2010 261    2.98   16.33  269.31  348.78
 2010 262    2.99   16.32  255.33  348.99
 2010 263    2.99   16.32  241.35  349.20
 2010 264    2.99   16.31  227.38  349.40
 2010 265    3.00   16.30  213.40  349.61
 2010 266    3.00   16.29  199.42  349.82
 2010 267    3.00   16.29  185.44  350.02
 2010 268    3.01   16.28  171.46  350.23
 2010 269    3.01   16.27  157.48  350.43
 2010 270    3.01   16.26  143.50  350.63
 2010 271    3.02   16.25  129.52  350.84
 2010 272    3.02   16.24  115.54  351.04
 2010 273    3.02   16.23  101.55  351.24
 2010 274    3.03   16.22   87.57  351.44
 2010 275    3.03   16.22  433.59  351.64
 2010 276    3.03   16.21  419.60  351.85
 2010 277    3.04   16.20  405.62  352.05
 2010 278    3.04   16.19  391.64  352.25
 2010 279    3.04   16.18  377.65  352.44
 2010 280    3.05   16.17  363.67  352.64
 2010 281    3.05   16.16  349.68  352.84
 2010 282    3.05   16.14  335.69  353.04
 2010 283    3.06   16.13  321.71  353.24
 2010 284    3.06   16.12  307.72  353.44
 2010 285    3.06   16.11  293.73  353.63
 2010 286    3.07   16.10  279.74  353.83
 2010 287    3.07   16.09  265.76  354.02
 2010 288    3.07   16.08  251.77  354.22
 2010 289    3.08   16.07  237.78  354.41
 2010 290    3.08   16.05  223.79  354.61
 2010 291    3.08   16.04  209.80  354.80
 2010 292    3.09   16.03  195.81  355.00
 2010 293    3.09   16.02  181.81  355.19
 2010 294    3.10   16.01  167.82  355.38
 2010 295    3.10   15.99  153.83  355.57
 2010 296    3.10   15.98  139.84  355.77
 2010 297    3.11   15.97  125.84  355.96
 2010 298    3.11   15.95  111.85  356.15
 2010 299    3.11   15.94   97.86  356.34
 2010 300    3.12   15.93  443.86  356.53
 2010 301    3.12   15.92  429.87  356.72
 2010 302    3.12   15.90  415.87  356.91
 2010 303    3.13   15.89  401.88  357.10
 2010 304    3.13   15.87  387.88  357.28
 2010 305    3.13   15.86  373.88  357.47
 2010 306    3.14   15.85  359.89  357.66
 2010 307    3.14   15.83  345.89  357.85
 2010 308    3.14   15.82  331.89  358.03
 2010 309    3.15   15.80  317.89  358.22
 2010 310    3.15   15.79  303.89  358.40
 2010 311    3.15   15.77  289.89  358.59
 2010 312    3.16   15.76  275.90  358.77
 2010 313    3.16   15.74  261.89  358.96
 2010 314    3.16   15.73  247.89  359.14
 2010 315    3.17   15.71  233.89  359.33
 2010 316    3.17   15.70  219.89  359.51
 2010 317    3.17   15.68  205.89  359.69
 2010 318    3.18   15.67  191.89  359.87
 2010 319    3.18   15.65  177.89    0.05
 2010 320    3.18   15.64  163.88    0.24
 2010 321    3.19   15.62  149.88    0.42
 2010 322    3.19   15.61  135.88    0.60
 2010 323    3.19   15.59  121.87    0.78
 2010 324    3.20   15.57  107.87    0.96
 2010 325    3.20   15.56   93.86    1.14
 2010 326    3.20   15.54   79.86    1.32
 2010 327    3.21   15.52   65.85    1.49
 2010 328    3.21   15.51   51.84    1.67
 2010 329    3.21   15.49   37.84    1.85
 2010 330    3.22   15.47   23.83    2.03
 2010 331    3.22   15.46    9.82    2.20
 2010 332    3.23   15.44  355.81    2.38
 2010 333    3.23   15.42  341.81    2.56
 2010 334    3.23   15.41  327.80    2.73
 2010 335    3.24   15.39  313.79    2.91
 2010 336    3.24   15.37  299.78    3.08
 2010 337    3.24   15.35  285.77    3.26
 2010 338    3.25   15.33  271.76    3.43
 2010 339    3.25   15.32  257.75    3.60
 2010 340    3.25   15.30  243.74    3.78
 2010 341    3.26   15.28  229.72    3.95
 2010 342    3.26   15.26  215.71    4.12
 2010 343    3.26   15.25  201.70    4.29
 2010 344    3.27   15.23  187.69    4.47
 2010 345    3.27   15.21  173.67    4.64
 2010 346    3.27   15.19  159.66    4.81
 2010 347    3.28   15.17  145.65    4.98
 2010 348    3.28   15.15  131.63    5.15
 2010 349    3.28   15.13  117.62    5.32
 2010 350    3.29   15.12  103.60    5.49
 2010 351    3.29   15.10   89.59    5.66
 2010 352    3.29   15.08   75.57    5.83
 2010 353    3.30   15.06   61.55    5.99
 2010 354    3.30   15.04   47.54    6.16
 2010 355    3.30   15.02   33.52    6.33
 2010 356    3.31   15.00   19.50    6.50
 2010 357    3.31   14.98    5.49    6.66
 2010 358    3.31   14.96  351.47    6.83
 2010 359    3.32   14.94  337.45    6.99
 2010 360    3.32   14.92  323.43    7.16
 2010 361    3.32   14.90  309.41    7.33
 2010 362    3.33   14.88  295.39    7.49
 2010 363    3.33   14.86  281.37    7.65
 2010 364    3.33   14.84  267.35    7.82
 2010 365    3.34   14.82  253.33    7.98
 2011   1    3.34   14.80  239.31    8.15
 2011   1    3.35   14.78  225.29    8.31
 2011   2    3.35   14.76  211.27    8.47
 2011   3    3.35   14.74  197.24    8.63
 2011   4    3.36   14.72  183.22    8.80
 2011   5    3.36   14.70  169.20    8.96
 2011   6    3.36   14.68  155.18    9.12
 2011   7    3.37   14.66  141.15    9.28
 2011   8    3.37   14.64  127.13    9.44
 2011   9    3.37   14.62  113.10    9.60
 2011  10    3.38   14.60   99.08    9.76
 2011  11    3.38   14.58   85.05    9.92
 2011  12    3.38   14.56   71.03   10.08
 2011  13    3.39   14.54   57.00   10.24
 2011  14    3.39   14.52   42.98   10.39
 2011  15    3.39   14.50   28.95   10.55
 2011  16    3.40   14.47   14.92   10.71
 2011  17    3.40   14.45    0.90   10.87
 2011  18    3.40   14.43  346.87   11.02
 2011  19    3.41   14.41  332.84   11.18
 2011  20    3.41   14.39  318.81   11.34
 2011  21    3.41   14.37  304.78   11.49
 2011  22    3.42   14.35  290.76   11.65
 2011  23    3.42   14.32  276.73   11.80
 2011  24    3.42   14.30  262.70   11.96
 2011  25    3.43   14.28  248.67   12.11
 2011  26    3.43   14.26  234.64   12.27
 2011  27    3.43   14.24  220.61   12.42
 2011  28    3.44   14.22  206.58   12.57
 2011  29    3.44   14.19  192.54   12.73
 2011  30    3.44   14.17  178.51   12.88
 2011  31    3.45   14.15  164.48   13.03
 2011  32    3.45   14.13  150.45   13.19
 2011  33    3.45   14.11  136.42   13.34
 2011  34    3.46   14.08  122.38   13.49
 2011  35    3.46   14.06  108.35   13.64
 2011  36    3.46   14.04   94.32   13.79
 2011  37    3.47   14.02   80.28   13.94
 2011  38    3.47   13.99   66.25   14.09
 2011  39    3.47   13.97   52.21   14.24
 2011  40    3.48   13.95   38.18   14.39
 2011  41    3.48   13.93   24.15   14.54
 2011  42    3.48   13.90   10.11   14.69
 2011  43    3.49   13.88  356.07   14.84
 2011  44    3.49   13.86  342.04   14.99
 2011  45    3.49   13.84  328.00   15.14
 2011  46    3.50   13.81  313.96   15.28
 2011  47    3.50   13.79  299.93   15.43
 2011  48    3.50   13.77  285.89   15.58
 2011  49    3.51   13.75  271.85   15.72
 2011  50    3.51   13.72  257.82   15.87
 2011  51    3.51   13.70  243.78   16.02
 2011  52    3.52   13.68  229.74   16.16
 2011  53    3.52   13.65  215.70   16.31
 2011  54    3.52   13.63  201.66   16.45
 2011  55    3.53   13.61  187.62   16.60
 2011  56    3.53   13.58  173.58   16.74
 2011  57    3.53   13.56  159.54   16.89
 2011  58    3.54   13.54  145.50   17.03
 2011  59    3.54   13.51  131.46   17.18
 2011  60    3.54   13.49  117.42   17.32
 2011  61    3.55   13.47  103.38   17.46
 2011  62    3.55   13.44   89.34   17.61
 2011  63    3.55   13.42   75.29   17.75
 2011  64    3.56   13.40   61.25   17.89
 2011  65    3.56   13.37   47.21   18.03
 2011  66    3.56   13.35   33.17   18.17
 2011  67    3.57   13.33   19.12   18.32
 2011  68    3.57   13.30    5.08   18.46
 2011  69    3.57   13.28  351.04   18.60
 2011  70    3.58   13.26  336.99   18.74
 2011  71    3.58   13.23  322.95   18.88
 2011  72    3.58   13.21  308.91   19.02
 2011  73    3.59   13.19  294.86   19.16
 2011  74    3.59   13.16  280.82   19.30
 2011  75    3.59   13.14  266.77   19.44
 2011  76    3.60   13.11  252.72   19.57
 2011  77    3.60   13.09  238.68   19.71
 2011  78    3.60   13.07  224.63   19.85
 2011  79    3.61   13.04  210.59   19.99
 2011  80    3.61   13.02  196.54   20.13
 2011  81    3.61   12.99  182.49   20.26
 2011  82    3.62   12.97  168.45   20.40
 2011  83    3.62   12.95  154.40   20.54
 2011  84    3.62   12.92  140.35   20.68
 2011  85    3.63   12.90  126.30   20.81
 2011  86    3.63   12.87  112.25   20.95
 2011  87    3.63   12.85   98.20   21.08
 2011  88    3.64   12.83   84.16   21.22
 2011  89    3.64   12.80   70.11   21.35
 2011  90    3.64   12.78   56.06   21.49
 2011  91    3.65   12.75   42.01   21.62
 2011  92    3.65   12.73   27.96   21.76
 2011  93    3.65   12.70   13.91   21.89
 2011  94    3.66   12.68  359.86   22.03
 2011  95    3.66   12.66  345.81   22.16
 2011  96    3.66   12.63  331.76   22.29
 2011  97    3.67   12.61  317.70   22.43
 2011  98    3.67   12.58  303.65   22.56
 2011  99    3.67   12.56  289.60   22.69
 2011 100    3.68   12.53  275.55   22.82
 2011 101    3.68   12.51  261.50   22.96
 2011 102    3.68   12.48  247.44   23.09
 2011 103    3.69   12.46  233.39   23.22
 2011 104    3.69   12.43  219.34   23.35
 2011 105    3.69   12.41  205.28   23.48
 2011 106    3.70   12.39  191.23   23.61
 2011 107    3.70   12.36  177.18   23.74
 2011 108    3.70   12.34  163.12   23.87
 2011 109    3.71   12.31  149.07   24.00
 2011 110    3.71   12.29  135.01   24.13
 2011 111    3.71   12.26  120.96   24.26
 2011 112    3.72   12.24  106.90   24.39
 2011 113    3.72   12.21   92.85   24.52
 2011 114    3.72   12.19   78.79   24.65
 2011 115    3.73   12.16   64.74   24.78
 2011 116    3.73   12.14   50.68   24.91
 2011 117    3.73   12.11   36.62   25.04
 2011 118    3.73   12.09   22.57   25.16
 2011 119    3.74   12.06    8.51   25.29
 2011 120    3.74   12.04  354.45   25.42
 2011 121    3.74   12.01  340.40   25.54
 2011 122    3.75   11.99  326.34   25.67
 2011 123    3.75   11.96  312.28   25.80
 2011 124    3.75   11.94  298.22   25.92
 2011 125    3.76   11.92  284.17   26.05
 2011 126    3.76   11.89  270.11   26.18
 2011 127    3.76   11.87  256.05   26.30
 2011 128    3.77   11.84  241.99   26.43
 2011 129    3.77   11.82  227.93   26.55
 2011 130    3.77   11.79  213.87   26.68
 2011 131    3.78   11.77  199.81   26.80
 2011 132    3.78   11.74  185.75   26.93
 2011 133    3.78   11.72  171.69   27.05
 2011 134    3.79   11.69  157.63   27.18
 2011 135    3.79   11.67  143.57   27.30
 2011 136    3.79   11.64  129.51   27.42
 2011 137    3.79   11.62  115.45   27.55
 2011 138    3.80   11.59  101.39   27.67
 2011 139    3.80   11.56   87.33   27.79
 2011 140    3.80   11.54   73.26   27.92
 2011 141    3.81   11.51   59.20   28.04
 2011 142    3.81   11.49   45.14   28.16
 2011 143    3.81   11.46   31.08   28.28
 2011 144    3.82   11.44   17.01   28.40
 2011 145    3.82   11.41    2.95   28.53
 2011 146    3.82   11.39  348.89   28.65
 2011 147    3.83   11.36  334.83   28.77
 2011 148    3.83   11.34  320.76   28.89
 2011 149    3.83   11.31  306.70   29.01
 2011 150    3.84   11.29  292.63   29.13
 2011 151    3.84   11.26  278.57   29.25
 2011 152    3.84   11.24  264.51   29.37
 2011 153    3.84   11.21  250.44   29.49
 2011 154    3.85   11.19  236.38   29.61
 2011 155    3.85   11.16  222.31   29.73
 2011 156    3.85   11.14  208.25   29.85
 2011 157    3.86   11.11  194.18   29.97
 2011 158    3.86   11.09  180.12   30.09
 2011 159    3.86   11.06  166.05   30.20
 2011 160    3.87   11.04  151.98   30.32
 2011 161    3.87   11.01  137.92   30.44
 2011 162    3.87   10.99  123.85   30.56
 2011 163    3.88   10.96  109.78   30.68
 2011 164    3.88   10.94   95.72   30.79
 2011 165    3.88   10.91   81.65   30.91
 2011 166    3.88   10.88   67.58   31.03
 2011 167    3.89   10.86   53.52   31.15
 2011 168    3.89   10.83   39.45   31.26
 2011 169    3.89   10.81   25.38   31.38
 2011 170    3.90   10.78   11.31   31.50
 2011 171    3.90   10.76  357.24   31.61
 2011 172    3.90   10.73  343.17   31.73
 2011 173    3.91   10.71  329.11   31.84
 2011 174    3.91   10.68  315.04   31.96
 2011 175    3.91   10.66  300.97   32.07
 2011 176    3.92   10.63  286.90   32.19
 2011 177    3.92   10.61  272.83   32.30
 2011 178    3.92   10.58  258.76   32.42
 2011 179    3.92   10.56  244.69   32.53
 2011 180    3.93   10.53  230.62   32.65
 2011 181    3.93   10.50  216.55   32.76
 2011 182    3.93   10.48  202.48   32.88
 2011 183    3.94   10.45  188.41   32.99
 2011 184    3.94   10.43  174.34   33.10
 2011 185    3.94   10.40  160.27   33.22
 2011 186    3.95   10.38  146.20   33.33
 2011 187    3.95   10.35  132.12   33.44
 2011 188    3.95   10.33  118.05   33.55
 2011 190    3.95   10.30  103.98   33.67
 2011 191    3.96   10.28   89.91   33.78
 2011 192    3.96   10.25   75.84   33.89
 2011 193    3.96   10.23   61.76   34.00
 2011 194    3.97   10.20   47.69   34.12
 2011 195    3.97   10.18   33.62   34.23
 2011 196    3.97   10.15   19.55   34.34
 2011 197    3.97   10.12    5.47   34.45
 2011 198    3.98   10.10  351.40   34.56
 2011 199    3.98   10.07  337.33   34.67
 2011 200    3.98   10.05  323.25   34.78
 2011 201    3.99   10.02  309.18   34.89
 2011 202    3.99   10.00  295.10   35.00
 2011 203    3.99    9.97  281.03   35.11
 2011 204    4.00    9.95  266.96   35.22
 2011 205    4.00    9.92  252.88   35.33
 2011 206    4.00    9.90  238.81   35.44
 2011 207    4.00    9.87  224.73   35.55
 2011 208    4.01    9.85  210.66   35.66
 2011 209    4.01    9.82  196.58   35.77
 2011 210    4.01    9.80  182.51   35.88
 2011 211    4.02    9.77  168.43   35.99
 2011 212    4.02    9.74  154.35   36.10
 2011 213    4.02    9.72  140.28   36.21
 2011 214    4.02    9.69  126.20   36.32
 2011 215    4.03    9.67  112.13   36.42
 2011 216    4.03    9.64   98.05   36.53
 2011 217    4.03    9.62   83.97   36.64
 2011 218    4.04    9.59   69.90   36.75
 2011 219    4.04    9.57   55.82   36.85
 2011 220    4.04    9.54   41.74   36.96
 2011 221    4.04    9.52   27.67   37.07
 2011 222    4.05    9.49   13.59   37.18
 2011 223    4.05    9.47  359.51   37.28
 2011 224    4.05    9.44  345.43   37.39
 2011 225    4.06    9.42  331.35   37.50
 2011 226    4.06    9.39  317.28   37.60
 2011 227    4.06    9.36  303.20   37.71
 2011 228    4.06    9.34  289.12   37.81
 2011 229    4.07    9.31  275.04   37.92
 2011 230    4.07    9.29  260.96   38.03
 2011 231    4.07    9.26  246.88   38.13
 2011 232    4.08    9.24  232.80   38.24
 2011 233    4.08    9.21  218.73   38.34
 2011 234    4.08    9.19  204.65   38.45
 2011 235    4.08    9.16  190.57   38.55
 2011 236    4.09    9.14  176.49   38.66
 2011 237    4.09    9.11  162.41   38.76
 2011 238    4.09    9.09  148.33   38.86
 2011 239    4.10    9.06  134.25   38.97
 2011 240    4.10    9.04  120.17   39.07
 2011 241    4.10    9.01  106.09   39.18
 2011 242    4.10    8.99   92.00   39.28
 2011 243    4.11    8.96   77.92   39.38
 2011 244    4.11    8.94   63.84   39.49
 2011 245    4.11    8.91   49.76   39.59
 2011 246    4.12    8.89   35.68   39.69
 2011 247    4.12    8.86   21.60   39.80
 2011 248    4.12    8.84    7.52   39.90
 2011 249    4.12    8.81  353.44   40.00
 2011 250    4.13    8.78  339.35   40.10
 2011 251    4.13    8.76  325.27   40.21
 2011 252    4.13    8.73  311.19   40.31
 2011 253    4.13    8.71  297.11   40.41
 2011 254    4.14    8.68  283.02   40.51
 2011 255    4.14    8.66  268.94   40.61
 2011 256    4.14    8.63  254.86   40.72
 2011 257    4.15    8.61  240.78   40.82
 2011 258    4.15    8.58  226.69   40.92
 2011 259    4.15    8.56  212.61   41.02
 2011 260    4.15    8.53  198.53   41.12
 2011 261    4.16    8.51  184.44   41.22
 2011 262    4.16    8.48  170.36   41.32
 2011 263    4.16    8.46  156.27   41.42
 2011 264    4.16    8.43  142.19   41.52
 2011 265    4.17    8.41  128.11   41.62
 2011 266    4.17    8.38  114.02   41.72
 2011 267    4.17    8.36   99.94   41.82
 2011 268    4.18    8.33   85.85   41.92
 2011 269    4.18    8.31   71.77   42.02
 2011 270    4.18    8.28   57.68   42.12
 2011 271    4.18    8.26   43.60   42.22
 2011 272    4.19    8.23   29.51   42.32
 2011 273    4.19    8.21   15.43   42.42
 2011 274    4.19    8.18    1.34   42.52
 2011 275    4.19    8.16  347.26   42.62
 2011 276    4.20    8.13  333.17   42.72
 2011 277    4.20    8.11  319.09   42.82
 2011 278    4.20    8.08  305.00   42.91
 2011 279    4.20    8.06  290.91   43.01
 2011 280    4.21    8.03  276.83   43.11
 2011 281    4.21    8.01  262.74   43.21
 2011 282    4.21    7.98  248.66   43.31
 2011 283    4.22    7.96  234.57   43.40
 2011 284    4.22    7.93  220.48   43.50
 2011 285    4.22    7.91  206.39   43.60
 2011 286    4.22    7.88  192.31   43.70
 2011 287    4.23    7.86  178.22   43.79
 2011 288    4.23    7.83  164.13   43.89
 2011 289    4.23    7.81  150.05   43.99
 2011 290    4.23    7.78  135.96   44.09
 2011 291    4.24    7.76  121.87   44.18
 2011 292    4.24    7.73  107.78   44.28
 2011 293    4.24    7.71   93.69   44.37
 2011 294    4.24    7.68   79.61   44.47
 2011 295    4.25    7.66   65.52   44.57
 2011 296    4.25    7.63   51.43   44.66
 2011 297    4.25    7.61   37.34   44.76
 2011 298    4.25    7.59   23.25   44.86
 2011 299    4.26    7.56    9.16   44.95
 2011 300    4.26    7.54  355.08   45.05
 2011 301    4.26    7.51  340.99   45.14
 2011 302    4.26    7.49  326.90   45.24
 2011 303    4.27    7.46  312.81   45.33
 2011 304    4.27    7.44  298.72   45.43
 2011 305    4.27    7.41  284.63   45.52
 2011 306    4.28    7.39  270.54   45.62
 2011 307    4.28    7.36  256.45   45.71
 2011 308    4.28    7.34  242.36   45.81
 2011 309    4.28    7.31  228.27   45.90
 2011 310    4.29    7.29  214.18   46.00
 2011 311    4.29    7.26  200.09   46.09
 2011 312    4.29    7.24  186.00   46.18
 2011 313    4.29    7.21  171.91   46.28
 2011 314    4.30    7.19  157.82   46.37
 2011 315    4.30    7.16  143.73   46.46
 2011 316    4.30    7.14  129.64   46.56
 2011 317    4.30    7.12  115.55   46.65
 2011 318    4.31    7.09  101.46   46.75
 2011 319    4.31    7.07   87.36   46.84
 2011 320    4.31    7.04   73.27   46.93
 2011 321    4.31    7.02   59.18   47.02
 2011 322    4.32    6.99   45.09   47.12
 2011 323    4.32    6.97   31.00   47.21
 2011 324    4.32    6.94   16.91   47.30
 2011 325    4.32    6.92    2.81   47.40
 2011 326    4.33    6.89  348.72   47.49
 2011 327    4.33    6.87  334.63   47.58
 2011 328    4.33    6.85  320.54   47.67
 2011 329    4.33    6.82  306.45   47.76
 2011 330    4.34    6.80  292.35   47.86
 2011 331    4.34    6.77  278.26   47.95
 2011 332    4.34    6.75  264.17   48.04
 2011 333    4.34    6.72  250.08   48.13
 2011 334    4.35    6.70  235.98   48.22
 2011 335    4.35    6.67  221.89   48.31
 2011 336    4.35    6.65  207.80   48.41
 2011 337    4.35    6.63  193.70   48.50
 2011 338    4.35    6.60  179.61   48.59
 2011 339    4.36    6.58  165.52   48.68
 2011 340    4.36    6.55  151.42   48.77
 2011 341    4.36    6.53  137.33   48.86
 2011 342    4.36    6.50  123.24   48.95
 2011 343    4.37    6.48  109.14   49.04
 2011 344    4.37    6.45   95.05   49.13
 2011 345    4.37    6.43   80.95   49.22
 2011 346    4.37    6.41   66.86   49.31
 2011 347    4.38    6.38   52.77   49.40
 2011 348    4.38    6.36   38.67   49.49
 2011 349    4.38    6.33   24.58   49.58
 2011 350    4.38    6.31   10.48   49.67
 2011 351    4.39    6.28  356.39   49.76
 2011 352    4.39    6.26  342.29   49.85
 2011 353    4.39    6.24  328.20   49.94
 2011 354    4.39    6.21  314.10   50.03
 2011 355    4.40    6.19  300.01   50.12
 2011 356    4.40    6.16  285.91   50.21
 2011 357    4.40    6.14  271.82   50.30
 2011 358    4.40    6.12  257.72   50.39
 2011 359    4.40    6.09  243.63   50.48
 2011 360    4.41    6.07  229.53   50.56
 2011 361    4.41    6.04  215.43   50.65
 2011 362    4.41    6.02  201.34   50.74
 2011 363    4.41    5.99  187.24   50.83
 2011 364    4.42    5.97  173.15   50.92
 2011 365    4.42    5.95  159.05   51.01
