 YYYY DOY     AU    HG_LAT  HG_LON  HGI_LON   from orbital elements with epoch: 2011-Dec-16.0113
 2009   1   11.39  -36.34  246.19  100.42
 2009   2   11.39  -36.34  232.01  100.42
 2009   3   11.38  -36.34  217.82  100.42
 2009   4   11.37  -36.34  203.64  100.41
 2009   5   11.37  -36.35  189.45  100.41
 2009   6   11.36  -36.35  175.26  100.41
 2009   7   11.35  -36.35  161.08  100.41
 2009   8   11.35  -36.35  146.89  100.41
 2009   9   11.34  -36.35  132.71  100.41
 2009  10   11.33  -36.35  118.52  100.41
 2009  11   11.32  -36.35  104.34  100.41
 2009  12   11.32  -36.35   90.15  100.41
 2009  13   11.31  -36.35   75.97  100.41
 2009  14   11.30  -36.35   61.78  100.41
 2009  15   11.30  -36.35   47.60  100.40
 2009  16   11.29  -36.35   33.41  100.40
 2009  17   11.28  -36.35   19.23  100.40
 2009  18   11.28  -36.35    5.04  100.40
 2009  19   11.27  -36.35  350.86  100.40
 2009  20   11.26  -36.35  336.67  100.40
 2009  21   11.26  -36.35  322.49  100.40
 2009  22   11.25  -36.35  308.30  100.40
 2009  23   11.24  -36.35  294.11  100.40
 2009  24   11.23  -36.35  279.93  100.40
 2009  25   11.23  -36.35  265.74  100.40
 2009  26   11.22  -36.35  251.56  100.40
 2009  27   11.21  -36.35  237.37  100.39
 2009  28   11.21  -36.35  223.19  100.39
 2009  29   11.20  -36.35  209.00  100.39
 2009  30   11.19  -36.36  194.82  100.39
 2009  31   11.19  -36.36  180.63  100.39
 2009  32   11.18  -36.36  166.45  100.39
 2009  33   11.17  -36.36  152.26  100.39
 2009  34   11.16  -36.36  138.08  100.39
 2009  35   11.16  -36.36  123.89  100.39
 2009  36   11.15  -36.36  109.71  100.39
 2009  37   11.14  -36.36   95.52  100.39
 2009  38   11.14  -36.36   81.34  100.38
 2009  39   11.13  -36.36   67.15  100.38
 2009  40   11.12  -36.36   52.96  100.38
 2009  41   11.12  -36.36   38.78  100.38
 2009  42   11.11  -36.36   24.59  100.38
 2009  43   11.10  -36.36   10.41  100.38
 2009  44   11.09  -36.36  356.22  100.38
 2009  45   11.09  -36.36  342.04  100.38
 2009  46   11.08  -36.36  327.85  100.38
 2009  47   11.07  -36.36  313.67  100.38
 2009  48   11.07  -36.36  299.48  100.38
 2009  49   11.06  -36.36  285.30  100.37
 2009  50   11.05  -36.36  271.11  100.37
 2009  51   11.04  -36.36  256.93  100.37
 2009  52   11.04  -36.36  242.74  100.37
 2009  53   11.03  -36.36  228.56  100.37
 2009  54   11.02  -36.37  214.37  100.37
 2009  55   11.02  -36.37  200.19  100.37
 2009  56   11.01  -36.37  186.00  100.37
 2009  57   11.00  -36.37  171.81  100.37
 2009  58   11.00  -36.37  157.63  100.37
 2009  59   10.99  -36.37  143.44  100.37
 2009  60   10.98  -36.37  129.26  100.36
 2009  61   10.97  -36.37  115.07  100.36
 2009  62   10.97  -36.37  100.89  100.36
 2009  63   10.96  -36.37   86.70  100.36
 2009  64   10.95  -36.37   72.52  100.36
 2009  65   10.95  -36.37   58.33  100.36
 2009  66   10.94  -36.37   44.15  100.36
 2009  67   10.93  -36.37   29.96  100.36
 2009  68   10.92  -36.37   15.78  100.36
 2009  69   10.92  -36.37    1.59  100.36
 2009  70   10.91  -36.37  347.41  100.35
 2009  71   10.90  -36.37  333.22  100.35
 2009  72   10.90  -36.37  319.03  100.35
 2009  73   10.89  -36.37  304.85  100.35
 2009  74   10.88  -36.37  290.66  100.35
 2009  75   10.87  -36.37  276.48  100.35
 2009  76   10.87  -36.37  262.29  100.35
 2009  77   10.86  -36.38  248.11  100.35
 2009  78   10.85  -36.38  233.92  100.35
 2009  79   10.85  -36.38  219.74  100.35
 2009  80   10.84  -36.38  205.55  100.35
 2009  81   10.83  -36.38  191.37  100.34
 2009  82   10.82  -36.38  177.18  100.34
 2009  83   10.82  -36.38  163.00  100.34
 2009  84   10.81  -36.38  148.81  100.34
 2009  85   10.80  -36.38  134.63  100.34
 2009  86   10.80  -36.38  120.44  100.34
 2009  87   10.79  -36.38  106.25  100.34
 2009  88   10.78  -36.38   92.07  100.34
 2009  89   10.77  -36.38   77.88  100.34
 2009  90   10.77  -36.38   63.70  100.34
 2009  91   10.76  -36.38   49.51  100.33
 2009  92   10.75  -36.38   35.33  100.33
 2009  93   10.75  -36.38   21.14  100.33
 2009  94   10.74  -36.38    6.96  100.33
 2009  95   10.73  -36.38  352.77  100.33
 2009  96   10.72  -36.38  338.59  100.33
 2009  97   10.72  -36.38  324.40  100.33
 2009  98   10.71  -36.38  310.22  100.33
 2009  99   10.70  -36.38  296.03  100.33
 2009 100   10.70  -36.39  281.84  100.33
 2009 101   10.69  -36.39  267.66  100.33
 2009 102   10.68  -36.39  253.47  100.32
 2009 103   10.67  -36.39  239.29  100.32
 2009 104   10.67  -36.39  225.10  100.32
 2009 105   10.66  -36.39  210.92  100.32
 2009 106   10.65  -36.39  196.73  100.32
 2009 107   10.65  -36.39  182.55  100.32
 2009 108   10.64  -36.39  168.36  100.32
 2009 109   10.63  -36.39  154.18  100.32
 2009 110   10.62  -36.39  139.99  100.32
 2009 111   10.62  -36.39  125.81  100.32
 2009 112   10.61  -36.39  111.62  100.31
 2009 113   10.60  -36.39   97.43  100.31
 2009 114   10.60  -36.39   83.25  100.31
 2009 115   10.59  -36.39   69.06  100.31
 2009 116   10.58  -36.39   54.88  100.31
 2009 117   10.57  -36.39   40.69  100.31
 2009 118   10.57  -36.39   26.51  100.31
 2009 119   10.56  -36.39   12.32  100.31
 2009 120   10.55  -36.39  358.14  100.31
 2009 121   10.54  -36.39  343.95  100.31
 2009 122   10.54  -36.40  329.77  100.30
 2009 123   10.53  -36.40  315.58  100.30
 2009 124   10.52  -36.40  301.40  100.30
 2009 125   10.52  -36.40  287.21  100.30
 2009 126   10.51  -36.40  273.02  100.30
 2009 127   10.50  -36.40  258.84  100.30
 2009 128   10.49  -36.40  244.65  100.30
 2009 129   10.49  -36.40  230.47  100.30
 2009 130   10.48  -36.40  216.28  100.30
 2009 131   10.47  -36.40  202.10  100.29
 2009 132   10.47  -36.40  187.91  100.29
 2009 133   10.46  -36.40  173.73  100.29
 2009 134   10.45  -36.40  159.54  100.29
 2009 135   10.44  -36.40  145.36  100.29
 2009 136   10.44  -36.40  131.17  100.29
 2009 137   10.43  -36.40  116.98  100.29
 2009 138   10.42  -36.40  102.80  100.29
 2009 139   10.41  -36.40   88.61  100.29
 2009 140   10.41  -36.40   74.43  100.29
 2009 141   10.40  -36.40   60.24  100.28
 2009 142   10.39  -36.40   46.06  100.28
 2009 143   10.39  -36.41   31.87  100.28
 2009 144   10.38  -36.41   17.69  100.28
 2009 145   10.37  -36.41    3.50  100.28
 2009 146   10.36  -36.41  349.32  100.28
 2009 147   10.36  -36.41  335.13  100.28
 2009 148   10.35  -36.41  320.94  100.28
 2009 149   10.34  -36.41  306.76  100.28
 2009 150   10.33  -36.41  292.57  100.28
 2009 151   10.33  -36.41  278.39  100.27
 2009 152   10.32  -36.41  264.20  100.27
 2009 153   10.31  -36.41  250.02  100.27
 2009 154   10.30  -36.41  235.83  100.27
 2009 155   10.30  -36.41  221.65  100.27
 2009 156   10.29  -36.41  207.46  100.27
 2009 157   10.28  -36.41  193.28  100.27
 2009 158   10.28  -36.41  179.09  100.27
 2009 159   10.27  -36.41  164.90  100.27
 2009 160   10.26  -36.41  150.72  100.26
 2009 161   10.25  -36.41  136.53  100.26
 2009 162   10.25  -36.41  122.35  100.26
 2009 163   10.24  -36.41  108.16  100.26
 2009 164   10.23  -36.42   93.98  100.26
 2009 165   10.22  -36.42   79.79  100.26
 2009 166   10.22  -36.42   65.61  100.26
 2009 167   10.21  -36.42   51.42  100.26
 2009 168   10.20  -36.42   37.24  100.26
 2009 169   10.19  -36.42   23.05  100.25
 2009 170   10.19  -36.42    8.86  100.25
 2009 171   10.18  -36.42  354.68  100.25
 2009 172   10.17  -36.42  340.49  100.25
 2009 173   10.17  -36.42  326.31  100.25
 2009 174   10.16  -36.42  312.12  100.25
 2009 175   10.15  -36.42  297.94  100.25
 2009 176   10.14  -36.42  283.75  100.25
 2009 177   10.14  -36.42  269.57  100.25
 2009 178   10.13  -36.42  255.38  100.25
 2009 179   10.12  -36.42  241.20  100.24
 2009 180   10.11  -36.42  227.01  100.24
 2009 181   10.11  -36.42  212.82  100.24
 2009 182   10.10  -36.42  198.64  100.24
 2009 183   10.09  -36.42  184.45  100.24
 2009 184   10.08  -36.43  170.27  100.24
 2009 185   10.08  -36.43  156.08  100.24
 2009 186   10.07  -36.43  141.90  100.24
 2009 187   10.06  -36.43  127.71  100.24
 2009 188   10.05  -36.43  113.53  100.23
 2009 189   10.05  -36.43   99.34  100.23
 2009 190   10.04  -36.43   85.15  100.23
 2009 191   10.03  -36.43   70.97  100.23
 2009 192   10.02  -36.43   56.78  100.23
 2009 193   10.02  -36.43   42.60  100.23
 2009 194   10.01  -36.43   28.41  100.23
 2009 195   10.00  -36.43   14.23  100.23
 2009 196    9.99  -36.43    0.04  100.23
 2009 197    9.99  -36.43  345.86  100.22
 2009 198    9.98  -36.43  331.67  100.22
 2009 199    9.97  -36.43  317.49  100.22
 2009 200    9.97  -36.43  303.30  100.22
 2009 201    9.96  -36.43  289.11  100.22
 2009 202    9.95  -36.43  274.93  100.22
 2009 203    9.94  -36.44  260.74  100.22
 2009 204    9.94  -36.44  246.56  100.22
 2009 205    9.93  -36.44  232.37  100.22
 2009 206    9.92  -36.44  218.19  100.21
 2009 207    9.91  -36.44  204.00  100.21
 2009 208    9.91  -36.44  189.82  100.21
 2009 209    9.90  -36.44  175.63  100.21
 2009 210    9.89  -36.44  161.44  100.21
 2009 211    9.88  -36.44  147.26  100.21
 2009 212    9.88  -36.44  133.07  100.21
 2009 213    9.87  -36.44  118.89  100.21
 2009 214    9.86  -36.44  104.70  100.20
 2009 215    9.85  -36.44   90.52  100.20
 2009 216    9.85  -36.44   76.33  100.20
 2009 217    9.84  -36.44   62.15  100.20
 2009 218    9.83  -36.44   47.96  100.20
 2009 219    9.82  -36.44   33.77  100.20
 2009 220    9.82  -36.44   19.59  100.20
 2009 221    9.81  -36.44    5.40  100.20
 2009 222    9.80  -36.45  351.22  100.20
 2009 223    9.79  -36.45  337.03  100.19
 2009 224    9.79  -36.45  322.85  100.19
 2009 225    9.78  -36.45  308.66  100.19
 2009 226    9.77  -36.45  294.48  100.19
 2009 227    9.76  -36.45  280.29  100.19
 2009 228    9.76  -36.45  266.10  100.19
 2009 229    9.75  -36.45  251.92  100.19
 2009 230    9.74  -36.45  237.73  100.19
 2009 231    9.73  -36.45  223.55  100.18
 2009 232    9.73  -36.45  209.36  100.18
 2009 233    9.72  -36.45  195.18  100.18
 2009 234    9.71  -36.45  180.99  100.18
 2009 235    9.70  -36.45  166.80  100.18
 2009 236    9.69  -36.45  152.62  100.18
 2009 237    9.69  -36.45  138.43  100.18
 2009 238    9.68  -36.45  124.25  100.18
 2009 239    9.67  -36.45  110.06  100.18
 2009 240    9.66  -36.45   95.88  100.17
 2009 241    9.66  -36.46   81.69  100.17
 2009 242    9.65  -36.46   67.51  100.17
 2009 243    9.64  -36.46   53.32  100.17
 2009 244    9.63  -36.46   39.13  100.17
 2009 245    9.63  -36.46   24.95  100.17
 2009 246    9.62  -36.46   10.76  100.17
 2009 247    9.61  -36.46  356.58  100.17
 2009 248    9.60  -36.46  342.39  100.16
 2009 249    9.60  -36.46  328.21  100.16
 2009 250    9.59  -36.46  314.02  100.16
 2009 251    9.58  -36.46  299.84  100.16
 2009 252    9.57  -36.46  285.65  100.16
 2009 253    9.57  -36.46  271.46  100.16
 2009 254    9.56  -36.46  257.28  100.16
 2009 255    9.55  -36.46  243.09  100.16
 2009 256    9.54  -36.46  228.91  100.15
 2009 257    9.54  -36.46  214.72  100.15
 2009 258    9.53  -36.46  200.54  100.15
 2009 259    9.52  -36.47  186.35  100.15
 2009 260    9.51  -36.47  172.16  100.15
 2009 261    9.50  -36.47  157.98  100.15
 2009 262    9.50  -36.47  143.79  100.15
 2009 263    9.49  -36.47  129.61  100.15
 2009 264    9.48  -36.47  115.42  100.14
 2009 265    9.47  -36.47  101.24  100.14
 2009 266    9.47  -36.47   87.05  100.14
 2009 267    9.46  -36.47   72.87  100.14
 2009 268    9.45  -36.47   58.68  100.14
 2009 269    9.44  -36.47   44.49  100.14
 2009 270    9.44  -36.47   30.31  100.14
 2009 271    9.43  -36.47   16.12  100.14
 2009 272    9.42  -36.47    1.94  100.13
 2009 273    9.41  -36.47  347.75  100.13
 2009 274    9.41  -36.47  333.57  100.13
 2009 275    9.40  -36.47  319.38  100.13
 2009 276    9.39  -36.48  305.19  100.13
 2009 277    9.38  -36.48  291.01  100.13
 2009 278    9.37  -36.48  276.82  100.13
 2009 279    9.37  -36.48  262.64  100.13
 2009 280    9.36  -36.48  248.45  100.12
 2009 281    9.35  -36.48  234.27  100.12
 2009 282    9.34  -36.48  220.08  100.12
 2009 283    9.34  -36.48  205.89  100.12
 2009 284    9.33  -36.48  191.71  100.12
 2009 285    9.32  -36.48  177.52  100.12
 2009 286    9.31  -36.48  163.34  100.12
 2009 287    9.30  -36.48  149.15  100.12
 2009 288    9.30  -36.48  134.97  100.11
 2009 289    9.29  -36.48  120.78  100.11
 2009 290    9.28  -36.48  106.59  100.11
 2009 291    9.27  -36.48   92.41  100.11
 2009 292    9.27  -36.48   78.22  100.11
 2009 293    9.26  -36.49   64.04  100.11
 2009 294    9.25  -36.49   49.85  100.11
 2009 295    9.24  -36.49   35.67  100.10
 2009 296    9.24  -36.49   21.48  100.10
 2009 297    9.23  -36.49    7.29  100.10
 2009 298    9.22  -36.49  353.11  100.10
 2009 299    9.21  -36.49  338.92  100.10
 2009 300    9.20  -36.49  324.74  100.10
 2009 301    9.20  -36.49  310.55  100.10
 2009 302    9.19  -36.49  296.37  100.10
 2009 303    9.18  -36.49  282.18  100.09
 2009 304    9.17  -36.49  267.99  100.09
 2009 305    9.17  -36.49  253.81  100.09
 2009 306    9.16  -36.49  239.62  100.09
 2009 307    9.15  -36.49  225.44  100.09
 2009 308    9.14  -36.49  211.25  100.09
 2009 309    9.13  -36.49  197.07  100.09
 2009 310    9.13  -36.50  182.88  100.08
 2009 311    9.12  -36.50  168.69  100.08
 2009 312    9.11  -36.50  154.51  100.08
 2009 313    9.10  -36.50  140.32  100.08
 2009 314    9.09  -36.50  126.14  100.08
 2009 315    9.09  -36.50  111.95  100.08
 2009 316    9.08  -36.50   97.77  100.08
 2009 317    9.07  -36.50   83.58  100.08
 2009 318    9.06  -36.50   69.39  100.07
 2009 319    9.06  -36.50   55.21  100.07
 2009 320    9.05  -36.50   41.02  100.07
 2009 321    9.04  -36.50   26.84  100.07
 2009 322    9.03  -36.50   12.65  100.07
 2009 323    9.02  -36.50  358.47  100.07
 2009 324    9.02  -36.50  344.28  100.07
 2009 325    9.01  -36.50  330.09  100.06
 2009 326    9.00  -36.51  315.91  100.06
 2009 327    8.99  -36.51  301.72  100.06
 2009 328    8.99  -36.51  287.54  100.06
 2009 329    8.98  -36.51  273.35  100.06
 2009 330    8.97  -36.51  259.16  100.06
 2009 331    8.96  -36.51  244.98  100.06
 2009 332    8.95  -36.51  230.79  100.05
 2009 333    8.95  -36.51  216.61  100.05
 2009 334    8.94  -36.51  202.42  100.05
 2009 335    8.93  -36.51  188.24  100.05
 2009 336    8.92  -36.51  174.05  100.05
 2009 337    8.91  -36.51  159.86  100.05
 2009 338    8.91  -36.51  145.68  100.05
 2009 339    8.90  -36.51  131.49  100.04
 2009 340    8.89  -36.51  117.31  100.04
 2009 341    8.88  -36.51  103.12  100.04
 2009 342    8.87  -36.52   88.93  100.04
 2009 343    8.87  -36.52   74.75  100.04
 2009 344    8.86  -36.52   60.56  100.04
 2009 345    8.85  -36.52   46.38  100.04
 2009 346    8.84  -36.52   32.19  100.03
 2009 347    8.83  -36.52   18.01  100.03
 2009 348    8.83  -36.52    3.82  100.03
 2009 349    8.82  -36.52  349.63  100.03
 2009 350    8.81  -36.52  335.45  100.03
 2009 351    8.80  -36.52  321.26  100.03
 2009 352    8.80  -36.52  307.08  100.03
 2009 353    8.79  -36.52  292.89  100.02
 2009 354    8.78  -36.52  278.70  100.02
 2009 355    8.77  -36.52  264.52  100.02
 2009 356    8.76  -36.52  250.33  100.02
 2009 357    8.76  -36.53  236.15  100.02
 2009 358    8.75  -36.53  221.96  100.02
 2009 359    8.74  -36.53  207.78  100.02
 2009 360    8.73  -36.53  193.59  100.01
 2009 361    8.72  -36.53  179.40  100.01
 2009 362    8.72  -36.53  165.22  100.01
 2009 363    8.71  -36.53  151.03  100.01
 2009 364    8.70  -36.53  136.85  100.01
 2009 365    8.69  -36.53  122.66  100.01
 2010   1    8.68  -36.53  108.47  100.01
 2010   2    8.68  -36.53   94.29  100.00
 2010   3    8.67  -36.53   80.10  100.00
 2010   4    8.66  -36.53   65.92  100.00
 2010   5    8.65  -36.53   51.73  100.00
 2010   6    8.64  -36.53   37.54  100.00
 2010   7    8.63  -36.54   23.36  100.00
 2010   8    8.63  -36.54    9.17   99.99
 2010   9    8.62  -36.54  354.99   99.99
 2010  10    8.61  -36.54  340.80   99.99
 2010  11    8.60  -36.54  326.62   99.99
 2010  12    8.59  -36.54  312.43   99.99
 2010  13    8.59  -36.54  298.24   99.99
 2010  14    8.58  -36.54  284.06   99.99
 2010  15    8.57  -36.54  269.87   99.98
 2010  16    8.56  -36.54  255.69   99.98
 2010  17    8.55  -36.54  241.50   99.98
 2010  18    8.55  -36.54  227.31   99.98
 2010  19    8.54  -36.54  213.13   99.98
 2010  20    8.53  -36.54  198.94   99.98
 2010  21    8.52  -36.55  184.76   99.97
 2010  22    8.51  -36.55  170.57   99.97
 2010  23    8.51  -36.55  156.38   99.97
 2010  24    8.50  -36.55  142.20   99.97
 2010  25    8.49  -36.55  128.01   99.97
 2010  26    8.48  -36.55  113.83   99.97
 2010  27    8.47  -36.55   99.64   99.97
 2010  28    8.47  -36.55   85.45   99.96
 2010  29    8.46  -36.55   71.27   99.96
 2010  30    8.45  -36.55   57.08   99.96
 2010  31    8.44  -36.55   42.90   99.96
 2010  32    8.43  -36.55   28.71   99.96
 2010  33    8.42  -36.55   14.52   99.96
 2010  34    8.42  -36.55    0.34   99.95
 2010  35    8.41  -36.56  346.15   99.95
 2010  36    8.40  -36.56  331.97   99.95
 2010  37    8.39  -36.56  317.78   99.95
 2010  38    8.38  -36.56  303.59   99.95
 2010  39    8.38  -36.56  289.41   99.95
 2010  40    8.37  -36.56  275.22   99.94
 2010  41    8.36  -36.56  261.04   99.94
 2010  42    8.35  -36.56  246.85   99.94
 2010  43    8.34  -36.56  232.66   99.94
 2010  44    8.33  -36.56  218.48   99.94
 2010  45    8.33  -36.56  204.29   99.94
 2010  46    8.32  -36.56  190.11   99.94
 2010  47    8.31  -36.56  175.92   99.93
 2010  48    8.30  -36.56  161.73   99.93
 2010  49    8.29  -36.57  147.55   99.93
 2010  50    8.29  -36.57  133.36   99.93
 2010  51    8.28  -36.57  119.18   99.93
 2010  52    8.27  -36.57  104.99   99.93
 2010  53    8.26  -36.57   90.80   99.92
 2010  54    8.25  -36.57   76.62   99.92
 2010  55    8.24  -36.57   62.43   99.92
 2010  56    8.24  -36.57   48.25   99.92
 2010  57    8.23  -36.57   34.06   99.92
 2010  58    8.22  -36.57   19.87   99.92
 2010  59    8.21  -36.57    5.69   99.91
 2010  60    8.20  -36.57  351.50   99.91
 2010  61    8.19  -36.57  337.32   99.91
 2010  62    8.19  -36.58  323.13   99.91
 2010  63    8.18  -36.58  308.94   99.91
 2010  64    8.17  -36.58  294.76   99.91
 2010  65    8.16  -36.58  280.57   99.90
 2010  66    8.15  -36.58  266.38   99.90
 2010  67    8.15  -36.58  252.20   99.90
 2010  68    8.14  -36.58  238.01   99.90
 2010  69    8.13  -36.58  223.83   99.90
 2010  70    8.12  -36.58  209.64   99.90
 2010  71    8.11  -36.58  195.45   99.89
 2010  72    8.10  -36.58  181.27   99.89
 2010  73    8.10  -36.58  167.08   99.89
 2010  74    8.09  -36.58  152.90   99.89
 2010  75    8.08  -36.59  138.71   99.89
 2010  76    8.07  -36.59  124.52   99.88
 2010  77    8.06  -36.59  110.34   99.88
 2010  78    8.05  -36.59   96.15   99.88
 2010  79    8.05  -36.59   81.97   99.88
 2010  80    8.04  -36.59   67.78   99.88
 2010  81    8.03  -36.59   53.59   99.88
 2010  82    8.02  -36.59   39.41   99.87
 2010  83    8.01  -36.59   25.22   99.87
 2010  84    8.00  -36.59   11.03   99.87
 2010  85    8.00  -36.59  356.85   99.87
 2010  86    7.99  -36.59  342.66   99.87
 2010  87    7.98  -36.59  328.48   99.87
 2010  88    7.97  -36.60  314.29   99.86
 2010  89    7.96  -36.60  300.10   99.86
 2010  90    7.95  -36.60  285.92   99.86
 2010  91    7.94  -36.60  271.73   99.86
 2010  92    7.94  -36.60  257.55   99.86
 2010  93    7.93  -36.60  243.36   99.85
 2010  94    7.92  -36.60  229.17   99.85
 2010  95    7.91  -36.60  214.99   99.85
 2010  96    7.90  -36.60  200.80   99.85
 2010  97    7.89  -36.60  186.61   99.85
 2010  98    7.89  -36.60  172.43   99.85
 2010  99    7.88  -36.60  158.24   99.84
 2010 100    7.87  -36.61  144.06   99.84
 2010 101    7.86  -36.61  129.87   99.84
 2010 102    7.85  -36.61  115.68   99.84
 2010 103    7.84  -36.61  101.50   99.84
 2010 104    7.84  -36.61   87.31   99.83
 2010 105    7.83  -36.61   73.12   99.83
 2010 106    7.82  -36.61   58.94   99.83
 2010 107    7.81  -36.61   44.75   99.83
 2010 108    7.80  -36.61   30.57   99.83
 2010 109    7.79  -36.61   16.38   99.83
 2010 110    7.78  -36.61    2.19   99.82
 2010 111    7.78  -36.61  348.01   99.82
 2010 112    7.77  -36.62  333.82   99.82
 2010 113    7.76  -36.62  319.63   99.82
 2010 114    7.75  -36.62  305.45   99.82
 2010 115    7.74  -36.62  291.26   99.81
 2010 116    7.73  -36.62  277.08   99.81
 2010 117    7.72  -36.62  262.89   99.81
 2010 118    7.72  -36.62  248.70   99.81
 2010 119    7.71  -36.62  234.52   99.81
 2010 120    7.70  -36.62  220.33   99.80
 2010 121    7.69  -36.62  206.14   99.80
 2010 122    7.68  -36.62  191.96   99.80
 2010 123    7.67  -36.62  177.77   99.80
 2010 124    7.66  -36.63  163.59   99.80
 2010 125    7.66  -36.63  149.40   99.80
 2010 126    7.65  -36.63  135.21   99.79
 2010 127    7.64  -36.63  121.03   99.79
 2010 128    7.63  -36.63  106.84   99.79
 2010 129    7.62  -36.63   92.65   99.79
 2010 130    7.61  -36.63   78.47   99.79
 2010 131    7.60  -36.63   64.28   99.78
 2010 132    7.60  -36.63   50.09   99.78
 2010 133    7.59  -36.63   35.91   99.78
 2010 134    7.58  -36.63   21.72   99.78
 2010 135    7.57  -36.64    7.54   99.78
 2010 136    7.56  -36.64  353.35   99.77
 2010 137    7.55  -36.64  339.16   99.77
 2010 138    7.54  -36.64  324.98   99.77
 2010 139    7.54  -36.64  310.79   99.77
 2010 140    7.53  -36.64  296.60   99.77
 2010 141    7.52  -36.64  282.42   99.76
 2010 142    7.51  -36.64  268.23   99.76
 2010 143    7.50  -36.64  254.04   99.76
 2010 144    7.49  -36.64  239.86   99.76
 2010 145    7.48  -36.64  225.67   99.76
 2010 146    7.48  -36.65  211.49   99.75
 2010 147    7.47  -36.65  197.30   99.75
 2010 148    7.46  -36.65  183.11   99.75
 2010 149    7.45  -36.65  168.93   99.75
 2010 150    7.44  -36.65  154.74   99.75
 2010 151    7.43  -36.65  140.55   99.74
 2010 152    7.42  -36.65  126.37   99.74
 2010 153    7.41  -36.65  112.18   99.74
 2010 154    7.41  -36.65   97.99   99.74
 2010 155    7.40  -36.65   83.81   99.74
 2010 156    7.39  -36.65   69.62   99.73
 2010 157    7.38  -36.66   55.43   99.73
 2010 158    7.37  -36.66   41.25   99.73
 2010 159    7.36  -36.66   27.06   99.73
 2010 160    7.35  -36.66   12.87   99.72
 2010 161    7.34  -36.66  358.69   99.72
 2010 162    7.34  -36.66  344.50   99.72
 2010 163    7.33  -36.66  330.32   99.72
 2010 164    7.32  -36.66  316.13   99.72
 2010 165    7.31  -36.66  301.94   99.71
 2010 166    7.30  -36.66  287.76   99.71
 2010 167    7.29  -36.66  273.57   99.71
 2010 168    7.28  -36.67  259.38   99.71
 2010 169    7.27  -36.67  245.20   99.71
 2010 170    7.27  -36.67  231.01   99.70
 2010 171    7.26  -36.67  216.82   99.70
 2010 172    7.25  -36.67  202.64   99.70
 2010 173    7.24  -36.67  188.45   99.70
 2010 174    7.23  -36.67  174.26   99.70
 2010 175    7.22  -36.67  160.08   99.69
 2010 176    7.21  -36.67  145.89   99.69
 2010 177    7.20  -36.67  131.70   99.69
 2010 178    7.19  -36.68  117.52   99.69
 2010 179    7.19  -36.68  103.33   99.68
 2010 180    7.18  -36.68   89.14   99.68
 2010 181    7.17  -36.68   74.96   99.68
 2010 182    7.16  -36.68   60.77   99.68
 2010 183    7.15  -36.68   46.58   99.68
 2010 184    7.14  -36.68   32.40   99.67
 2010 185    7.13  -36.68   18.21   99.67
 2010 186    7.12  -36.68    4.02   99.67
 2010 187    7.11  -36.68  349.84   99.67
 2010 188    7.11  -36.69  335.65   99.66
 2010 189    7.10  -36.69  321.46   99.66
 2010 190    7.09  -36.69  307.28   99.66
 2010 191    7.08  -36.69  293.09   99.66
 2010 192    7.07  -36.69  278.90   99.66
 2010 193    7.06  -36.69  264.72   99.65
 2010 194    7.05  -36.69  250.53   99.65
 2010 195    7.04  -36.69  236.34   99.65
 2010 196    7.03  -36.69  222.16   99.65
 2010 197    7.03  -36.69  207.97   99.64
 2010 198    7.02  -36.70  193.78   99.64
 2010 199    7.01  -36.70  179.60   99.64
 2010 200    7.00  -36.70  165.41   99.64
 2010 201    6.99  -36.70  151.22   99.63
 2010 202    6.98  -36.70  137.04   99.63
 2010 203    6.97  -36.70  122.85   99.63
 2010 204    6.96  -36.70  108.66   99.63
 2010 205    6.95  -36.70   94.48   99.63
 2010 206    6.94  -36.70   80.29   99.62
 2010 207    6.94  -36.70   66.10   99.62
 2010 208    6.93  -36.71   51.92   99.62
 2010 209    6.92  -36.71   37.73   99.62
 2010 210    6.91  -36.71   23.54   99.61
 2010 211    6.90  -36.71    9.36   99.61
 2010 212    6.89  -36.71  355.17   99.61
 2010 213    6.88  -36.71  340.98   99.61
 2010 214    6.87  -36.71  326.80   99.60
 2010 215    6.86  -36.71  312.61   99.60
 2010 216    6.85  -36.71  298.42   99.60
 2010 217    6.84  -36.72  284.24   99.60
 2010 218    6.84  -36.72  270.05   99.59
 2010 219    6.83  -36.72  255.86   99.59
 2010 220    6.82  -36.72  241.68   99.59
 2010 221    6.81  -36.72  227.49   99.59
 2010 222    6.80  -36.72  213.30   99.58
 2010 223    6.79  -36.72  199.12   99.58
 2010 224    6.78  -36.72  184.93   99.58
 2010 225    6.77  -36.72  170.74   99.58
 2010 226    6.76  -36.73  156.55   99.57
 2010 227    6.75  -36.73  142.37   99.57
 2010 228    6.74  -36.73  128.18   99.57
 2010 229    6.74  -36.73  113.99   99.57
 2010 230    6.73  -36.73   99.81   99.57
 2010 231    6.72  -36.73   85.62   99.56
 2010 232    6.71  -36.73   71.43   99.56
 2010 233    6.70  -36.73   57.25   99.56
 2010 234    6.69  -36.73   43.06   99.55
 2010 235    6.68  -36.74   28.87   99.55
 2010 236    6.67  -36.74   14.69   99.55
 2010 237    6.66  -36.74    0.50   99.55
 2010 238    6.65  -36.74  346.31   99.54
 2010 239    6.64  -36.74  332.12   99.54
 2010 240    6.63  -36.74  317.94   99.54
 2010 241    6.63  -36.74  303.75   99.54
 2010 242    6.62  -36.74  289.56   99.53
 2010 243    6.61  -36.74  275.38   99.53
 2010 244    6.60  -36.75  261.19   99.53
 2010 245    6.59  -36.75  247.00   99.53
 2010 246    6.58  -36.75  232.82   99.52
 2010 247    6.57  -36.75  218.63   99.52
 2010 248    6.56  -36.75  204.44   99.52
 2010 249    6.55  -36.75  190.25   99.52
 2010 250    6.54  -36.75  176.07   99.51
 2010 251    6.53  -36.75  161.88   99.51
 2010 252    6.52  -36.76  147.69   99.51
 2010 253    6.51  -36.76  133.51   99.51
 2010 254    6.50  -36.76  119.32   99.50
 2010 255    6.49  -36.76  105.13   99.50
 2010 256    6.49  -36.76   90.95   99.50
 2010 257    6.48  -36.76   76.76   99.49
 2010 258    6.47  -36.76   62.57   99.49
 2010 259    6.46  -36.76   48.38   99.49
 2010 260    6.45  -36.76   34.20   99.49
 2010 261    6.44  -36.77   20.01   99.48
 2010 262    6.43  -36.77    5.82   99.48
 2010 263    6.42  -36.77  351.64   99.48
 2010 264    6.41  -36.77  337.45   99.48
 2010 265    6.40  -36.77  323.26   99.47
 2010 266    6.39  -36.77  309.07   99.47
 2010 267    6.38  -36.77  294.89   99.47
 2010 268    6.37  -36.77  280.70   99.46
 2010 269    6.36  -36.78  266.51   99.46
 2010 270    6.35  -36.78  252.33   99.46
 2010 271    6.34  -36.78  238.14   99.46
 2010 272    6.34  -36.78  223.95   99.45
 2010 273    6.33  -36.78  209.76   99.45
 2010 274    6.32  -36.78  195.58   99.45
 2010 275    6.31  -36.78  181.39   99.44
 2010 276    6.30  -36.78  167.20   99.44
 2010 277    6.29  -36.79  153.01   99.44
 2010 278    6.28  -36.79  138.83   99.44
 2010 279    6.27  -36.79  124.64   99.43
 2010 280    6.26  -36.79  110.45   99.43
 2010 281    6.25  -36.79   96.27   99.43
 2010 282    6.24  -36.79   82.08   99.42
 2010 283    6.23  -36.79   67.89   99.42
 2010 284    6.22  -36.79   53.70   99.42
 2010 285    6.21  -36.80   39.52   99.42
 2010 286    6.20  -36.80   25.33   99.41
 2010 287    6.19  -36.80   11.14   99.41
 2010 288    6.18  -36.80  356.95   99.41
 2010 289    6.17  -36.80  342.77   99.40
 2010 290    6.16  -36.80  328.58   99.40
 2010 291    6.15  -36.80  314.39   99.40
 2010 292    6.14  -36.81  300.20   99.40
 2010 293    6.13  -36.81  286.02   99.39
 2010 294    6.13  -36.81  271.83   99.39
 2010 295    6.12  -36.81  257.64   99.39
 2010 296    6.11  -36.81  243.45   99.38
 2010 297    6.10  -36.81  229.27   99.38
 2010 298    6.09  -36.81  215.08   99.38
 2010 299    6.08  -36.81  200.89   99.37
 2010 300    6.07  -36.82  186.70   99.37
 2010 301    6.06  -36.82  172.52   99.37
 2010 302    6.05  -36.82  158.33   99.36
 2010 303    6.04  -36.82  144.14   99.36
 2010 304    6.03  -36.82  129.95   99.36
 2010 305    6.02  -36.82  115.77   99.36
 2010 306    6.01  -36.82  101.58   99.35
 2010 307    6.00  -36.83   87.39   99.35
 2010 308    5.99  -36.83   73.20   99.35
 2010 309    5.98  -36.83   59.02   99.34
 2010 310    5.97  -36.83   44.83   99.34
 2010 311    5.96  -36.83   30.64   99.34
 2010 312    5.95  -36.83   16.45   99.33
 2010 313    5.94  -36.83    2.27   99.33
 2010 314    5.93  -36.84  348.08   99.33
 2010 315    5.92  -36.84  333.89   99.32
 2010 316    5.91  -36.84  319.70   99.32
 2010 317    5.90  -36.84  305.52   99.32
 2010 318    5.89  -36.84  291.33   99.31
 2010 319    5.88  -36.84  277.14   99.31
 2010 320    5.87  -36.84  262.95   99.31
 2010 321    5.86  -36.85  248.77   99.30
 2010 322    5.85  -36.85  234.58   99.30
 2010 323    5.84  -36.85  220.39   99.30
 2010 324    5.83  -36.85  206.20   99.29
 2010 325    5.82  -36.85  192.01   99.29
 2010 326    5.81  -36.85  177.83   99.29
 2010 327    5.80  -36.85  163.64   99.28
 2010 328    5.79  -36.86  149.45   99.28
 2010 329    5.78  -36.86  135.26   99.28
 2010 330    5.77  -36.86  121.08   99.27
 2010 331    5.76  -36.86  106.89   99.27
 2010 332    5.75  -36.86   92.70   99.27
 2010 333    5.74  -36.86   78.51   99.26
 2010 334    5.73  -36.87   64.32   99.26
 2010 335    5.72  -36.87   50.14   99.26
 2010 336    5.71  -36.87   35.95   99.25
 2010 337    5.70  -36.87   21.76   99.25
 2010 338    5.69  -36.87    7.57   99.25
 2010 339    5.68  -36.87  353.39   99.24
 2010 340    5.67  -36.87  339.20   99.24
 2010 341    5.66  -36.88  325.01   99.24
 2010 342    5.65  -36.88  310.82   99.23
 2010 343    5.64  -36.88  296.63   99.23
 2010 344    5.63  -36.88  282.45   99.22
 2010 345    5.62  -36.88  268.26   99.22
 2010 346    5.61  -36.88  254.07   99.22
 2010 347    5.60  -36.89  239.88   99.21
 2010 348    5.59  -36.89  225.69   99.21
 2010 349    5.58  -36.89  211.51   99.21
 2010 350    5.57  -36.89  197.32   99.20
 2010 351    5.56  -36.89  183.13   99.20
 2010 352    5.55  -36.89  168.94   99.20
 2010 353    5.54  -36.90  154.75   99.19
 2010 354    5.53  -36.90  140.56   99.19
 2010 355    5.52  -36.90  126.38   99.18
 2010 356    5.51  -36.90  112.19   99.18
 2010 357    5.50  -36.90   98.00   99.18
 2010 358    5.49  -36.90   83.81   99.17
 2010 359    5.48  -36.91   69.62   99.17
 2010 360    5.47  -36.91   55.44   99.17
 2010 361    5.46  -36.91   41.25   99.16
 2010 362    5.45  -36.91   27.06   99.16
 2010 363    5.44  -36.91   12.87   99.15
 2010 364    5.43  -36.91  358.68   99.15
 2010 365    5.42  -36.92  344.49   99.15
 2011   1    5.41  -36.92  330.31   99.14
 2011   2    5.40  -36.92  316.12   99.14
 2011   3    5.39  -36.92  301.93   99.13
 2011   4    5.38  -36.92  287.74   99.13
 2011   5    5.37  -36.92  273.55   99.13
 2011   6    5.36  -36.93  259.36   99.12
 2011   7    5.35  -36.93  245.18   99.12
 2011   8    5.34  -36.93  230.99   99.12
 2011   9    5.33  -36.93  216.80   99.11
 2011  10    5.32  -36.93  202.61   99.11
 2011  11    5.31  -36.93  188.42   99.10
 2011  12    5.30  -36.94  174.23   99.10
 2011  13    5.29  -36.94  160.05   99.09
 2011  14    5.28  -36.94  145.86   99.09
 2011  15    5.26  -36.94  131.67   99.09
 2011  16    5.25  -36.94  117.48   99.08
 2011  17    5.24  -36.95  103.29   99.08
 2011  18    5.23  -36.95   89.10   99.07
 2011  19    5.22  -36.95   74.91   99.07
 2011  20    5.21  -36.95   60.73   99.07
 2011  21    5.20  -36.95   46.54   99.06
 2011  22    5.19  -36.95   32.35   99.06
 2011  23    5.18  -36.96   18.16   99.05
 2011  24    5.17  -36.96    3.97   99.05
 2011  25    5.16  -36.96  349.78   99.04
 2011  26    5.15  -36.96  335.59   99.04
 2011  27    5.14  -36.96  321.41   99.04
 2011  28    5.13  -36.97  307.22   99.03
 2011  29    5.12  -36.97  293.03   99.03
 2011  30    5.11  -36.97  278.84   99.02
 2011  31    5.10  -36.97  264.65   99.02
 2011  32    5.09  -36.97  250.46   99.01
 2011  33    5.08  -36.98  236.27   99.01
 2011  34    5.07  -36.98  222.08   99.01
 2011  35    5.05  -36.98  207.90   99.00
 2011  36    5.04  -36.98  193.71   99.00
 2011  37    5.03  -36.98  179.52   98.99
 2011  38    5.02  -36.99  165.33   98.99
 2011  39    5.01  -36.99  151.14   98.98
 2011  40    5.00  -36.99  136.95   98.98
 2011  41    4.99  -36.99  122.76   98.97
 2011  42    4.98  -36.99  108.57   98.97
 2011  43    4.97  -37.00   94.38   98.96
 2011  44    4.96  -37.00   80.19   98.96
 2011  45    4.95  -37.00   66.01   98.96
 2011  46    4.94  -37.00   51.82   98.95
 2011  47    4.93  -37.00   37.63   98.95
 2011  48    4.92  -37.01   23.44   98.94
 2011  49    4.90  -37.01    9.25   98.94
 2011  50    4.89  -37.01  355.06   98.93
 2011  51    4.88  -37.01  340.87   98.93
 2011  52    4.87  -37.01  326.68   98.92
 2011  53    4.86  -37.02  312.49   98.92
 2011  54    4.85  -37.02  298.30   98.91
 2011  55    4.84  -37.02  284.11   98.91
 2011  56    4.83  -37.02  269.93   98.90
 2011  57    4.82  -37.03  255.74   98.90
 2011  58    4.81  -37.03  241.55   98.89
 2011  59    4.80  -37.03  227.36   98.89
 2011  60    4.78  -37.03  213.17   98.88
 2011  61    4.77  -37.03  198.98   98.88
 2011  62    4.76  -37.04  184.79   98.87
 2011  63    4.75  -37.04  170.60   98.87
 2011  64    4.74  -37.04  156.41   98.86
 2011  65    4.73  -37.04  142.22   98.86
 2011  66    4.72  -37.04  128.03   98.85
 2011  67    4.71  -37.05  113.84   98.85
 2011  68    4.70  -37.05   99.65   98.84
 2011  69    4.69  -37.05   85.46   98.84
 2011  70    4.67  -37.05   71.27   98.83
 2011  71    4.66  -37.06   57.08   98.83
 2011  72    4.65  -37.06   42.89   98.82
 2011  73    4.64  -37.06   28.70   98.82
 2011  74    4.63  -37.06   14.51   98.81
 2011  75    4.62  -37.07    0.32   98.81
 2011  76    4.61  -37.07  346.13   98.80
 2011  77    4.60  -37.07  331.94   98.79
 2011  78    4.59  -37.07  317.75   98.79
 2011  79    4.57  -37.07  303.57   98.78
 2011  80    4.56  -37.08  289.38   98.78
 2011  81    4.55  -37.08  275.19   98.77
 2011  82    4.54  -37.08  261.00   98.77
 2011  83    4.53  -37.08  246.81   98.76
 2011  84    4.52  -37.09  232.62   98.76
 2011  85    4.51  -37.09  218.43   98.75
 2011  86    4.50  -37.09  204.24   98.75
 2011  87    4.48  -37.09  190.05   98.74
 2011  88    4.47  -37.10  175.86   98.73
 2011  89    4.46  -37.10  161.67   98.73
 2011  90    4.45  -37.10  147.47   98.72
 2011  91    4.44  -37.10  133.28   98.72
 2011  92    4.43  -37.11  119.09   98.71
 2011  93    4.42  -37.11  104.90   98.70
 2011  94    4.40  -37.11   90.71   98.70
 2011  95    4.39  -37.11   76.52   98.69
 2011  96    4.38  -37.12   62.33   98.69
 2011  97    4.37  -37.12   48.14   98.68
 2011  98    4.36  -37.12   33.95   98.68
 2011  99    4.35  -37.13   19.76   98.67
 2011 100    4.34  -37.13    5.57   98.66
 2011 101    4.32  -37.13  351.38   98.66
 2011 102    4.31  -37.13  337.19   98.65
 2011 103    4.30  -37.14  323.00   98.64
 2011 104    4.29  -37.14  308.81   98.64
 2011 105    4.28  -37.14  294.62   98.63
 2011 106    4.27  -37.14  280.43   98.63
 2011 107    4.26  -37.15  266.24   98.62
 2011 108    4.24  -37.15  252.05   98.61
 2011 109    4.23  -37.15  237.86   98.61
 2011 110    4.22  -37.15  223.67   98.60
 2011 111    4.21  -37.16  209.47   98.59
 2011 112    4.20  -37.16  195.28   98.59
 2011 113    4.19  -37.16  181.09   98.58
 2011 114    4.17  -37.17  166.90   98.57
 2011 115    4.16  -37.17  152.71   98.57
 2011 116    4.15  -37.17  138.52   98.56
 2011 117    4.14  -37.17  124.33   98.55
 2011 118    4.13  -37.18  110.14   98.55
 2011 119    4.11  -37.18   95.95   98.54
 2011 120    4.10  -37.18   81.76   98.53
 2011 121    4.09  -37.19   67.56   98.53
 2011 122    4.08  -37.19   53.37   98.52
 2011 123    4.07  -37.19   39.18   98.51
 2011 124    4.06  -37.20   24.99   98.51
 2011 125    4.04  -37.20   10.80   98.50
 2011 126    4.03  -37.20  356.61   98.49
 2011 127    4.02  -37.20  342.42   98.49
 2011 128    4.01  -37.21  328.22   98.48
 2011 129    4.00  -37.21  314.03   98.47
 2011 130    3.98  -37.21  299.84   98.46
 2011 131    3.97  -37.22  285.65   98.46
 2011 132    3.96  -37.22  271.46   98.45
 2011 133    3.95  -37.22  257.27   98.44
 2011 134    3.94  -37.23  243.07   98.44
 2011 135    3.92  -37.23  228.88   98.43
 2011 136    3.91  -37.23  214.69   98.42
 2011 137    3.90  -37.24  200.50   98.41
 2011 138    3.89  -37.24  186.31   98.41
 2011 139    3.87  -37.24  172.11   98.40
 2011 140    3.86  -37.25  157.92   98.39
 2011 141    3.85  -37.25  143.73   98.38
 2011 142    3.84  -37.25  129.54   98.37
 2011 143    3.83  -37.26  115.35   98.37
 2011 144    3.81  -37.26  101.15   98.36
 2011 145    3.80  -37.26   86.96   98.35
 2011 146    3.79  -37.27   72.77   98.34
 2011 147    3.78  -37.27   58.58   98.33
 2011 148    3.76  -37.27   44.38   98.33
 2011 149    3.75  -37.28   30.19   98.32
 2011 150    3.74  -37.28   16.00   98.31
 2011 151    3.73  -37.28    1.81   98.30
 2011 152    3.71  -37.29  347.61   98.29
 2011 153    3.70  -37.29  333.42   98.29
 2011 154    3.69  -37.29  319.23   98.28
 2011 155    3.68  -37.30  305.04   98.27
 2011 156    3.66  -37.30  290.84   98.26
 2011 157    3.65  -37.31  276.65   98.25
 2011 158    3.64  -37.31  262.46   98.24
 2011 159    3.63  -37.31  248.26   98.23
 2011 160    3.61  -37.32  234.07   98.23
 2011 161    3.60  -37.32  219.88   98.22
 2011 162    3.59  -37.32  205.68   98.21
 2011 163    3.58  -37.33  191.49   98.20
 2011 164    3.56  -37.33  177.30   98.19
 2011 165    3.55  -37.34  163.10   98.18
 2011 166    3.54  -37.34  148.91   98.17
 2011 167    3.52  -37.34  134.72   98.16
 2011 168    3.51  -37.35  120.52   98.15
 2011 169    3.50  -37.35  106.33   98.14
 2011 170    3.49  -37.36   92.13   98.13
 2011 171    3.47  -37.36   77.94   98.12
 2011 172    3.46  -37.36   63.75   98.11
 2011 173    3.45  -37.37   49.55   98.11
 2011 174    3.43  -37.37   35.36   98.10
 2011 175    3.42  -37.38   21.16   98.09
 2011 176    3.41  -37.38    6.97   98.08
 2011 177    3.40  -37.39  352.78   98.07
 2011 178    3.38  -37.39  338.58   98.06
 2011 179    3.37  -37.39  324.39   98.05
 2011 180    3.36  -37.40  310.19   98.04
 2011 181    3.34  -37.40  296.00   98.03
 2011 182    3.33  -37.41  281.80   98.01
 2011 183    3.32  -37.41  267.61   98.00
 2011 184    3.30  -37.42  253.41   97.99
 2011 185    3.29  -37.42  239.22   97.98
 2011 186    3.28  -37.42  225.02   97.97
 2011 187    3.26  -37.43  210.83   97.96
 2011 188    3.25  -37.43  196.63   97.95
 2011 189    3.24  -37.44  182.44   97.94
 2011 190    3.22  -37.44  168.24   97.93
 2011 191    3.21  -37.45  154.05   97.92
 2011 192    3.20  -37.45  139.85   97.91
 2011 193    3.18  -37.46  125.65   97.90
 2011 194    3.17  -37.46  111.46   97.88
 2011 195    3.16  -37.47   97.26   97.87
 2011 196    3.14  -37.47   83.07   97.86
 2011 197    3.13  -37.48   68.87   97.85
 2011 198    3.12  -37.48   54.67   97.84
 2011 199    3.10  -37.49   40.48   97.83
 2011 200    3.09  -37.49   26.28   97.81
 2011 201    3.07  -37.50   12.09   97.80
 2011 202    3.06  -37.50  357.89   97.79
 2011 203    3.05  -37.51  343.69   97.78
 2011 204    3.03  -37.51  329.49   97.76
 2011 205    3.02  -37.52  315.30   97.75
 2011 206    3.01  -37.52  301.10   97.74
 2011 207    2.99  -37.53  286.90   97.73
 2011 208    2.98  -37.54  272.71   97.71
 2011 209    2.96  -37.54  258.51   97.70
 2011 210    2.95  -37.55  244.31   97.69
 2011 211    2.94  -37.55  230.11   97.67
 2011 212    2.92  -37.56  215.92   97.66
 2011 213    2.91  -37.56  201.72   97.65
 2011 214    2.89  -37.57  187.52   97.63
 2011 215    2.88  -37.58  173.32   97.62
 2011 216    2.86  -37.58  159.12   97.60
 2011 217    2.85  -37.59  144.92   97.59
 2011 218    2.84  -37.59  130.73   97.58
 2011 219    2.82  -37.60  116.53   97.56
 2011 220    2.81  -37.61  102.33   97.55
 2011 221    2.79  -37.61   88.13   97.53
 2011 222    2.78  -37.62   73.93   97.52
 2011 223    2.76  -37.62   59.73   97.50
 2011 224    2.75  -37.63   45.53   97.49
 2011 225    2.74  -37.64   31.33   97.47
 2011 226    2.72  -37.64   17.13   97.46
 2011 227    2.71  -37.65    2.93   97.44
 2011 228    2.69  -37.66  348.73   97.42
 2011 229    2.68  -37.66  334.53   97.41
 2011 230    2.66  -37.67  320.33   97.39
 2011 231    2.65  -37.68  306.13   97.37
 2011 232    2.63  -37.68  291.93   97.36
 2011 233    2.62  -37.69  277.73   97.34
 2011 234    2.60  -37.70  263.52   97.32
 2011 235    2.59  -37.71  249.32   97.31
 2011 236    2.57  -37.71  235.12   97.29
 2011 237    2.56  -37.72  220.92   97.27
 2011 238    2.54  -37.73  206.72   97.25
 2011 239    2.53  -37.74  192.51   97.24
 2011 240    2.51  -37.74  178.31   97.22
 2011 241    2.50  -37.75  164.11   97.20
 2011 242    2.48  -37.76  149.90   97.18
 2011 243    2.47  -37.77  135.70   97.16
 2011 244    2.45  -37.77  121.50   97.14
 2011 245    2.44  -37.78  107.29   97.12
 2011 246    2.42  -37.79   93.09   97.10
 2011 247    2.40  -37.80   78.88   97.08
 2011 248    2.39  -37.81   64.68   97.06
 2011 249    2.37  -37.82   50.48   97.04
 2011 250    2.36  -37.82   36.27   97.02
 2011 251    2.34  -37.83   22.06   97.00
 2011 252    2.33  -37.84    7.86   96.98
 2011 253    2.31  -37.85  353.65   96.96
 2011 254    2.29  -37.86  339.45   96.93
 2011 255    2.28  -37.87  325.24   96.91
 2011 256    2.26  -37.88  311.03   96.89
 2011 257    2.25  -37.89  296.83   96.87
 2011 258    2.23  -37.90  282.62   96.84
 2011 259    2.21  -37.91  268.41   96.82
 2011 260    2.20  -37.92  254.20   96.80
 2011 261    2.18  -37.93  239.99   96.77
 2011 262    2.17  -37.94  225.78   96.75
 2011 263    2.15  -37.95  211.57   96.72
 2011 264    2.13  -37.96  197.36   96.70
 2011 265    2.12  -37.97  183.15   96.67
 2011 266    2.10  -37.98  168.94   96.64
 2011 267    2.08  -37.99  154.73   96.62
 2011 268    2.07  -38.00  140.52   96.59
 2011 269    2.05  -38.01  126.31   96.56
 2011 270    2.03  -38.02  112.10   96.53
 2011 271    2.02  -38.04   97.88   96.51
 2011 272    2.00  -38.05   83.67   96.48
 2011 273    1.98  -38.06   69.45   96.45
 2011 274    1.96  -38.07   55.24   96.42
 2011 275    1.95  -38.08   41.02   96.39
 2011 276    1.93  -38.10   26.81   96.35
 2011 277    1.91  -38.11   12.59   96.32
 2011 278    1.89  -38.12  358.38   96.29
 2011 279    1.88  -38.14  344.16   96.26
 2011 280    1.86  -38.15  329.94   96.22
 2011 281    1.84  -38.16  315.72   96.19
 2011 282    1.82  -38.18  301.50   96.15
 2011 283    1.81  -38.19  287.28   96.12
 2011 284    1.79  -38.21  273.06   96.08
 2011 285    1.77  -38.22  258.84   96.04
 2011 286    1.75  -38.24  244.62   96.01
 2011 287    1.73  -38.25  230.39   95.97
 2011 288    1.71  -38.27  216.17   95.93
 2011 289    1.70  -38.28  201.94   95.89
 2011 290    1.68  -38.30  187.72   95.85
 2011 291    1.66  -38.32  173.49   95.80
 2011 292    1.64  -38.34  159.26   95.76
 2011 293    1.62  -38.35  145.04   95.72
 2011 294    1.60  -38.37  130.81   95.67
 2011 295    1.58  -38.39  116.57   95.62
 2011 296    1.56  -38.41  102.34   95.58
 2011 297    1.54  -38.43   88.11   95.53
 2011 298    1.52  -38.45   73.87   95.48
 2011 299    1.50  -38.47   59.64   95.42
 2011 300    1.49  -38.49   45.40   95.37
 2011 301    1.47  -38.51   31.16   95.32
 2011 302    1.45  -38.53   16.92   95.26
 2011 303    1.42  -38.55    2.68   95.20
 2011 304    1.40  -38.58  348.43   95.14
 2011 305    1.38  -38.60  334.19   95.08
 2011 306    1.36  -38.63  319.94   95.02
 2011 307    1.34  -38.65  305.69   94.95
 2011 308    1.32  -38.68  291.44   94.89
 2011 309    1.30  -38.70  277.19   94.82
 2011 310    1.28  -38.73  262.93   94.75
 2011 311    1.26  -38.76  248.67   94.67
 2011 312    1.24  -38.79  234.41   94.59
 2011 313    1.21  -38.82  220.15   94.51
 2011 314    1.19  -38.85  205.88   94.43
 2011 315    1.17  -38.88  191.61   94.35
 2011 316    1.15  -38.92  177.34   94.26
 2011 317    1.13  -38.95  163.06   94.16
 2011 318    1.10  -38.99  148.78   94.07
 2011 319    1.08  -39.03  134.49   93.96
 2011 320    1.06  -39.07  120.20   93.86
 2011 321    1.03  -39.11  105.91   93.75
 2011 322    1.01  -39.15   91.60   93.63
 2011 323    0.98  -39.20   77.30   93.51
 2011 324    0.96  -39.24   62.99   93.38
 2011 325    0.93  -39.29   48.67   93.25
 2011 326    0.91  -39.35   34.34   93.10
 2011 327    0.88  -39.40   20.00   92.95
 2011 328    0.86  -39.46    5.66   92.79
 2011 329    0.83  -39.52  351.30   92.62
 2011 330    0.80  -39.59  336.93   92.44
 2011 331    0.78  -39.65  322.55   92.24
 2011 332    0.75  -39.73  308.16   92.03
 2011 333    0.72  -39.81  293.75   91.80
 2011 334    0.69  -39.89  279.32   91.56
 2011 335    0.66  -39.99  264.86   91.29
 2011 336    0.63  -40.09  250.38   90.99
 2011 337    0.60  -40.20  235.87   90.67
 2011 338    0.57  -40.32  221.32   90.30
 2011 339    0.54  -40.45  206.73   89.90
 2011 340    0.51  -40.60  192.09   89.43
 2011 341    0.47  -40.77  177.37   88.90
 2011 342    0.43  -40.96  162.57   88.28
 2011 343    0.40  -41.18  147.64   87.54
 2011 344    0.36  -41.45  132.55   86.64
 2011 345    0.32  -41.77  117.22   85.49
 2011 346    0.27  -42.18  101.51   83.97
 2011 347    0.22  -42.71   85.14   81.78
 2011 348    0.17  -43.49   67.39   78.22
 2011 349    0.11  -44.73   45.47   70.48
 2011 350    0.01   13.18  274.09  313.28
 2011 351    0.10  -18.85   73.62  127.00
 2011 352    0.17  -22.71   54.77  122.33
 2011 353    0.22  -24.49   38.30  120.04
 2011 354    0.27  -25.57   22.65  118.58
 2011 355    0.32  -26.34    7.42  117.53
 2011 356    0.36  -26.91  352.43  116.72
 2011 357    0.40  -27.36  337.60  116.08
 2011 358    0.43  -27.73  322.87  115.54
 2011 359    0.47  -28.04  308.23  115.08
 2011 360    0.50  -28.31  293.65  114.69
 2011 361    0.54  -28.54  279.12  114.34
 2011 362    0.57  -28.75  264.63  114.03
 2011 363    0.60  -28.93  250.17  113.76
 2011 364    0.63  -29.09  235.74  113.51
 2011 365    0.66  -29.24  221.32  113.28
 2012   1    0.69  -29.37  206.93  113.07
 2012   2    0.72  -29.50  192.56  112.88
 2012   3    0.75  -29.61  178.19  112.70
 2012   4    0.78  -29.72  163.84  112.54
 2012   5    0.80  -29.82  149.50  112.38
 2012   6    0.83  -29.91  135.18  112.24
 2012   7    0.86  -29.99  120.85  112.10
 2012   8    0.88  -30.08  106.54  111.97
 2012   9    0.91  -30.15   92.24  111.85
 2012  10    0.93  -30.22   77.94  111.74
 2012  11    0.96  -30.29   63.64  111.63
 2012  12    0.98  -30.36   49.36  111.53
 2012  13    1.01  -30.42   35.07  111.43
 2012  14    1.03  -30.48   20.79  111.33
 2012  15    1.06  -30.53    6.52  111.24
 2012  16    1.08  -30.58  352.25  111.16
 2012  17    1.10  -30.64  337.98  111.07
 2012  18    1.12  -30.68  323.72  110.99
 2012  19    1.15  -30.73  309.46  110.92
 2012  20    1.17  -30.78  295.20  110.84
 2012  21    1.19  -30.82  280.95  110.77
 2012  22    1.21  -30.86  266.69  110.71
 2012  23    1.24  -30.90  252.44  110.64
 2012  24    1.26  -30.94  238.19  110.58
 2012  25    1.28  -30.98  223.95  110.52
 2012  26    1.30  -31.01  209.70  110.46
 2012  27    1.32  -31.05  195.46  110.40
 2012  28    1.34  -31.08  181.22  110.34
 2012  29    1.36  -31.11  166.98  110.29
 2012  30    1.38  -31.15  152.75  110.24
 2012  31    1.40  -31.18  138.51  110.18
 2012  32    1.42  -31.21  124.28  110.13
 2012  33    1.44  -31.24  110.04  110.09
 2012  34    1.46  -31.26   95.81  110.04
 2012  35    1.48  -31.29   81.58  109.99
 2012  36    1.50  -31.32   67.35  109.95
 2012  37    1.52  -31.34   53.13  109.91
 2012  38    1.54  -31.37   38.90  109.86
 2012  39    1.56  -31.39   24.67  109.82
 2012  40    1.58  -31.42   10.45  109.78
 2012  41    1.60  -31.44  356.22  109.74
 2012  42    1.62  -31.46  342.00  109.70
 2012  43    1.64  -31.49  327.78  109.67
 2012  44    1.66  -31.51  313.56  109.63
 2012  45    1.68  -31.53  299.34  109.59
 2012  46    1.70  -31.55  285.12  109.56
 2012  47    1.71  -31.57  270.90  109.52
 2012  48    1.73  -31.59  256.68  109.49
 2012  49    1.75  -31.61  242.46  109.46
 2012  50    1.77  -31.63  228.25  109.42
 2012  51    1.79  -31.65  214.03  109.39
 2012  52    1.80  -31.67  199.82  109.36
 2012  53    1.82  -31.68  185.60  109.33
 2012  54    1.84  -31.70  171.39  109.30
 2012  55    1.86  -31.72  157.17  109.27
 2012  56    1.88  -31.74  142.96  109.24
 2012  57    1.89  -31.75  128.75  109.21
 2012  58    1.91  -31.77  114.53  109.19
 2012  59    1.93  -31.79  100.32  109.16
 2012  60    1.95  -31.80   86.11  109.13
 2012  61    1.96  -31.82   71.90  109.11
 2012  62    1.98  -31.83   57.69  109.08
 2012  63    2.00  -31.85   43.48  109.05
 2012  64    2.01  -31.86   29.27  109.03
 2012  65    2.03  -31.88   15.06  109.00
 2012  66    2.05  -31.89    0.85  108.98
 2012  67    2.07  -31.90  346.65  108.96
 2012  68    2.08  -31.92  332.44  108.93
 2012  69    2.10  -31.93  318.23  108.91
 2012  70    2.12  -31.94  304.02  108.89
 2012  71    2.13  -31.96  289.82  108.86
 2012  72    2.15  -31.97  275.61  108.84
 2012  73    2.16  -31.98  261.40  108.82
 2012  74    2.18  -32.00  247.20  108.80
 2012  75    2.20  -32.01  232.99  108.78
 2012  76    2.21  -32.02  218.79  108.76
 2012  77    2.23  -32.03  204.58  108.74
 2012  78    2.25  -32.04  190.38  108.72
 2012  79    2.26  -32.05  176.17  108.70
 2012  80    2.28  -32.07  161.97  108.68
 2012  81    2.29  -32.08  147.77  108.66
 2012  82    2.31  -32.09  133.56  108.64
 2012  83    2.33  -32.10  119.36  108.62
 2012  84    2.34  -32.11  105.16  108.60
 2012  85    2.36  -32.12   90.95  108.58
 2012  86    2.37  -32.13   76.75  108.57
 2012  87    2.39  -32.14   62.55  108.55
 2012  88    2.40  -32.15   48.35  108.53
 2012  89    2.42  -32.16   34.14  108.51
 2012  90    2.44  -32.17   19.94  108.49
 2012  91    2.45  -32.18    5.74  108.48
 2012  92    2.47  -32.19  351.54  108.46
 2012  93    2.48  -32.20  337.34  108.44
 2012  94    2.50  -32.21  323.14  108.43
 2012  95    2.51  -32.22  308.94  108.41
 2012  96    2.53  -32.23  294.74  108.40
 2012  97    2.54  -32.24  280.54  108.38
 2012  98    2.56  -32.25  266.34  108.36
 2012  99    2.57  -32.26  252.14  108.35
 2012 100    2.59  -32.26  237.94  108.33
 2012 101    2.60  -32.27  223.74  108.32
 2012 102    2.62  -32.28  209.54  108.30
 2012 103    2.63  -32.29  195.34  108.29
 2012 104    2.65  -32.30  181.14  108.27
 2012 105    2.66  -32.31  166.94  108.26
 2012 106    2.68  -32.31  152.74  108.25
 2012 107    2.69  -32.32  138.54  108.23
 2012 108    2.71  -32.33  124.35  108.22
 2012 109    2.72  -32.34  110.15  108.20
 2012 110    2.74  -32.35   95.95  108.19
 2012 111    2.75  -32.35   81.75  108.18
 2012 112    2.76  -32.36   67.55  108.16
 2012 113    2.78  -32.37   53.36  108.15
 2012 114    2.79  -32.38   39.16  108.14
 2012 115    2.81  -32.38   24.96  108.12
 2012 116    2.82  -32.39   10.76  108.11
 2012 117    2.84  -32.40  356.57  108.10
 2012 118    2.85  -32.41  342.37  108.09
 2012 119    2.86  -32.41  328.17  108.07
 2012 120    2.88  -32.42  313.98  108.06
 2012 121    2.89  -32.43  299.78  108.05
 2012 122    2.91  -32.43  285.58  108.04
 2012 123    2.92  -32.44  271.39  108.02
 2012 124    2.94  -32.45  257.19  108.01
 2012 125    2.95  -32.45  242.99  108.00
 2012 126    2.96  -32.46  228.80  107.99
 2012 127    2.98  -32.47  214.60  107.98
 2012 128    2.99  -32.47  200.41  107.97
 2012 129    3.01  -32.48  186.21  107.95
 2012 130    3.02  -32.49  172.01  107.94
 2012 131    3.03  -32.49  157.82  107.93
 2012 132    3.05  -32.50  143.62  107.92
 2012 133    3.06  -32.51  129.43  107.91
 2012 134    3.07  -32.51  115.23  107.90
 2012 135    3.09  -32.52  101.04  107.89
 2012 136    3.10  -32.52   86.84  107.88
 2012 137    3.12  -32.53   72.65  107.87
 2012 138    3.13  -32.54   58.45  107.86
 2012 139    3.14  -32.54   44.26  107.85
 2012 140    3.16  -32.55   30.06  107.84
 2012 141    3.17  -32.55   15.87  107.83
 2012 142    3.18  -32.56    1.67  107.82
 2012 143    3.20  -32.57  347.48  107.81
 2012 144    3.21  -32.57  333.29  107.80
 2012 145    3.22  -32.58  319.09  107.79
 2012 146    3.24  -32.58  304.90  107.78
 2012 147    3.25  -32.59  290.70  107.77
 2012 148    3.26  -32.59  276.51  107.76
 2012 149    3.28  -32.60  262.31  107.75
 2012 150    3.29  -32.60  248.12  107.74
 2012 151    3.30  -32.61  233.93  107.73
 2012 152    3.32  -32.61  219.73  107.72
 2012 153    3.33  -32.62  205.54  107.71
 2012 154    3.34  -32.62  191.35  107.70
 2012 155    3.36  -32.63  177.15  107.69
 2012 156    3.37  -32.63  162.96  107.68
 2012 157    3.38  -32.64  148.77  107.67
 2012 158    3.40  -32.64  134.57  107.66
 2012 159    3.41  -32.65  120.38  107.65
 2012 160    3.42  -32.65  106.19  107.65
 2012 161    3.43  -32.66   91.99  107.64
 2012 162    3.45  -32.66   77.80  107.63
 2012 163    3.46  -32.67   63.61  107.62
 2012 164    3.47  -32.67   49.41  107.61
 2012 165    3.49  -32.68   35.22  107.60
 2012 166    3.50  -32.68   21.03  107.59
 2012 167    3.51  -32.69    6.84  107.59
 2012 168    3.52  -32.69  352.64  107.58
 2012 169    3.54  -32.70  338.45  107.57
 2012 170    3.55  -32.70  324.26  107.56
 2012 171    3.56  -32.71  310.06  107.55
 2012 172    3.58  -32.71  295.87  107.55
 2012 173    3.59  -32.72  281.68  107.54
 2012 174    3.60  -32.72  267.49  107.53
 2012 175    3.61  -32.72  253.30  107.52
 2012 176    3.63  -32.73  239.10  107.51
 2012 177    3.64  -32.73  224.91  107.51
 2012 178    3.65  -32.74  210.72  107.50
 2012 179    3.66  -32.74  196.53  107.49
 2012 180    3.68  -32.75  182.33  107.48
 2012 181    3.69  -32.75  168.14  107.48
 2012 182    3.70  -32.76  153.95  107.47
 2012 182    3.71  -32.76  139.76  107.46
 2012 183    3.73  -32.76  125.57  107.45
 2012 184    3.74  -32.77  111.38  107.45
 2012 185    3.75  -32.77   97.18  107.44
 2012 186    3.76  -32.78   82.99  107.43
 2012 187    3.78  -32.78   68.80  107.42
 2012 188    3.79  -32.78   54.61  107.42
 2012 190    3.80  -32.79   40.42  107.41
 2012 191    3.81  -32.79   26.23  107.40
 2012 192    3.83  -32.80   12.03  107.39
 2012 193    3.84  -32.80  357.84  107.39
 2012 194    3.85  -32.80  343.65  107.38
 2012 195    3.86  -32.81  329.46  107.37
 2012 196    3.87  -32.81  315.27  107.37
 2012 197    3.89  -32.82  301.08  107.36
 2012 198    3.90  -32.82  286.89  107.35
 2012 199    3.91  -32.82  272.70  107.35
 2012 200    3.92  -32.83  258.50  107.34
 2012 201    3.93  -32.83  244.31  107.33
 2012 202    3.95  -32.83  230.12  107.33
 2012 203    3.96  -32.84  215.93  107.32
 2012 204    3.97  -32.84  201.74  107.31
 2012 205    3.98  -32.84  187.55  107.31
 2012 206    4.00  -32.85  173.36  107.30
 2012 207    4.01  -32.85  159.17  107.29
 2012 208    4.02  -32.86  144.98  107.29
 2012 209    4.03  -32.86  130.79  107.28
 2012 210    4.04  -32.86  116.60  107.28
 2012 211    4.05  -32.87  102.40  107.27
 2012 212    4.07  -32.87   88.21  107.26
 2012 213    4.08  -32.87   74.02  107.26
 2012 214    4.09  -32.88   59.83  107.25
 2012 215    4.10  -32.88   45.64  107.24
 2012 216    4.11  -32.88   31.45  107.24
 2012 217    4.13  -32.89   17.26  107.23
 2012 218    4.14  -32.89    3.07  107.23
 2012 219    4.15  -32.89  348.88  107.22
 2012 220    4.16  -32.90  334.69  107.21
 2012 221    4.17  -32.90  320.50  107.21
 2012 222    4.18  -32.90  306.31  107.20
 2012 223    4.20  -32.91  292.12  107.20
 2012 224    4.21  -32.91  277.93  107.19
 2012 225    4.22  -32.91  263.74  107.18
 2012 226    4.23  -32.92  249.55  107.18
 2012 227    4.24  -32.92  235.36  107.17
 2012 228    4.25  -32.92  221.17  107.17
 2012 229    4.27  -32.93  206.98  107.16
 2012 230    4.28  -32.93  192.79  107.16
 2012 231    4.29  -32.93  178.60  107.15
 2012 232    4.30  -32.94  164.41  107.14
 2012 233    4.31  -32.94  150.22  107.14
 2012 234    4.32  -32.94  136.03  107.13
 2012 235    4.34  -32.94  121.84  107.13
 2012 236    4.35  -32.95  107.65  107.12
 2012 237    4.36  -32.95   93.46  107.12
 2012 238    4.37  -32.95   79.27  107.11
 2012 239    4.38  -32.96   65.08  107.11
 2012 240    4.39  -32.96   50.89  107.10
 2012 241    4.40  -32.96   36.70  107.10
 2012 242    4.42  -32.97   22.51  107.09
 2012 243    4.43  -32.97    8.32  107.08
 2012 244    4.44  -32.97  354.13  107.08
 2012 245    4.45  -32.97  339.94  107.07
 2012 246    4.46  -32.98  325.75  107.07
 2012 247    4.47  -32.98  311.56  107.06
 2012 248    4.48  -32.98  297.37  107.06
 2012 249    4.50  -32.99  283.18  107.05
 2012 250    4.51  -32.99  268.99  107.05
 2012 251    4.52  -32.99  254.80  107.04
 2012 252    4.53  -32.99  240.61  107.04
 2012 253    4.54  -33.00  226.42  107.03
 2012 254    4.55  -33.00  212.24  107.03
 2012 255    4.56  -33.00  198.05  107.02
 2012 256    4.57  -33.01  183.86  107.02
 2012 257    4.59  -33.01  169.67  107.01
 2012 258    4.60  -33.01  155.48  107.01
 2012 259    4.61  -33.01  141.29  107.00
 2012 260    4.62  -33.02  127.10  107.00
 2012 261    4.63  -33.02  112.91  106.99
 2012 262    4.64  -33.02   98.72  106.99
 2012 263    4.65  -33.02   84.53  106.98
 2012 264    4.66  -33.03   70.34  106.98
 2012 265    4.67  -33.03   56.15  106.98
 2012 266    4.69  -33.03   41.96  106.97
 2012 267    4.70  -33.03   27.77  106.97
 2012 268    4.71  -33.04   13.59  106.96
 2012 269    4.72  -33.04  359.40  106.96
 2012 270    4.73  -33.04  345.21  106.95
 2012 271    4.74  -33.04  331.02  106.95
 2012 272    4.75  -33.05  316.83  106.94
 2012 273    4.76  -33.05  302.64  106.94
 2012 274    4.77  -33.05  288.45  106.93
 2012 275    4.78  -33.05  274.26  106.93
 2012 276    4.80  -33.06  260.07  106.92
 2012 277    4.81  -33.06  245.89  106.92
 2012 278    4.82  -33.06  231.70  106.92
 2012 279    4.83  -33.06  217.51  106.91
 2012 280    4.84  -33.07  203.32  106.91
 2012 281    4.85  -33.07  189.13  106.90
 2012 282    4.86  -33.07  174.94  106.90
 2012 283    4.87  -33.07  160.75  106.89
 2012 284    4.88  -33.08  146.56  106.89
 2012 285    4.89  -33.08  132.37  106.88
 2012 286    4.90  -33.08  118.19  106.88
 2012 287    4.91  -33.08  104.00  106.88
 2012 288    4.93  -33.09   89.81  106.87
 2012 289    4.94  -33.09   75.62  106.87
 2012 290    4.95  -33.09   61.43  106.86
 2012 291    4.96  -33.09   47.24  106.86
 2012 292    4.97  -33.10   33.05  106.85
 2012 293    4.98  -33.10   18.87  106.85
 2012 294    4.99  -33.10    4.68  106.85
 2012 295    5.00  -33.10  350.49  106.84
 2012 296    5.01  -33.10  336.30  106.84
 2012 297    5.02  -33.11  322.11  106.83
 2012 298    5.03  -33.11  307.92  106.83
 2012 299    5.04  -33.11  293.73  106.83
 2012 300    5.05  -33.11  279.55  106.82
 2012 301    5.06  -33.12  265.36  106.82
 2012 302    5.08  -33.12  251.17  106.81
 2012 303    5.09  -33.12  236.98  106.81
 2012 304    5.10  -33.12  222.79  106.81
 2012 305    5.11  -33.13  208.60  106.80
 2012 306    5.12  -33.13  194.42  106.80
 2012 307    5.13  -33.13  180.23  106.79
 2012 308    5.14  -33.13  166.04  106.79
 2012 309    5.15  -33.13  151.85  106.79
 2012 310    5.16  -33.14  137.66  106.78
 2012 311    5.17  -33.14  123.47  106.78
 2012 312    5.18  -33.14  109.29  106.77
 2012 313    5.19  -33.14   95.10  106.77
 2012 314    5.20  -33.14   80.91  106.77
 2012 315    5.21  -33.15   66.72  106.76
 2012 316    5.22  -33.15   52.53  106.76
 2012 317    5.23  -33.15   38.34  106.76
 2012 318    5.24  -33.15   24.16  106.75
 2012 319    5.25  -33.15    9.97  106.75
 2012 320    5.26  -33.16  355.78  106.74
 2012 321    5.28  -33.16  341.59  106.74
 2012 322    5.29  -33.16  327.40  106.74
 2012 323    5.30  -33.16  313.22  106.73
 2012 324    5.31  -33.16  299.03  106.73
 2012 325    5.32  -33.17  284.84  106.73
 2012 326    5.33  -33.17  270.65  106.72
 2012 327    5.34  -33.17  256.46  106.72
 2012 328    5.35  -33.17  242.28  106.71
 2012 329    5.36  -33.18  228.09  106.71
 2012 330    5.37  -33.18  213.90  106.71
 2012 331    5.38  -33.18  199.71  106.70
 2012 332    5.39  -33.18  185.52  106.70
 2012 333    5.40  -33.18  171.34  106.70
 2012 334    5.41  -33.18  157.15  106.69
 2012 335    5.42  -33.19  142.96  106.69
 2012 336    5.43  -33.19  128.77  106.69
 2012 337    5.44  -33.19  114.58  106.68
 2012 338    5.45  -33.19  100.40  106.68
 2012 339    5.46  -33.19   86.21  106.68
 2012 340    5.47  -33.20   72.02  106.67
 2012 341    5.48  -33.20   57.83  106.67
 2012 342    5.49  -33.20   43.64  106.66
 2012 343    5.50  -33.20   29.46  106.66
 2012 344    5.51  -33.20   15.27  106.66
 2012 345    5.52  -33.21    1.08  106.65
 2012 346    5.53  -33.21  346.89  106.65
 2012 347    5.54  -33.21  332.71  106.65
 2012 348    5.55  -33.21  318.52  106.64
 2012 349    5.56  -33.21  304.33  106.64
 2012 350    5.57  -33.22  290.14  106.64
 2012 351    5.58  -33.22  275.95  106.63
 2012 352    5.59  -33.22  261.77  106.63
 2012 353    5.60  -33.22  247.58  106.63
 2012 354    5.61  -33.22  233.39  106.62
 2012 355    5.62  -33.22  219.20  106.62
 2012 356    5.63  -33.23  205.02  106.62
 2012 357    5.64  -33.23  190.83  106.61
 2012 358    5.65  -33.23  176.64  106.61
 2012 359    5.66  -33.23  162.45  106.61
 2012 360    5.67  -33.23  148.27  106.60
 2012 361    5.68  -33.23  134.08  106.60
 2012 362    5.69  -33.24  119.89  106.60
 2012 363    5.70  -33.24  105.70  106.60
 2012 364    5.71  -33.24   91.51  106.59
 2012 365    5.72  -33.24   77.33  106.59
 2012 366    5.73  -33.24   63.14  106.59
 2013   1    5.74  -33.25   48.95  106.58
 2013   1    5.75  -33.25   34.76  106.58
 2013   2    5.76  -33.25   20.58  106.58
 2013   3    5.77  -33.25    6.39  106.57
 2013   4    5.78  -33.25  352.20  106.57
 2013   5    5.79  -33.25  338.01  106.57
 2013   6    5.80  -33.26  323.83  106.56
 2013   7    5.81  -33.26  309.64  106.56
 2013   8    5.82  -33.26  295.45  106.56
 2013   9    5.83  -33.26  281.26  106.55
 2013  10    5.84  -33.26  267.08  106.55
 2013  11    5.85  -33.26  252.89  106.55
 2013  12    5.86  -33.27  238.70  106.55
 2013  13    5.87  -33.27  224.51  106.54
 2013  14    5.88  -33.27  210.33  106.54
 2013  15    5.89  -33.27  196.14  106.54
 2013  16    5.90  -33.27  181.95  106.53
 2013  17    5.91  -33.27  167.77  106.53
 2013  18    5.92  -33.28  153.58  106.53
 2013  19    5.93  -33.28  139.39  106.52
 2013  20    5.94  -33.28  125.20  106.52
 2013  21    5.95  -33.28  111.02  106.52
 2013  22    5.96  -33.28   96.83  106.52
 2013  23    5.97  -33.28   82.64  106.51
 2013  24    5.98  -33.29   68.45  106.51
 2013  25    5.99  -33.29   54.27  106.51
 2013  26    6.00  -33.29   40.08  106.50
 2013  27    6.01  -33.29   25.89  106.50
 2013  28    6.02  -33.29   11.70  106.50
 2013  29    6.03  -33.29  357.52  106.50
 2013  30    6.04  -33.29  343.33  106.49
 2013  31    6.05  -33.30  329.14  106.49
 2013  32    6.06  -33.30  314.96  106.49
 2013  33    6.07  -33.30  300.77  106.48
 2013  34    6.08  -33.30  286.58  106.48
 2013  35    6.09  -33.30  272.39  106.48
 2013  36    6.10  -33.30  258.21  106.48
 2013  37    6.11  -33.31  244.02  106.47
 2013  38    6.12  -33.31  229.83  106.47
 2013  39    6.12  -33.31  215.65  106.47
 2013  40    6.13  -33.31  201.46  106.46
 2013  41    6.14  -33.31  187.27  106.46
 2013  42    6.15  -33.31  173.08  106.46
 2013  43    6.16  -33.31  158.90  106.46
 2013  44    6.17  -33.32  144.71  106.45
 2013  45    6.18  -33.32  130.52  106.45
 2013  46    6.19  -33.32  116.34  106.45
 2013  47    6.20  -33.32  102.15  106.45
 2013  48    6.21  -33.32   87.96  106.44
 2013  49    6.22  -33.32   73.77  106.44
 2013  50    6.23  -33.32   59.59  106.44
 2013  51    6.24  -33.33   45.40  106.43
 2013  52    6.25  -33.33   31.21  106.43
 2013  53    6.26  -33.33   17.03  106.43
 2013  54    6.27  -33.33    2.84  106.43
 2013  55    6.28  -33.33  348.65  106.42
 2013  56    6.29  -33.33  334.46  106.42
 2013  57    6.30  -33.33  320.28  106.42
 2013  58    6.31  -33.34  306.09  106.42
 2013  59    6.32  -33.34  291.90  106.41
 2013  60    6.33  -33.34  277.72  106.41
 2013  61    6.33  -33.34  263.53  106.41
 2013  62    6.34  -33.34  249.34  106.41
 2013  63    6.35  -33.34  235.16  106.40
 2013  64    6.36  -33.34  220.97  106.40
 2013  65    6.37  -33.35  206.78  106.40
 2013  66    6.38  -33.35  192.59  106.40
 2013  67    6.39  -33.35  178.41  106.39
 2013  68    6.40  -33.35  164.22  106.39
 2013  69    6.41  -33.35  150.03  106.39
 2013  70    6.42  -33.35  135.85  106.39
 2013  71    6.43  -33.35  121.66  106.38
 2013  72    6.44  -33.36  107.47  106.38
 2013  73    6.45  -33.36   93.29  106.38
 2013  74    6.46  -33.36   79.10  106.37
 2013  75    6.47  -33.36   64.91  106.37
 2013  76    6.48  -33.36   50.73  106.37
 2013  77    6.49  -33.36   36.54  106.37
 2013  78    6.49  -33.36   22.35  106.37
 2013  79    6.50  -33.37    8.16  106.36
 2013  80    6.51  -33.37  353.98  106.36
 2013  81    6.52  -33.37  339.79  106.36
 2013  82    6.53  -33.37  325.60  106.36
 2013  83    6.54  -33.37  311.42  106.35
 2013  84    6.55  -33.37  297.23  106.35
 2013  85    6.56  -33.37  283.04  106.35
 2013  86    6.57  -33.37  268.86  106.35
 2013  87    6.58  -33.38  254.67  106.34
 2013  88    6.59  -33.38  240.48  106.34
 2013  89    6.60  -33.38  226.30  106.34
 2013  90    6.61  -33.38  212.11  106.34
 2013  91    6.62  -33.38  197.92  106.33
 2013  92    6.62  -33.38  183.74  106.33
 2013  93    6.63  -33.38  169.55  106.33
 2013  94    6.64  -33.38  155.36  106.33
 2013  95    6.65  -33.39  141.18  106.32
 2013  96    6.66  -33.39  126.99  106.32
 2013  97    6.67  -33.39  112.80  106.32
 2013  98    6.68  -33.39   98.62  106.32
 2013  99    6.69  -33.39   84.43  106.31
 2013 100    6.70  -33.39   70.24  106.31
 2013 101    6.71  -33.39   56.06  106.31
 2013 102    6.72  -33.40   41.87  106.31
 2013 103    6.73  -33.40   27.68  106.31
 2013 104    6.74  -33.40   13.50  106.30
 2013 105    6.74  -33.40  359.31  106.30
 2013 106    6.75  -33.40  345.12  106.30
 2013 107    6.76  -33.40  330.94  106.30
 2013 108    6.77  -33.40  316.75  106.29
 2013 109    6.78  -33.40  302.56  106.29
 2013 110    6.79  -33.41  288.38  106.29
 2013 111    6.80  -33.41  274.19  106.29
 2013 112    6.81  -33.41  260.00  106.28
 2013 113    6.82  -33.41  245.82  106.28
 2013 114    6.83  -33.41  231.63  106.28
 2013 115    6.84  -33.41  217.44  106.28
 2013 116    6.84  -33.41  203.26  106.28
 2013 117    6.85  -33.41  189.07  106.27
 2013 118    6.86  -33.41  174.88  106.27
 2013 119    6.87  -33.42  160.70  106.27
 2013 120    6.88  -33.42  146.51  106.27
 2013 121    6.89  -33.42  132.32  106.26
 2013 122    6.90  -33.42  118.14  106.26
 2013 123    6.91  -33.42  103.95  106.26
 2013 124    6.92  -33.42   89.76  106.26
 2013 125    6.93  -33.42   75.58  106.26
 2013 126    6.94  -33.42   61.39  106.25
 2013 127    6.94  -33.43   47.20  106.25
 2013 128    6.95  -33.43   33.02  106.25
 2013 129    6.96  -33.43   18.83  106.25
 2013 130    6.97  -33.43    4.64  106.25
 2013 131    6.98  -33.43  350.46  106.24
 2013 132    6.99  -33.43  336.27  106.24
 2013 133    7.00  -33.43  322.08  106.24
 2013 134    7.01  -33.43  307.90  106.24
 2013 135    7.02  -33.43  293.71  106.23
 2013 136    7.03  -33.44  279.52  106.23
 2013 137    7.03  -33.44  265.34  106.23
 2013 138    7.04  -33.44  251.15  106.23
 2013 139    7.05  -33.44  236.96  106.23
 2013 140    7.06  -33.44  222.78  106.22
 2013 141    7.07  -33.44  208.59  106.22
 2013 142    7.08  -33.44  194.41  106.22
 2013 143    7.09  -33.44  180.22  106.22
 2013 144    7.10  -33.45  166.03  106.22
 2013 145    7.11  -33.45  151.85  106.21
 2013 146    7.11  -33.45  137.66  106.21
 2013 147    7.12  -33.45  123.47  106.21
 2013 148    7.13  -33.45  109.29  106.21
 2013 149    7.14  -33.45   95.10  106.21
 2013 150    7.15  -33.45   80.91  106.20
 2013 151    7.16  -33.45   66.73  106.20
 2013 152    7.17  -33.45   52.54  106.20
 2013 153    7.18  -33.46   38.35  106.20
 2013 154    7.19  -33.46   24.17  106.20
 2013 155    7.19  -33.46    9.98  106.19
 2013 156    7.20  -33.46  355.79  106.19
 2013 157    7.21  -33.46  341.61  106.19
 2013 158    7.22  -33.46  327.42  106.19
 2013 159    7.23  -33.46  313.24  106.19
 2013 160    7.24  -33.46  299.05  106.18
 2013 161    7.25  -33.46  284.86  106.18
 2013 162    7.26  -33.46  270.68  106.18
 2013 163    7.27  -33.47  256.49  106.18
 2013 164    7.27  -33.47  242.30  106.18
 2013 165    7.28  -33.47  228.12  106.17
 2013 166    7.29  -33.47  213.93  106.17
 2013 167    7.30  -33.47  199.74  106.17
 2013 168    7.31  -33.47  185.56  106.17
 2013 169    7.32  -33.47  171.37  106.17
 2013 170    7.33  -33.47  157.19  106.16
 2013 171    7.34  -33.47  143.00  106.16
 2013 172    7.34  -33.48  128.81  106.16
 2013 173    7.35  -33.48  114.63  106.16
 2013 174    7.36  -33.48  100.44  106.16
 2013 175    7.37  -33.48   86.25  106.15
 2013 176    7.38  -33.48   72.07  106.15
 2013 177    7.39  -33.48   57.88  106.15
 2013 178    7.40  -33.48   43.69  106.15
 2013 179    7.41  -33.48   29.51  106.15
 2013 180    7.41  -33.48   15.32  106.14
 2013 181    7.42  -33.48    1.14  106.14
 2013 182    7.43  -33.49  346.95  106.14
 2013 183    7.44  -33.49  332.76  106.14
 2013 184    7.45  -33.49  318.58  106.14
 2013 185    7.46  -33.49  304.39  106.13
 2013 186    7.47  -33.49  290.20  106.13
 2013 187    7.47  -33.49  276.02  106.13
 2013 189    7.48  -33.49  261.83  106.13
 2013 190    7.49  -33.49  247.65  106.13
 2013 191    7.50  -33.49  233.46  106.13
 2013 192    7.51  -33.49  219.27  106.12
 2013 193    7.52  -33.50  205.09  106.12
 2013 194    7.53  -33.50  190.90  106.12
 2013 195    7.54  -33.50  176.71  106.12
 2013 196    7.54  -33.50  162.53  106.12
 2013 197    7.55  -33.50  148.34  106.11
 2013 198    7.56  -33.50  134.16  106.11
 2013 199    7.57  -33.50  119.97  106.11
 2013 200    7.58  -33.50  105.78  106.11
 2013 201    7.59  -33.50   91.60  106.11
 2013 202    7.60  -33.50   77.41  106.11
 2013 203    7.60  -33.51   63.22  106.10
 2013 204    7.61  -33.51   49.04  106.10
 2013 205    7.62  -33.51   34.85  106.10
 2013 206    7.63  -33.51   20.67  106.10
 2013 207    7.64  -33.51    6.48  106.10
 2013 208    7.65  -33.51  352.29  106.09
 2013 209    7.66  -33.51  338.11  106.09
 2013 210    7.66  -33.51  323.92  106.09
 2013 211    7.67  -33.51  309.74  106.09
 2013 212    7.68  -33.51  295.55  106.09
 2013 213    7.69  -33.52  281.36  106.09
 2013 214    7.70  -33.52  267.18  106.08
 2013 215    7.71  -33.52  252.99  106.08
 2013 216    7.72  -33.52  238.80  106.08
 2013 217    7.72  -33.52  224.62  106.08
 2013 218    7.73  -33.52  210.43  106.08
 2013 219    7.74  -33.52  196.25  106.07
 2013 220    7.75  -33.52  182.06  106.07
 2013 221    7.76  -33.52  167.87  106.07
 2013 222    7.77  -33.52  153.69  106.07
 2013 223    7.78  -33.52  139.50  106.07
 2013 224    7.78  -33.53  125.32  106.07
 2013 225    7.79  -33.53  111.13  106.06
 2013 226    7.80  -33.53   96.94  106.06
 2013 227    7.81  -33.53   82.76  106.06
 2013 228    7.82  -33.53   68.57  106.06
 2013 229    7.83  -33.53   54.38  106.06
 2013 230    7.83  -33.53   40.20  106.06
 2013 231    7.84  -33.53   26.01  106.05
 2013 232    7.85  -33.53   11.83  106.05
 2013 233    7.86  -33.53  357.64  106.05
 2013 234    7.87  -33.54  343.45  106.05
 2013 235    7.88  -33.54  329.27  106.05
 2013 236    7.89  -33.54  315.08  106.05
 2013 237    7.89  -33.54  300.90  106.04
 2013 238    7.90  -33.54  286.71  106.04
 2013 239    7.91  -33.54  272.52  106.04
 2013 240    7.92  -33.54  258.34  106.04
 2013 241    7.93  -33.54  244.15  106.04
 2013 242    7.94  -33.54  229.97  106.04
 2013 243    7.94  -33.54  215.78  106.03
 2013 244    7.95  -33.54  201.59  106.03
 2013 245    7.96  -33.54  187.41  106.03
 2013 246    7.97  -33.55  173.22  106.03
 2013 247    7.98  -33.55  159.04  106.03
 2013 248    7.99  -33.55  144.85  106.03
 2013 249    7.99  -33.55  130.66  106.02
 2013 250    8.00  -33.55  116.48  106.02
 2013 251    8.01  -33.55  102.29  106.02
 2013 252    8.02  -33.55   88.11  106.02
 2013 253    8.03  -33.55   73.92  106.02
 2013 254    8.04  -33.55   59.73  106.02
 2013 255    8.05  -33.55   45.55  106.01
 2013 256    8.05  -33.55   31.36  106.01
 2013 257    8.06  -33.56   17.18  106.01
 2013 258    8.07  -33.56    2.99  106.01
 2013 259    8.08  -33.56  348.80  106.01
 2013 260    8.09  -33.56  334.62  106.01
 2013 261    8.10  -33.56  320.43  106.00
 2013 262    8.10  -33.56  306.25  106.00
 2013 263    8.11  -33.56  292.06  106.00
 2013 264    8.12  -33.56  277.87  106.00
 2013 265    8.13  -33.56  263.69  106.00
 2013 266    8.14  -33.56  249.50  106.00
 2013 267    8.14  -33.56  235.32  106.00
 2013 268    8.15  -33.56  221.13  105.99
 2013 269    8.16  -33.57  206.94  105.99
 2013 270    8.17  -33.57  192.76  105.99
 2013 271    8.18  -33.57  178.57  105.99
 2013 272    8.19  -33.57  164.39  105.99
 2013 273    8.19  -33.57  150.20  105.99
 2013 274    8.20  -33.57  136.01  105.98
 2013 275    8.21  -33.57  121.83  105.98
 2013 276    8.22  -33.57  107.64  105.98
 2013 277    8.23  -33.57   93.46  105.98
 2013 278    8.24  -33.57   79.27  105.98
 2013 279    8.24  -33.57   65.08  105.98
 2013 280    8.25  -33.57   50.90  105.98
 2013 281    8.26  -33.58   36.71  105.97
 2013 282    8.27  -33.58   22.53  105.97
 2013 283    8.28  -33.58    8.34  105.97
 2013 284    8.29  -33.58  354.15  105.97
 2013 285    8.29  -33.58  339.97  105.97
 2013 286    8.30  -33.58  325.78  105.97
 2013 287    8.31  -33.58  311.60  105.96
 2013 288    8.32  -33.58  297.41  105.96
 2013 289    8.33  -33.58  283.22  105.96
 2013 290    8.33  -33.58  269.04  105.96
 2013 291    8.34  -33.58  254.85  105.96
 2013 292    8.35  -33.58  240.67  105.96
 2013 293    8.36  -33.59  226.48  105.96
 2013 294    8.37  -33.59  212.30  105.95
 2013 295    8.38  -33.59  198.11  105.95
 2013 296    8.38  -33.59  183.92  105.95
 2013 297    8.39  -33.59  169.74  105.95
 2013 298    8.40  -33.59  155.55  105.95
 2013 299    8.41  -33.59  141.37  105.95
 2013 300    8.42  -33.59  127.18  105.94
 2013 301    8.42  -33.59  112.99  105.94
 2013 302    8.43  -33.59   98.81  105.94
 2013 303    8.44  -33.59   84.62  105.94
 2013 304    8.45  -33.59   70.44  105.94
 2013 305    8.46  -33.60   56.25  105.94
 2013 306    8.47  -33.60   42.06  105.94
 2013 307    8.47  -33.60   27.88  105.93
 2013 308    8.48  -33.60   13.69  105.93
 2013 309    8.49  -33.60  359.51  105.93
 2013 310    8.50  -33.60  345.32  105.93
 2013 311    8.51  -33.60  331.14  105.93
 2013 312    8.51  -33.60  316.95  105.93
 2013 313    8.52  -33.60  302.76  105.93
 2013 314    8.53  -33.60  288.58  105.92
 2013 315    8.54  -33.60  274.39  105.92
 2013 316    8.55  -33.60  260.21  105.92
 2013 317    8.55  -33.60  246.02  105.92
 2013 318    8.56  -33.61  231.83  105.92
 2013 319    8.57  -33.61  217.65  105.92
 2013 320    8.58  -33.61  203.46  105.92
 2013 321    8.59  -33.61  189.28  105.91
 2013 322    8.59  -33.61  175.09  105.91
 2013 323    8.60  -33.61  160.91  105.91
 2013 324    8.61  -33.61  146.72  105.91
 2013 325    8.62  -33.61  132.53  105.91
 2013 326    8.63  -33.61  118.35  105.91
 2013 327    8.63  -33.61  104.16  105.91
 2013 328    8.64  -33.61   89.98  105.90
 2013 329    8.65  -33.61   75.79  105.90
 2013 330    8.66  -33.61   61.60  105.90
 2013 331    8.67  -33.62   47.42  105.90
 2013 332    8.67  -33.62   33.23  105.90
 2013 333    8.68  -33.62   19.05  105.90
 2013 334    8.69  -33.62    4.86  105.90
 2013 335    8.70  -33.62  350.68  105.89
 2013 336    8.71  -33.62  336.49  105.89
 2013 337    8.72  -33.62  322.30  105.89
 2013 338    8.72  -33.62  308.12  105.89
 2013 339    8.73  -33.62  293.93  105.89
 2013 340    8.74  -33.62  279.75  105.89
 2013 341    8.75  -33.62  265.56  105.89
 2013 342    8.76  -33.62  251.38  105.89
 2013 343    8.76  -33.62  237.19  105.88
 2013 344    8.77  -33.62  223.00  105.88
 2013 345    8.78  -33.63  208.82  105.88
 2013 346    8.79  -33.63  194.63  105.88
 2013 347    8.79  -33.63  180.45  105.88
 2013 348    8.80  -33.63  166.26  105.88
 2013 349    8.81  -33.63  152.07  105.88
 2013 350    8.82  -33.63  137.89  105.87
 2013 351    8.83  -33.63  123.70  105.87
 2013 352    8.83  -33.63  109.52  105.87
 2013 353    8.84  -33.63   95.33  105.87
 2013 354    8.85  -33.63   81.15  105.87
 2013 355    8.86  -33.63   66.96  105.87
 2013 356    8.87  -33.63   52.77  105.87
 2013 357    8.87  -33.63   38.59  105.86
 2013 358    8.88  -33.63   24.40  105.86
 2013 359    8.89  -33.64   10.22  105.86
 2013 360    8.90  -33.64  356.03  105.86
 2013 361    8.91  -33.64  341.85  105.86
 2013 362    8.91  -33.64  327.66  105.86
 2013 363    8.92  -33.64  313.47  105.86
 2013 364    8.93  -33.64  299.29  105.86
 2013 365    8.94  -33.64  285.10  105.85
