 YYYY DOY     AU    HG_LAT  HG_LON  HGI_LON   from orbital elements with epoch: 2013-Mar-1.4082 
 2011   1    4.50   -9.19  339.23  108.06
 2011   2    4.50   -9.21  325.13  108.15
 2011   3    4.49   -9.22  311.04  108.25
 2011   4    4.49   -9.24  296.95  108.34
 2011   5    4.49   -9.26  282.85  108.43
 2011   6    4.49   -9.28  268.76  108.52
 2011   7    4.48   -9.29  254.67  108.61
 2011   8    4.48   -9.31  240.57  108.70
 2011   9    4.48   -9.33  226.48  108.79
 2011  10    4.48   -9.34  212.39  108.88
 2011  11    4.48   -9.36  198.29  108.97
 2011  12    4.47   -9.38  184.20  109.06
 2011  13    4.47   -9.39  170.11  109.16
 2011  14    4.47   -9.41  156.01  109.25
 2011  15    4.47   -9.43  141.92  109.34
 2011  16    4.46   -9.44  127.83  109.43
 2011  17    4.46   -9.46  113.74  109.52
 2011  18    4.46   -9.48   99.65  109.62
 2011  19    4.46   -9.49   85.55  109.71
 2011  20    4.46   -9.51   71.46  109.80
 2011  21    4.45   -9.53   57.37  109.89
 2011  22    4.45   -9.54   43.28  109.99
 2011  23    4.45   -9.56   29.19  110.08
 2011  24    4.45   -9.58   15.09  110.17
 2011  25    4.44   -9.59    1.00  110.26
 2011  26    4.44   -9.61  346.91  110.36
 2011  27    4.44   -9.63  332.82  110.45
 2011  28    4.44   -9.64  318.73  110.54
 2011  29    4.43   -9.66  304.64  110.64
 2011  30    4.43   -9.68  290.55  110.73
 2011  31    4.43   -9.69  276.45  110.82
 2011  32    4.43   -9.71  262.36  110.92
 2011  33    4.43   -9.73  248.27  111.01
 2011  34    4.42   -9.74  234.18  111.10
 2011  35    4.42   -9.76  220.09  111.20
 2011  36    4.42   -9.78  206.00  111.29
 2011  37    4.42   -9.79  191.91  111.39
 2011  38    4.41   -9.81  177.82  111.48
 2011  39    4.41   -9.83  163.73  111.57
 2011  40    4.41   -9.84  149.64  111.67
 2011  41    4.41   -9.86  135.55  111.76
 2011  42    4.40   -9.88  121.46  111.86
 2011  43    4.40   -9.89  107.37  111.95
 2011  44    4.40   -9.91   93.28  112.05
 2011  45    4.40   -9.93   79.19  112.14
 2011  46    4.40   -9.94   65.10  112.24
 2011  47    4.39   -9.96   51.01  112.33
 2011  48    4.39   -9.98   36.92  112.43
 2011  49    4.39   -9.99   22.84  112.52
 2011  50    4.39  -10.01    8.75  112.62
 2011  51    4.38  -10.03  354.66  112.71
 2011  52    4.38  -10.04  340.57  112.81
 2011  53    4.38  -10.06  326.48  112.91
 2011  54    4.38  -10.08  312.39  113.00
 2011  55    4.37  -10.09  298.30  113.10
 2011  56    4.37  -10.11  284.22  113.19
 2011  57    4.37  -10.12  270.13  113.29
 2011  58    4.37  -10.14  256.04  113.39
 2011  59    4.36  -10.16  241.95  113.48
 2011  60    4.36  -10.17  227.86  113.58
 2011  61    4.36  -10.19  213.78  113.68
 2011  62    4.36  -10.21  199.69  113.77
 2011  63    4.36  -10.22  185.60  113.87
 2011  64    4.35  -10.24  171.51  113.97
 2011  65    4.35  -10.26  157.43  114.06
 2011  66    4.35  -10.27  143.34  114.16
 2011  67    4.35  -10.29  129.25  114.26
 2011  68    4.34  -10.30  115.17  114.36
 2011  69    4.34  -10.32  101.08  114.45
 2011  70    4.34  -10.34   86.99  114.55
 2011  71    4.34  -10.35   72.91  114.65
 2011  72    4.33  -10.37   58.82  114.75
 2011  73    4.33  -10.39   44.73  114.85
 2011  74    4.33  -10.40   30.65  114.94
 2011  75    4.33  -10.42   16.56  115.04
 2011  76    4.32  -10.43    2.48  115.14
 2011  77    4.32  -10.45  348.39  115.24
 2011  78    4.32  -10.47  334.30  115.34
 2011  79    4.32  -10.48  320.22  115.44
 2011  80    4.31  -10.50  306.13  115.54
 2011  81    4.31  -10.52  292.05  115.64
 2011  82    4.31  -10.53  277.96  115.73
 2011  83    4.31  -10.55  263.88  115.83
 2011  84    4.30  -10.56  249.79  115.93
 2011  85    4.30  -10.58  235.71  116.03
 2011  86    4.30  -10.60  221.62  116.13
 2011  87    4.30  -10.61  207.54  116.23
 2011  88    4.29  -10.63  193.45  116.33
 2011  89    4.29  -10.64  179.37  116.43
 2011  90    4.29  -10.66  165.29  116.53
 2011  91    4.29  -10.68  151.20  116.63
 2011  92    4.28  -10.69  137.12  116.73
 2011  93    4.28  -10.71  123.03  116.84
 2011  94    4.28  -10.72  108.95  116.94
 2011  95    4.28  -10.74   94.87  117.04
 2011  96    4.27  -10.76   80.78  117.14
 2011  97    4.27  -10.77   66.70  117.24
 2011  98    4.27  -10.79   52.62  117.34
 2011  99    4.27  -10.80   38.53  117.44
 2011 100    4.26  -10.82   24.45  117.54
 2011 101    4.26  -10.84   10.37  117.64
 2011 102    4.26  -10.85  356.29  117.75
 2011 103    4.26  -10.87  342.20  117.85
 2011 104    4.25  -10.88  328.12  117.95
 2011 105    4.25  -10.90  314.04  118.05
 2011 106    4.25  -10.92  299.96  118.16
 2011 107    4.25  -10.93  285.88  118.26
 2011 108    4.24  -10.95  271.79  118.36
 2011 109    4.24  -10.96  257.71  118.46
 2011 110    4.24  -10.98  243.63  118.57
 2011 111    4.24  -10.99  229.55  118.67
 2011 112    4.23  -11.01  215.47  118.77
 2011 113    4.23  -11.03  201.39  118.88
 2011 114    4.23  -11.04  187.31  118.98
 2011 115    4.23  -11.06  173.22  119.08
 2011 116    4.22  -11.07  159.14  119.19
 2011 117    4.22  -11.09  145.06  119.29
 2011 118    4.22  -11.10  130.98  119.39
 2011 119    4.22  -11.12  116.90  119.50
 2011 120    4.21  -11.14  102.82  119.60
 2011 121    4.21  -11.15   88.74  119.71
 2011 122    4.21  -11.17   74.66  119.81
 2011 123    4.21  -11.18   60.58  119.92
 2011 124    4.20  -11.20   46.50  120.02
 2011 125    4.20  -11.21   32.42  120.13
 2011 126    4.20  -11.23   18.34  120.23
 2011 127    4.20  -11.24    4.27  120.34
 2011 128    4.19  -11.26  350.19  120.44
 2011 129    4.19  -11.28  336.11  120.55
 2011 130    4.19  -11.29  322.03  120.65
 2011 131    4.19  -11.31  307.95  120.76
 2011 132    4.18  -11.32  293.87  120.86
 2011 133    4.18  -11.34  279.79  120.97
 2011 134    4.18  -11.35  265.71  121.08
 2011 135    4.17  -11.37  251.64  121.18
 2011 136    4.17  -11.38  237.56  121.29
 2011 137    4.17  -11.40  223.48  121.40
 2011 138    4.17  -11.41  209.40  121.50
 2011 139    4.16  -11.43  195.33  121.61
 2011 140    4.16  -11.44  181.25  121.72
 2011 141    4.16  -11.46  167.17  121.82
 2011 142    4.16  -11.47  153.09  121.93
 2011 143    4.15  -11.49  139.02  122.04
 2011 144    4.15  -11.50  124.94  122.15
 2011 145    4.15  -11.52  110.86  122.25
 2011 146    4.15  -11.53   96.79  122.36
 2011 147    4.14  -11.55   82.71  122.47
 2011 148    4.14  -11.57   68.64  122.58
 2011 149    4.14  -11.58   54.56  122.69
 2011 150    4.14  -11.60   40.48  122.79
 2011 151    4.13  -11.61   26.41  122.90
 2011 152    4.13  -11.63   12.33  123.01
 2011 153    4.13  -11.64  358.26  123.12
 2011 154    4.12  -11.66  344.18  123.23
 2011 155    4.12  -11.67  330.11  123.34
 2011 156    4.12  -11.68  316.03  123.45
 2011 157    4.12  -11.70  301.96  123.56
 2011 158    4.11  -11.71  287.88  123.67
 2011 159    4.11  -11.73  273.81  123.78
 2011 160    4.11  -11.74  259.73  123.89
 2011 161    4.11  -11.76  245.66  124.00
 2011 162    4.10  -11.77  231.59  124.11
 2011 163    4.10  -11.79  217.51  124.22
 2011 164    4.10  -11.80  203.44  124.33
 2011 165    4.10  -11.82  189.36  124.44
 2011 166    4.09  -11.83  175.29  124.55
 2011 167    4.09  -11.85  161.22  124.66
 2011 168    4.09  -11.86  147.14  124.78
 2011 169    4.08  -11.88  133.07  124.89
 2011 170    4.08  -11.89  119.00  125.00
 2011 171    4.08  -11.91  104.93  125.11
 2011 172    4.08  -11.92   90.85  125.22
 2011 173    4.07  -11.93   76.78  125.33
 2011 174    4.07  -11.95   62.71  125.45
 2011 175    4.07  -11.96   48.64  125.56
 2011 176    4.07  -11.98   34.57  125.67
 2011 177    4.06  -11.99   20.49  125.78
 2011 178    4.06  -12.01    6.42  125.90
 2011 179    4.06  -12.02  352.35  126.01
 2011 180    4.05  -12.04  338.28  126.12
 2011 181    4.05  -12.05  324.21  126.24
 2011 182    4.05  -12.06  310.14  126.35
 2011 183    4.05  -12.08  296.07  126.46
 2011 184    4.04  -12.09  282.00  126.58
 2011 185    4.04  -12.11  267.93  126.69
 2011 186    4.04  -12.12  253.86  126.81
 2011 187    4.04  -12.13  239.79  126.92
 2011 188    4.03  -12.15  225.72  127.04
 2011 189    4.03  -12.16  211.65  127.15
 2011 190    4.03  -12.18  197.58  127.27
 2011 191    4.02  -12.19  183.51  127.38
 2011 192    4.02  -12.21  169.44  127.50
 2011 193    4.02  -12.22  155.37  127.61
 2011 194    4.02  -12.23  141.30  127.73
 2011 195    4.01  -12.25  127.23  127.84
 2011 196    4.01  -12.26  113.17  127.96
 2011 197    4.01  -12.27   99.10  128.08
 2011 198    4.00  -12.29   85.03  128.19
 2011 199    4.00  -12.30   70.96  128.31
 2011 200    4.00  -12.32   56.89  128.43
 2011 201    4.00  -12.33   42.83  128.54
 2011 202    3.99  -12.34   28.76  128.66
 2011 203    3.99  -12.36   14.69  128.78
 2011 204    3.99  -12.37    0.63  128.89
 2011 205    3.99  -12.38  346.56  129.01
 2011 206    3.98  -12.40  332.49  129.13
 2011 207    3.98  -12.41  318.43  129.25
 2011 208    3.98  -12.43  304.36  129.37
 2011 209    3.97  -12.44  290.29  129.48
 2011 210    3.97  -12.45  276.23  129.60
 2011 211    3.97  -12.47  262.16  129.72
 2011 212    3.97  -12.48  248.10  129.84
 2011 213    3.96  -12.49  234.03  129.96
 2011 214    3.96  -12.51  219.96  130.08
 2011 215    3.96  -12.52  205.90  130.20
 2011 216    3.95  -12.53  191.83  130.32
 2011 217    3.95  -12.55  177.77  130.44
 2011 218    3.95  -12.56  163.71  130.56
 2011 219    3.95  -12.57  149.64  130.68
 2011 220    3.94  -12.58  135.58  130.80
 2011 221    3.94  -12.60  121.51  130.92
 2011 222    3.94  -12.61  107.45  131.04
 2011 223    3.93  -12.62   93.39  131.16
 2011 224    3.93  -12.64   79.32  131.28
 2011 225    3.93  -12.65   65.26  131.40
 2011 226    3.93  -12.66   51.20  131.52
 2011 227    3.92  -12.68   37.13  131.64
 2011 228    3.92  -12.69   23.07  131.77
 2011 229    3.92  -12.70    9.01  131.89
 2011 230    3.91  -12.71  354.95  132.01
 2011 231    3.91  -12.73  340.88  132.13
 2011 232    3.91  -12.74  326.82  132.25
 2011 233    3.91  -12.75  312.76  132.38
 2011 234    3.90  -12.76  298.70  132.50
 2011 235    3.90  -12.78  284.64  132.62
 2011 236    3.90  -12.79  270.58  132.75
 2011 237    3.89  -12.80  256.52  132.87
 2011 238    3.89  -12.81  242.46  132.99
 2011 239    3.89  -12.83  228.39  133.12
 2011 240    3.89  -12.84  214.33  133.24
 2011 241    3.88  -12.85  200.27  133.37
 2011 242    3.88  -12.86  186.21  133.49
 2011 243    3.88  -12.88  172.15  133.61
 2011 244    3.87  -12.89  158.10  133.74
 2011 245    3.87  -12.90  144.04  133.86
 2011 246    3.87  -12.91  129.98  133.99
 2011 247    3.87  -12.92  115.92  134.12
 2011 248    3.86  -12.94  101.86  134.24
 2011 249    3.86  -12.95   87.80  134.37
 2011 250    3.86  -12.96   73.74  134.49
 2011 251    3.85  -12.97   59.68  134.62
 2011 252    3.85  -12.98   45.63  134.75
 2011 253    3.85  -13.00   31.57  134.87
 2011 254    3.85  -13.01   17.51  135.00
 2011 255    3.84  -13.02    3.45  135.13
 2011 256    3.84  -13.03  349.40  135.25
 2011 257    3.84  -13.04  335.34  135.38
 2011 258    3.83  -13.05  321.28  135.51
 2011 259    3.83  -13.07  307.23  135.64
 2011 260    3.83  -13.08  293.17  135.76
 2011 261    3.83  -13.09  279.11  135.89
 2011 262    3.82  -13.10  265.06  136.02
 2011 263    3.82  -13.11  251.00  136.15
 2011 264    3.82  -13.12  236.95  136.28
 2011 265    3.81  -13.13  222.89  136.41
 2011 266    3.81  -13.15  208.84  136.54
 2011 267    3.81  -13.16  194.78  136.67
 2011 268    3.80  -13.17  180.73  136.80
 2011 269    3.80  -13.18  166.67  136.93
 2011 270    3.80  -13.19  152.62  137.06
 2011 271    3.80  -13.20  138.56  137.19
 2011 272    3.79  -13.21  124.51  137.32
 2011 273    3.79  -13.22  110.46  137.45
 2011 274    3.79  -13.23   96.40  137.58
 2011 275    3.78  -13.24   82.35  137.71
 2011 276    3.78  -13.25   68.30  137.84
 2011 277    3.78  -13.27   54.25  137.97
 2011 278    3.78  -13.28   40.19  138.11
 2011 279    3.77  -13.29   26.14  138.24
 2011 280    3.77  -13.30   12.09  138.37
 2011 281    3.77  -13.31  358.04  138.50
 2011 282    3.76  -13.32  343.99  138.64
 2011 283    3.76  -13.33  329.93  138.77
 2011 284    3.76  -13.34  315.88  138.90
 2011 285    3.75  -13.35  301.83  139.04
 2011 286    3.75  -13.36  287.78  139.17
 2011 287    3.75  -13.37  273.73  139.30
 2011 288    3.75  -13.38  259.68  139.44
 2011 289    3.74  -13.39  245.63  139.57
 2011 290    3.74  -13.40  231.58  139.71
 2011 291    3.74  -13.41  217.53  139.84
 2011 292    3.73  -13.42  203.48  139.98
 2011 293    3.73  -13.43  189.43  140.11
 2011 294    3.73  -13.44  175.38  140.25
 2011 295    3.73  -13.45  161.33  140.38
 2011 296    3.72  -13.46  147.29  140.52
 2011 297    3.72  -13.47  133.24  140.66
 2011 298    3.72  -13.48  119.19  140.79
 2011 299    3.71  -13.49  105.14  140.93
 2011 300    3.71  -13.50   91.09  141.07
 2011 301    3.71  -13.51   77.05  141.20
 2011 302    3.70  -13.52   63.00  141.34
 2011 303    3.70  -13.52   48.95  141.48
 2011 304    3.70  -13.53   34.91  141.61
 2011 305    3.70  -13.54   20.86  141.75
 2011 306    3.69  -13.55    6.81  141.89
 2011 307    3.69  -13.56  352.77  142.03
 2011 308    3.69  -13.57  338.72  142.17
 2011 309    3.68  -13.58  324.68  142.31
 2011 310    3.68  -13.59  310.63  142.45
 2011 311    3.68  -13.60  296.59  142.59
 2011 312    3.67  -13.60  282.54  142.73
 2011 313    3.67  -13.61  268.50  142.87
 2011 314    3.67  -13.62  254.45  143.01
 2011 315    3.67  -13.63  240.41  143.15
 2011 316    3.66  -13.64  226.37  143.29
 2011 317    3.66  -13.65  212.32  143.43
 2011 318    3.66  -13.66  198.28  143.57
 2011 319    3.65  -13.66  184.24  143.71
 2011 320    3.65  -13.67  170.19  143.85
 2011 321    3.65  -13.68  156.15  143.99
 2011 322    3.64  -13.69  142.11  144.14
 2011 323    3.64  -13.70  128.07  144.28
 2011 324    3.64  -13.70  114.02  144.42
 2011 325    3.64  -13.71   99.98  144.56
 2011 326    3.63  -13.72   85.94  144.71
 2011 327    3.63  -13.73   71.90  144.85
 2011 328    3.63  -13.73   57.86  144.99
 2011 329    3.62  -13.74   43.82  145.14
 2011 330    3.62  -13.75   29.78  145.28
 2011 331    3.62  -13.76   15.74  145.42
 2011 332    3.61  -13.76    1.70  145.57
 2011 333    3.61  -13.77  347.66  145.71
 2011 334    3.61  -13.78  333.62  145.86
 2011 335    3.61  -13.79  319.58  146.00
 2011 336    3.60  -13.79  305.54  146.15
 2011 337    3.60  -13.80  291.50  146.30
 2011 338    3.60  -13.81  277.46  146.44
 2011 339    3.59  -13.81  263.43  146.59
 2011 340    3.59  -13.82  249.39  146.73
 2011 341    3.59  -13.83  235.35  146.88
 2011 342    3.58  -13.83  221.31  147.03
 2011 343    3.58  -13.84  207.28  147.18
 2011 344    3.58  -13.85  193.24  147.32
 2011 345    3.58  -13.85  179.20  147.47
 2011 346    3.57  -13.86  165.17  147.62
 2011 347    3.57  -13.87  151.13  147.77
 2011 348    3.57  -13.87  137.09  147.92
 2011 349    3.56  -13.88  123.06  148.06
 2011 350    3.56  -13.88  109.02  148.21
 2011 351    3.56  -13.89   94.99  148.36
 2011 352    3.55  -13.90   80.95  148.51
 2011 353    3.55  -13.90   66.92  148.66
 2011 354    3.55  -13.91   52.88  148.81
 2011 355    3.54  -13.91   38.85  148.96
 2011 356    3.54  -13.92   24.82  149.11
 2011 357    3.54  -13.92   10.78  149.27
 2011 358    3.54  -13.93  356.75  149.42
 2011 359    3.53  -13.93  342.72  149.57
 2011 360    3.53  -13.94  328.69  149.72
 2011 361    3.53  -13.94  314.65  149.87
 2011 362    3.52  -13.95  300.62  150.02
 2011 363    3.52  -13.95  286.59  150.18
 2011 364    3.52  -13.96  272.56  150.33
 2011 365    3.51  -13.96  258.53  150.48
 2012   1    3.51  -13.97  244.49  150.64
 2012   2    3.51  -13.97  230.46  150.79
 2012   3    3.51  -13.98  216.43  150.94
 2012   4    3.50  -13.98  202.40  151.10
 2012   5    3.50  -13.99  188.37  151.25
 2012   6    3.50  -13.99  174.34  151.41
 2012   7    3.49  -13.99  160.31  151.56
 2012   8    3.49  -14.00  146.29  151.72
 2012   9    3.49  -14.00  132.26  151.87
 2012  10    3.48  -14.00  118.23  152.03
 2012  11    3.48  -14.01  104.20  152.18
 2012  12    3.48  -14.01   90.17  152.34
 2012  13    3.48  -14.02   76.14  152.50
 2012  14    3.47  -14.02   62.12  152.65
 2012  15    3.47  -14.02   48.09  152.81
 2012  16    3.47  -14.03   34.06  152.97
 2012  17    3.46  -14.03   20.04  153.13
 2012  18    3.46  -14.03    6.01  153.29
 2012  19    3.46  -14.03  351.98  153.44
 2012  20    3.45  -14.04  337.96  153.60
 2012  21    3.45  -14.04  323.93  153.76
 2012  22    3.45  -14.04  309.91  153.92
 2012  23    3.44  -14.05  295.88  154.08
 2012  24    3.44  -14.05  281.86  154.24
 2012  25    3.44  -14.05  267.83  154.40
 2012  26    3.44  -14.05  253.81  154.56
 2012  27    3.43  -14.05  239.79  154.72
 2012  28    3.43  -14.06  225.76  154.88
 2012  29    3.43  -14.06  211.74  155.04
 2012  30    3.42  -14.06  197.72  155.20
 2012  31    3.42  -14.06  183.69  155.37
 2012  32    3.42  -14.06  169.67  155.53
 2012  33    3.41  -14.07  155.65  155.69
 2012  34    3.41  -14.07  141.63  155.85
 2012  35    3.41  -14.07  127.61  156.02
 2012  36    3.41  -14.07  113.58  156.18
 2012  37    3.40  -14.07   99.56  156.34
 2012  38    3.40  -14.07   85.54  156.51
 2012  39    3.40  -14.07   71.52  156.67
 2012  40    3.39  -14.07   57.50  156.84
 2012  41    3.39  -14.07   43.48  157.00
 2012  42    3.39  -14.07   29.46  157.16
 2012  43    3.38  -14.07   15.44  157.33
 2012  44    3.38  -14.08    1.43  157.50
 2012  45    3.38  -14.08  347.41  157.66
 2012  46    3.38  -14.08  333.39  157.83
 2012  47    3.37  -14.08  319.37  157.99
 2012  48    3.37  -14.08  305.35  158.16
 2012  49    3.37  -14.07  291.34  158.33
 2012  50    3.36  -14.07  277.32  158.50
 2012  51    3.36  -14.07  263.30  158.66
 2012  52    3.36  -14.07  249.29  158.83
 2012  53    3.35  -14.07  235.27  159.00
 2012  54    3.35  -14.07  221.25  159.17
 2012  55    3.35  -14.07  207.24  159.34
 2012  56    3.35  -14.07  193.22  159.51
 2012  57    3.34  -14.07  179.21  159.68
 2012  58    3.34  -14.07  165.19  159.85
 2012  59    3.34  -14.07  151.18  160.02
 2012  60    3.33  -14.06  137.17  160.19
 2012  61    3.33  -14.06  123.15  160.36
 2012  62    3.33  -14.06  109.14  160.53
 2012  63    3.32  -14.06   95.13  160.70
 2012  64    3.32  -14.06   81.11  160.87
 2012  65    3.32  -14.05   67.10  161.04
 2012  66    3.31  -14.05   53.09  161.21
 2012  67    3.31  -14.05   39.08  161.39
 2012  68    3.31  -14.05   25.06  161.56
 2012  69    3.31  -14.04   11.05  161.73
 2012  70    3.30  -14.04  357.04  161.91
 2012  71    3.30  -14.04  343.03  162.08
 2012  72    3.30  -14.04  329.02  162.25
 2012  73    3.29  -14.03  315.01  162.43
 2012  74    3.29  -14.03  301.00  162.60
 2012  75    3.29  -14.03  286.99  162.78
 2012  76    3.29  -14.02  272.98  162.95
 2012  77    3.28  -14.02  258.97  163.13
 2012  78    3.28  -14.01  244.97  163.31
 2012  79    3.28  -14.01  230.96  163.48
 2012  80    3.27  -14.01  216.95  163.66
 2012  81    3.27  -14.00  202.94  163.84
 2012  82    3.27  -14.00  188.94  164.01
 2012  83    3.26  -13.99  174.93  164.19
 2012  84    3.26  -13.99  160.92  164.37
 2012  85    3.26  -13.98  146.92  164.55
 2012  86    3.26  -13.98  132.91  164.72
 2012  87    3.25  -13.97  118.90  164.90
 2012  88    3.25  -13.97  104.90  165.08
 2012  89    3.25  -13.96   90.89  165.26
 2012  90    3.24  -13.96   76.89  165.44
 2012  91    3.24  -13.95   62.89  165.62
 2012  92    3.24  -13.95   48.88  165.80
 2012  93    3.23  -13.94   34.88  165.98
 2012  94    3.23  -13.93   20.87  166.16
 2012  95    3.23  -13.93    6.87  166.35
 2012  96    3.23  -13.92  352.87  166.53
 2012  97    3.22  -13.91  338.87  166.71
 2012  98    3.22  -13.91  324.86  166.89
 2012  99    3.22  -13.90  310.86  167.07
 2012 100    3.21  -13.89  296.86  167.26
 2012 101    3.21  -13.89  282.86  167.44
 2012 102    3.21  -13.88  268.86  167.62
 2012 103    3.21  -13.87  254.86  167.81
 2012 104    3.20  -13.86  240.86  167.99
 2012 105    3.20  -13.86  226.86  168.18
 2012 106    3.20  -13.85  212.86  168.36
 2012 107    3.19  -13.84  198.86  168.55
 2012 108    3.19  -13.83  184.86  168.73
 2012 109    3.19  -13.82  170.86  168.92
 2012 110    3.18  -13.82  156.87  169.11
 2012 111    3.18  -13.81  142.87  169.29
 2012 112    3.18  -13.80  128.87  169.48
 2012 113    3.18  -13.79  114.87  169.67
 2012 114    3.17  -13.78  100.88  169.85
 2012 115    3.17  -13.77   86.88  170.04
 2012 116    3.17  -13.76   72.88  170.23
 2012 117    3.16  -13.75   58.89  170.42
 2012 118    3.16  -13.74   44.89  170.61
 2012 119    3.16  -13.73   30.90  170.80
 2012 120    3.16  -13.72   16.90  170.99
 2012 121    3.15  -13.71    2.91  171.18
 2012 122    3.15  -13.70  348.91  171.37
 2012 123    3.15  -13.69  334.92  171.56
 2012 124    3.14  -13.68  320.93  171.75
 2012 125    3.14  -13.67  306.93  171.94
 2012 126    3.14  -13.66  292.94  172.13
 2012 127    3.14  -13.65  278.95  172.32
 2012 128    3.13  -13.64  264.95  172.51
 2012 129    3.13  -13.62  250.96  172.71
 2012 130    3.13  -13.61  236.97  172.90
 2012 131    3.12  -13.60  222.98  173.09
 2012 132    3.12  -13.59  208.99  173.29
 2012 133    3.12  -13.58  195.00  173.48
 2012 134    3.12  -13.56  181.01  173.67
 2012 135    3.11  -13.55  167.02  173.87
 2012 136    3.11  -13.54  153.03  174.06
 2012 137    3.11  -13.53  139.04  174.26
 2012 138    3.10  -13.51  125.05  174.45
 2012 139    3.10  -13.50  111.06  174.65
 2012 140    3.10  -13.49   97.07  174.85
 2012 141    3.10  -13.47   83.09  175.04
 2012 142    3.09  -13.46   69.10  175.24
 2012 143    3.09  -13.44   55.11  175.44
 2012 144    3.09  -13.43   41.12  175.63
 2012 145    3.08  -13.41   27.14  175.83
 2012 146    3.08  -13.40   13.15  176.03
 2012 147    3.08  -13.39  359.17  176.23
 2012 148    3.08  -13.37  345.18  176.43
 2012 149    3.07  -13.36  331.20  176.63
 2012 150    3.07  -13.34  317.21  176.83
 2012 151    3.07  -13.32  303.23  177.03
 2012 152    3.07  -13.31  289.24  177.23
 2012 153    3.06  -13.29  275.26  177.43
 2012 154    3.06  -13.28  261.27  177.63
 2012 155    3.06  -13.26  247.29  177.83
 2012 156    3.05  -13.24  233.31  178.03
 2012 157    3.05  -13.23  219.33  178.23
 2012 158    3.05  -13.21  205.34  178.44
 2012 159    3.05  -13.19  191.36  178.64
 2012 160    3.04  -13.18  177.38  178.84
 2012 161    3.04  -13.16  163.40  179.04
 2012 162    3.04  -13.14  149.42  179.25
 2012 163    3.03  -13.12  135.44  179.45
 2012 164    3.03  -13.11  121.46  179.66
 2012 165    3.03  -13.09  107.48  179.86
 2012 166    3.03  -13.07   93.50  180.06
 2012 167    3.02  -13.05   79.52  180.27
 2012 168    3.02  -13.03   65.54  180.48
 2012 169    3.02  -13.01   51.56  180.68
 2012 170    3.02  -12.99   37.58  180.89
 2012 171    3.01  -12.98   23.61  181.09
 2012 172    3.01  -12.96    9.63  181.30
 2012 173    3.01  -12.94  355.65  181.51
 2012 174    3.01  -12.92  341.67  181.72
 2012 175    3.00  -12.90  327.70  181.92
 2012 176    3.00  -12.88  313.72  182.13
 2012 177    3.00  -12.86  299.75  182.34
 2012 178    2.99  -12.83  285.77  182.55
 2012 179    2.99  -12.81  271.80  182.76
 2012 180    2.99  -12.79  257.82  182.97
 2012 181    2.99  -12.77  243.85  183.18
 2012 182    2.98  -12.75  229.87  183.39
 2012 182    2.98  -12.73  215.90  183.60
 2012 183    2.98  -12.71  201.93  183.81
 2012 184    2.98  -12.68  187.95  184.02
 2012 185    2.97  -12.66  173.98  184.23
 2012 186    2.97  -12.64  160.01  184.45
 2012 187    2.97  -12.62  146.03  184.66
 2012 188    2.97  -12.59  132.06  184.87
 2012 190    2.96  -12.57  118.09  185.08
 2012 191    2.96  -12.55  104.12  185.30
 2012 192    2.96  -12.52   90.15  185.51
 2012 193    2.96  -12.50   76.18  185.72
 2012 194    2.95  -12.48   62.21  185.94
 2012 195    2.95  -12.45   48.24  186.15
 2012 196    2.95  -12.43   34.27  186.37
 2012 197    2.95  -12.40   20.30  186.58
 2012 198    2.94  -12.38    6.33  186.80
 2012 199    2.94  -12.35  352.36  187.02
 2012 200    2.94  -12.33  338.40  187.23
 2012 201    2.94  -12.30  324.43  187.45
 2012 202    2.93  -12.28  310.46  187.66
 2012 203    2.93  -12.25  296.49  187.88
 2012 204    2.93  -12.22  282.53  188.10
 2012 205    2.93  -12.20  268.56  188.32
 2012 206    2.92  -12.17  254.59  188.54
 2012 207    2.92  -12.14  240.63  188.75
 2012 208    2.92  -12.12  226.66  188.97
 2012 209    2.92  -12.09  212.70  189.19
 2012 210    2.91  -12.06  198.73  189.41
 2012 211    2.91  -12.03  184.77  189.63
 2012 212    2.91  -12.01  170.80  189.85
 2012 213    2.91  -11.98  156.84  190.07
 2012 214    2.90  -11.95  142.88  190.29
 2012 215    2.90  -11.92  128.91  190.51
 2012 216    2.90  -11.89  114.95  190.74
 2012 217    2.90  -11.86  100.99  190.96
 2012 218    2.89  -11.83   87.02  191.18
 2012 219    2.89  -11.81   73.06  191.40
 2012 220    2.89  -11.78   59.10  191.63
 2012 221    2.89  -11.75   45.14  191.85
 2012 222    2.88  -11.72   31.18  192.07
 2012 223    2.88  -11.69   17.22  192.30
 2012 224    2.88  -11.65    3.26  192.52
 2012 225    2.88  -11.62  349.30  192.74
 2012 226    2.87  -11.59  335.34  192.97
 2012 227    2.87  -11.56  321.38  193.19
 2012 228    2.87  -11.53  307.42  193.42
 2012 229    2.87  -11.50  293.46  193.64
 2012 230    2.87  -11.47  279.50  193.87
 2012 231    2.86  -11.43  265.54  194.10
 2012 232    2.86  -11.40  251.59  194.32
 2012 233    2.86  -11.37  237.63  194.55
 2012 234    2.86  -11.34  223.67  194.78
 2012 235    2.85  -11.30  209.71  195.00
 2012 236    2.85  -11.27  195.76  195.23
 2012 237    2.85  -11.24  181.80  195.46
 2012 238    2.85  -11.20  167.85  195.69
 2012 239    2.84  -11.17  153.89  195.92
 2012 240    2.84  -11.14  139.93  196.15
 2012 241    2.84  -11.10  125.98  196.38
 2012 242    2.84  -11.07  112.02  196.61
 2012 243    2.84  -11.03   98.07  196.84
 2012 244    2.83  -11.00   84.12  197.07
 2012 245    2.83  -10.96   70.16  197.30
 2012 246    2.83  -10.93   56.21  197.53
 2012 247    2.83  -10.89   42.26  197.76
 2012 248    2.83  -10.85   28.30  197.99
 2012 249    2.82  -10.82   14.35  198.22
 2012 250    2.82  -10.78    0.40  198.45
 2012 251    2.82  -10.74  346.45  198.69
 2012 252    2.82  -10.71  332.49  198.92
 2012 253    2.81  -10.67  318.54  199.15
 2012 254    2.81  -10.63  304.59  199.38
 2012 255    2.81  -10.60  290.64  199.62
 2012 256    2.81  -10.56  276.69  199.85
 2012 257    2.81  -10.52  262.74  200.09
 2012 258    2.80  -10.48  248.79  200.32
 2012 259    2.80  -10.44  234.84  200.55
 2012 260    2.80  -10.40  220.89  200.79
 2012 261    2.80  -10.37  206.94  201.03
 2012 262    2.80  -10.33  192.99  201.26
 2012 263    2.79  -10.29  179.04  201.50
 2012 264    2.79  -10.25  165.10  201.73
 2012 265    2.79  -10.21  151.15  201.97
 2012 266    2.79  -10.17  137.20  202.21
 2012 267    2.79  -10.13  123.25  202.44
 2012 268    2.78  -10.09  109.30  202.68
 2012 269    2.78  -10.05   95.36  202.92
 2012 270    2.78  -10.01   81.41  203.16
 2012 271    2.78   -9.96   67.46  203.39
 2012 272    2.78   -9.92   53.52  203.63
 2012 273    2.77   -9.88   39.57  203.87
 2012 274    2.77   -9.84   25.63  204.11
 2012 275    2.77   -9.80   11.68  204.35
 2012 276    2.77   -9.75  357.74  204.59
 2012 277    2.77   -9.71  343.79  204.83
 2012 278    2.76   -9.67  329.85  205.07
 2012 279    2.76   -9.63  315.90  205.31
 2012 280    2.76   -9.58  301.96  205.55
 2012 281    2.76   -9.54  288.02  205.79
 2012 282    2.76   -9.50  274.07  206.03
 2012 283    2.75   -9.45  260.13  206.27
 2012 284    2.75   -9.41  246.19  206.51
 2012 285    2.75   -9.36  232.24  206.75
 2012 286    2.75   -9.32  218.30  207.00
 2012 287    2.75   -9.27  204.36  207.24
 2012 288    2.75   -9.23  190.42  207.48
 2012 289    2.74   -9.18  176.48  207.72
 2012 290    2.74   -9.14  162.54  207.97
 2012 291    2.74   -9.09  148.59  208.21
 2012 292    2.74   -9.05  134.65  208.45
 2012 293    2.74   -9.00  120.71  208.70
 2012 294    2.74   -8.95  106.77  208.94
 2012 295    2.73   -8.91   92.83  209.19
 2012 296    2.73   -8.86   78.89  209.43
 2012 297    2.73   -8.81   64.95  209.68
 2012 298    2.73   -8.77   51.01  209.92
 2012 299    2.73   -8.72   37.07  210.17
 2012 300    2.73   -8.67   23.14  210.41
 2012 301    2.72   -8.62    9.20  210.66
 2012 302    2.72   -8.57  355.26  210.90
 2012 303    2.72   -8.53  341.32  211.15
 2012 304    2.72   -8.48  327.38  211.40
 2012 305    2.72   -8.43  313.44  211.64
 2012 306    2.72   -8.38  299.51  211.89
 2012 307    2.71   -8.33  285.57  212.14
 2012 308    2.71   -8.28  271.63  212.38
 2012 309    2.71   -8.23  257.70  212.63
 2012 310    2.71   -8.18  243.76  212.88
 2012 311    2.71   -8.13  229.82  213.13
 2012 312    2.71   -8.08  215.89  213.37
 2012 313    2.70   -8.03  201.95  213.62
 2012 314    2.70   -7.98  188.01  213.87
 2012 315    2.70   -7.93  174.08  214.12
 2012 316    2.70   -7.88  160.14  214.37
 2012 317    2.70   -7.83  146.21  214.62
 2012 318    2.70   -7.78  132.27  214.87
 2012 319    2.70   -7.73  118.34  215.12
 2012 320    2.69   -7.67  104.40  215.37
 2012 321    2.69   -7.62   90.47  215.62
 2012 322    2.69   -7.57   76.54  215.87
 2012 323    2.69   -7.52   62.60  216.12
 2012 324    2.69   -7.46   48.67  216.37
 2012 325    2.69   -7.41   34.74  216.62
 2012 326    2.69   -7.36   20.80  216.87
 2012 327    2.68   -7.31    6.87  217.12
 2012 328    2.68   -7.25  352.94  217.37
 2012 329    2.68   -7.20  339.00  217.63
 2012 330    2.68   -7.14  325.07  217.88
 2012 331    2.68   -7.09  311.14  218.13
 2012 332    2.68   -7.04  297.21  218.38
 2012 333    2.68   -6.98  283.27  218.64
 2012 334    2.68   -6.93  269.34  218.89
 2012 335    2.67   -6.87  255.41  219.14
 2012 336    2.67   -6.82  241.48  219.39
 2012 337    2.67   -6.76  227.55  219.65
 2012 338    2.67   -6.71  213.62  219.90
 2012 339    2.67   -6.65  199.69  220.15
 2012 340    2.67   -6.60  185.76  220.41
 2012 341    2.67   -6.54  171.82  220.66
 2012 342    2.67   -6.48  157.89  220.91
 2012 343    2.66   -6.43  143.96  221.17
 2012 344    2.66   -6.37  130.03  221.42
 2012 345    2.66   -6.32  116.10  221.68
 2012 346    2.66   -6.26  102.17  221.93
 2012 347    2.66   -6.20   88.24  222.19
 2012 348    2.66   -6.15   74.32  222.44
 2012 349    2.66   -6.09   60.39  222.70
 2012 350    2.66   -6.03   46.46  222.95
 2012 351    2.66   -5.97   32.53  223.21
 2012 352    2.66   -5.92   18.60  223.46
 2012 353    2.65   -5.86    4.67  223.72
 2012 354    2.65   -5.80  350.74  223.97
 2012 355    2.65   -5.74  336.81  224.23
 2012 356    2.65   -5.68  322.88  224.49
 2012 357    2.65   -5.63  308.96  224.74
 2012 358    2.65   -5.57  295.03  225.00
 2012 359    2.65   -5.51  281.10  225.26
 2012 360    2.65   -5.45  267.17  225.51
 2012 361    2.65   -5.39  253.24  225.77
 2012 362    2.65   -5.33  239.32  226.03
 2012 363    2.64   -5.27  225.39  226.28
 2012 364    2.64   -5.21  211.46  226.54
 2012 365    2.64   -5.15  197.54  226.80
 2012 366    2.64   -5.09  183.61  227.05
 2012 366    2.64   -5.03  169.68  227.31
 2013   1    2.64   -4.97  155.75  227.57
 2013   2    2.64   -4.91  141.83  227.83
 2013   3    2.64   -4.85  127.90  228.09
 2013   4    2.64   -4.79  113.98  228.34
 2013   5    2.64   -4.73  100.05  228.60
 2013   6    2.64   -4.67   86.12  228.86
 2013   7    2.64   -4.61   72.20  229.12
 2013   8    2.64   -4.55   58.27  229.38
 2013   9    2.63   -4.49   44.34  229.63
 2013  10    2.63   -4.43   30.42  229.89
 2013  11    2.63   -4.36   16.49  230.15
 2013  12    2.63   -4.30    2.57  230.41
 2013  13    2.63   -4.24  348.64  230.67
 2013  14    2.63   -4.18  334.72  230.93
 2013  15    2.63   -4.12  320.79  231.19
 2013  16    2.63   -4.06  306.87  231.45
 2013  17    2.63   -3.99  292.94  231.70
 2013  18    2.63   -3.93  279.01  231.96
 2013  19    2.63   -3.87  265.09  232.22
 2013  20    2.63   -3.81  251.16  232.48
 2013  21    2.63   -3.74  237.24  232.74
 2013  22    2.63   -3.68  223.31  233.00
 2013  23    2.63   -3.62  209.39  233.26
 2013  24    2.63   -3.56  195.46  233.52
 2013  25    2.62   -3.49  181.54  233.78
 2013  26    2.62   -3.43  167.62  234.04
 2013  27    2.62   -3.37  153.69  234.30
 2013  28    2.62   -3.30  139.77  234.56
 2013  29    2.62   -3.24  125.84  234.82
 2013  30    2.62   -3.18  111.92  235.08
 2013  31    2.62   -3.11   97.99  235.34
 2013  32    2.62   -3.05   84.07  235.60
 2013  33    2.62   -2.99   70.14  235.86
 2013  34    2.62   -2.92   56.22  236.12
 2013  35    2.62   -2.86   42.30  236.38
 2013  36    2.62   -2.80   28.37  236.64
 2013  37    2.62   -2.73   14.45  236.90
 2013  38    2.62   -2.67    0.52  237.16
 2013  39    2.62   -2.60  346.60  237.42
 2013  40    2.62   -2.54  332.68  237.68
 2013  41    2.62   -2.48  318.75  237.94
 2013  42    2.62   -2.41  304.83  238.20
 2013  43    2.62   -2.35  290.90  238.46
 2013  44    2.62   -2.28  276.98  238.72
 2013  45    2.62   -2.22  263.06  238.98
 2013  46    2.62   -2.15  249.13  239.25
 2013  47    2.62   -2.09  235.21  239.51
 2013  48    2.62   -2.03  221.28  239.77
 2013  49    2.62   -1.96  207.36  240.03
 2013  50    2.62   -1.90  193.44  240.29
 2013  51    2.62   -1.83  179.51  240.55
 2013  52    2.62   -1.77  165.59  240.81
 2013  53    2.62   -1.70  151.67  241.07
 2013  54    2.62   -1.64  137.74  241.33
 2013  55    2.62   -1.57  123.82  241.59
 2013  56    2.62   -1.51  109.89  241.85
 2013  57    2.62   -1.44   95.97  242.11
 2013  58    2.62   -1.38   82.05  242.37
 2013  59    2.62   -1.31   68.12  242.63
 2013  60    2.62   -1.25   54.20  242.89
 2013  61    2.62   -1.18   40.28  243.15
 2013  62    2.62   -1.12   26.35  243.41
 2013  63    2.62   -1.05   12.43  243.67
 2013  64    2.62   -0.99  358.50  243.94
 2013  65    2.62   -0.92  344.58  244.20
 2013  66    2.62   -0.86  330.66  244.46
 2013  67    2.62   -0.79  316.73  244.72
 2013  68    2.62   -0.73  302.81  244.98
 2013  69    2.62   -0.66  288.88  245.24
 2013  70    2.62   -0.60  274.96  245.50
 2013  71    2.62   -0.53  261.04  245.76
 2013  72    2.62   -0.47  247.11  246.02
 2013  73    2.62   -0.40  233.19  246.28
 2013  74    2.62   -0.33  219.26  246.54
 2013  75    2.62   -0.27  205.34  246.80
 2013  76    2.62   -0.20  191.41  247.06
 2013  77    2.62   -0.14  177.49  247.32
 2013  78    2.62   -0.07  163.57  247.58
 2013  79    2.62   -0.01  149.64  247.84
 2013  80    2.62    0.06  135.72  248.10
 2013  81    2.62    0.12  121.79  248.36
 2013  82    2.62    0.19  107.87  248.62
 2013  83    2.62    0.25   93.94  248.88
 2013  84    2.62    0.32   80.02  249.14
 2013  85    2.62    0.38   66.09  249.40
 2013  86    2.62    0.45   52.17  249.66
 2013  87    2.62    0.51   38.24  249.92
 2013  88    2.62    0.58   24.32  250.18
 2013  89    2.62    0.64   10.39  250.43
 2013  90    2.62    0.71  356.47  250.69
 2013  91    2.62    0.77  342.54  250.95
 2013  92    2.62    0.84  328.62  251.21
 2013  93    2.62    0.90  314.69  251.47
 2013  94    2.62    0.97  300.77  251.73
 2013  95    2.63    1.03  286.84  251.99
 2013  96    2.63    1.10  272.91  252.25
 2013  97    2.63    1.16  258.99  252.51
 2013  98    2.63    1.22  245.06  252.76
 2013  99    2.63    1.29  231.14  253.02
 2013 100    2.63    1.35  217.21  253.28
 2013 101    2.63    1.42  203.28  253.54
 2013 102    2.63    1.48  189.36  253.80
 2013 103    2.63    1.55  175.43  254.06
 2013 104    2.63    1.61  161.51  254.31
 2013 105    2.63    1.67  147.58  254.57
 2013 106    2.63    1.74  133.65  254.83
 2013 107    2.63    1.80  119.73  255.09
 2013 108    2.63    1.87  105.80  255.34
 2013 109    2.63    1.93   91.87  255.60
 2013 110    2.63    1.99   77.94  255.86
 2013 111    2.64    2.06   64.02  256.12
 2013 112    2.64    2.12   50.09  256.37
 2013 113    2.64    2.19   36.16  256.63
 2013 114    2.64    2.25   22.23  256.89
 2013 115    2.64    2.31    8.31  257.14
 2013 116    2.64    2.38  354.38  257.40
 2013 117    2.64    2.44  340.45  257.66
 2013 118    2.64    2.50  326.52  257.91
 2013 119    2.64    2.57  312.59  258.17
 2013 120    2.64    2.63  298.67  258.42
 2013 121    2.64    2.69  284.74  258.68
 2013 122    2.64    2.75  270.81  258.94
 2013 123    2.64    2.82  256.88  259.19
 2013 124    2.65    2.88  242.95  259.45
 2013 125    2.65    2.94  229.02  259.70
 2013 126    2.65    3.00  215.09  259.96
 2013 127    2.65    3.07  201.16  260.21
 2013 128    2.65    3.13  187.23  260.47
 2013 129    2.65    3.19  173.30  260.72
 2013 130    2.65    3.25  159.37  260.98
 2013 131    2.65    3.31  145.44  261.23
 2013 132    2.65    3.38  131.51  261.48
 2013 133    2.65    3.44  117.58  261.74
 2013 134    2.66    3.50  103.65  261.99
 2013 135    2.66    3.56   89.72  262.25
 2013 136    2.66    3.62   75.79  262.50
 2013 137    2.66    3.68   61.86  262.75
 2013 138    2.66    3.74   47.93  263.01
 2013 139    2.66    3.81   34.00  263.26
 2013 140    2.66    3.87   20.07  263.51
 2013 141    2.66    3.93    6.13  263.76
 2013 142    2.66    3.99  352.20  264.02
 2013 143    2.67    4.05  338.27  264.27
 2013 144    2.67    4.11  324.34  264.52
 2013 145    2.67    4.17  310.41  264.77
 2013 146    2.67    4.23  296.47  265.03
 2013 147    2.67    4.29  282.54  265.28
 2013 148    2.67    4.35  268.61  265.53
 2013 149    2.67    4.41  254.67  265.78
 2013 150    2.67    4.47  240.74  266.03
 2013 151    2.67    4.53  226.81  266.28
 2013 152    2.68    4.59  212.87  266.53
 2013 153    2.68    4.65  198.94  266.78
 2013 154    2.68    4.70  185.01  267.03
 2013 155    2.68    4.76  171.07  267.28
 2013 156    2.68    4.82  157.14  267.53
 2013 157    2.68    4.88  143.20  267.78
 2013 158    2.68    4.94  129.27  268.03
 2013 159    2.69    5.00  115.33  268.28
 2013 160    2.69    5.05  101.40  268.53
 2013 161    2.69    5.11   87.46  268.78
 2013 162    2.69    5.17   73.52  269.03
 2013 163    2.69    5.23   59.59  269.28
 2013 164    2.69    5.28   45.65  269.52
 2013 165    2.69    5.34   31.72  269.77
 2013 166    2.69    5.40   17.78  270.02
 2013 167    2.70    5.46    3.84  270.27
 2013 168    2.70    5.51  349.91  270.52
 2013 169    2.70    5.57  335.97  270.76
 2013 170    2.70    5.63  322.03  271.01
 2013 171    2.70    5.68  308.09  271.26
 2013 172    2.70    5.74  294.16  271.50
 2013 173    2.71    5.79  280.22  271.75
 2013 174    2.71    5.85  266.28  271.99
 2013 175    2.71    5.91  252.34  272.24
 2013 176    2.71    5.96  238.40  272.49
 2013 177    2.71    6.02  224.46  272.73
 2013 178    2.71    6.07  210.52  272.98
 2013 179    2.71    6.13  196.58  273.22
 2013 180    2.72    6.18  182.64  273.47
 2013 181    2.72    6.24  168.70  273.71
 2013 182    2.72    6.29  154.76  273.95
 2013 183    2.72    6.34  140.82  274.20
 2013 184    2.72    6.40  126.88  274.44
 2013 185    2.72    6.45  112.94  274.69
 2013 186    2.73    6.51   99.00  274.93
 2013 187    2.73    6.56   85.06  275.17
 2013 189    2.73    6.61   71.12  275.41
 2013 190    2.73    6.67   57.18  275.66
 2013 191    2.73    6.72   43.23  275.90
 2013 192    2.73    6.77   29.29  276.14
 2013 193    2.74    6.82   15.35  276.38
 2013 194    2.74    6.88    1.41  276.62
 2013 195    2.74    6.93  347.46  276.87
 2013 196    2.74    6.98  333.52  277.11
 2013 197    2.74    7.03  319.58  277.35
 2013 198    2.74    7.08  305.63  277.59
 2013 199    2.75    7.14  291.69  277.83
 2013 200    2.75    7.19  277.74  278.07
 2013 201    2.75    7.24  263.80  278.31
 2013 202    2.75    7.29  249.85  278.55
 2013 203    2.75    7.34  235.91  278.79
 2013 204    2.76    7.39  221.96  279.03
 2013 205    2.76    7.44  208.02  279.26
 2013 206    2.76    7.49  194.07  279.50
 2013 207    2.76    7.54  180.12  279.74
 2013 208    2.76    7.59  166.18  279.98
 2013 209    2.76    7.64  152.23  280.22
 2013 210    2.77    7.69  138.28  280.45
 2013 211    2.77    7.74  124.34  280.69
 2013 212    2.77    7.79  110.39  280.93
 2013 213    2.77    7.84   96.44  281.16
 2013 214    2.77    7.88   82.49  281.40
 2013 215    2.78    7.93   68.54  281.64
 2013 216    2.78    7.98   54.60  281.87
 2013 217    2.78    8.03   40.65  282.11
 2013 218    2.78    8.08   26.70  282.34
 2013 219    2.78    8.12   12.75  282.58
 2013 220    2.79    8.17  358.80  282.81
 2013 221    2.79    8.22  344.85  283.05
 2013 222    2.79    8.27  330.90  283.28
 2013 223    2.79    8.31  316.95  283.51
 2013 224    2.79    8.36  303.00  283.75
 2013 225    2.80    8.40  289.04  283.98
 2013 226    2.80    8.45  275.09  284.21
 2013 227    2.80    8.50  261.14  284.45
 2013 228    2.80    8.54  247.19  284.68
 2013 229    2.80    8.59  233.24  284.91
 2013 230    2.81    8.63  219.28  285.14
 2013 231    2.81    8.68  205.33  285.37
 2013 232    2.81    8.72  191.38  285.60
 2013 233    2.81    8.77  177.42  285.84
 2013 234    2.81    8.81  163.47  286.07
 2013 235    2.82    8.86  149.52  286.30
 2013 236    2.82    8.90  135.56  286.53
 2013 237    2.82    8.94  121.61  286.76
 2013 238    2.82    8.99  107.65  286.99
 2013 239    2.83    9.03   93.70  287.21
 2013 240    2.83    9.07   79.74  287.44
 2013 241    2.83    9.12   65.79  287.67
 2013 242    2.83    9.16   51.83  287.90
 2013 243    2.83    9.20   37.87  288.13
 2013 244    2.84    9.24   23.92  288.36
 2013 245    2.84    9.29    9.96  288.58
 2013 246    2.84    9.33  356.00  288.81
 2013 247    2.84    9.37  342.04  289.04
 2013 248    2.85    9.41  328.09  289.26
 2013 249    2.85    9.45  314.13  289.49
 2013 250    2.85    9.49  300.17  289.71
 2013 251    2.85    9.54  286.21  289.94
 2013 252    2.85    9.58  272.25  290.17
 2013 253    2.86    9.62  258.29  290.39
 2013 254    2.86    9.66  244.33  290.61
 2013 255    2.86    9.70  230.37  290.84
 2013 256    2.86    9.74  216.41  291.06
 2013 257    2.87    9.78  202.45  291.29
 2013 258    2.87    9.82  188.49  291.51
 2013 259    2.87    9.86  174.53  291.73
 2013 260    2.87    9.89  160.57  291.96
 2013 261    2.88    9.93  146.60  292.18
 2013 262    2.88    9.97  132.64  292.40
 2013 263    2.88   10.01  118.68  292.62
 2013 264    2.88   10.05  104.72  292.84
 2013 265    2.88   10.09   90.75  293.07
 2013 266    2.89   10.12   76.79  293.29
 2013 267    2.89   10.16   62.83  293.51
 2013 268    2.89   10.20   48.86  293.73
 2013 269    2.89   10.24   34.90  293.95
 2013 270    2.90   10.27   20.93  294.17
 2013 271    2.90   10.31    6.97  294.39
 2013 272    2.90   10.35  353.00  294.61
 2013 273    2.90   10.38  339.04  294.82
 2013 274    2.91   10.42  325.07  295.04
 2013 275    2.91   10.45  311.10  295.26
 2013 276    2.91   10.49  297.14  295.48
 2013 277    2.91   10.53  283.17  295.70
 2013 278    2.92   10.56  269.20  295.91
 2013 279    2.92   10.60  255.24  296.13
 2013 280    2.92   10.63  241.27  296.35
 2013 281    2.92   10.67  227.30  296.56
 2013 282    2.93   10.70  213.33  296.78
 2013 283    2.93   10.73  199.36  296.99
 2013 284    2.93   10.77  185.39  297.21
 2013 285    2.93   10.80  171.42  297.42
 2013 286    2.94   10.84  157.45  297.64
 2013 287    2.94   10.87  143.48  297.85
 2013 288    2.94   10.90  129.51  298.07
 2013 289    2.94   10.93  115.54  298.28
 2013 290    2.95   10.97  101.57  298.49
 2013 291    2.95   11.00   87.60  298.71
 2013 292    2.95   11.03   73.63  298.92
 2013 293    2.95   11.06   59.66  299.13
 2013 294    2.96   11.10   45.68  299.34
 2013 295    2.96   11.13   31.71  299.56
 2013 296    2.96   11.16   17.74  299.77
 2013 297    2.96   11.19    3.77  299.98
 2013 298    2.97   11.22  349.79  300.19
 2013 299    2.97   11.25  335.82  300.40
 2013 300    2.97   11.28  321.84  300.61
 2013 301    2.97   11.31  307.87  300.82
 2013 302    2.98   11.35  293.89  301.03
 2013 303    2.98   11.38  279.92  301.24
 2013 304    2.98   11.41  265.94  301.45
 2013 305    2.98   11.44  251.97  301.65
 2013 306    2.99   11.46  237.99  301.86
 2013 307    2.99   11.49  224.01  302.07
 2013 308    2.99   11.52  210.04  302.28
 2013 309    3.00   11.55  196.06  302.49
 2013 310    3.00   11.58  182.08  302.69
 2013 311    3.00   11.61  168.11  302.90
 2013 312    3.00   11.64  154.13  303.10
 2013 313    3.01   11.67  140.15  303.31
 2013 314    3.01   11.69  126.17  303.52
 2013 315    3.01   11.72  112.19  303.72
 2013 316    3.01   11.75   98.21  303.93
 2013 317    3.02   11.78   84.23  304.13
 2013 318    3.02   11.80   70.25  304.34
 2013 319    3.02   11.83   56.27  304.54
 2013 320    3.02   11.86   42.29  304.74
 2013 321    3.03   11.88   28.31  304.95
 2013 322    3.03   11.91   14.33  305.15
 2013 323    3.03   11.94    0.35  305.35
 2013 324    3.04   11.96  346.36  305.55
 2013 325    3.04   11.99  332.38  305.76
 2013 326    3.04   12.01  318.40  305.96
 2013 327    3.04   12.04  304.42  306.16
 2013 328    3.05   12.07  290.43  306.36
 2013 329    3.05   12.09  276.45  306.56
 2013 330    3.05   12.12  262.46  306.76
 2013 331    3.05   12.14  248.48  306.96
 2013 332    3.06   12.16  234.50  307.16
 2013 333    3.06   12.19  220.51  307.36
 2013 334    3.06   12.21  206.53  307.56
 2013 335    3.07   12.24  192.54  307.76
 2013 336    3.07   12.26  178.55  307.96
 2013 337    3.07   12.28  164.57  308.16
 2013 338    3.07   12.31  150.58  308.35
 2013 339    3.08   12.33  136.59  308.55
 2013 340    3.08   12.35  122.61  308.75
 2013 341    3.08   12.38  108.62  308.94
 2013 342    3.09   12.40   94.63  309.14
 2013 343    3.09   12.42   80.64  309.34
 2013 344    3.09   12.44   66.65  309.53
 2013 345    3.09   12.47   52.67  309.73
 2013 346    3.10   12.49   38.68  309.92
 2013 347    3.10   12.51   24.69  310.12
 2013 348    3.10   12.53   10.70  310.31
 2013 349    3.10   12.55  356.71  310.51
 2013 350    3.11   12.57  342.72  310.70
 2013 351    3.11   12.60  328.73  310.90
 2013 352    3.11   12.62  314.73  311.09
 2013 353    3.12   12.64  300.74  311.28
 2013 354    3.12   12.66  286.75  311.47
 2013 355    3.12   12.68  272.76  311.67
 2013 356    3.12   12.70  258.77  311.86
 2013 357    3.13   12.72  244.77  312.05
 2013 358    3.13   12.74  230.78  312.24
 2013 359    3.13   12.76  216.79  312.43
 2013 360    3.14   12.78  202.79  312.62
 2013 361    3.14   12.80  188.80  312.81
 2013 362    3.14   12.82  174.81  313.00
 2013 363    3.14   12.83  160.81  313.19
 2013 364    3.15   12.85  146.82  313.38
 2013 365    3.15   12.87  132.82  313.57
 2013 365    3.15   12.89  118.83  313.76
 2014   1    3.16   12.91  104.83  313.95
 2014   2    3.16   12.93   90.83  314.14
 2014   3    3.16   12.94   76.84  314.33
 2014   4    3.16   12.96   62.84  314.51
 2014   5    3.17   12.98   48.84  314.70
 2014   6    3.17   13.00   34.85  314.89
 2014   7    3.17   13.01   20.85  315.07
 2014   8    3.18   13.03    6.85  315.26
 2014   9    3.18   13.05  352.85  315.45
 2014  10    3.18   13.07  338.85  315.63
 2014  11    3.19   13.08  324.85  315.82
 2014  12    3.19   13.10  310.85  316.00
 2014  13    3.19   13.11  296.85  316.19
 2014  14    3.19   13.13  282.85  316.37
 2014  15    3.20   13.15  268.85  316.56
 2014  16    3.20   13.16  254.85  316.74
 2014  17    3.20   13.18  240.85  316.92
 2014  18    3.21   13.19  226.85  317.11
 2014  19    3.21   13.21  212.85  317.29
 2014  20    3.21   13.22  198.85  317.47
 2014  21    3.21   13.24  184.85  317.65
 2014  22    3.22   13.25  170.84  317.84
 2014  23    3.22   13.27  156.84  318.02
 2014  24    3.22   13.28  142.84  318.20
 2014  25    3.23   13.30  128.83  318.38
 2014  26    3.23   13.31  114.83  318.56
 2014  27    3.23   13.33  100.83  318.74
 2014  28    3.24   13.34   86.82  318.92
 2014  29    3.24   13.35   72.82  319.10
 2014  30    3.24   13.37   58.81  319.28
 2014  31    3.24   13.38   44.81  319.46
 2014  32    3.25   13.39   30.80  319.64
 2014  33    3.25   13.41   16.80  319.82
 2014  34    3.25   13.42    2.79  320.00
 2014  35    3.26   13.43  348.78  320.17
 2014  36    3.26   13.45  334.78  320.35
 2014  37    3.26   13.46  320.77  320.53
 2014  38    3.26   13.47  306.76  320.70
 2014  39    3.27   13.48  292.75  320.88
 2014  40    3.27   13.50  278.75  321.06
 2014  41    3.27   13.51  264.74  321.23
 2014  42    3.28   13.52  250.73  321.41
 2014  43    3.28   13.53  236.72  321.59
 2014  44    3.28   13.54  222.71  321.76
 2014  45    3.29   13.55  208.70  321.94
 2014  46    3.29   13.57  194.69  322.11
 2014  47    3.29   13.58  180.68  322.28
 2014  48    3.29   13.59  166.67  322.46
 2014  49    3.30   13.60  152.66  322.63
 2014  50    3.30   13.61  138.65  322.81
 2014  51    3.30   13.62  124.64  322.98
 2014  52    3.31   13.63  110.63  323.15
 2014  53    3.31   13.64   96.62  323.32
 2014  54    3.31   13.65   82.60  323.50
 2014  55    3.32   13.66   68.59  323.67
 2014  56    3.32   13.67   54.58  323.84
 2014  57    3.32   13.68   40.56  324.01
 2014  58    3.32   13.69   26.55  324.18
 2014  59    3.33   13.70   12.54  324.35
 2014  60    3.33   13.71  358.52  324.52
 2014  61    3.33   13.72  344.51  324.69
 2014  62    3.34   13.73  330.50  324.86
 2014  63    3.34   13.74  316.48  325.03
 2014  64    3.34   13.75  302.47  325.20
 2014  65    3.35   13.75  288.45  325.37
 2014  66    3.35   13.76  274.43  325.54
 2014  67    3.35   13.77  260.42  325.71
 2014  68    3.35   13.78  246.40  325.88
 2014  69    3.36   13.79  232.38  326.04
 2014  70    3.36   13.80  218.37  326.21
 2014  71    3.36   13.80  204.35  326.38
 2014  72    3.37   13.81  190.33  326.55
 2014  73    3.37   13.82  176.32  326.71
 2014  74    3.37   13.83  162.30  326.88
 2014  75    3.38   13.83  148.28  327.04
 2014  76    3.38   13.84  134.26  327.21
 2014  77    3.38   13.85  120.24  327.38
 2014  78    3.38   13.86  106.22  327.54
 2014  79    3.39   13.86   92.20  327.71
 2014  80    3.39   13.87   78.18  327.87
 2014  81    3.39   13.88   64.16  328.03
 2014  82    3.40   13.88   50.14  328.20
 2014  83    3.40   13.89   36.12  328.36
 2014  84    3.40   13.90   22.10  328.53
 2014  85    3.41   13.90    8.08  328.69
 2014  86    3.41   13.91  354.06  328.85
 2014  87    3.41   13.91  340.04  329.02
 2014  88    3.42   13.92  326.02  329.18
 2014  89    3.42   13.93  311.99  329.34
 2014  90    3.42   13.93  297.97  329.50
 2014  91    3.42   13.94  283.95  329.66
 2014  92    3.43   13.94  269.92  329.82
 2014  93    3.43   13.95  255.90  329.99
 2014  94    3.43   13.95  241.88  330.15
 2014  95    3.44   13.96  227.85  330.31
 2014  96    3.44   13.96  213.83  330.47
 2014  97    3.44   13.97  199.80  330.63
 2014  98    3.45   13.97  185.78  330.79
 2014  99    3.45   13.98  171.75  330.95
 2014 100    3.45   13.98  157.73  331.10
 2014 101    3.45   13.99  143.70  331.26
 2014 102    3.46   13.99  129.68  331.42
 2014 103    3.46   13.99  115.65  331.58
 2014 104    3.46   14.00  101.63  331.74
 2014 105    3.47   14.00   87.60  331.90
 2014 106    3.47   14.01   73.57  332.05
 2014 107    3.47   14.01   59.54  332.21
 2014 108    3.48   14.01   45.52  332.37
 2014 109    3.48   14.02   31.49  332.52
 2014 110    3.48   14.02   17.46  332.68
 2014 111    3.48   14.02    3.43  332.84
 2014 112    3.49   14.03  349.40  332.99
 2014 113    3.49   14.03  335.38  333.15
 2014 114    3.49   14.03  321.35  333.30
 2014 115    3.50   14.04  307.32  333.46
 2014 116    3.50   14.04  293.29  333.61
 2014 117    3.50   14.04  279.26  333.77
 2014 118    3.51   14.04  265.23  333.92
 2014 119    3.51   14.05  251.20  334.08
 2014 120    3.51   14.05  237.17  334.23
 2014 121    3.52   14.05  223.14  334.38
 2014 122    3.52   14.05  209.10  334.54
 2014 123    3.52   14.05  195.07  334.69
 2014 124    3.52   14.06  181.04  334.84
 2014 125    3.53   14.06  167.01  334.99
 2014 126    3.53   14.06  152.98  335.15
 2014 127    3.53   14.06  138.94  335.30
 2014 128    3.54   14.06  124.91  335.45
 2014 129    3.54   14.06  110.88  335.60
 2014 130    3.54   14.07   96.84  335.75
 2014 131    3.55   14.07   82.81  335.90
 2014 132    3.55   14.07   68.78  336.05
 2014 133    3.55   14.07   54.74  336.20
 2014 134    3.55   14.07   40.71  336.35
 2014 135    3.56   14.07   26.67  336.50
 2014 136    3.56   14.07   12.64  336.65
 2014 137    3.56   14.07  358.60  336.80
 2014 138    3.57   14.07  344.57  336.95
 2014 139    3.57   14.07  330.53  337.10
 2014 140    3.57   14.07  316.50  337.25
 2014 141    3.58   14.07  302.46  337.40
 2014 142    3.58   14.08  288.43  337.55
 2014 143    3.58   14.08  274.39  337.69
 2014 144    3.58   14.08  260.35  337.84
 2014 145    3.59   14.08  246.32  337.99
 2014 146    3.59   14.08  232.28  338.14
 2014 147    3.59   14.07  218.24  338.28
 2014 148    3.60   14.07  204.20  338.43
 2014 149    3.60   14.07  190.16  338.57
 2014 150    3.60   14.07  176.13  338.72
 2014 151    3.61   14.07  162.09  338.87
 2014 152    3.61   14.07  148.05  339.01
 2014 153    3.61   14.07  134.01  339.16
 2014 154    3.62   14.07  119.97  339.30
 2014 155    3.62   14.07  105.93  339.45
 2014 156    3.62   14.07   91.89  339.59
 2014 157    3.62   14.07   77.85  339.74
 2014 158    3.63   14.07   63.81  339.88
 2014 159    3.63   14.07   49.77  340.02
 2014 160    3.63   14.06   35.73  340.17
 2014 161    3.64   14.06   21.69  340.31
 2014 162    3.64   14.06    7.65  340.45
 2014 163    3.64   14.06  353.61  340.60
 2014 164    3.65   14.06  339.56  340.74
 2014 165    3.65   14.06  325.52  340.88
 2014 166    3.65   14.05  311.48  341.03
 2014 167    3.65   14.05  297.44  341.17
 2014 168    3.66   14.05  283.40  341.31
 2014 169    3.66   14.05  269.35  341.45
 2014 170    3.66   14.05  255.31  341.59
 2014 171    3.67   14.04  241.27  341.73
 2014 172    3.67   14.04  227.22  341.87
 2014 173    3.67   14.04  213.18  342.01
 2014 174    3.68   14.04  199.13  342.15
 2014 175    3.68   14.04  185.09  342.29
 2014 176    3.68   14.03  171.05  342.43
 2014 177    3.68   14.03  157.00  342.57
 2014 178    3.69   14.03  142.96  342.71
 2014 179    3.69   14.02  128.91  342.85
 2014 180    3.69   14.02  114.87  342.99
 2014 181    3.70   14.02  100.82  343.13
 2014 182    3.70   14.02   86.77  343.27
 2014 183    3.70   14.01   72.73  343.41
 2014 184    3.70   14.01   58.68  343.55
 2014 185    3.71   14.01   44.63  343.68
 2014 186    3.71   14.00   30.59  343.82
 2014 187    3.71   14.00   16.54  343.96
 2014 188    3.72   14.00    2.49  344.10
 2014 190    3.72   13.99  348.45  344.23
 2014 191    3.72   13.99  334.40  344.37
 2014 192    3.73   13.98  320.35  344.51
 2014 193    3.73   13.98  306.30  344.64
 2014 194    3.73   13.98  292.25  344.78
 2014 195    3.73   13.97  278.21  344.91
 2014 196    3.74   13.97  264.16  345.05
 2014 197    3.74   13.97  250.11  345.19
 2014 198    3.74   13.96  236.06  345.32
 2014 199    3.75   13.96  222.01  345.46
 2014 200    3.75   13.95  207.96  345.59
 2014 201    3.75   13.95  193.91  345.72
 2014 202    3.76   13.94  179.86  345.86
 2014 203    3.76   13.94  165.81  345.99
 2014 204    3.76   13.94  151.76  346.13
 2014 205    3.76   13.93  137.71  346.26
 2014 206    3.77   13.93  123.66  346.39
 2014 207    3.77   13.92  109.61  346.53
 2014 208    3.77   13.92   95.55  346.66
 2014 209    3.78   13.91   81.50  346.79
 2014 210    3.78   13.91   67.45  346.93
 2014 211    3.78   13.90   53.40  347.06
 2014 212    3.78   13.90   39.35  347.19
 2014 213    3.79   13.89   25.29  347.32
 2014 214    3.79   13.89   11.24  347.45
 2014 215    3.79   13.88  357.19  347.59
 2014 216    3.80   13.88  343.14  347.72
 2014 217    3.80   13.87  329.08  347.85
 2014 218    3.80   13.87  315.03  347.98
 2014 219    3.81   13.86  300.98  348.11
 2014 220    3.81   13.85  286.92  348.24
 2014 221    3.81   13.85  272.87  348.37
 2014 222    3.81   13.84  258.81  348.50
 2014 223    3.82   13.84  244.76  348.63
 2014 224    3.82   13.83  230.70  348.76
 2014 225    3.82   13.83  216.65  348.89
 2014 226    3.83   13.82  202.59  349.02
 2014 227    3.83   13.81  188.54  349.15
 2014 228    3.83   13.81  174.48  349.28
 2014 229    3.83   13.80  160.43  349.41
 2014 230    3.84   13.80  146.37  349.53
 2014 231    3.84   13.79  132.32  349.66
 2014 232    3.84   13.78  118.26  349.79
 2014 233    3.85   13.78  104.20  349.92
 2014 234    3.85   13.77   90.15  350.05
 2014 235    3.85   13.76   76.09  350.17
 2014 236    3.85   13.76   62.03  350.30
 2014 237    3.86   13.75   47.97  350.43
 2014 238    3.86   13.75   33.92  350.55
 2014 239    3.86   13.74   19.86  350.68
 2014 240    3.87   13.73    5.80  350.81
 2014 241    3.87   13.73  351.74  350.93
 2014 242    3.87   13.72  337.68  351.06
 2014 243    3.88   13.71  323.63  351.19
 2014 244    3.88   13.70  309.57  351.31
 2014 245    3.88   13.70  295.51  351.44
 2014 246    3.88   13.69  281.45  351.56
 2014 247    3.89   13.68  267.39  351.69
 2014 248    3.89   13.68  253.33  351.81
 2014 249    3.89   13.67  239.27  351.94
 2014 250    3.90   13.66  225.21  352.06
 2014 251    3.90   13.66  211.15  352.19
 2014 252    3.90   13.65  197.09  352.31
 2014 253    3.90   13.64  183.03  352.43
 2014 254    3.91   13.63  168.97  352.56
 2014 255    3.91   13.63  154.91  352.68
 2014 256    3.91   13.62  140.85  352.80
 2014 257    3.92   13.61  126.79  352.93
 2014 258    3.92   13.60  112.73  353.05
 2014 259    3.92   13.60   98.66  353.17
 2014 260    3.92   13.59   84.60  353.30
 2014 261    3.93   13.58   70.54  353.42
 2014 262    3.93   13.57   56.48  353.54
 2014 263    3.93   13.56   42.42  353.66
 2014 264    3.94   13.56   28.35  353.79
 2014 265    3.94   13.55   14.29  353.91
 2014 266    3.94   13.54    0.23  354.03
 2014 267    3.94   13.53  346.16  354.15
 2014 268    3.95   13.52  332.10  354.27
 2014 269    3.95   13.52  318.04  354.39
 2014 270    3.95   13.51  303.97  354.51
 2014 271    3.96   13.50  289.91  354.63
 2014 272    3.96   13.49  275.85  354.75
 2014 273    3.96   13.48  261.78  354.87
 2014 274    3.96   13.47  247.72  354.99
 2014 275    3.97   13.47  233.65  355.11
 2014 276    3.97   13.46  219.59  355.23
 2014 277    3.97   13.45  205.52  355.35
 2014 278    3.97   13.44  191.46  355.47
 2014 279    3.98   13.43  177.39  355.59
 2014 280    3.98   13.42  163.33  355.71
 2014 281    3.98   13.42  149.26  355.83
 2014 282    3.99   13.41  135.20  355.95
 2014 283    3.99   13.40  121.13  356.07
 2014 284    3.99   13.39  107.07  356.19
 2014 285    3.99   13.38   93.00  356.30
 2014 286    4.00   13.37   78.93  356.42
 2014 287    4.00   13.36   64.87  356.54
 2014 288    4.00   13.35   50.80  356.66
 2014 289    4.01   13.34   36.73  356.77
 2014 290    4.01   13.34   22.67  356.89
 2014 291    4.01   13.33    8.60  357.01
 2014 292    4.01   13.32  354.53  357.13
 2014 293    4.02   13.31  340.46  357.24
 2014 294    4.02   13.30  326.40  357.36
 2014 295    4.02   13.29  312.33  357.48
 2014 296    4.02   13.28  298.26  357.59
 2014 297    4.03   13.27  284.19  357.71
 2014 298    4.03   13.26  270.12  357.82
 2014 299    4.03   13.25  256.05  357.94
 2014 300    4.04   13.24  241.98  358.06
 2014 301    4.04   13.23  227.92  358.17
 2014 302    4.04   13.22  213.85  358.29
 2014 303    4.04   13.21  199.78  358.40
 2014 304    4.05   13.20  185.71  358.52
 2014 305    4.05   13.19  171.64  358.63
 2014 306    4.05   13.19  157.57  358.75
 2014 307    4.06   13.18  143.50  358.86
 2014 308    4.06   13.17  129.43  358.97
 2014 309    4.06   13.16  115.36  359.09
 2014 310    4.06   13.15  101.29  359.20
 2014 311    4.07   13.14   87.22  359.32
 2014 312    4.07   13.13   73.15  359.43
 2014 313    4.07   13.12   59.08  359.54
 2014 314    4.07   13.11   45.00  359.66
 2014 315    4.08   13.10   30.93  359.77
 2014 316    4.08   13.09   16.86  359.88
 2014 317    4.08   13.08    2.79  360.00
 2014 318    4.08   13.07  348.72    0.11
 2014 319    4.09   13.06  334.65    0.22
 2014 320    4.09   13.05  320.57    0.33
 2014 321    4.09   13.04  306.50    0.44
 2014 322    4.10   13.03  292.43    0.56
 2014 323    4.10   13.01  278.36    0.67
 2014 324    4.10   13.00  264.28    0.78
 2014 325    4.10   12.99  250.21    0.89
 2014 326    4.11   12.98  236.14    1.00
 2014 327    4.11   12.97  222.07    1.11
 2014 328    4.11   12.96  207.99    1.23
 2014 329    4.11   12.95  193.92    1.34
 2014 330    4.12   12.94  179.85    1.45
 2014 331    4.12   12.93  165.77    1.56
 2014 332    4.12   12.92  151.70    1.67
 2014 333    4.13   12.91  137.62    1.78
 2014 334    4.13   12.90  123.55    1.89
 2014 335    4.13   12.89  109.48    2.00
 2014 336    4.13   12.88   95.40    2.11
 2014 337    4.14   12.87   81.33    2.22
 2014 338    4.14   12.86   67.25    2.33
 2014 339    4.14   12.85   53.18    2.44
 2014 340    4.14   12.83   39.10    2.55
 2014 341    4.15   12.82   25.03    2.66
 2014 342    4.15   12.81   10.95    2.77
 2014 343    4.15   12.80  356.88    2.87
 2014 344    4.15   12.79  342.80    2.98
 2014 345    4.16   12.78  328.72    3.09
 2014 346    4.16   12.77  314.65    3.20
 2014 347    4.16   12.76  300.57    3.31
 2014 348    4.16   12.75  286.50    3.42
 2014 349    4.17   12.74  272.42    3.52
 2014 350    4.17   12.72  258.34    3.63
 2014 351    4.17   12.71  244.27    3.74
 2014 352    4.18   12.70  230.19    3.85
 2014 353    4.18   12.69  216.11    3.95
 2014 354    4.18   12.68  202.03    4.06
 2014 355    4.18   12.67  187.96    4.17
 2014 356    4.19   12.66  173.88    4.28
 2014 357    4.19   12.65  159.80    4.38
 2014 358    4.19   12.63  145.72    4.49
 2014 359    4.19   12.62  131.65    4.60
 2014 360    4.20   12.61  117.57    4.70
 2014 361    4.20   12.60  103.49    4.81
 2014 362    4.20   12.59   89.41    4.91
 2014 363    4.20   12.58   75.33    5.02
 2014 364    4.21   12.57   61.25    5.13
 2014 365    4.21   12.55   47.18    5.23
 2015   1    4.21   12.54   33.10    5.34
 2015   1    4.21   12.53   19.02    5.44
 2015   2    4.22   12.52    4.94    5.55
 2015   3    4.22   12.51  350.86    5.65
 2015   4    4.22   12.50  336.78    5.76
 2015   5    4.22   12.48  322.70    5.86
 2015   6    4.23   12.47  308.62    5.97
 2015   7    4.23   12.46  294.54    6.07
 2015   8    4.23   12.45  280.46    6.18
 2015   9    4.23   12.44  266.38    6.28
 2015  10    4.24   12.42  252.30    6.39
 2015  11    4.24   12.41  238.22    6.49
 2015  12    4.24   12.40  224.14    6.59
 2015  13    4.24   12.39  210.06    6.70
 2015  14    4.25   12.38  195.98    6.80
 2015  15    4.25   12.37  181.90    6.90
 2015  16    4.25   12.35  167.82    7.01
 2015  17    4.25   12.34  153.74    7.11
 2015  18    4.26   12.33  139.65    7.21
 2015  19    4.26   12.32  125.57    7.32
 2015  20    4.26   12.30  111.49    7.42
 2015  21    4.26   12.29   97.41    7.52
 2015  22    4.27   12.28   83.33    7.63
 2015  23    4.27   12.27   69.25    7.73
 2015  24    4.27   12.26   55.16    7.83
 2015  25    4.28   12.24   41.08    7.93
 2015  26    4.28   12.23   27.00    8.03
 2015  27    4.28   12.22   12.92    8.14
 2015  28    4.28   12.21  358.83    8.24
 2015  29    4.28   12.19  344.75    8.34
 2015  30    4.29   12.18  330.67    8.44
 2015  31    4.29   12.17  316.59    8.54
 2015  32    4.29   12.16  302.50    8.64
 2015  33    4.29   12.14  288.42    8.75
 2015  34    4.30   12.13  274.34    8.85
 2015  35    4.30   12.12  260.25    8.95
 2015  36    4.30   12.11  246.17    9.05
 2015  37    4.30   12.10  232.09    9.15
 2015  38    4.31   12.08  218.00    9.25
 2015  39    4.31   12.07  203.92    9.35
 2015  40    4.31   12.06  189.83    9.45
 2015  41    4.31   12.04  175.75    9.55
 2015  42    4.32   12.03  161.67    9.65
 2015  43    4.32   12.02  147.58    9.75
 2015  44    4.32   12.01  133.50    9.85
 2015  45    4.32   11.99  119.41    9.95
 2015  46    4.33   11.98  105.33   10.05
 2015  47    4.33   11.97   91.24   10.15
 2015  48    4.33   11.96   77.16   10.25
 2015  49    4.33   11.94   63.07   10.35
 2015  50    4.34   11.93   48.99   10.45
 2015  51    4.34   11.92   34.90   10.55
 2015  52    4.34   11.90   20.82   10.64
 2015  53    4.34   11.89    6.73   10.74
 2015  54    4.35   11.88  352.64   10.84
 2015  55    4.35   11.87  338.56   10.94
 2015  56    4.35   11.85  324.47   11.04
 2015  57    4.35   11.84  310.39   11.14
 2015  58    4.36   11.83  296.30   11.24
 2015  59    4.36   11.81  282.21   11.33
 2015  60    4.36   11.80  268.13   11.43
 2015  61    4.36   11.79  254.04   11.53
 2015  62    4.37   11.78  239.95   11.63
 2015  63    4.37   11.76  225.87   11.72
 2015  64    4.37   11.75  211.78   11.82
 2015  65    4.37   11.74  197.69   11.92
 2015  66    4.37   11.72  183.61   12.02
 2015  67    4.38   11.71  169.52   12.11
 2015  68    4.38   11.70  155.43   12.21
 2015  69    4.38   11.68  141.34   12.31
 2015  70    4.38   11.67  127.26   12.40
 2015  71    4.39   11.66  113.17   12.50
 2015  72    4.39   11.64   99.08   12.60
 2015  73    4.39   11.63   84.99   12.69
 2015  74    4.39   11.62   70.90   12.79
 2015  75    4.40   11.60   56.82   12.89
 2015  76    4.40   11.59   42.73   12.98
 2015  77    4.40   11.58   28.64   13.08
 2015  78    4.40   11.56   14.55   13.17
 2015  79    4.41   11.55    0.46   13.27
 2015  80    4.41   11.54  346.37   13.37
 2015  81    4.41   11.52  332.28   13.46
 2015  82    4.41   11.51  318.20   13.56
 2015  83    4.41   11.50  304.11   13.65
 2015  84    4.42   11.48  290.02   13.75
 2015  85    4.42   11.47  275.93   13.84
 2015  86    4.42   11.46  261.84   13.94
 2015  87    4.42   11.44  247.75   14.03
 2015  88    4.43   11.43  233.66   14.13
 2015  89    4.43   11.42  219.57   14.22
 2015  90    4.43   11.40  205.48   14.32
 2015  91    4.43   11.39  191.39   14.41
 2015  92    4.44   11.38  177.30   14.50
 2015  93    4.44   11.36  163.21   14.60
 2015  94    4.44   11.35  149.12   14.69
 2015  95    4.44   11.34  135.03   14.79
 2015  96    4.44   11.32  120.94   14.88
 2015  97    4.45   11.31  106.85   14.97
 2015  98    4.45   11.29   92.76   15.07
 2015  99    4.45   11.28   78.67   15.16
 2015 100    4.45   11.27   64.58   15.26
 2015 101    4.46   11.25   50.48   15.35
 2015 102    4.46   11.24   36.39   15.44
 2015 103    4.46   11.23   22.30   15.54
 2015 104    4.46   11.21    8.21   15.63
 2015 105    4.46   11.20  354.12   15.72
 2015 106    4.47   11.19  340.03   15.81
 2015 107    4.47   11.17  325.94   15.91
 2015 108    4.47   11.16  311.84   16.00
 2015 109    4.47   11.14  297.75   16.09
 2015 110    4.48   11.13  283.66   16.18
 2015 111    4.48   11.12  269.57   16.28
 2015 112    4.48   11.10  255.48   16.37
 2015 113    4.48   11.09  241.38   16.46
 2015 114    4.48   11.07  227.29   16.55
 2015 115    4.49   11.06  213.20   16.65
 2015 116    4.49   11.05  199.11   16.74
 2015 117    4.49   11.03  185.01   16.83
 2015 118    4.49   11.02  170.92   16.92
 2015 119    4.50   11.00  156.83   17.01
 2015 120    4.50   10.99  142.74   17.10
 2015 121    4.50   10.98  128.64   17.20
 2015 122    4.50   10.96  114.55   17.29
 2015 123    4.50   10.95  100.46   17.38
 2015 124    4.51   10.93   86.36   17.47
 2015 125    4.51   10.92   72.27   17.56
 2015 126    4.51   10.91   58.18   17.65
 2015 127    4.51   10.89   44.08   17.74
 2015 128    4.52   10.88   29.99   17.83
 2015 129    4.52   10.86   15.90   17.92
 2015 130    4.52   10.85    1.80   18.01
 2015 131    4.52   10.84  347.71   18.10
 2015 132    4.52   10.82  333.61   18.19
 2015 133    4.53   10.81  319.52   18.28
 2015 134    4.53   10.79  305.43   18.37
 2015 135    4.53   10.78  291.33   18.46
 2015 136    4.53   10.77  277.24   18.55
 2015 137    4.53   10.75  263.14   18.64
 2015 138    4.54   10.74  249.05   18.73
 2015 139    4.54   10.72  234.95   18.82
 2015 140    4.54   10.71  220.86   18.91
 2015 141    4.54   10.69  206.76   19.00
 2015 142    4.55   10.68  192.67   19.09
 2015 143    4.55   10.67  178.57   19.18
 2015 144    4.55   10.65  164.48   19.27
 2015 145    4.55   10.64  150.38   19.36
 2015 146    4.55   10.62  136.29   19.45
 2015 147    4.56   10.61  122.19   19.54
 2015 148    4.56   10.59  108.10   19.63
 2015 149    4.56   10.58   94.00   19.72
 2015 150    4.56   10.57   79.90   19.80
 2015 151    4.56   10.55   65.81   19.89
 2015 152    4.57   10.54   51.71   19.98
 2015 153    4.57   10.52   37.62   20.07
 2015 154    4.57   10.51   23.52   20.16
 2015 155    4.57   10.49    9.42   20.25
 2015 156    4.57   10.48  355.33   20.33
 2015 157    4.58   10.47  341.23   20.42
 2015 158    4.58   10.45  327.14   20.51
 2015 159    4.58   10.44  313.04   20.60
 2015 160    4.58   10.42  298.94   20.69
 2015 161    4.59   10.41  284.85   20.77
 2015 162    4.59   10.39  270.75   20.86
 2015 163    4.59   10.38  256.65   20.95
 2015 164    4.59   10.36  242.56   21.04
 2015 165    4.59   10.35  228.46   21.12
 2015 166    4.60   10.33  214.36   21.21
 2015 167    4.60   10.32  200.26   21.30
 2015 168    4.60   10.31  186.17   21.39
 2015 169    4.60   10.29  172.07   21.47
 2015 170    4.60   10.28  157.97   21.56
 2015 171    4.61   10.26  143.87   21.65
 2015 172    4.61   10.25  129.78   21.73
 2015 173    4.61   10.23  115.68   21.82
 2015 174    4.61   10.22  101.58   21.91
 2015 175    4.61   10.20   87.48   21.99
 2015 176    4.62   10.19   73.38   22.08
 2015 177    4.62   10.17   59.29   22.17
 2015 178    4.62   10.16   45.19   22.25
 2015 179    4.62   10.15   31.09   22.34
 2015 180    4.62   10.13   16.99   22.42
 2015 181    4.63   10.12    2.89   22.51
 2015 182    4.63   10.10  348.80   22.60
 2015 183    4.63   10.09  334.70   22.68
 2015 184    4.63   10.07  320.60   22.77
 2015 185    4.63   10.06  306.50   22.85
 2015 186    4.64   10.04  292.40   22.94
 2015 187    4.64   10.03  278.30   23.02
 2015 188    4.64   10.01  264.20   23.11
 2015 190    4.64   10.00  250.10   23.20
 2015 191    4.64    9.98  236.00   23.28
 2015 192    4.65    9.97  221.91   23.37
 2015 193    4.65    9.95  207.81   23.45
 2015 194    4.65    9.94  193.71   23.54
 2015 195    4.65    9.92  179.61   23.62
 2015 196    4.65    9.91  165.51   23.71
 2015 197    4.66    9.89  151.41   23.79
 2015 198    4.66    9.88  137.31   23.88
 2015 199    4.66    9.86  123.21   23.96
 2015 200    4.66    9.85  109.11   24.04
 2015 201    4.66    9.84   95.01   24.13
 2015 202    4.66    9.82   80.91   24.21
 2015 203    4.67    9.81   66.81   24.30
 2015 204    4.67    9.79   52.71   24.38
 2015 205    4.67    9.78   38.61   24.47
 2015 206    4.67    9.76   24.51   24.55
 2015 207    4.67    9.75   10.41   24.63
 2015 208    4.68    9.73  356.31   24.72
 2015 209    4.68    9.72  342.21   24.80
 2015 210    4.68    9.70  328.11   24.89
 2015 211    4.68    9.69  314.01   24.97
 2015 212    4.68    9.67  299.91   25.05
 2015 213    4.69    9.66  285.80   25.14
 2015 214    4.69    9.64  271.70   25.22
 2015 215    4.69    9.63  257.60   25.30
 2015 216    4.69    9.61  243.50   25.39
 2015 217    4.69    9.60  229.40   25.47
 2015 218    4.70    9.58  215.30   25.55
 2015 219    4.70    9.57  201.20   25.64
 2015 220    4.70    9.55  187.10   25.72
 2015 221    4.70    9.54  173.00   25.80
 2015 222    4.70    9.52  158.89   25.89
 2015 223    4.70    9.51  144.79   25.97
 2015 224    4.71    9.49  130.69   26.05
 2015 225    4.71    9.48  116.59   26.13
 2015 226    4.71    9.46  102.49   26.22
 2015 227    4.71    9.45   88.39   26.30
 2015 228    4.71    9.43   74.28   26.38
 2015 229    4.72    9.42   60.18   26.46
 2015 230    4.72    9.40   46.08   26.55
 2015 231    4.72    9.39   31.98   26.63
 2015 232    4.72    9.37   17.88   26.71
 2015 233    4.72    9.36    3.77   26.79
 2015 234    4.72    9.34  349.67   26.88
 2015 235    4.73    9.33  335.57   26.96
 2015 236    4.73    9.31  321.47   27.04
 2015 237    4.73    9.30  307.36   27.12
 2015 238    4.73    9.28  293.26   27.20
 2015 239    4.73    9.27  279.16   27.28
 2015 240    4.74    9.25  265.06   27.37
 2015 241    4.74    9.23  250.95   27.45
 2015 242    4.74    9.22  236.85   27.53
 2015 243    4.74    9.20  222.75   27.61
 2015 244    4.74    9.19  208.64   27.69
 2015 245    4.74    9.17  194.54   27.77
 2015 246    4.75    9.16  180.44   27.85
 2015 247    4.75    9.14  166.33   27.94
 2015 248    4.75    9.13  152.23   28.02
 2015 249    4.75    9.11  138.13   28.10
 2015 250    4.75    9.10  124.02   28.18
 2015 251    4.75    9.08  109.92   28.26
 2015 252    4.76    9.07   95.82   28.34
 2015 253    4.76    9.05   81.71   28.42
 2015 254    4.76    9.04   67.61   28.50
 2015 255    4.76    9.02   53.51   28.58
 2015 256    4.76    9.01   39.40   28.66
 2015 257    4.77    8.99   25.30   28.74
 2015 258    4.77    8.98   11.19   28.82
 2015 259    4.77    8.96  357.09   28.90
 2015 260    4.77    8.95  342.99   28.99
 2015 261    4.77    8.93  328.88   29.07
 2015 262    4.77    8.91  314.78   29.15
 2015 263    4.78    8.90  300.67   29.23
 2015 264    4.78    8.88  286.57   29.31
 2015 265    4.78    8.87  272.46   29.39
 2015 266    4.78    8.85  258.36   29.47
 2015 267    4.78    8.84  244.26   29.55
 2015 268    4.78    8.82  230.15   29.63
 2015 269    4.79    8.81  216.05   29.71
 2015 270    4.79    8.79  201.94   29.78
 2015 271    4.79    8.78  187.84   29.86
 2015 272    4.79    8.76  173.73   29.94
 2015 273    4.79    8.75  159.63   30.02
 2015 274    4.79    8.73  145.52   30.10
 2015 275    4.80    8.72  131.42   30.18
 2015 276    4.80    8.70  117.31   30.26
 2015 277    4.80    8.68  103.21   30.34
 2015 278    4.80    8.67   89.10   30.42
 2015 279    4.80    8.65   75.00   30.50
 2015 280    4.80    8.64   60.89   30.58
 2015 281    4.81    8.62   46.79   30.66
 2015 282    4.81    8.61   32.68   30.74
 2015 283    4.81    8.59   18.57   30.82
 2015 284    4.81    8.58    4.47   30.89
 2015 285    4.81    8.56  350.36   30.97
 2015 286    4.81    8.55  336.26   31.05
 2015 287    4.82    8.53  322.15   31.13
 2015 288    4.82    8.51  308.05   31.21
 2015 289    4.82    8.50  293.94   31.29
 2015 290    4.82    8.48  279.83   31.37
 2015 291    4.82    8.47  265.73   31.44
 2015 292    4.82    8.45  251.62   31.52
 2015 293    4.82    8.44  237.52   31.60
 2015 294    4.83    8.42  223.41   31.68
 2015 295    4.83    8.41  209.30   31.76
 2015 296    4.83    8.39  195.20   31.84
 2015 297    4.83    8.38  181.09   31.91
 2015 298    4.83    8.36  166.99   31.99
 2015 299    4.83    8.34  152.88   32.07
 2015 300    4.84    8.33  138.77   32.15
 2015 301    4.84    8.31  124.67   32.23
 2015 302    4.84    8.30  110.56   32.30
 2015 303    4.84    8.28   96.45   32.38
 2015 304    4.84    8.27   82.35   32.46
 2015 305    4.84    8.25   68.24   32.54
 2015 306    4.85    8.24   54.13   32.61
 2015 307    4.85    8.22   40.02   32.69
 2015 308    4.85    8.20   25.92   32.77
 2015 309    4.85    8.19   11.81   32.85
 2015 310    4.85    8.17  357.70   32.92
 2015 311    4.85    8.16  343.60   33.00
 2015 312    4.85    8.14  329.49   33.08
 2015 313    4.86    8.13  315.38   33.15
 2015 314    4.86    8.11  301.28   33.23
 2015 315    4.86    8.10  287.17   33.31
 2015 316    4.86    8.08  273.06   33.39
 2015 317    4.86    8.06  258.95   33.46
 2015 318    4.86    8.05  244.85   33.54
 2015 319    4.87    8.03  230.74   33.62
 2015 320    4.87    8.02  216.63   33.69
 2015 321    4.87    8.00  202.52   33.77
 2015 322    4.87    7.99  188.41   33.85
 2015 323    4.87    7.97  174.31   33.92
 2015 324    4.87    7.96  160.20   34.00
 2015 325    4.87    7.94  146.09   34.08
 2015 326    4.88    7.92  131.98   34.15
 2015 327    4.88    7.91  117.88   34.23
 2015 328    4.88    7.89  103.77   34.31
 2015 329    4.88    7.88   89.66   34.38
 2015 330    4.88    7.86   75.55   34.46
 2015 331    4.88    7.85   61.44   34.53
 2015 332    4.88    7.83   47.33   34.61
 2015 333    4.89    7.81   33.23   34.69
 2015 334    4.89    7.80   19.12   34.76
 2015 335    4.89    7.78    5.01   34.84
 2015 336    4.89    7.77  350.90   34.91
 2015 337    4.89    7.75  336.79   34.99
 2015 338    4.89    7.74  322.68   35.07
 2015 339    4.89    7.72  308.58   35.14
 2015 340    4.90    7.70  294.47   35.22
 2015 341    4.90    7.69  280.36   35.29
 2015 342    4.90    7.67  266.25   35.37
 2015 343    4.90    7.66  252.14   35.44
 2015 344    4.90    7.64  238.03   35.52
 2015 345    4.90    7.63  223.92   35.60
 2015 346    4.90    7.61  209.81   35.67
 2015 347    4.91    7.59  195.71   35.75
 2015 348    4.91    7.58  181.60   35.82
 2015 349    4.91    7.56  167.49   35.90
 2015 350    4.91    7.55  153.38   35.97
 2015 351    4.91    7.53  139.27   36.05
 2015 352    4.91    7.52  125.16   36.12
 2015 353    4.91    7.50  111.05   36.20
 2015 354    4.92    7.48   96.94   36.27
 2015 355    4.92    7.47   82.83   36.35
 2015 356    4.92    7.45   68.72   36.42
 2015 357    4.92    7.44   54.61   36.50
 2015 358    4.92    7.42   40.50   36.57
 2015 359    4.92    7.41   26.39   36.65
 2015 360    4.92    7.39   12.28   36.72
 2015 361    4.93    7.37  358.17   36.80
 2015 362    4.93    7.36  344.06   36.87
 2015 363    4.93    7.34  329.95   36.95
 2015 364    4.93    7.33  315.85   37.02
 2015 365    4.93    7.31  301.74   37.10
