 YYYY DOY     AU    HG_LAT  HG_LON  HGI_LON   from orbital elements with epoch: 2007-Jun-16.2445
 2005   1    5.00    4.34  287.41  298.23
 2005   2    4.99    4.34  273.31  298.31
 2005   3    4.99    4.34  259.20  298.39
 2005   4    4.99    4.34  245.10  298.47
 2005   5    4.99    4.34  230.99  298.55
 2005   6    4.98    4.34  216.89  298.63
 2005   7    4.98    4.34  202.78  298.71
 2005   8    4.98    4.34  188.68  298.79
 2005   9    4.98    4.34  174.58  298.87
 2005  10    4.98    4.35  160.47  298.95
 2005  11    4.97    4.35  146.37  299.03
 2005  12    4.97    4.35  132.26  299.11
 2005  13    4.97    4.35  118.16  299.19
 2005  14    4.97    4.35  104.06  299.27
 2005  15    4.96    4.35   89.95  299.36
 2005  16    4.96    4.35   75.85  299.44
 2005  17    4.96    4.35   61.74  299.52
 2005  18    4.96    4.35   47.64  299.60
 2005  19    4.96    4.35  393.54  299.68
 2005  20    4.95    4.35  379.43  299.76
 2005  21    4.95    4.35  365.33  299.84
 2005  22    4.95    4.35  351.23  299.92
 2005  23    4.95    4.35  337.12  300.00
 2005  24    4.94    4.35  323.02  300.08
 2005  25    4.94    4.35  308.92  300.17
 2005  26    4.94    4.35  294.82  300.25
 2005  27    4.94    4.35  280.71  300.33
 2005  28    4.94    4.35  266.61  300.41
 2005  29    4.93    4.35  252.51  300.49
 2005  30    4.93    4.35  238.40  300.57
 2005  31    4.93    4.36  224.30  300.65
 2005  32    4.93    4.36  210.20  300.74
 2005  33    4.92    4.36  196.10  300.82
 2005  34    4.92    4.36  181.99  300.90
 2005  35    4.92    4.36  167.89  300.98
 2005  36    4.92    4.36  153.79  301.06
 2005  37    4.91    4.36  139.69  301.15
 2005  38    4.91    4.36  125.58  301.23
 2005  39    4.91    4.36  111.48  301.31
 2005  40    4.91    4.36   97.38  301.39
 2005  41    4.91    4.36   83.28  301.48
 2005  42    4.90    4.36   69.18  301.56
 2005  43    4.90    4.36   55.08  301.64
 2005  44    4.90    4.36   40.97  301.72
 2005  45    4.90    4.36  386.87  301.81
 2005  46    4.89    4.36  372.77  301.89
 2005  47    4.89    4.36  358.67  301.97
 2005  48    4.89    4.36  344.57  302.06
 2005  49    4.89    4.36  330.47  302.14
 2005  50    4.88    4.36  316.37  302.22
 2005  51    4.88    4.36  302.26  302.31
 2005  52    4.88    4.36  288.16  302.39
 2005  53    4.88    4.36  274.06  302.47
 2005  54    4.88    4.36  259.96  302.56
 2005  55    4.87    4.36  245.86  302.64
 2005  56    4.87    4.36  231.76  302.72
 2005  57    4.87    4.36  217.66  302.81
 2005  58    4.87    4.36  203.56  302.89
 2005  59    4.86    4.36  189.46  302.98
 2005  60    4.86    4.36  175.36  303.06
 2005  61    4.86    4.36  161.26  303.14
 2005  62    4.86    4.36  147.16  303.23
 2005  63    4.85    4.36  133.06  303.31
 2005  64    4.85    4.36  118.96  303.40
 2005  65    4.85    4.36  104.86  303.48
 2005  66    4.85    4.36   90.76  303.57
 2005  67    4.84    4.36   76.66  303.65
 2005  68    4.84    4.36   62.56  303.73
 2005  69    4.84    4.36   48.46  303.82
 2005  70    4.84    4.36  394.36  303.90
 2005  71    4.84    4.36  380.26  303.99
 2005  72    4.83    4.36  366.16  304.07
 2005  73    4.83    4.36  352.06  304.16
 2005  74    4.83    4.36  337.96  304.24
 2005  75    4.83    4.36  323.86  304.33
 2005  76    4.82    4.36  309.76  304.42
 2005  77    4.82    4.36  295.67  304.50
 2005  78    4.82    4.36  281.57  304.59
 2005  79    4.82    4.36  267.47  304.67
 2005  80    4.81    4.36  253.37  304.76
 2005  81    4.81    4.36  239.27  304.84
 2005  82    4.81    4.36  225.17  304.93
 2005  83    4.81    4.36  211.07  305.02
 2005  84    4.80    4.36  196.97  305.10
 2005  85    4.80    4.36  182.88  305.19
 2005  86    4.80    4.36  168.78  305.27
 2005  87    4.80    4.36  154.68  305.36
 2005  88    4.79    4.36  140.58  305.45
 2005  89    4.79    4.36  126.48  305.53
 2005  90    4.79    4.36  112.39  305.62
 2005  91    4.79    4.36   98.29  305.71
 2005  92    4.79    4.36   84.19  305.79
 2005  93    4.78    4.36   70.09  305.88
 2005  94    4.78    4.36   56.00  305.97
 2005  95    4.78    4.36   41.90  306.05
 2005  96    4.78    4.36  387.80  306.14
 2005  97    4.77    4.36  373.70  306.23
 2005  98    4.77    4.36  359.61  306.32
 2005  99    4.77    4.36  345.51  306.40
 2005 100    4.77    4.36  331.41  306.49
 2005 101    4.76    4.36  317.32  306.58
 2005 102    4.76    4.36  303.22  306.66
 2005 103    4.76    4.36  289.12  306.75
 2005 104    4.76    4.36  275.03  306.84
 2005 105    4.75    4.36  260.93  306.93
 2005 106    4.75    4.36  246.83  307.02
 2005 107    4.75    4.36  232.74  307.10
 2005 108    4.75    4.36  218.64  307.19
 2005 109    4.74    4.36  204.54  307.28
 2005 110    4.74    4.36  190.45  307.37
 2005 111    4.74    4.36  176.35  307.46
 2005 112    4.74    4.36  162.26  307.55
 2005 113    4.73    4.36  148.16  307.63
 2005 114    4.73    4.36  134.06  307.72
 2005 115    4.73    4.36  119.97  307.81
 2005 116    4.73    4.36  105.87  307.90
 2005 117    4.72    4.36   91.78  307.99
 2005 118    4.72    4.36   77.68  308.08
 2005 119    4.72    4.35   63.59  308.17
 2005 120    4.72    4.35   49.49  308.26
 2005 121    4.71    4.35  395.40  308.35
 2005 122    4.71    4.35  381.30  308.44
 2005 123    4.71    4.35  367.21  308.53
 2005 124    4.71    4.35  353.11  308.62
 2005 125    4.70    4.35  339.02  308.71
 2005 126    4.70    4.35  324.92  308.80
 2005 127    4.70    4.35  310.83  308.88
 2005 128    4.70    4.35  296.74  308.98
 2005 129    4.69    4.35  282.64  309.07
 2005 130    4.69    4.35  268.55  309.16
 2005 131    4.69    4.35  254.45  309.25
 2005 132    4.69    4.35  240.36  309.34
 2005 133    4.68    4.35  226.26  309.43
 2005 134    4.68    4.35  212.17  309.52
 2005 135    4.68    4.35  198.08  309.61
 2005 136    4.68    4.35  183.98  309.70
 2005 137    4.67    4.34  169.89  309.79
 2005 138    4.67    4.34  155.80  309.88
 2005 139    4.67    4.34  141.70  309.97
 2005 140    4.67    4.34  127.61  310.06
 2005 141    4.66    4.34  113.52  310.15
 2005 142    4.66    4.34   99.42  310.25
 2005 143    4.66    4.34   85.33  310.34
 2005 144    4.66    4.34   71.24  310.43
 2005 145    4.65    4.34   57.15  310.52
 2005 146    4.65    4.34  403.05  310.61
 2005 147    4.65    4.34  388.96  310.70
 2005 148    4.65    4.34  374.87  310.80
 2005 149    4.64    4.34  360.78  310.89
 2005 150    4.64    4.34  346.68  310.98
 2005 151    4.64    4.33  332.59  311.07
 2005 152    4.64    4.33  318.50  311.16
 2005 153    4.63    4.33  304.41  311.26
 2005 154    4.63    4.33  290.31  311.35
 2005 155    4.63    4.33  276.22  311.44
 2005 156    4.63    4.33  262.13  311.53
 2005 157    4.62    4.33  248.04  311.63
 2005 158    4.62    4.33  233.95  311.72
 2005 159    4.62    4.33  219.86  311.81
 2005 160    4.62    4.33  205.77  311.91
 2005 161    4.61    4.33  191.67  312.00
 2005 162    4.61    4.32  177.58  312.09
 2005 163    4.61    4.32  163.49  312.19
 2005 164    4.61    4.32  149.40  312.28
 2005 165    4.60    4.32  135.31  312.37
 2005 166    4.60    4.32  121.22  312.47
 2005 167    4.60    4.32  107.13  312.56
 2005 168    4.60    4.32   93.04  312.66
 2005 169    4.59    4.32   78.95  312.75
 2005 170    4.59    4.32   64.86  312.84
 2005 171    4.59    4.32   50.77  312.94
 2005 172    4.59    4.31  396.68  313.03
 2005 173    4.58    4.31  382.59  313.13
 2005 174    4.58    4.31  368.50  313.22
 2005 175    4.58    4.31  354.41  313.32
 2005 176    4.58    4.31  340.32  313.41
 2005 177    4.57    4.31  326.23  313.51
 2005 178    4.57    4.31  312.14  313.60
 2005 179    4.57    4.31  298.05  313.70
 2005 180    4.57    4.31  283.96  313.79
 2005 181    4.56    4.30  269.87  313.89
 2005 182    4.56    4.30  255.79  313.98
 2005 183    4.56    4.30  241.70  314.08
 2005 184    4.56    4.30  227.61  314.17
 2005 185    4.55    4.30  213.52  314.27
 2005 186    4.55    4.30  199.43  314.37
 2005 187    4.55    4.30  185.34  314.46
 2005 188    4.54    4.30  171.25  314.56
 2005 189    4.54    4.29  157.17  314.65
 2005 190    4.54    4.29  143.08  314.75
 2005 191    4.54    4.29  128.99  314.85
 2005 192    4.53    4.29  114.90  314.94
 2005 193    4.53    4.29  100.81  315.04
 2005 194    4.53    4.29   86.73  315.14
 2005 195    4.53    4.29   72.64  315.23
 2005 196    4.52    4.29   58.55  315.33
 2005 197    4.52    4.28  404.46  315.43
 2005 198    4.52    4.28  390.38  315.52
 2005 199    4.52    4.28  376.29  315.62
 2005 200    4.51    4.28  362.20  315.72
 2005 201    4.51    4.28  348.12  315.82
 2005 202    4.51    4.28  334.03  315.91
 2005 203    4.51    4.27  319.94  316.01
 2005 204    4.50    4.27  305.86  316.11
 2005 205    4.50    4.27  291.77  316.21
 2005 206    4.50    4.27  277.68  316.31
 2005 207    4.50    4.27  263.60  316.40
 2005 208    4.49    4.27  249.51  316.50
 2005 209    4.49    4.27  235.43  316.60
 2005 210    4.49    4.26  221.34  316.70
 2005 211    4.49    4.26  207.25  316.80
 2005 212    4.48    4.26  193.17  316.90
 2005 213    4.48    4.26  179.08  317.00
 2005 214    4.48    4.26  165.00  317.10
 2005 215    4.47    4.26  150.91  317.19
 2005 216    4.47    4.25  136.83  317.29
 2005 217    4.47    4.25  122.74  317.39
 2005 218    4.47    4.25  108.66  317.49
 2005 219    4.46    4.25   94.57  317.59
 2005 220    4.46    4.25   80.49  317.69
 2005 221    4.46    4.25   66.40  317.79
 2005 222    4.46    4.24   52.32  317.89
 2005 223    4.45    4.24  398.23  317.99
 2005 224    4.45    4.24  384.15  318.09
 2005 225    4.45    4.24  370.07  318.19
 2005 226    4.45    4.24  355.98  318.29
 2005 227    4.44    4.23  341.90  318.39
 2005 228    4.44    4.23  327.81  318.49
 2005 229    4.44    4.23  313.73  318.60
 2005 230    4.44    4.23  299.65  318.70
 2005 231    4.43    4.23  285.56  318.80
 2005 232    4.43    4.23  271.48  318.90
 2005 233    4.43    4.22  257.40  319.00
 2005 234    4.42    4.22  243.32  319.10
 2005 235    4.42    4.22  229.23  319.20
 2005 236    4.42    4.22  215.15  319.30
 2005 237    4.42    4.22  201.07  319.41
 2005 238    4.41    4.21  186.98  319.51
 2005 239    4.41    4.21  172.90  319.61
 2005 240    4.41    4.21  158.82  319.71
 2005 241    4.41    4.21  144.74  319.81
 2005 242    4.40    4.21  130.66  319.92
 2005 243    4.40    4.20  116.57  320.02
 2005 244    4.40    4.20  102.49  320.12
 2005 245    4.40    4.20   88.41  320.22
 2005 246    4.39    4.20   74.33  320.33
 2005 247    4.39    4.19   60.25  320.43
 2005 248    4.39    4.19  406.17  320.53
 2005 249    4.38    4.19  392.08  320.64
 2005 250    4.38    4.19  378.00  320.74
 2005 251    4.38    4.19  363.92  320.84
 2005 252    4.38    4.18  349.84  320.95
 2005 253    4.37    4.18  335.76  321.05
 2005 254    4.37    4.18  321.68  321.16
 2005 255    4.37    4.18  307.60  321.26
 2005 256    4.37    4.17  293.52  321.36
 2005 257    4.36    4.17  279.44  321.47
 2005 258    4.36    4.17  265.36  321.57
 2005 259    4.36    4.17  251.28  321.68
 2005 260    4.36    4.17  237.20  321.78
 2005 261    4.35    4.16  223.12  321.89
 2005 262    4.35    4.16  209.04  321.99
 2005 263    4.35    4.16  194.96  322.10
 2005 264    4.34    4.16  180.88  322.20
 2005 265    4.34    4.15  166.80  322.31
 2005 266    4.34    4.15  152.72  322.41
 2005 267    4.34    4.15  138.65  322.52
 2005 268    4.33    4.15  124.57  322.62
 2005 269    4.33    4.14  110.49  322.73
 2005 270    4.33    4.14   96.41  322.83
 2005 271    4.33    4.14   82.33  322.94
 2005 272    4.32    4.14   68.25  323.05
 2005 273    4.32    4.13  414.18  323.15
 2005 274    4.32    4.13  400.10  323.26
 2005 275    4.31    4.13  386.02  323.37
 2005 276    4.31    4.12  371.94  323.47
 2005 277    4.31    4.12  357.86  323.58
 2005 278    4.31    4.12  343.79  323.69
 2005 279    4.30    4.12  329.71  323.79
 2005 280    4.30    4.11  315.63  323.90
 2005 281    4.30    4.11  301.56  324.01
 2005 282    4.30    4.11  287.48  324.12
 2005 283    4.29    4.11  273.40  324.22
 2005 284    4.29    4.10  259.33  324.33
 2005 285    4.29    4.10  245.25  324.44
 2005 286    4.28    4.10  231.17  324.55
 2005 287    4.28    4.09  217.10  324.66
 2005 288    4.28    4.09  203.02  324.76
 2005 289    4.28    4.09  188.94  324.87
 2005 290    4.27    4.09  174.87  324.98
 2005 291    4.27    4.08  160.79  325.09
 2005 292    4.27    4.08  146.72  325.20
 2005 293    4.27    4.08  132.64  325.31
 2005 294    4.26    4.07  118.57  325.42
 2005 295    4.26    4.07  104.49  325.53
 2005 296    4.26    4.07   90.42  325.64
 2005 297    4.26    4.07   76.34  325.75
 2005 298    4.25    4.06   62.27  325.86
 2005 299    4.25    4.06  408.19  325.97
 2005 300    4.25    4.06  394.12  326.08
 2005 301    4.24    4.05  380.04  326.19
 2005 302    4.24    4.05  365.97  326.30
 2005 303    4.24    4.05  351.90  326.41
 2005 304    4.24    4.04  337.82  326.52
 2005 305    4.23    4.04  323.75  326.63
 2005 306    4.23    4.04  309.68  326.74
 2005 307    4.23    4.03  295.60  326.85
 2005 308    4.23    4.03  281.53  326.96
 2005 309    4.22    4.03  267.46  327.07
 2005 310    4.22    4.02  253.38  327.18
 2005 311    4.22    4.02  239.31  327.29
 2005 312    4.21    4.02  225.24  327.41
 2005 313    4.21    4.01  211.16  327.52
 2005 314    4.21    4.01  197.09  327.63
 2005 315    4.21    4.01  183.02  327.74
 2005 316    4.20    4.00  168.95  327.85
 2005 317    4.20    4.00  154.88  327.97
 2005 318    4.20    4.00  140.80  328.08
 2005 319    4.19    3.99  126.73  328.19
 2005 320    4.19    3.99  112.66  328.31
 2005 321    4.19    3.99   98.59  328.42
 2005 322    4.19    3.98   84.52  328.53
 2005 323    4.18    3.98   70.45  328.64
 2005 324    4.18    3.98  416.38  328.76
 2005 325    4.18    3.97  402.31  328.87
 2005 326    4.18    3.97  388.24  328.99
 2005 327    4.17    3.97  374.16  329.10
 2005 328    4.17    3.96  360.09  329.21
 2005 329    4.17    3.96  346.02  329.33
 2005 330    4.16    3.95  331.95  329.44
 2005 331    4.16    3.95  317.88  329.56
 2005 332    4.16    3.95  303.81  329.67
 2005 333    4.16    3.94  289.74  329.79
 2005 334    4.15    3.94  275.68  329.90
 2005 335    4.15    3.94  261.61  330.02
 2005 336    4.15    3.93  247.54  330.13
 2005 337    4.15    3.93  233.47  330.25
 2005 338    4.14    3.92  219.40  330.36
 2005 339    4.14    3.92  205.33  330.48
 2005 340    4.14    3.92  191.26  330.59
 2005 341    4.13    3.91  177.19  330.71
 2005 342    4.13    3.91  163.13  330.83
 2005 343    4.13    3.90  149.06  330.94
 2005 344    4.13    3.90  134.99  331.06
 2005 345    4.12    3.90  120.92  331.18
 2005 346    4.12    3.89  106.85  331.29
 2005 347    4.12    3.89   92.79  331.41
 2005 348    4.12    3.88   78.72  331.53
 2005 349    4.11    3.88  424.65  331.64
 2005 350    4.11    3.88  410.59  331.76
 2005 351    4.11    3.87  396.52  331.88
 2005 352    4.10    3.87  382.45  332.00
 2005 353    4.10    3.86  368.39  332.11
 2005 354    4.10    3.86  354.32  332.23
 2005 355    4.10    3.86  340.25  332.35
 2005 356    4.09    3.85  326.19  332.47
 2005 357    4.09    3.85  312.12  332.59
 2005 358    4.09    3.84  298.05  332.71
 2005 359    4.09    3.84  283.99  332.83
 2005 360    4.08    3.83  269.92  332.94
 2005 361    4.08    3.83  255.86  333.06
 2005 362    4.08    3.83  241.79  333.18
 2005 363    4.07    3.82  227.73  333.30
 2005 364    4.07    3.82  213.66  333.42
 2005 365    4.07    3.81  199.60  333.54
 2006   1    4.07    3.81  185.53  333.66
 2006   1    4.06    3.80  171.47  333.78
 2006   2    4.06    3.80  157.41  333.90
 2006   3    4.06    3.79  143.34  334.02
 2006   4    4.05    3.79  129.28  334.14
 2006   5    4.05    3.79  115.22  334.26
 2006   6    4.05    3.78  101.15  334.38
 2006   7    4.05    3.78   87.09  334.51
 2006   8    4.04    3.77   73.03  334.63
 2006   9    4.04    3.77  418.96  334.75
 2006  10    4.04    3.76  404.90  334.87
 2006  11    4.04    3.76  390.84  334.99
 2006  12    4.03    3.75  376.77  335.11
 2006  13    4.03    3.75  362.71  335.24
 2006  14    4.03    3.74  348.65  335.36
 2006  15    4.02    3.74  334.59  335.48
 2006  16    4.02    3.73  320.53  335.60
 2006  17    4.02    3.73  306.46  335.73
 2006  18    4.02    3.72  292.40  335.85
 2006  19    4.01    3.72  278.34  335.97
 2006  20    4.01    3.71  264.28  336.09
 2006  21    4.01    3.71  250.22  336.22
 2006  22    4.01    3.70  236.16  336.34
 2006  23    4.00    3.70  222.10  336.47
 2006  24    4.00    3.69  208.04  336.59
 2006  25    4.00    3.69  193.98  336.71
 2006  26    3.99    3.68  179.92  336.84
 2006  27    3.99    3.68  165.86  336.96
 2006  28    3.99    3.67  151.80  337.09
 2006  29    3.99    3.67  137.74  337.21
 2006  30    3.98    3.66  123.68  337.34
 2006  31    3.98    3.66  109.62  337.46
 2006  32    3.98    3.65   95.56  337.59
 2006  33    3.97    3.65   81.50  337.71
 2006  34    3.97    3.64  427.44  337.84
 2006  35    3.97    3.64  413.38  337.96
 2006  36    3.97    3.63  399.32  338.09
 2006  37    3.96    3.63  385.27  338.22
 2006  38    3.96    3.62  371.21  338.34
 2006  39    3.96    3.62  357.15  338.47
 2006  40    3.96    3.61  343.09  338.60
 2006  41    3.95    3.61  329.04  338.72
 2006  42    3.95    3.60  314.98  338.85
 2006  43    3.95    3.59  300.92  338.98
 2006  44    3.94    3.59  286.86  339.10
 2006  45    3.94    3.58  272.81  339.23
 2006  46    3.94    3.58  258.75  339.36
 2006  47    3.94    3.57  244.69  339.49
 2006  48    3.93    3.57  230.64  339.61
 2006  49    3.93    3.56  216.58  339.74
 2006  50    3.93    3.56  202.53  339.87
 2006  51    3.93    3.55  188.47  340.00
 2006  52    3.92    3.54  174.41  340.13
 2006  53    3.92    3.54  160.36  340.26
 2006  54    3.92    3.53  146.30  340.39
 2006  55    3.91    3.53  132.25  340.52
 2006  56    3.91    3.52  118.19  340.65
 2006  57    3.91    3.51  104.14  340.78
 2006  58    3.91    3.51   90.08  340.91
 2006  59    3.90    3.50   76.03  341.04
 2006  60    3.90    3.50  421.98  341.17
 2006  61    3.90    3.49  407.92  341.30
 2006  62    3.90    3.49  393.87  341.43
 2006  63    3.89    3.48  379.81  341.56
 2006  64    3.89    3.47  365.76  341.69
 2006  65    3.89    3.47  351.71  341.82
 2006  66    3.88    3.46  337.65  341.95
 2006  67    3.88    3.45  323.60  342.08
 2006  68    3.88    3.45  309.55  342.21
 2006  69    3.88    3.44  295.50  342.35
 2006  70    3.87    3.44  281.44  342.48
 2006  71    3.87    3.43  267.39  342.61
 2006  72    3.87    3.42  253.34  342.74
 2006  73    3.87    3.42  239.29  342.88
 2006  74    3.86    3.41  225.24  343.01
 2006  75    3.86    3.41  211.18  343.14
 2006  76    3.86    3.40  197.13  343.27
 2006  77    3.85    3.39  183.08  343.41
 2006  78    3.85    3.39  169.03  343.54
 2006  79    3.85    3.38  154.98  343.67
 2006  80    3.85    3.37  140.93  343.81
 2006  81    3.84    3.37  126.88  343.94
 2006  82    3.84    3.36  112.83  344.08
 2006  83    3.84    3.35   98.78  344.21
 2006  84    3.84    3.35   84.73  344.35
 2006  85    3.83    3.34  430.68  344.48
 2006  86    3.83    3.33  416.63  344.62
 2006  87    3.83    3.33  402.58  344.75
 2006  88    3.82    3.32  388.53  344.89
 2006  89    3.82    3.31  374.48  345.02
 2006  90    3.82    3.31  360.44  345.16
 2006  91    3.82    3.30  346.39  345.29
 2006  92    3.81    3.29  332.34  345.43
 2006  93    3.81    3.29  318.29  345.57
 2006  94    3.81    3.28  304.24  345.70
 2006  95    3.81    3.27  290.20  345.84
 2006  96    3.80    3.27  276.15  345.98
 2006  97    3.80    3.26  262.10  346.11
 2006  98    3.80    3.25  248.05  346.25
 2006  99    3.79    3.24  234.01  346.39
 2006 100    3.79    3.24  219.96  346.53
 2006 101    3.79    3.23  205.91  346.66
 2006 102    3.79    3.22  191.87  346.80
 2006 103    3.78    3.22  177.82  346.94
 2006 104    3.78    3.21  163.78  347.08
 2006 105    3.78    3.20  149.73  347.22
 2006 106    3.78    3.20  135.68  347.36
 2006 107    3.77    3.19  121.64  347.50
 2006 108    3.77    3.18  107.59  347.64
 2006 109    3.77    3.17   93.55  347.78
 2006 110    3.77    3.17  439.50  347.91
 2006 111    3.76    3.16  425.46  348.05
 2006 112    3.76    3.15  411.42  348.19
 2006 113    3.76    3.14  397.37  348.33
 2006 114    3.75    3.14  383.33  348.48
 2006 115    3.75    3.13  369.28  348.62
 2006 116    3.75    3.12  355.24  348.76
 2006 117    3.75    3.11  341.20  348.90
 2006 118    3.74    3.11  327.15  349.04
 2006 119    3.74    3.10  313.11  349.18
 2006 120    3.74    3.09  299.07  349.32
 2006 121    3.74    3.08  285.03  349.46
 2006 122    3.73    3.08  270.98  349.61
 2006 123    3.73    3.07  256.94  349.75
 2006 124    3.73    3.06  242.90  349.89
 2006 125    3.73    3.05  228.86  350.03
 2006 126    3.72    3.05  214.82  350.18
 2006 127    3.72    3.04  200.77  350.32
 2006 128    3.72    3.03  186.73  350.46
 2006 129    3.71    3.02  172.69  350.61
 2006 130    3.71    3.01  158.65  350.75
 2006 131    3.71    3.01  144.61  350.89
 2006 132    3.71    3.00  130.57  351.04
 2006 133    3.70    2.99  116.53  351.18
 2006 134    3.70    2.98  102.49  351.33
 2006 135    3.70    2.97   88.45  351.47
 2006 136    3.70    2.97  434.41  351.62
 2006 137    3.69    2.96  420.37  351.76
 2006 138    3.69    2.95  406.33  351.91
 2006 139    3.69    2.94  392.29  352.05
 2006 140    3.69    2.93  378.26  352.20
 2006 141    3.68    2.92  364.22  352.34
 2006 142    3.68    2.92  350.18  352.49
 2006 143    3.68    2.91  336.14  352.64
 2006 144    3.67    2.90  322.10  352.78
 2006 145    3.67    2.89  308.07  352.93
 2006 146    3.67    2.88  294.03  353.08
 2006 147    3.67    2.87  279.99  353.22
 2006 148    3.66    2.87  265.95  353.37
 2006 149    3.66    2.86  251.92  353.52
 2006 150    3.66    2.85  237.88  353.67
 2006 151    3.66    2.84  223.84  353.81
 2006 152    3.65    2.83  209.81  353.96
 2006 153    3.65    2.82  195.77  354.11
 2006 154    3.65    2.81  181.74  354.26
 2006 155    3.65    2.81  167.70  354.41
 2006 156    3.64    2.80  153.67  354.56
 2006 157    3.64    2.79  139.63  354.71
 2006 158    3.64    2.78  125.60  354.86
 2006 159    3.64    2.77  111.56  355.01
 2006 160    3.63    2.76   97.53  355.16
 2006 161    3.63    2.75  443.49  355.31
 2006 162    3.63    2.74  429.46  355.46
 2006 163    3.63    2.74  415.42  355.61
 2006 164    3.62    2.73  401.39  355.76
 2006 165    3.62    2.72  387.36  355.91
 2006 166    3.62    2.71  373.32  356.06
 2006 167    3.62    2.70  359.29  356.21
 2006 168    3.61    2.69  345.26  356.36
 2006 169    3.61    2.68  331.23  356.51
 2006 170    3.61    2.67  317.19  356.67
 2006 171    3.60    2.66  303.16  356.82
 2006 172    3.60    2.65  289.13  356.97
 2006 173    3.60    2.64  275.10  357.12
 2006 174    3.60    2.64  261.07  357.28
 2006 175    3.59    2.63  247.03  357.43
 2006 176    3.59    2.62  233.00  357.58
 2006 177    3.59    2.61  218.97  357.74
 2006 178    3.59    2.60  204.94  357.89
 2006 179    3.58    2.59  190.91  358.04
 2006 180    3.58    2.58  176.88  358.20
 2006 181    3.58    2.57  162.85  358.35
 2006 182    3.58    2.56  148.82  358.51
 2006 183    3.57    2.55  134.79  358.66
 2006 184    3.57    2.54  120.76  358.82
 2006 185    3.57    2.53  106.73  358.97
 2006 186    3.57    2.52  452.70  359.13
 2006 187    3.56    2.51  438.68  359.28
 2006 189    3.56    2.50  424.65  359.44
 2006 190    3.56    2.49  410.62  359.60
 2006 191    3.56    2.48  396.59  359.75
 2006 192    3.55    2.47  382.56  359.91
 2006 193    3.55    2.46    8.53    0.07
 2006 194    3.55    2.45  354.51    0.22
 2006 195    3.55    2.44  340.48    0.38
 2006 196    3.54    2.43  326.45    0.54
 2006 197    3.54    2.42  312.43    0.69
 2006 198    3.54    2.41  298.40    0.85
 2006 199    3.54    2.40  284.37    1.01
 2006 200    3.53    2.39  270.35    1.17
 2006 201    3.53    2.38  256.32    1.33
 2006 202    3.53    2.37  242.30    1.49
 2006 203    3.53    2.36  228.27    1.65
 2006 204    3.52    2.35  214.25    1.80
 2006 205    3.52    2.34  200.22    1.96
 2006 206    3.52    2.33  186.20    2.12
 2006 207    3.52    2.32  172.17    2.28
 2006 208    3.51    2.31  158.15    2.44
 2006 209    3.51    2.30  144.12    2.60
 2006 210    3.51    2.29  130.10    2.76
 2006 211    3.51    2.28  116.07    2.92
 2006 212    3.51    2.27  102.05    3.09
 2006 213    3.50    2.26   88.03    3.25
 2006 214    3.50    2.25   74.01    3.41
 2006 215    3.50    2.24   59.98    3.57
 2006 216    3.50    2.23   45.96    3.73
 2006 217    3.49    2.22   31.94    3.89
 2006 218    3.49    2.21   17.92    4.06
 2006 219    3.49    2.20    3.89    4.22
 2006 220    3.49    2.18  349.87    4.38
 2006 221    3.48    2.17  335.85    4.54
 2006 222    3.48    2.16  321.83    4.71
 2006 223    3.48    2.15  307.81    4.87
 2006 224    3.48    2.14  293.79    5.03
 2006 225    3.47    2.13  279.77    5.20
 2006 226    3.47    2.12  265.75    5.36
 2006 227    3.47    2.11  251.73    5.53
 2006 228    3.47    2.10  237.71    5.69
 2006 229    3.46    2.09  223.69    5.86
 2006 230    3.46    2.08  209.67    6.02
 2006 231    3.46    2.06  195.65    6.19
 2006 232    3.46    2.05  181.63    6.35
 2006 233    3.46    2.04  167.61    6.52
 2006 234    3.45    2.03  153.59    6.68
 2006 235    3.45    2.02  139.57    6.85
 2006 236    3.45    2.01  125.55    7.01
 2006 237    3.45    2.00  111.54    7.18
 2006 238    3.44    1.99   97.52    7.35
 2006 239    3.44    1.97   83.50    7.51
 2006 240    3.44    1.96   69.48    7.68
 2006 241    3.44    1.95   55.47    7.85
 2006 242    3.43    1.94   41.45    8.02
 2006 243    3.43    1.93   27.43    8.18
 2006 244    3.43    1.92   13.42    8.35
 2006 245    3.43    1.91  359.40    8.52
 2006 246    3.43    1.89  345.39    8.69
 2006 247    3.42    1.88  331.37    8.86
 2006 248    3.42    1.87  317.35    9.03
 2006 249    3.42    1.86  303.34    9.20
 2006 250    3.42    1.85  289.32    9.37
 2006 251    3.41    1.84  275.31    9.53
 2006 252    3.41    1.82  261.29    9.70
 2006 253    3.41    1.81  247.28    9.87
 2006 254    3.41    1.80  233.27   10.04
 2006 255    3.40    1.79  219.25   10.22
 2006 256    3.40    1.78  205.24   10.39
 2006 257    3.40    1.76  191.22   10.56
 2006 258    3.40    1.75  177.21   10.73
 2006 259    3.40    1.74  163.20   10.90
 2006 260    3.39    1.73  149.19   11.07
 2006 261    3.39    1.72  135.17   11.24
 2006 262    3.39    1.70  121.16   11.41
 2006 263    3.39    1.69  107.15   11.59
 2006 264    3.38    1.68   93.14   11.76
 2006 265    3.38    1.67   79.12   11.93
 2006 266    3.38    1.66   65.11   12.11
 2006 267    3.38    1.64   51.10   12.28
 2006 268    3.38    1.63   37.09   12.45
 2006 269    3.37    1.62   23.08   12.63
 2006 270    3.37    1.61    9.07   12.80
 2006 271    3.37    1.59  355.06   12.97
 2006 272    3.37    1.58  341.05   13.15
 2006 273    3.37    1.57  327.04   13.32
 2006 274    3.36    1.56  313.03   13.50
 2006 275    3.36    1.54  299.02   13.67
 2006 276    3.36    1.53  285.01   13.85
 2006 277    3.36    1.52  271.00   14.02
 2006 278    3.35    1.51  256.99   14.20
 2006 279    3.35    1.49  242.98   14.37
 2006 280    3.35    1.48  228.98   14.55
 2006 281    3.35    1.47  214.97   14.73
 2006 282    3.35    1.46  200.96   14.90
 2006 283    3.34    1.44  186.95   15.08
 2006 284    3.34    1.43  172.94   15.26
 2006 285    3.34    1.42  158.94   15.43
 2006 286    3.34    1.41  144.93   15.61
 2006 287    3.34    1.39  130.92   15.79
 2006 288    3.33    1.38  116.92   15.97
 2006 289    3.33    1.37  102.91   16.14
 2006 290    3.33    1.35   88.90   16.32
 2006 291    3.33    1.34   74.90   16.50
 2006 292    3.33    1.33   60.89   16.68
 2006 293    3.32    1.32   46.89   16.86
 2006 294    3.32    1.30   32.88   17.04
 2006 295    3.32    1.29   18.88   17.22
 2006 296    3.32    1.28    4.87   17.40
 2006 297    3.31    1.26  350.87   17.58
 2006 298    3.31    1.25  336.86   17.76
 2006 299    3.31    1.24  322.86   17.94
 2006 300    3.31    1.22  308.85   18.12
 2006 301    3.31    1.21  294.85   18.30
 2006 302    3.30    1.20  280.85   18.48
 2006 303    3.30    1.18  266.84   18.66
 2006 304    3.30    1.17  252.84   18.84
 2006 305    3.30    1.16  238.84   19.02
 2006 306    3.30    1.14  224.84   19.20
 2006 307    3.29    1.13  210.83   19.39
 2006 308    3.29    1.12  196.83   19.57
 2006 309    3.29    1.10  182.83   19.75
 2006 310    3.29    1.09  168.83   19.93
 2006 311    3.29    1.08  154.83   20.11
 2006 312    3.29    1.06  140.82   20.30
 2006 313    3.28    1.05  126.82   20.48
 2006 314    3.28    1.04  112.82   20.66
 2006 315    3.28    1.02   98.82   20.85
 2006 316    3.28    1.01   84.82   21.03
 2006 317    3.28    0.99   70.82   21.22
 2006 318    3.27    0.98   56.82   21.40
 2006 319    3.27    0.97   42.82   21.58
 2006 320    3.27    0.95   28.82   21.77
 2006 321    3.27    0.94   14.82   21.95
 2006 322    3.27    0.93    0.82   22.14
 2006 323    3.26    0.91  346.82   22.32
 2006 324    3.26    0.90  332.82   22.51
 2006 325    3.26    0.88  318.82   22.70
 2006 326    3.26    0.87  304.83   22.88
 2006 327    3.26    0.86  290.83   23.07
 2006 328    3.26    0.84  276.83   23.25
 2006 329    3.25    0.83  262.83   23.44
 2006 330    3.25    0.81  248.83   23.63
 2006 331    3.25    0.80  234.84   23.81
 2006 332    3.25    0.79  220.84   24.00
 2006 333    3.25    0.77  206.84   24.19
 2006 334    3.24    0.76  192.85   24.38
 2006 335    3.24    0.74  178.85   24.56
 2006 336    3.24    0.73  164.85   24.75
 2006 337    3.24    0.72  150.86   24.94
 2006 338    3.24    0.70  136.86   25.13
 2006 339    3.24    0.69  122.87   25.32
 2006 340    3.23    0.67  108.87   25.51
 2006 341    3.23    0.66   94.87   25.70
 2006 342    3.23    0.64   80.88   25.89
 2006 343    3.23    0.63   66.88   26.07
 2006 344    3.23    0.62   52.89   26.26
 2006 345    3.23    0.60   38.90   26.45
 2006 346    3.22    0.59   24.90   26.64
 2006 347    3.22    0.57   10.91   26.83
 2006 348    3.22    0.56  356.91   27.02
 2006 349    3.22    0.54  342.92   27.22
 2006 350    3.22    0.53  328.93   27.41
 2006 351    3.22    0.52  314.93   27.60
 2006 352    3.21    0.50  300.94   27.79
 2006 353    3.21    0.49  286.95   27.98
 2006 354    3.21    0.47  272.95   28.17
 2006 355    3.21    0.46  258.96   28.36
 2006 356    3.21    0.44  244.97   28.56
 2006 357    3.21    0.43  230.98   28.75
 2006 358    3.20    0.41  216.98   28.94
 2006 359    3.20    0.40  202.99   29.13
 2006 360    3.20    0.38  189.00   29.33
 2006 361    3.20    0.37  175.01   29.52
 2006 362    3.20    0.35  161.02   29.71
 2006 363    3.20    0.34  147.03   29.91
 2006 364    3.19    0.33  133.04   30.10
 2006 365    3.19    0.31  119.05   30.29
 2007   1    3.19    0.30  105.05   30.49
 2007   1    3.19    0.28   91.06   30.68
 2007   2    3.19    0.27   77.07   30.87
 2007   3    3.19    0.25   63.08   31.07
 2007   4    3.18    0.24   49.09   31.26
 2007   5    3.18    0.22   35.11   31.46
 2007   6    3.18    0.21   21.12   31.65
 2007   7    3.18    0.19    7.13   31.85
 2007   8    3.18    0.18  353.14   32.04
 2007   9    3.18    0.16  339.15   32.24
 2007  10    3.18    0.15  325.16   32.44
 2007  11    3.17    0.13  311.17   32.63
 2007  12    3.17    0.12  297.18   32.83
 2007  13    3.17    0.10  283.20   33.02
 2007  14    3.17    0.09  269.21   33.22
 2007  15    3.17    0.07  255.22   33.42
 2007  16    3.17    0.06  241.23   33.61
 2007  17    3.17    0.04  227.25   33.81
 2007  18    3.16    0.03  213.26   34.01
 2007  19    3.16    0.01  199.27   34.21
 2007  20    3.16    0.00  185.28   34.40
 2007  21    3.16   -0.02  171.30   34.60
 2007  22    3.16   -0.03  157.31   34.80
 2007  23    3.16   -0.05  143.32   35.00
 2007  24    3.16   -0.06  129.34   35.20
 2007  25    3.15   -0.08  115.35   35.39
 2007  26    3.15   -0.09  101.37   35.59
 2007  27    3.15   -0.11   87.38   35.79
 2007  28    3.15   -0.12   73.40   35.99
 2007  29    3.15   -0.14   59.41   36.19
 2007  30    3.15   -0.15   45.43   36.39
 2007  31    3.15   -0.17   31.44   36.59
 2007  32    3.15   -0.18   17.46   36.79
 2007  33    3.14   -0.20    3.47   36.99
 2007  34    3.14   -0.22  349.49   37.19
 2007  35    3.14   -0.23  335.50   37.39
 2007  36    3.14   -0.25  321.52   37.59
 2007  37    3.14   -0.26  307.53   37.79
 2007  38    3.14   -0.28  293.55   37.99
 2007  39    3.14   -0.29  279.57   38.19
 2007  40    3.14   -0.31  265.58   38.39
 2007  41    3.13   -0.32  251.60   38.59
 2007  42    3.13   -0.34  237.62   38.79
 2007  43    3.13   -0.35  223.63   38.99
 2007  44    3.13   -0.37  209.65   39.20
 2007  45    3.13   -0.38  195.67   39.40
 2007  46    3.13   -0.40  181.68   39.60
 2007  47    3.13   -0.41  167.70   39.80
 2007  48    3.13   -0.43  153.72   40.00
 2007  49    3.12   -0.44  139.74   40.20
 2007  50    3.12   -0.46  125.76   40.41
 2007  51    3.12   -0.48  111.77   40.61
 2007  52    3.12   -0.49   97.79   40.81
 2007  53    3.12   -0.51   83.81   41.02
 2007  54    3.12   -0.52   69.83   41.22
 2007  55    3.12   -0.54   55.85   41.42
 2007  56    3.12   -0.55   41.87   41.62
 2007  57    3.12   -0.57   27.89   41.83
 2007  58    3.11   -0.58   13.91   42.03
 2007  59    3.11   -0.60  359.92   42.24
 2007  60    3.11   -0.61  345.94   42.44
 2007  61    3.11   -0.63  331.96   42.64
 2007  62    3.11   -0.64  317.98   42.85
 2007  63    3.11   -0.66  304.00   43.05
 2007  64    3.11   -0.68  290.02   43.26
 2007  65    3.11   -0.69  276.04   43.46
 2007  66    3.11   -0.71  262.06   43.67
 2007  67    3.11   -0.72  248.08   43.87
 2007  68    3.10   -0.74  234.10   44.08
 2007  69    3.10   -0.75  220.13   44.28
 2007  70    3.10   -0.77  206.15   44.49
 2007  71    3.10   -0.78  192.17   44.69
 2007  72    3.10   -0.80  178.19   44.90
 2007  73    3.10   -0.81  164.21   45.10
 2007  74    3.10   -0.83  150.23   45.31
 2007  75    3.10   -0.85  136.25   45.51
 2007  76    3.10   -0.86  122.27   45.72
 2007  77    3.10   -0.88  108.30   45.93
 2007  78    3.10   -0.89   94.32   46.13
 2007  79    3.09   -0.91   80.34   46.34
 2007  80    3.09   -0.92   66.36   46.54
 2007  81    3.09   -0.94   52.38   46.75
 2007  82    3.09   -0.95   38.41   46.96
 2007  83    3.09   -0.97   24.43   47.16
 2007  84    3.09   -0.98   10.45   47.37
 2007  85    3.09   -1.00  356.47   47.58
 2007  86    3.09   -1.01  342.50   47.78
 2007  87    3.09   -1.03  328.52   47.99
 2007  88    3.09   -1.05  314.54   48.20
 2007  89    3.09   -1.06  300.56   48.41
 2007  90    3.09   -1.08  286.59   48.61
 2007  91    3.08   -1.09  272.61   48.82
 2007  92    3.08   -1.11  258.63   49.03
 2007  93    3.08   -1.12  244.66   49.24
 2007  94    3.08   -1.14  230.68   49.45
 2007  95    3.08   -1.15  216.70   49.65
 2007  96    3.08   -1.17  202.73   49.86
 2007  97    3.08   -1.18  188.75   50.07
 2007  98    3.08   -1.20  174.78   50.28
 2007  99    3.08   -1.21  160.80   50.49
 2007 100    3.08   -1.23  146.82   50.69
 2007 101    3.08   -1.24  132.85   50.90
 2007 102    3.08   -1.26  118.87   51.11
 2007 103    3.08   -1.28  104.90   51.32
 2007 104    3.08   -1.29   90.92   51.53
 2007 105    3.08   -1.31   76.95   51.74
 2007 106    3.07   -1.32   62.97   51.95
 2007 107    3.07   -1.34   48.99   52.16
 2007 108    3.07   -1.35   35.02   52.37
 2007 109    3.07   -1.37   21.04   52.58
 2007 110    3.07   -1.38    7.07   52.78
 2007 111    3.07   -1.40  353.09   52.99
 2007 112    3.07   -1.41  339.12   53.20
 2007 113    3.07   -1.43  325.15   53.41
 2007 114    3.07   -1.44  311.17   53.62
 2007 115    3.07   -1.46  297.20   53.83
 2007 116    3.07   -1.47  283.22   54.04
 2007 117    3.07   -1.49  269.25   54.25
 2007 118    3.07   -1.50  255.27   54.46
 2007 119    3.07   -1.52  241.30   54.67
 2007 120    3.07   -1.53  227.32   54.88
 2007 121    3.07   -1.55  213.35   55.09
 2007 122    3.07   -1.56  199.38   55.30
 2007 123    3.07   -1.58  185.40   55.51
 2007 124    3.07   -1.59  171.43   55.72
 2007 125    3.06   -1.61  157.45   55.93
 2007 126    3.06   -1.62  143.48   56.14
 2007 127    3.06   -1.64  129.51   56.36
 2007 128    3.06   -1.65  115.53   56.57
 2007 129    3.06   -1.67  101.56   56.78
 2007 130    3.06   -1.68   87.58   56.99
 2007 131    3.06   -1.70   73.61   57.20
 2007 132    3.06   -1.71   59.64   57.41
 2007 133    3.06   -1.73   45.66   57.62
 2007 134    3.06   -1.74   31.69   57.83
 2007 135    3.06   -1.76   17.72   58.04
 2007 136    3.06   -1.77    3.74   58.25
 2007 137    3.06   -1.78  349.77   58.46
 2007 138    3.06   -1.80  335.80   58.68
 2007 139    3.06   -1.81  321.82   58.89
 2007 140    3.06   -1.83  307.85   59.10
 2007 141    3.06   -1.84  293.88   59.31
 2007 142    3.06   -1.86  279.90   59.52
 2007 143    3.06   -1.87  265.93   59.73
 2007 144    3.06   -1.89  251.96   59.94
 2007 145    3.06   -1.90  237.99   60.15
 2007 146    3.06   -1.92  224.01   60.37
 2007 147    3.06   -1.93  210.04   60.58
 2007 148    3.06   -1.95  196.07   60.79
 2007 149    3.06   -1.96  182.09   61.00
 2007 150    3.06   -1.97  168.12   61.21
 2007 151    3.06   -1.99  154.15   61.42
 2007 152    3.06   -2.00  140.17   61.63
 2007 153    3.06   -2.02  126.20   61.85
 2007 154    3.06   -2.03  112.23   62.06
 2007 155    3.06   -2.05   98.26   62.27
 2007 156    3.06   -2.06   84.28   62.48
 2007 157    3.06   -2.07   70.31   62.69
 2007 158    3.06   -2.09   56.34   62.90
 2007 159    3.06   -2.10   42.37   63.12
 2007 160    3.06   -2.12   28.39   63.33
 2007 161    3.06   -2.13   14.42   63.54
 2007 162    3.06   -2.14    0.45   63.75
 2007 163    3.06   -2.16  346.48   63.96
 2007 164    3.06   -2.17  332.50   64.18
 2007 165    3.06   -2.19  318.53   64.39
 2007 166    3.06   -2.20  304.56   64.60
 2007 167    3.06   -2.21  290.59   64.81
 2007 168    3.06   -2.23  276.61   65.02
 2007 169    3.06   -2.24  262.64   65.23
 2007 170    3.06   -2.26  248.67   65.45
 2007 171    3.06   -2.27  234.69   65.66
 2007 172    3.06   -2.28  220.72   65.87
 2007 173    3.06   -2.30  206.75   66.08
 2007 174    3.06   -2.31  192.78   66.29
 2007 175    3.06   -2.33  178.80   66.51
 2007 176    3.06   -2.34  164.83   66.72
 2007 177    3.06   -2.35  150.86   66.93
 2007 178    3.06   -2.37  136.89   67.14
 2007 179    3.06   -2.38  122.91   67.35
 2007 180    3.06   -2.39  108.94   67.56
 2007 181    3.06   -2.41   94.97   67.78
 2007 182    3.06   -2.42   81.00   67.99
 2007 183    3.06   -2.43   67.02   68.20
 2007 184    3.06   -2.45   53.05   68.41
 2007 185    3.06   -2.46   39.08   68.62
 2007 186    3.06   -2.47   25.10   68.83
 2007 187    3.06   -2.49   11.13   69.05
 2007 189    3.06   -2.50  357.16   69.26
 2007 190    3.06   -2.51  343.19   69.47
 2007 191    3.06   -2.53  329.21   69.68
 2007 192    3.06   -2.54  315.24   69.89
 2007 193    3.06   -2.55  301.27   70.10
 2007 194    3.06   -2.57  287.29   70.32
 2007 195    3.06   -2.58  273.32   70.53
 2007 196    3.06   -2.59  259.35   70.74
 2007 197    3.06   -2.60  245.38   70.95
 2007 198    3.06   -2.62  231.40   71.16
 2007 199    3.06   -2.63  217.43   71.37
 2007 200    3.06   -2.64  203.46   71.58
 2007 201    3.06   -2.66  189.48   71.79
 2007 202    3.06   -2.67  175.51   72.01
 2007 203    3.06   -2.68  161.54   72.22
 2007 204    3.06   -2.69  147.56   72.43
 2007 205    3.06   -2.71  133.59   72.64
 2007 206    3.06   -2.72  119.62   72.85
 2007 207    3.06   -2.73  105.64   73.06
 2007 208    3.06   -2.74   91.67   73.27
 2007 209    3.07   -2.76   77.70   73.48
 2007 210    3.07   -2.77   63.72   73.69
 2007 211    3.07   -2.78   49.75   73.90
 2007 212    3.07   -2.79   35.77   74.11
 2007 213    3.07   -2.81   21.80   74.32
 2007 214    3.07   -2.82    7.83   74.53
 2007 215    3.07   -2.83  353.85   74.75
 2007 216    3.07   -2.84  339.88   74.96
 2007 217    3.07   -2.85  325.90   75.17
 2007 218    3.07   -2.87  311.93   75.38
 2007 219    3.07   -2.88  297.96   75.59
 2007 220    3.07   -2.89  283.98   75.80
 2007 221    3.07   -2.90  270.01   76.01
 2007 222    3.07   -2.92  256.03   76.22
 2007 223    3.07   -2.93  242.06   76.43
 2007 224    3.07   -2.94  228.08   76.64
 2007 225    3.07   -2.95  214.11   76.85
 2007 226    3.07   -2.96  200.14   77.06
 2007 227    3.07   -2.97  186.16   77.27
 2007 228    3.07   -2.99  172.19   77.48
 2007 229    3.08   -3.00  158.21   77.68
 2007 230    3.08   -3.01  144.24   77.89
 2007 231    3.08   -3.02  130.26   78.10
 2007 232    3.08   -3.03  116.29   78.31
 2007 233    3.08   -3.04  102.31   78.52
 2007 234    3.08   -3.05   88.33   78.73
 2007 235    3.08   -3.07   74.36   78.94
 2007 236    3.08   -3.08   60.38   79.15
 2007 237    3.08   -3.09   46.41   79.36
 2007 238    3.08   -3.10   32.43   79.57
 2007 239    3.08   -3.11   18.46   79.77
 2007 240    3.08   -3.12    4.48   79.98
 2007 241    3.08   -3.13  350.50   80.19
 2007 242    3.08   -3.14  336.53   80.40
 2007 243    3.09   -3.16  322.55   80.61
 2007 244    3.09   -3.17  308.58   80.82
 2007 245    3.09   -3.18  294.60   81.02
 2007 246    3.09   -3.19  280.62   81.23
 2007 247    3.09   -3.20  266.65   81.44
 2007 248    3.09   -3.21  252.67   81.65
 2007 249    3.09   -3.22  238.69   81.86
 2007 250    3.09   -3.23  224.72   82.06
 2007 251    3.09   -3.24  210.74   82.27
 2007 252    3.09   -3.25  196.76   82.48
 2007 253    3.09   -3.26  182.79   82.68
 2007 254    3.09   -3.27  168.81   82.89
 2007 255    3.09   -3.28  154.83   83.10
 2007 256    3.10   -3.29  140.85   83.31
 2007 257    3.10   -3.30  126.88   83.51
 2007 258    3.10   -3.31  112.90   83.72
 2007 259    3.10   -3.32   98.92   83.93
 2007 260    3.10   -3.33   84.94   84.13
 2007 261    3.10   -3.34   70.96   84.34
 2007 262    3.10   -3.35   56.99   84.54
 2007 263    3.10   -3.36   43.01   84.75
 2007 264    3.10   -3.37   29.03   84.96
 2007 265    3.10   -3.38   15.05   85.16
 2007 266    3.11   -3.39    1.07   85.37
 2007 267    3.11   -3.40  347.09   85.57
 2007 268    3.11   -3.41  333.11   85.78
 2007 269    3.11   -3.42  319.13   85.98
 2007 270    3.11   -3.43  305.15   86.19
 2007 271    3.11   -3.44  291.18   86.39
 2007 272    3.11   -3.45  277.20   86.60
 2007 273    3.11   -3.46  263.22   86.80
 2007 274    3.11   -3.47  249.24   87.01
 2007 275    3.11   -3.48  235.26   87.21
 2007 276    3.12   -3.49  221.28   87.42
 2007 277    3.12   -3.50  207.30   87.62
 2007 278    3.12   -3.51  193.32   87.83
 2007 279    3.12   -3.52  179.34   88.03
 2007 280    3.12   -3.53  165.36   88.23
 2007 281    3.12   -3.54  151.37   88.44
 2007 282    3.12   -3.55  137.39   88.64
 2007 283    3.12   -3.55  123.41   88.84
 2007 284    3.12   -3.56  109.43   89.05
 2007 285    3.13   -3.57   95.45   89.25
 2007 286    3.13   -3.58   81.47   89.45
 2007 287    3.13   -3.59   67.49   89.66
 2007 288    3.13   -3.60   53.51   89.86
 2007 289    3.13   -3.61   39.52   90.06
 2007 290    3.13   -3.62   25.54   90.26
 2007 291    3.13   -3.62   11.56   90.47
 2007 292    3.13   -3.63  357.58   90.67
 2007 293    3.13   -3.64  343.59   90.87
 2007 294    3.14   -3.65  329.61   91.07
 2007 295    3.14   -3.66  315.63   91.27
 2007 296    3.14   -3.67  301.65   91.47
 2007 297    3.14   -3.68  287.66   91.68
 2007 298    3.14   -3.68  273.68   91.88
 2007 299    3.14   -3.69  259.70   92.08
 2007 300    3.14   -3.70  245.71   92.28
 2007 301    3.14   -3.71  231.73   92.48
 2007 302    3.15   -3.72  217.75   92.68
 2007 303    3.15   -3.72  203.76   92.88
 2007 304    3.15   -3.73  189.78   93.08
 2007 305    3.15   -3.74  175.79   93.28
 2007 306    3.15   -3.75  161.81   93.48
 2007 307    3.15   -3.76  147.82   93.68
 2007 308    3.15   -3.76  133.84   93.88
 2007 309    3.16   -3.77  119.85   94.08
 2007 310    3.16   -3.78  105.87   94.28
 2007 311    3.16   -3.79   91.88   94.48
 2007 312    3.16   -3.79   77.90   94.68
 2007 313    3.16   -3.80   63.91   94.88
 2007 314    3.16   -3.81   49.93   95.07
 2007 315    3.16   -3.82   35.94   95.27
 2007 316    3.17   -3.82   21.95   95.47
 2007 317    3.17   -3.83    7.97   95.67
 2007 318    3.17   -3.84  353.98   95.87
 2007 319    3.17   -3.84  339.99   96.06
 2007 320    3.17   -3.85  326.01   96.26
 2007 321    3.17   -3.86  312.02   96.46
 2007 322    3.17   -3.87  298.03   96.66
 2007 323    3.18   -3.87  284.05   96.85
 2007 324    3.18   -3.88  270.06   97.05
 2007 325    3.18   -3.89  256.07   97.25
 2007 326    3.18   -3.89  242.08   97.44
 2007 327    3.18   -3.90  228.09   97.64
 2007 328    3.18   -3.91  214.11   97.83
 2007 329    3.18   -3.91  200.12   98.03
 2007 330    3.19   -3.92  186.13   98.23
 2007 331    3.19   -3.93  172.14   98.42
 2007 332    3.19   -3.93  158.15   98.62
 2007 333    3.19   -3.94  144.16   98.81
 2007 334    3.19   -3.95  130.17   99.01
 2007 335    3.19   -3.95  116.18   99.20
 2007 336    3.19   -3.96  102.19   99.40
 2007 337    3.20   -3.96   88.20   99.59
 2007 338    3.20   -3.97   74.21   99.78
 2007 339    3.20   -3.98   60.22   99.98
 2007 340    3.20   -3.98   46.23  100.17
 2007 341    3.20   -3.99   32.24  100.37
 2007 342    3.20   -3.99   18.25  100.56
 2007 343    3.21   -4.00    4.26  100.75
 2007 344    3.21   -4.01  350.27  100.95
 2007 345    3.21   -4.01  336.27  101.14
 2007 346    3.21   -4.02  322.28  101.33
 2007 347    3.21   -4.02  308.29  101.52
 2007 348    3.21   -4.03  294.30  101.72
 2007 349    3.22   -4.03  280.31  101.91
 2007 350    3.22   -4.04  266.31  102.10
 2007 351    3.22   -4.05  252.32  102.29
 2007 352    3.22   -4.05  238.33  102.48
 2007 353    3.22   -4.06  224.34  102.67
 2007 354    3.22   -4.06  210.34  102.87
 2007 355    3.23   -4.07  196.35  103.06
 2007 356    3.23   -4.07  182.35  103.25
 2007 357    3.23   -4.08  168.36  103.44
 2007 358    3.23   -4.08  154.37  103.63
 2007 359    3.23   -4.09  140.37  103.82
 2007 360    3.23   -4.09  126.38  104.01
 2007 361    3.24   -4.10  112.38  104.20
 2007 362    3.24   -4.10   98.39  104.39
 2007 363    3.24   -4.11   84.39  104.58
 2007 364    3.24   -4.11   70.40  104.77
 2007 365    3.24   -4.12   56.40  104.95
 2008   1    3.25   -4.12   42.41  105.14
 2008   1    3.25   -4.13   28.41  105.33
 2008   2    3.25   -4.13   14.41  105.52
 2008   3    3.25   -4.14    0.42  105.71
 2008   4    3.25   -4.14  346.42  105.90
 2008   5    3.25   -4.14  332.42  106.08
 2008   6    3.26   -4.15  318.43  106.27
 2008   7    3.26   -4.15  304.43  106.46
 2008   8    3.26   -4.16  290.43  106.64
 2008   9    3.26   -4.16  276.44  106.83
 2008  10    3.26   -4.17  262.44  107.02
 2008  11    3.27   -4.17  248.44  107.20
 2008  12    3.27   -4.17  234.44  107.39
 2008  13    3.27   -4.18  220.44  107.58
 2008  14    3.27   -4.18  206.44  107.76
 2008  15    3.27   -4.19  192.45  107.95
 2008  16    3.27   -4.19  178.45  108.13
 2008  17    3.28   -4.19  164.45  108.32
 2008  18    3.28   -4.20  150.45  108.50
 2008  19    3.28   -4.20  136.45  108.69
 2008  20    3.28   -4.21  122.45  108.87
 2008  21    3.28   -4.21  108.45  109.06
 2008  22    3.29   -4.21   94.45  109.24
 2008  23    3.29   -4.22   80.45  109.42
 2008  24    3.29   -4.22   66.45  109.61
 2008  25    3.29   -4.22   52.44  109.79
 2008  26    3.29   -4.23   38.44  109.97
 2008  27    3.30   -4.23   24.44  110.16
 2008  28    3.30   -4.23   10.44  110.34
 2008  29    3.30   -4.24  356.44  110.52
 2008  30    3.30   -4.24  342.44  110.70
 2008  31    3.30   -4.24  328.43  110.89
 2008  32    3.31   -4.25  314.43  111.07
 2008  33    3.31   -4.25  300.43  111.25
 2008  34    3.31   -4.25  286.43  111.43
 2008  35    3.31   -4.26  272.42  111.61
 2008  36    3.31   -4.26  258.42  111.79
 2008  37    3.32   -4.26  244.42  111.97
 2008  38    3.32   -4.27  230.41  112.16
 2008  39    3.32   -4.27  216.41  112.34
 2008  40    3.32   -4.27  202.40  112.52
 2008  41    3.32   -4.27  188.40  112.70
 2008  42    3.33   -4.28  174.39  112.88
 2008  43    3.33   -4.28  160.39  113.05
 2008  44    3.33   -4.28  146.38  113.23
 2008  45    3.33   -4.29  132.38  113.41
 2008  46    3.33   -4.29  118.37  113.59
 2008  47    3.34   -4.29  104.37  113.77
 2008  48    3.34   -4.29   90.36  113.95
 2008  49    3.34   -4.30   76.35  114.13
 2008  50    3.34   -4.30   62.35  114.30
 2008  51    3.34   -4.30   48.34  114.48
 2008  52    3.35   -4.30   34.33  114.66
 2008  53    3.35   -4.30   20.33  114.84
 2008  54    3.35   -4.31    6.32  115.01
 2008  55    3.35   -4.31  352.31  115.19
 2008  56    3.36   -4.31  338.30  115.37
 2008  57    3.36   -4.31  324.30  115.54
 2008  58    3.36   -4.31  310.29  115.72
 2008  59    3.36   -4.32  296.28  115.90
 2008  60    3.36   -4.32  282.27  116.07
 2008  61    3.37   -4.32  268.26  116.25
 2008  62    3.37   -4.32  254.25  116.42
 2008  63    3.37   -4.32  240.24  116.60
 2008  64    3.37   -4.33  226.23  116.77
 2008  65    3.37   -4.33  212.22  116.95
 2008  66    3.38   -4.33  198.21  117.12
 2008  67    3.38   -4.33  184.20  117.29
 2008  68    3.38   -4.33  170.19  117.47
 2008  69    3.38   -4.33  156.18  117.64
 2008  70    3.39   -4.34  142.17  117.82
 2008  71    3.39   -4.34  128.16  117.99
 2008  72    3.39   -4.34  114.15  118.16
 2008  73    3.39   -4.34  100.14  118.33
 2008  74    3.39   -4.34   86.13  118.51
 2008  75    3.40   -4.34   72.11  118.68
 2008  76    3.40   -4.34   58.10  118.85
 2008  77    3.40   -4.35   44.09  119.02
 2008  78    3.40   -4.35   30.08  119.20
 2008  79    3.41   -4.35   16.06  119.37
 2008  80    3.41   -4.35    2.05  119.54
 2008  81    3.41   -4.35  348.04  119.71
 2008  82    3.41   -4.35  334.02  119.88
 2008  83    3.41   -4.35  320.01  120.05
 2008  84    3.42   -4.35  305.99  120.22
 2008  85    3.42   -4.35  291.98  120.39
 2008  86    3.42   -4.35  277.97  120.56
 2008  87    3.42   -4.36  263.95  120.73
 2008  88    3.43   -4.36  249.94  120.90
 2008  89    3.43   -4.36  235.92  121.07
 2008  90    3.43   -4.36  221.90  121.24
 2008  91    3.43   -4.36  207.89  121.41
 2008  92    3.44   -4.36  193.87  121.57
 2008  93    3.44   -4.36  179.86  121.74
 2008  94    3.44   -4.36  165.84  121.91
 2008  95    3.44   -4.36  151.82  122.08
 2008  96    3.44   -4.36  137.81  122.25
 2008  97    3.45   -4.36  123.79  122.41
 2008  98    3.45   -4.36  109.77  122.58
 2008  99    3.45   -4.36   95.76  122.75
 2008 100    3.45   -4.36   81.74  122.91
 2008 101    3.46   -4.36   67.72  123.08
 2008 102    3.46   -4.36   53.70  123.25
 2008 103    3.46   -4.36   39.68  123.41
 2008 104    3.46   -4.36   25.66  123.58
 2008 105    3.47   -4.36   11.65  123.74
 2008 106    3.47   -4.36  357.63  123.91
 2008 107    3.47   -4.36  343.61  124.07
 2008 108    3.47   -4.36  329.59  124.24
 2008 109    3.48   -4.36  315.57  124.40
 2008 110    3.48   -4.36  301.55  124.57
 2008 111    3.48   -4.36  287.53  124.73
 2008 112    3.48   -4.36  273.51  124.90
 2008 113    3.48   -4.36  259.49  125.06
 2008 114    3.49   -4.36  245.47  125.22
 2008 115    3.49   -4.36  231.44  125.39
 2008 116    3.49   -4.36  217.42  125.55
 2008 117    3.49   -4.36  203.40  125.71
 2008 118    3.50   -4.36  189.38  125.88
 2008 119    3.50   -4.36  175.36  126.04
 2008 120    3.50   -4.36  161.34  126.20
 2008 121    3.50   -4.36  147.31  126.36
 2008 122    3.51   -4.36  133.29  126.52
 2008 123    3.51   -4.36  119.27  126.69
 2008 124    3.51   -4.36  105.24  126.85
 2008 125    3.51   -4.36   91.22  127.01
 2008 126    3.52   -4.36   77.20  127.17
 2008 127    3.52   -4.36   63.17  127.33
 2008 128    3.52   -4.36   49.15  127.49
 2008 129    3.52   -4.36   35.13  127.65
 2008 130    3.53   -4.36   21.10  127.81
 2008 131    3.53   -4.36    7.08  127.97
 2008 132    3.53   -4.36  353.05  128.13
 2008 133    3.53   -4.35  339.03  128.29
 2008 134    3.54   -4.35  325.00  128.45
 2008 135    3.54   -4.35  310.98  128.61
 2008 136    3.54   -4.35  296.95  128.76
 2008 137    3.54   -4.35  282.92  128.92
 2008 138    3.55   -4.35  268.90  129.08
 2008 139    3.55   -4.35  254.87  129.24
 2008 140    3.55   -4.35  240.84  129.40
 2008 141    3.55   -4.35  226.82  129.55
 2008 142    3.56   -4.35  212.79  129.71
 2008 143    3.56   -4.34  198.76  129.87
 2008 144    3.56   -4.34  184.74  130.02
 2008 145    3.56   -4.34  170.71  130.18
 2008 146    3.57   -4.34  156.68  130.34
 2008 147    3.57   -4.34  142.65  130.49
 2008 148    3.57   -4.34  128.62  130.65
 2008 149    3.57   -4.34  114.59  130.81
 2008 150    3.58   -4.34  100.57  130.96
 2008 151    3.58   -4.33   86.54  131.12
 2008 152    3.58   -4.33   72.51  131.27
 2008 153    3.58   -4.33   58.48  131.43
 2008 154    3.59   -4.33   44.45  131.58
 2008 155    3.59   -4.33   30.42  131.74
 2008 156    3.59   -4.33   16.39  131.89
 2008 157    3.59   -4.33    2.36  132.04
 2008 158    3.60   -4.32  348.33  132.20
 2008 159    3.60   -4.32  334.30  132.35
 2008 160    3.60   -4.32  320.26  132.50
 2008 161    3.60   -4.32  306.23  132.66
 2008 162    3.61   -4.32  292.20  132.81
 2008 163    3.61   -4.32  278.17  132.96
 2008 164    3.61   -4.31  264.14  133.12
 2008 165    3.61   -4.31  250.11  133.27
 2008 166    3.62   -4.31  236.07  133.42
 2008 167    3.62   -4.31  222.04  133.57
 2008 168    3.62   -4.31  208.01  133.72
 2008 169    3.62   -4.30  193.97  133.87
 2008 170    3.63   -4.30  179.94  134.03
 2008 171    3.63   -4.30  165.91  134.18
 2008 172    3.63   -4.30  151.87  134.33
 2008 173    3.63   -4.30  137.84  134.48
 2008 174    3.64   -4.29  123.81  134.63
 2008 175    3.64   -4.29  109.77  134.78
 2008 176    3.64   -4.29   95.74  134.93
 2008 177    3.64   -4.29   81.70  135.08
 2008 178    3.65   -4.29   67.67  135.23
 2008 179    3.65   -4.28   53.63  135.38
 2008 180    3.65   -4.28   39.60  135.52
 2008 181    3.66   -4.28   25.56  135.67
 2008 182    3.66   -4.28   11.53  135.82
 2008 183    3.66   -4.28  357.49  135.97
 2008 184    3.66   -4.27  343.45  136.12
 2008 185    3.67   -4.27  329.42  136.27
 2008 186    3.67   -4.27  315.38  136.41
 2008 187    3.67   -4.27  301.34  136.56
 2008 189    3.67   -4.26  287.31  136.71
 2008 190    3.68   -4.26  273.27  136.86
 2008 191    3.68   -4.26  259.23  137.00
 2008 192    3.68   -4.26  245.19  137.15
 2008 193    3.68   -4.25  231.16  137.30
 2008 194    3.69   -4.25  217.12  137.44
 2008 195    3.69   -4.25  203.08  137.59
 2008 196    3.69   -4.25  189.04  137.73
 2008 197    3.69   -4.24  175.00  137.88
 2008 198    3.70   -4.24  160.96  138.03
 2008 199    3.70   -4.24  146.92  138.17
 2008 200    3.70   -4.24  132.88  138.32
 2008 201    3.71   -4.23  118.84  138.46
 2008 202    3.71   -4.23  104.80  138.61
 2008 203    3.71   -4.23   90.76  138.75
 2008 204    3.71   -4.23   76.72  138.89
 2008 205    3.72   -4.22   62.68  139.04
 2008 206    3.72   -4.22   48.64  139.18
 2008 207    3.72   -4.22   34.60  139.32
 2008 208    3.72   -4.21   20.56  139.47
 2008 209    3.73   -4.21    6.52  139.61
 2008 210    3.73   -4.21  352.48  139.75
 2008 211    3.73   -4.21  338.44  139.90
 2008 212    3.73   -4.20  324.40  140.04
 2008 213    3.74   -4.20  310.35  140.18
 2008 214    3.74   -4.20  296.31  140.32
 2008 215    3.74   -4.19  282.27  140.47
 2008 216    3.75   -4.19  268.23  140.61
 2008 217    3.75   -4.19  254.18  140.75
 2008 218    3.75   -4.18  240.14  140.89
 2008 219    3.75   -4.18  226.10  141.03
 2008 220    3.76   -4.18  212.05  141.17
 2008 221    3.76   -4.18  198.01  141.31
 2008 222    3.76   -4.17  183.97  141.45
 2008 223    3.76   -4.17  169.92  141.59
 2008 224    3.77   -4.17  155.88  141.73
 2008 225    3.77   -4.16  141.83  141.87
 2008 226    3.77   -4.16  127.79  142.01
 2008 227    3.77   -4.16  113.74  142.15
 2008 228    3.78   -4.15   99.70  142.29
 2008 229    3.78   -4.15   85.65  142.43
 2008 230    3.78   -4.15   71.61  142.57
 2008 231    3.79   -4.14   57.56  142.71
 2008 232    3.79   -4.14   43.52  142.85
 2008 233    3.79   -4.14   29.47  142.99
 2008 234    3.79   -4.13   15.42  143.12
 2008 235    3.80   -4.13    1.38  143.26
 2008 236    3.80   -4.13  347.33  143.40
 2008 237    3.80   -4.12  333.28  143.54
 2008 238    3.80   -4.12  319.24  143.67
 2008 239    3.81   -4.12  305.19  143.81
 2008 240    3.81   -4.11  291.14  143.95
 2008 241    3.81   -4.11  277.09  144.09
 2008 242    3.82   -4.11  263.05  144.22
 2008 243    3.82   -4.10  249.00  144.36
 2008 244    3.82   -4.10  234.95  144.49
 2008 245    3.82   -4.10  220.90  144.63
 2008 246    3.83   -4.09  206.85  144.77
 2008 247    3.83   -4.09  192.80  144.90
 2008 248    3.83   -4.08  178.75  145.04
 2008 249    3.83   -4.08  164.70  145.17
 2008 250    3.84   -4.08  150.66  145.31
 2008 251    3.84   -4.07  136.61  145.44
 2008 252    3.84   -4.07  122.56  145.58
 2008 253    3.84   -4.07  108.51  145.71
 2008 254    3.85   -4.06   94.46  145.84
 2008 255    3.85   -4.06   80.41  145.98
 2008 256    3.85   -4.05   66.35  146.11
 2008 257    3.86   -4.05   52.30  146.25
 2008 258    3.86   -4.05   38.25  146.38
 2008 259    3.86   -4.04   24.20  146.51
 2008 260    3.86   -4.04   10.15  146.65
 2008 261    3.87   -4.04  356.10  146.78
 2008 262    3.87   -4.03  342.05  146.91
 2008 263    3.87   -4.03  328.00  147.04
 2008 264    3.87   -4.02  313.94  147.18
 2008 265    3.88   -4.02  299.89  147.31
 2008 266    3.88   -4.02  285.84  147.44
 2008 267    3.88   -4.01  271.79  147.57
 2008 268    3.89   -4.01  257.73  147.70
 2008 269    3.89   -4.00  243.68  147.84
 2008 270    3.89   -4.00  229.63  147.97
 2008 271    3.89   -4.00  215.57  148.10
 2008 272    3.90   -3.99  201.52  148.23
 2008 273    3.90   -3.99  187.47  148.36
 2008 274    3.90   -3.98  173.41  148.49
 2008 275    3.90   -3.98  159.36  148.62
 2008 276    3.91   -3.98  145.30  148.75
 2008 277    3.91   -3.97  131.25  148.88
 2008 278    3.91   -3.97  117.19  149.01
 2008 279    3.92   -3.96  103.14  149.14
 2008 280    3.92   -3.96   89.09  149.27
 2008 281    3.92   -3.96   75.03  149.40
 2008 282    3.92   -3.95   60.97  149.53
 2008 283    3.93   -3.95   46.92  149.66
 2008 284    3.93   -3.94   32.86  149.78
 2008 285    3.93   -3.94   18.81  149.91
 2008 286    3.94   -3.93    4.75  150.04
 2008 287    3.94   -3.93  350.69  150.17
 2008 288    3.94   -3.93  336.64  150.30
 2008 289    3.94   -3.92  322.58  150.42
 2008 290    3.95   -3.92  308.52  150.55
 2008 291    3.95   -3.91  294.47  150.68
 2008 292    3.95   -3.91  280.41  150.81
 2008 293    3.95   -3.91  266.35  150.93
 2008 294    3.96   -3.90  252.30  151.06
 2008 295    3.96   -3.90  238.24  151.19
 2008 296    3.96   -3.89  224.18  151.31
 2008 297    3.97   -3.89  210.12  151.44
 2008 298    3.97   -3.88  196.06  151.57
 2008 299    3.97   -3.88  182.00  151.69
 2008 300    3.97   -3.87  167.95  151.82
 2008 301    3.98   -3.87  153.89  151.94
 2008 302    3.98   -3.87  139.83  152.07
 2008 303    3.98   -3.86  125.77  152.19
 2008 304    3.98   -3.86  111.71  152.32
 2008 305    3.99   -3.85   97.65  152.44
 2008 306    3.99   -3.85   83.59  152.57
 2008 307    3.99   -3.84   69.53  152.69
 2008 308    4.00   -3.84   55.47  152.82
 2008 309    4.00   -3.83   41.41  152.94
 2008 310    4.00   -3.83   27.35  153.07
 2008 311    4.00   -3.83   13.29  153.19
 2008 312    4.01   -3.82  359.23  153.31
 2008 313    4.01   -3.82  345.17  153.44
 2008 314    4.01   -3.81  331.11  153.56
 2008 315    4.01   -3.81  317.05  153.68
 2008 316    4.02   -3.80  302.98  153.81
 2008 317    4.02   -3.80  288.92  153.93
 2008 318    4.02   -3.79  274.86  154.05
 2008 319    4.03   -3.79  260.80  154.17
 2008 320    4.03   -3.78  246.74  154.30
 2008 321    4.03   -3.78  232.68  154.42
 2008 322    4.03   -3.77  218.61  154.54
 2008 323    4.04   -3.77  204.55  154.66
 2008 324    4.04   -3.77  190.49  154.78
 2008 325    4.04   -3.76  176.42  154.91
 2008 326    4.05   -3.76  162.36  155.03
 2008 327    4.05   -3.75  148.30  155.15
 2008 328    4.05   -3.75  134.24  155.27
 2008 329    4.05   -3.74  120.17  155.39
 2008 330    4.06   -3.74  106.11  155.51
 2008 331    4.06   -3.73   92.04  155.63
 2008 332    4.06   -3.73   77.98  155.75
 2008 333    4.06   -3.72   63.92  155.87
 2008 334    4.07   -3.72   49.85  155.99
 2008 335    4.07   -3.71   35.79  156.11
 2008 336    4.07   -3.71   21.72  156.23
 2008 337    4.08   -3.70    7.66  156.35
 2008 338    4.08   -3.70  353.59  156.47
 2008 339    4.08   -3.69  339.53  156.59
 2008 340    4.08   -3.69  325.46  156.71
 2008 341    4.09   -3.68  311.40  156.83
 2008 342    4.09   -3.68  297.33  156.95
 2008 343    4.09   -3.67  283.26  157.06
 2008 344    4.09   -3.67  269.20  157.18
 2008 345    4.10   -3.67  255.13  157.30
 2008 346    4.10   -3.66  241.07  157.42
 2008 347    4.10   -3.66  227.00  157.54
 2008 348    4.11   -3.65  212.93  157.65
 2008 349    4.11   -3.65  198.87  157.77
 2008 350    4.11   -3.64  184.80  157.89
 2008 351    4.11   -3.64  170.73  158.01
 2008 352    4.12   -3.63  156.66  158.12
 2008 353    4.12   -3.63  142.60  158.24
 2008 354    4.12   -3.62  128.53  158.36
 2008 355    4.13   -3.62  114.46  158.47
 2008 356    4.13   -3.61  100.39  158.59
 2008 357    4.13   -3.61   86.33  158.71
 2008 358    4.13   -3.60   72.26  158.82
 2008 359    4.14   -3.60   58.19  158.94
 2008 360    4.14   -3.59   44.12  159.06
 2008 361    4.14   -3.59   30.05  159.17
 2008 362    4.14   -3.58   15.98  159.29
 2008 363    4.15   -3.58    1.91  159.40
 2008 364    4.15   -3.57  347.84  159.52
 2008 365    4.15   -3.57  333.78  159.63
 2008 366    4.16   -3.56  319.71  159.75
 2008 366    4.16   -3.56  305.64  159.86
 2009   1    4.16   -3.55  291.57  159.98
 2009   2    4.16   -3.55  277.50  160.09
 2009   3    4.17   -3.54  263.43  160.21
 2009   4    4.17   -3.54  249.36  160.32
 2009   5    4.17   -3.53  235.29  160.43
 2009   6    4.17   -3.53  221.22  160.55
 2009   7    4.18   -3.52  207.14  160.66
 2009   8    4.18   -3.51  193.07  160.77
 2009   9    4.18   -3.51  179.00  160.89
 2009  10    4.19   -3.50  164.93  161.00
 2009  11    4.19   -3.50  150.86  161.11
 2009  12    4.19   -3.49  136.79  161.23
 2009  13    4.19   -3.49  122.72  161.34
 2009  14    4.20   -3.48  108.65  161.45
 2009  15    4.20   -3.48   94.57  161.57
 2009  16    4.20   -3.47   80.50  161.68
 2009  17    4.20   -3.47   66.43  161.79
 2009  18    4.21   -3.46   52.36  161.90
 2009  19    4.21   -3.46   38.29  162.01
 2009  20    4.21   -3.45   24.21  162.13
 2009  21    4.22   -3.45   10.14  162.24
 2009  22    4.22   -3.44  356.07  162.35
 2009  23    4.22   -3.44  341.99  162.46
 2009  24    4.22   -3.43  327.92  162.57
 2009  25    4.23   -3.43  313.85  162.68
 2009  26    4.23   -3.42  299.77  162.79
 2009  27    4.23   -3.42  285.70  162.90
 2009  28    4.23   -3.41  271.63  163.02
 2009  29    4.24   -3.41  257.55  163.13
 2009  30    4.24   -3.40  243.48  163.24
 2009  31    4.24   -3.40  229.40  163.35
 2009  32    4.25   -3.39  215.33  163.46
 2009  33    4.25   -3.38  201.26  163.57
 2009  34    4.25   -3.38  187.18  163.68
 2009  35    4.25   -3.37  173.11  163.79
 2009  36    4.26   -3.37  159.03  163.90
 2009  37    4.26   -3.36  144.96  164.00
 2009  38    4.26   -3.36  130.88  164.11
 2009  39    4.26   -3.35  116.81  164.22
 2009  40    4.27   -3.35  102.73  164.33
 2009  41    4.27   -3.34   88.65  164.44
 2009  42    4.27   -3.34   74.58  164.55
 2009  43    4.28   -3.33   60.50  164.66
 2009  44    4.28   -3.33   46.43  164.77
 2009  45    4.28   -3.32   32.35  164.87
 2009  46    4.28   -3.32   18.27  164.98
 2009  47    4.29   -3.31    4.20  165.09
 2009  48    4.29   -3.30  350.12  165.20
 2009  49    4.29   -3.30  336.04  165.31
 2009  50    4.29   -3.29  321.97  165.41
 2009  51    4.30   -3.29  307.89  165.52
 2009  52    4.30   -3.28  293.81  165.63
 2009  53    4.30   -3.28  279.74  165.74
 2009  54    4.31   -3.27  265.66  165.84
 2009  55    4.31   -3.27  251.58  165.95
 2009  56    4.31   -3.26  237.50  166.06
 2009  57    4.31   -3.26  223.43  166.16
 2009  58    4.32   -3.25  209.35  166.27
 2009  59    4.32   -3.25  195.27  166.38
 2009  60    4.32   -3.24  181.19  166.48
 2009  61    4.32   -3.23  167.11  166.59
 2009  62    4.33   -3.23  153.03  166.69
 2009  63    4.33   -3.22  138.96  166.80
 2009  64    4.33   -3.22  124.88  166.90
 2009  65    4.33   -3.21  110.80  167.01
 2009  66    4.34   -3.21   96.72  167.12
 2009  67    4.34   -3.20   82.64  167.22
 2009  68    4.34   -3.20   68.56  167.33
 2009  69    4.35   -3.19   54.48  167.43
 2009  70    4.35   -3.19   40.40  167.54
 2009  71    4.35   -3.18   26.32  167.64
 2009  72    4.35   -3.18   12.24  167.75
 2009  73    4.36   -3.17  358.16  167.85
 2009  74    4.36   -3.16  344.08  167.95
 2009  75    4.36   -3.16  330.00  168.06
 2009  76    4.36   -3.15  315.92  168.16
 2009  77    4.37   -3.15  301.84  168.27
 2009  78    4.37   -3.14  287.76  168.37
 2009  79    4.37   -3.14  273.68  168.47
 2009  80    4.38   -3.13  259.60  168.58
 2009  81    4.38   -3.13  245.52  168.68
 2009  82    4.38   -3.12  231.44  168.78
 2009  83    4.38   -3.11  217.36  168.89
 2009  84    4.39   -3.11  203.28  168.99
 2009  85    4.39   -3.10  189.19  169.09
 2009  86    4.39   -3.10  175.11  169.20
 2009  87    4.39   -3.09  161.03  169.30
 2009  88    4.40   -3.09  146.95  169.40
 2009  89    4.40   -3.08  132.87  169.50
 2009  90    4.40   -3.08  118.78  169.61
 2009  91    4.40   -3.07  104.70  169.71
 2009  92    4.41   -3.07   90.62  169.81
 2009  93    4.41   -3.06   76.54  169.91
 2009  94    4.41   -3.05   62.45  170.01
 2009  95    4.42   -3.05   48.37  170.12
 2009  96    4.42   -3.04   34.29  170.22
 2009  97    4.42   -3.04   20.21  170.32
 2009  98    4.42   -3.03    6.12  170.42
 2009  99    4.43   -3.03  352.04  170.52
 2009 100    4.43   -3.02  337.96  170.62
 2009 101    4.43   -3.02  323.87  170.72
 2009 102    4.43   -3.01  309.79  170.82
 2009 103    4.44   -3.00  295.71  170.92
 2009 104    4.44   -3.00  281.62  171.03
 2009 105    4.44   -2.99  267.54  171.13
 2009 106    4.44   -2.99  253.45  171.23
 2009 107    4.45   -2.98  239.37  171.33
 2009 108    4.45   -2.98  225.29  171.43
 2009 109    4.45   -2.97  211.20  171.53
 2009 110    4.45   -2.97  197.12  171.63
 2009 111    4.46   -2.96  183.03  171.73
 2009 112    4.46   -2.95  168.95  171.83
 2009 113    4.46   -2.95  154.86  171.93
 2009 114    4.47   -2.94  140.78  172.02
 2009 115    4.47   -2.94  126.69  172.12
 2009 116    4.47   -2.93  112.61  172.22
 2009 117    4.47   -2.93   98.52  172.32
 2009 118    4.48   -2.92   84.44  172.42
 2009 119    4.48   -2.91   70.35  172.52
 2009 120    4.48   -2.91   56.27  172.62
 2009 121    4.48   -2.90   42.18  172.72
 2009 122    4.49   -2.90   28.09  172.82
 2009 123    4.49   -2.89   14.01  172.91
 2009 124    4.49   -2.89  359.92  173.01
 2009 125    4.49   -2.88  345.83  173.11
 2009 126    4.50   -2.88  331.75  173.21
 2009 127    4.50   -2.87  317.66  173.31
 2009 128    4.50   -2.86  303.58  173.40
 2009 129    4.50   -2.86  289.49  173.50
 2009 130    4.51   -2.85  275.40  173.60
 2009 131    4.51   -2.85  261.31  173.70
 2009 132    4.51   -2.84  247.23  173.79
 2009 133    4.52   -2.84  233.14  173.89
 2009 134    4.52   -2.83  219.05  173.99
 2009 135    4.52   -2.82  204.97  174.09
 2009 136    4.52   -2.82  190.88  174.18
 2009 137    4.53   -2.81  176.79  174.28
 2009 138    4.53   -2.81  162.70  174.38
 2009 139    4.53   -2.80  148.61  174.47
 2009 140    4.53   -2.80  134.53  174.57
 2009 141    4.54   -2.79  120.44  174.66
 2009 142    4.54   -2.79  106.35  174.76
 2009 143    4.54   -2.78   92.26  174.86
 2009 144    4.54   -2.77   78.17  174.95
 2009 145    4.55   -2.77   64.09  175.05
 2009 146    4.55   -2.76   50.00  175.14
 2009 147    4.55   -2.76   35.91  175.24
 2009 148    4.55   -2.75   21.82  175.34
 2009 149    4.56   -2.75    7.73  175.43
 2009 150    4.56   -2.74  353.64  175.53
 2009 151    4.56   -2.73  339.55  175.62
 2009 152    4.56   -2.73  325.46  175.72
 2009 153    4.57   -2.72  311.37  175.81
 2009 154    4.57   -2.72  297.28  175.91
 2009 155    4.57   -2.71  283.19  176.00
 2009 156    4.57   -2.71  269.10  176.10
 2009 157    4.58   -2.70  255.01  176.19
 2009 158    4.58   -2.70  240.92  176.28
 2009 159    4.58   -2.69  226.83  176.38
 2009 160    4.58   -2.68  212.74  176.47
 2009 161    4.59   -2.68  198.65  176.57
 2009 162    4.59   -2.67  184.56  176.66
 2009 163    4.59   -2.67  170.47  176.76
 2009 164    4.60   -2.66  156.38  176.85
 2009 165    4.60   -2.66  142.29  176.94
 2009 166    4.60   -2.65  128.20  177.04
 2009 167    4.60   -2.64  114.11  177.13
 2009 168    4.61   -2.64  100.02  177.22
 2009 169    4.61   -2.63   85.93  177.32
 2009 170    4.61   -2.63   71.84  177.41
 2009 171    4.61   -2.62   57.75  177.50
 2009 172    4.62   -2.62   43.65  177.60
 2009 173    4.62   -2.61   29.56  177.69
 2009 174    4.62   -2.60   15.47  177.78
 2009 175    4.62   -2.60    1.38  177.87
 2009 176    4.63   -2.59  347.29  177.97
 2009 177    4.63   -2.59  333.20  178.06
 2009 178    4.63   -2.58  319.10  178.15
 2009 179    4.63   -2.58  305.01  178.24
 2009 180    4.64   -2.57  290.92  178.34
 2009 181    4.64   -2.56  276.83  178.43
 2009 182    4.64   -2.56  262.73  178.52
 2009 183    4.64   -2.55  248.64  178.61
 2009 184    4.65   -2.55  234.55  178.70
 2009 185    4.65   -2.54  220.46  178.80
 2009 186    4.65   -2.54  206.36  178.89
 2009 187    4.65   -2.53  192.27  178.98
 2009 188    4.66   -2.52  178.18  179.07
 2009 189    4.66   -2.52  164.08  179.16
 2009 190    4.66   -2.51  149.99  179.25
 2009 191    4.66   -2.51  135.90  179.34
 2009 192    4.67   -2.50  121.80  179.43
 2009 193    4.67   -2.50  107.71  179.53
 2009 194    4.67   -2.49   93.62  179.62
 2009 195    4.67   -2.49   79.52  179.71
 2009 196    4.68   -2.48   65.43  179.80
 2009 197    4.68   -2.47   51.34  179.89
 2009 198    4.68   -2.47   37.24  179.98
 2009 199    4.68   -2.46   23.15  180.07
 2009 200    4.69   -2.46    9.05  180.16
 2009 201    4.69   -2.45  354.96  180.25
 2009 202    4.69   -2.45  340.86  180.34
 2009 203    4.69   -2.44  326.77  180.43
 2009 204    4.70   -2.43  312.68  180.52
 2009 205    4.70   -2.43  298.58  180.61
 2009 206    4.70   -2.42  284.49  180.70
 2009 207    4.70   -2.42  270.39  180.79
 2009 208    4.71   -2.41  256.30  180.88
 2009 209    4.71   -2.41  242.20  180.97
 2009 210    4.71   -2.40  228.11  181.05
 2009 211    4.71   -2.39  214.01  181.14
 2009 212    4.72   -2.39  199.92  181.23
 2009 213    4.72   -2.38  185.82  181.32
 2009 214    4.72   -2.38  171.72  181.41
 2009 215    4.72   -2.37  157.63  181.50
 2009 216    4.73   -2.37  143.53  181.59
 2009 217    4.73   -2.36  129.44  181.68
 2009 218    4.73   -2.35  115.34  181.77
 2009 219    4.73   -2.35  101.25  181.85
 2009 220    4.74   -2.34   87.15  181.94
 2009 221    4.74   -2.34   73.05  182.03
 2009 222    4.74   -2.33   58.96  182.12
 2009 223    4.74   -2.33   44.86  182.21
 2009 224    4.75   -2.32   30.76  182.29
 2009 225    4.75   -2.31   16.67  182.38
 2009 226    4.75   -2.31    2.57  182.47
 2009 227    4.75   -2.30  348.47  182.56
 2009 228    4.75   -2.30  334.38  182.65
 2009 229    4.76   -2.29  320.28  182.73
 2009 230    4.76   -2.29  306.18  182.82
 2009 231    4.76   -2.28  292.09  182.91
 2009 232    4.76   -2.28  277.99  182.99
 2009 233    4.77   -2.27  263.89  183.08
 2009 234    4.77   -2.26  249.79  183.17
 2009 235    4.77   -2.26  235.70  183.26
 2009 236    4.77   -2.25  221.60  183.34
 2009 237    4.78   -2.25  207.50  183.43
 2009 238    4.78   -2.24  193.40  183.52
 2009 239    4.78   -2.24  179.31  183.60
 2009 240    4.78   -2.23  165.21  183.69
 2009 241    4.79   -2.22  151.11  183.78
 2009 242    4.79   -2.22  137.01  183.86
 2009 243    4.79   -2.21  122.91  183.95
 2009 244    4.79   -2.21  108.82  184.03
 2009 245    4.80   -2.20   94.72  184.12
 2009 246    4.80   -2.20   80.62  184.21
 2009 247    4.80   -2.19   66.52  184.29
 2009 248    4.80   -2.18   52.42  184.38
 2009 249    4.81   -2.18   38.32  184.46
 2009 250    4.81   -2.17   24.22  184.55
 2009 251    4.81   -2.17   10.13  184.63
 2009 252    4.81   -2.16  356.03  184.72
 2009 253    4.82   -2.16  341.93  184.81
 2009 254    4.82   -2.15  327.83  184.89
 2009 255    4.82   -2.14  313.73  184.98
 2009 256    4.82   -2.14  299.63  185.06
 2009 257    4.82   -2.13  285.53  185.15
 2009 258    4.83   -2.13  271.43  185.23
 2009 259    4.83   -2.12  257.33  185.32
 2009 260    4.83   -2.12  243.23  185.40
 2009 261    4.83   -2.11  229.13  185.49
 2009 262    4.84   -2.11  215.03  185.57
 2009 263    4.84   -2.10  200.93  185.65
 2009 264    4.84   -2.09  186.83  185.74
 2009 265    4.84   -2.09  172.73  185.82
 2009 266    4.85   -2.08  158.63  185.91
 2009 267    4.85   -2.08  144.53  185.99
 2009 268    4.85   -2.07  130.43  186.08
 2009 269    4.85   -2.07  116.33  186.16
 2009 270    4.86   -2.06  102.23  186.24
 2009 271    4.86   -2.05   88.13  186.33
 2009 272    4.86   -2.05   74.03  186.41
 2009 273    4.86   -2.04   59.93  186.50
 2009 274    4.86   -2.04   45.83  186.58
 2009 275    4.87   -2.03   31.73  186.66
 2009 276    4.87   -2.03   17.63  186.75
 2009 277    4.87   -2.02    3.53  186.83
 2009 278    4.87   -2.02  349.42  186.91
 2009 279    4.88   -2.01  335.32  187.00
 2009 280    4.88   -2.00  321.22  187.08
 2009 281    4.88   -2.00  307.12  187.16
 2009 282    4.88   -1.99  293.02  187.24
 2009 283    4.89   -1.99  278.92  187.33
 2009 284    4.89   -1.98  264.82  187.41
 2009 285    4.89   -1.98  250.71  187.49
 2009 286    4.89   -1.97  236.61  187.58
 2009 287    4.90   -1.96  222.51  187.66
 2009 288    4.90   -1.96  208.41  187.74
 2009 289    4.90   -1.95  194.31  187.82
 2009 290    4.90   -1.95  180.20  187.91
 2009 291    4.90   -1.94  166.10  187.99
 2009 292    4.91   -1.94  152.00  188.07
 2009 293    4.91   -1.93  137.90  188.15
 2009 294    4.91   -1.93  123.80  188.23
 2009 295    4.91   -1.92  109.69  188.32
 2009 296    4.92   -1.91   95.59  188.40
 2009 297    4.92   -1.91   81.49  188.48
 2009 298    4.92   -1.90   67.39  188.56
 2009 299    4.92   -1.90   53.28  188.64
 2009 300    4.92   -1.89   39.18  188.72
 2009 301    4.93   -1.89   25.08  188.81
 2009 302    4.93   -1.88   10.97  188.89
 2009 303    4.93   -1.87  356.87  188.97
 2009 304    4.93   -1.87  342.77  189.05
 2009 305    4.94   -1.86  328.66  189.13
 2009 306    4.94   -1.86  314.56  189.21
 2009 307    4.94   -1.85  300.46  189.29
 2009 308    4.94   -1.85  286.35  189.37
 2009 309    4.95   -1.84  272.25  189.46
 2009 310    4.95   -1.84  258.15  189.54
 2009 311    4.95   -1.83  244.04  189.62
 2009 312    4.95   -1.82  229.94  189.70
 2009 313    4.95   -1.82  215.84  189.78
 2009 314    4.96   -1.81  201.73  189.86
 2009 315    4.96   -1.81  187.63  189.94
 2009 316    4.96   -1.80  173.52  190.02
 2009 317    4.96   -1.80  159.42  190.10
 2009 318    4.97   -1.79  145.32  190.18
 2009 319    4.97   -1.79  131.21  190.26
 2009 320    4.97   -1.78  117.11  190.34
 2009 321    4.97   -1.77  103.00  190.42
 2009 322    4.97   -1.77   88.90  190.50
 2009 323    4.98   -1.76   74.79  190.58
 2009 324    4.98   -1.76   60.69  190.66
 2009 325    4.98   -1.75   46.58  190.74
 2009 326    4.98   -1.75   32.48  190.82
 2009 327    4.99   -1.74   18.38  190.90
 2009 328    4.99   -1.74    4.27  190.98
 2009 329    4.99   -1.73  350.17  191.06
 2009 330    4.99   -1.72  336.06  191.14
 2009 331    4.99   -1.72  321.96  191.22
 2009 332    5.00   -1.71  307.85  191.30
 2009 333    5.00   -1.71  293.74  191.38
 2009 334    5.00   -1.70  279.64  191.45
 2009 335    5.00   -1.70  265.53  191.53
 2009 336    5.01   -1.69  251.43  191.61
 2009 337    5.01   -1.69  237.32  191.69
 2009 338    5.01   -1.68  223.22  191.77
 2009 339    5.01   -1.67  209.11  191.85
 2009 340    5.01   -1.67  195.01  191.93
 2009 341    5.02   -1.66  180.90  192.01
 2009 342    5.02   -1.66  166.79  192.08
 2009 343    5.02   -1.65  152.69  192.16
 2009 344    5.02   -1.65  138.58  192.24
 2009 345    5.03   -1.64  124.48  192.32
 2009 346    5.03   -1.64  110.37  192.40
 2009 347    5.03   -1.63   96.26  192.48
 2009 348    5.03   -1.62   82.16  192.55
 2009 349    5.03   -1.62   68.05  192.63
 2009 350    5.04   -1.61   53.95  192.71
 2009 351    5.04   -1.61   39.84  192.79
 2009 352    5.04   -1.60   25.73  192.87
 2009 353    5.04   -1.60   11.63  192.94
 2009 354    5.05   -1.59  357.52  193.02
 2009 355    5.05   -1.59  343.41  193.10
 2009 356    5.05   -1.58  329.31  193.18
 2009 357    5.05   -1.57  315.20  193.25
 2009 358    5.05   -1.57  301.09  193.33
 2009 359    5.06   -1.56  286.98  193.41
 2009 360    5.06   -1.56  272.88  193.49
 2009 361    5.06   -1.55  258.77  193.56
 2009 362    5.06   -1.55  244.66  193.64
 2009 363    5.06   -1.54  230.56  193.72
 2009 364    5.07   -1.54  216.45  193.79
