 YYYY DOY     AU    HG_LAT  HG_LON  HGI_LON   from orbital elements with epoch: 2010-Mar-7.8208 
 2008   1    4.15    1.45    7.27   70.01
 2008   2    4.15    1.47  353.20   70.12
 2008   3    4.15    1.50  339.12   70.22
 2008   4    4.14    1.53  325.04   70.33
 2008   5    4.14    1.55  310.96   70.44
 2008   6    4.14    1.58  296.89   70.54
 2008   7    4.14    1.61  282.81   70.65
 2008   8    4.14    1.63  268.73   70.76
 2008   9    4.14    1.66  254.66   70.87
 2008  10    4.14    1.69  240.58   70.97
 2008  11    4.13    1.72  226.50   71.08
 2008  12    4.13    1.74  212.42   71.19
 2008  13    4.13    1.77  198.35   71.30
 2008  14    4.13    1.80  184.27   71.41
 2008  15    4.13    1.82  170.19   71.51
 2008  16    4.13    1.85  156.12   71.62
 2008  17    4.13    1.88  142.04   71.73
 2008  18    4.12    1.91  127.97   71.84
 2008  19    4.12    1.93  113.89   71.95
 2008  20    4.12    1.96   99.81   72.05
 2008  21    4.12    1.99   85.74   72.16
 2008  22    4.12    2.02   71.66   72.27
 2008  23    4.12    2.04   57.59   72.38
 2008  24    4.12    2.07   43.51   72.49
 2008  25    4.11    2.10   29.43   72.60
 2008  26    4.11    2.12   15.36   72.71
 2008  27    4.11    2.15    1.28   72.81
 2008  28    4.11    2.18  347.21   72.92
 2008  29    4.11    2.21  333.13   73.03
 2008  30    4.11    2.23  319.06   73.14
 2008  31    4.11    2.26  304.98   73.25
 2008  32    4.10    2.29  290.91   73.36
 2008  33    4.10    2.32  276.83   73.47
 2008  34    4.10    2.34  262.76   73.58
 2008  35    4.10    2.37  248.68   73.69
 2008  36    4.10    2.40  234.61   73.80
 2008  37    4.10    2.43  220.53   73.91
 2008  38    4.10    2.45  206.46   74.02
 2008  39    4.09    2.48  192.38   74.13
 2008  40    4.09    2.51  178.31   74.24
 2008  41    4.09    2.54  164.23   74.35
 2008  42    4.09    2.56  150.16   74.46
 2008  43    4.09    2.59  136.09   74.57
 2008  44    4.09    2.62  122.01   74.68
 2008  45    4.08    2.65  107.94   74.79
 2008  46    4.08    2.67   93.86   74.90
 2008  47    4.08    2.70   79.79   75.01
 2008  48    4.08    2.73   65.72   75.12
 2008  49    4.08    2.76   51.64   75.23
 2008  50    4.08    2.78   37.57   75.34
 2008  51    4.08    2.81   23.50   75.45
 2008  52    4.07    2.84    9.42   75.56
 2008  53    4.07    2.87  355.35   75.67
 2008  54    4.07    2.89  341.28   75.79
 2008  55    4.07    2.92  327.20   75.90
 2008  56    4.07    2.95  313.13   76.01
 2008  57    4.07    2.98  299.06   76.12
 2008  58    4.07    3.00  284.98   76.23
 2008  59    4.06    3.03  270.91   76.34
 2008  60    4.06    3.06  256.84   76.45
 2008  61    4.06    3.09  242.77   76.57
 2008  62    4.06    3.11  228.69   76.68
 2008  63    4.06    3.14  214.62   76.79
 2008  64    4.06    3.17  200.55   76.90
 2008  65    4.05    3.20  186.48   77.01
 2008  66    4.05    3.23  172.40   77.13
 2008  67    4.05    3.25  158.33   77.24
 2008  68    4.05    3.28  144.26   77.35
 2008  69    4.05    3.31  130.19   77.46
 2008  70    4.05    3.34  116.12   77.58
 2008  71    4.05    3.36  102.04   77.69
 2008  72    4.04    3.39   87.97   77.80
 2008  73    4.04    3.42   73.90   77.91
 2008  74    4.04    3.45   59.83   78.03
 2008  75    4.04    3.48   45.76   78.14
 2008  76    4.04    3.50   31.69   78.25
 2008  77    4.04    3.53   17.62   78.37
 2008  78    4.03    3.56    3.55   78.48
 2008  79    4.03    3.59  349.47   78.59
 2008  80    4.03    3.61  335.40   78.71
 2008  81    4.03    3.64  321.33   78.82
 2008  82    4.03    3.67  307.26   78.93
 2008  83    4.03    3.70  293.19   79.05
 2008  84    4.02    3.73  279.12   79.16
 2008  85    4.02    3.75  265.05   79.28
 2008  86    4.02    3.78  250.98   79.39
 2008  87    4.02    3.81  236.91   79.50
 2008  88    4.02    3.84  222.84   79.62
 2008  89    4.02    3.87  208.77   79.73
 2008  90    4.02    3.89  194.70   79.85
 2008  91    4.01    3.92  180.63   79.96
 2008  92    4.01    3.95  166.56   80.08
 2008  93    4.01    3.98  152.49   80.19
 2008  94    4.01    4.01  138.42   80.31
 2008  95    4.01    4.03  124.35   80.42
 2008  96    4.01    4.06  110.28   80.54
 2008  97    4.00    4.09   96.21   80.65
 2008  98    4.00    4.12   82.14   80.77
 2008  99    4.00    4.15   68.08   80.88
 2008 100    4.00    4.17   54.01   81.00
 2008 101    4.00    4.20   39.94   81.11
 2008 102    4.00    4.23   25.87   81.23
 2008 103    3.99    4.26   11.80   81.35
 2008 104    3.99    4.29  357.73   81.46
 2008 105    3.99    4.31  343.66   81.58
 2008 106    3.99    4.34  329.60   81.69
 2008 107    3.99    4.37  315.53   81.81
 2008 108    3.99    4.40  301.46   81.93
 2008 109    3.99    4.43  287.39   82.04
 2008 110    3.98    4.45  273.32   82.16
 2008 111    3.98    4.48  259.26   82.28
 2008 112    3.98    4.51  245.19   82.39
 2008 113    3.98    4.54  231.12   82.51
 2008 114    3.98    4.57  217.05   82.63
 2008 115    3.98    4.59  202.99   82.74
 2008 116    3.97    4.62  188.92   82.86
 2008 117    3.97    4.65  174.85   82.98
 2008 118    3.97    4.68  160.78   83.09
 2008 119    3.97    4.71  146.72   83.21
 2008 120    3.97    4.73  132.65   83.33
 2008 121    3.97    4.76  118.58   83.45
 2008 122    3.96    4.79  104.52   83.57
 2008 123    3.96    4.82   90.45   83.68
 2008 124    3.96    4.85   76.38   83.80
 2008 125    3.96    4.87   62.32   83.92
 2008 126    3.96    4.90   48.25   84.04
 2008 127    3.96    4.93   34.18   84.16
 2008 128    3.95    4.96   20.12   84.27
 2008 129    3.95    4.99    6.05   84.39
 2008 130    3.95    5.01  351.99   84.51
 2008 131    3.95    5.04  337.92   84.63
 2008 132    3.95    5.07  323.86   84.75
 2008 133    3.95    5.10  309.79   84.87
 2008 134    3.94    5.13  295.72   84.99
 2008 135    3.94    5.15  281.66   85.11
 2008 136    3.94    5.18  267.59   85.22
 2008 137    3.94    5.21  253.53   85.34
 2008 138    3.94    5.24  239.46   85.46
 2008 139    3.94    5.27  225.40   85.58
 2008 140    3.94    5.30  211.34   85.70
 2008 141    3.93    5.32  197.27   85.82
 2008 142    3.93    5.35  183.21   85.94
 2008 143    3.93    5.38  169.14   86.06
 2008 144    3.93    5.41  155.08   86.18
 2008 145    3.93    5.44  141.01   86.30
 2008 146    3.93    5.46  126.95   86.42
 2008 147    3.92    5.49  112.89   86.54
 2008 148    3.92    5.52   98.82   86.66
 2008 149    3.92    5.55   84.76   86.79
 2008 150    3.92    5.58   70.69   86.91
 2008 151    3.92    5.60   56.63   87.03
 2008 152    3.92    5.63   42.57   87.15
 2008 153    3.91    5.66   28.50   87.27
 2008 154    3.91    5.69   14.44   87.39
 2008 155    3.91    5.72    0.38   87.51
 2008 156    3.91    5.74  346.32   87.63
 2008 157    3.91    5.77  332.25   87.75
 2008 158    3.91    5.80  318.19   87.88
 2008 159    3.90    5.83  304.13   88.00
 2008 160    3.90    5.86  290.06   88.12
 2008 161    3.90    5.88  276.00   88.24
 2008 162    3.90    5.91  261.94   88.36
 2008 163    3.90    5.94  247.88   88.49
 2008 164    3.90    5.97  233.82   88.61
 2008 165    3.89    6.00  219.75   88.73
 2008 166    3.89    6.03  205.69   88.85
 2008 167    3.89    6.05  191.63   88.98
 2008 168    3.89    6.08  177.57   89.10
 2008 169    3.89    6.11  163.51   89.22
 2008 170    3.89    6.14  149.45   89.35
 2008 171    3.88    6.17  135.39   89.47
 2008 172    3.88    6.19  121.32   89.59
 2008 173    3.88    6.22  107.26   89.72
 2008 174    3.88    6.25   93.20   89.84
 2008 175    3.88    6.28   79.14   89.96
 2008 176    3.88    6.31   65.08   90.09
 2008 177    3.87    6.33   51.02   90.21
 2008 178    3.87    6.36   36.96   90.34
 2008 179    3.87    6.39   22.90   90.46
 2008 180    3.87    6.42    8.84   90.58
 2008 181    3.87    6.45  354.78   90.71
 2008 182    3.87    6.47  340.72   90.83
 2008 183    3.86    6.50  326.66   90.96
 2008 184    3.86    6.53  312.60   91.08
 2008 185    3.86    6.56  298.54   91.21
 2008 186    3.86    6.59  284.48   91.33
 2008 187    3.86    6.61  270.42   91.46
 2008 188    3.86    6.64  256.36   91.58
 2008 189    3.85    6.67  242.31   91.71
 2008 190    3.85    6.70  228.25   91.83
 2008 191    3.85    6.72  214.19   91.96
 2008 192    3.85    6.75  200.13   92.09
 2008 193    3.85    6.78  186.07   92.21
 2008 194    3.85    6.81  172.01   92.34
 2008 195    3.84    6.84  157.95   92.46
 2008 196    3.84    6.86  143.90   92.59
 2008 197    3.84    6.89  129.84   92.72
 2008 198    3.84    6.92  115.78   92.84
 2008 199    3.84    6.95  101.72   92.97
 2008 200    3.83    6.98   87.67   93.10
 2008 201    3.83    7.00   73.61   93.22
 2008 202    3.83    7.03   59.55   93.35
 2008 203    3.83    7.06   45.49   93.48
 2008 204    3.83    7.09   31.44   93.61
 2008 205    3.83    7.11   17.38   93.73
 2008 206    3.82    7.14    3.32   93.86
 2008 207    3.82    7.17  349.27   93.99
 2008 208    3.82    7.20  335.21   94.12
 2008 209    3.82    7.23  321.15   94.24
 2008 210    3.82    7.25  307.10   94.37
 2008 211    3.82    7.28  293.04   94.50
 2008 212    3.81    7.31  278.98   94.63
 2008 213    3.81    7.34  264.93   94.76
 2008 214    3.81    7.36  250.87   94.89
 2008 215    3.81    7.39  236.82   95.01
 2008 216    3.81    7.42  222.76   95.14
 2008 217    3.81    7.45  208.71   95.27
 2008 218    3.80    7.48  194.65   95.40
 2008 219    3.80    7.50  180.60   95.53
 2008 220    3.80    7.53  166.54   95.66
 2008 221    3.80    7.56  152.49   95.79
 2008 222    3.80    7.59  138.43   95.92
 2008 223    3.80    7.61  124.38   96.05
 2008 224    3.79    7.64  110.32   96.18
 2008 225    3.79    7.67   96.27   96.31
 2008 226    3.79    7.70   82.21   96.44
 2008 227    3.79    7.72   68.16   96.57
 2008 228    3.79    7.75   54.11   96.70
 2008 229    3.79    7.78   40.05   96.83
 2008 230    3.78    7.81   26.00   96.96
 2008 231    3.78    7.83   11.94   97.09
 2008 232    3.78    7.86  357.89   97.22
 2008 233    3.78    7.89  343.84   97.35
 2008 234    3.78    7.92  329.78   97.49
 2008 235    3.78    7.94  315.73   97.62
 2008 236    3.77    7.97  301.68   97.75
 2008 237    3.77    8.00  287.63   97.88
 2008 238    3.77    8.03  273.57   98.01
 2008 239    3.77    8.05  259.52   98.14
 2008 240    3.77    8.08  245.47   98.28
 2008 241    3.77    8.11  231.42   98.41
 2008 242    3.76    8.13  217.36   98.54
 2008 243    3.76    8.16  203.31   98.67
 2008 244    3.76    8.19  189.26   98.81
 2008 245    3.76    8.22  175.21   98.94
 2008 246    3.76    8.24  161.16   99.07
 2008 247    3.75    8.27  147.11   99.21
 2008 248    3.75    8.30  133.06   99.34
 2008 249    3.75    8.32  119.00   99.47
 2008 250    3.75    8.35  104.95   99.61
 2008 251    3.75    8.38   90.90   99.74
 2008 252    3.75    8.41   76.85   99.87
 2008 253    3.74    8.43   62.80  100.01
 2008 254    3.74    8.46   48.75  100.14
 2008 255    3.74    8.49   34.70  100.27
 2008 256    3.74    8.51   20.65  100.41
 2008 257    3.74    8.54    6.60  100.54
 2008 258    3.74    8.57  352.55  100.68
 2008 259    3.73    8.60  338.50  100.81
 2008 260    3.73    8.62  324.45  100.95
 2008 261    3.73    8.65  310.40  101.08
 2008 262    3.73    8.68  296.35  101.22
 2008 263    3.73    8.70  282.31  101.35
 2008 264    3.73    8.73  268.26  101.49
 2008 265    3.72    8.76  254.21  101.62
 2008 266    3.72    8.78  240.16  101.76
 2008 267    3.72    8.81  226.11  101.90
 2008 268    3.72    8.84  212.06  102.03
 2008 269    3.72    8.86  198.01  102.17
 2008 270    3.72    8.89  183.97  102.31
 2008 271    3.71    8.92  169.92  102.44
 2008 272    3.71    8.94  155.87  102.58
 2008 273    3.71    8.97  141.82  102.72
 2008 274    3.71    9.00  127.78  102.85
 2008 275    3.71    9.02  113.73  102.99
 2008 276    3.70    9.05   99.68  103.13
 2008 277    3.70    9.08   85.63  103.26
 2008 278    3.70    9.10   71.59  103.40
 2008 279    3.70    9.13   57.54  103.54
 2008 280    3.70    9.16   43.49  103.68
 2008 281    3.70    9.18   29.45  103.82
 2008 282    3.69    9.21   15.40  103.95
 2008 283    3.69    9.23    1.36  104.09
 2008 284    3.69    9.26  347.31  104.23
 2008 285    3.69    9.29  333.26  104.37
 2008 286    3.69    9.31  319.22  104.51
 2008 287    3.69    9.34  305.17  104.65
 2008 288    3.68    9.37  291.13  104.79
 2008 289    3.68    9.39  277.08  104.92
 2008 290    3.68    9.42  263.04  105.06
 2008 291    3.68    9.44  248.99  105.20
 2008 292    3.68    9.47  234.95  105.34
 2008 293    3.68    9.50  220.90  105.48
 2008 294    3.67    9.52  206.86  105.62
 2008 295    3.67    9.55  192.81  105.76
 2008 296    3.67    9.57  178.77  105.90
 2008 297    3.67    9.60  164.73  106.04
 2008 298    3.67    9.63  150.68  106.18
 2008 299    3.67    9.65  136.64  106.33
 2008 300    3.66    9.68  122.59  106.47
 2008 301    3.66    9.70  108.55  106.61
 2008 302    3.66    9.73   94.51  106.75
 2008 303    3.66    9.76   80.46  106.89
 2008 304    3.66    9.78   66.42  107.03
 2008 305    3.66    9.81   52.38  107.17
 2008 306    3.65    9.83   38.34  107.31
 2008 307    3.65    9.86   24.29  107.46
 2008 308    3.65    9.88   10.25  107.60
 2008 309    3.65    9.91  356.21  107.74
 2008 310    3.65    9.93  342.17  107.88
 2008 311    3.64    9.96  328.13  108.03
 2008 312    3.64    9.99  314.08  108.17
 2008 313    3.64   10.01  300.04  108.31
 2008 314    3.64   10.04  286.00  108.45
 2008 315    3.64   10.06  271.96  108.60
 2008 316    3.64   10.09  257.92  108.74
 2008 317    3.63   10.11  243.88  108.88
 2008 318    3.63   10.14  229.84  109.03
 2008 319    3.63   10.16  215.80  109.17
 2008 320    3.63   10.19  201.76  109.32
 2008 321    3.63   10.21  187.72  109.46
 2008 322    3.63   10.24  173.68  109.60
 2008 323    3.62   10.26  159.64  109.75
 2008 324    3.62   10.29  145.60  109.89
 2008 325    3.62   10.31  131.56  110.04
 2008 326    3.62   10.34  117.52  110.18
 2008 327    3.62   10.36  103.48  110.33
 2008 328    3.62   10.39   89.44  110.47
 2008 329    3.61   10.41   75.40  110.62
 2008 330    3.61   10.44   61.36  110.76
 2008 331    3.61   10.46   47.32  110.91
 2008 332    3.61   10.48   33.28  111.06
 2008 333    3.61   10.51   19.25  111.20
 2008 334    3.61   10.53    5.21  111.35
 2008 335    3.60   10.56  351.17  111.50
 2008 336    3.60   10.58  337.13  111.64
 2008 337    3.60   10.61  323.09  111.79
 2008 338    3.60   10.63  309.06  111.94
 2008 339    3.60   10.66  295.02  112.08
 2008 340    3.60   10.68  280.98  112.23
 2008 341    3.59   10.70  266.95  112.38
 2008 342    3.59   10.73  252.91  112.52
 2008 343    3.59   10.75  238.87  112.67
 2008 344    3.59   10.78  224.84  112.82
 2008 345    3.59   10.80  210.80  112.97
 2008 346    3.59   10.82  196.76  113.12
 2008 347    3.58   10.85  182.73  113.26
 2008 348    3.58   10.87  168.69  113.41
 2008 349    3.58   10.90  154.66  113.56
 2008 350    3.58   10.92  140.62  113.71
 2008 351    3.58   10.94  126.58  113.86
 2008 352    3.57   10.97  112.55  114.01
 2008 353    3.57   10.99   98.51  114.16
 2008 354    3.57   11.01   84.48  114.31
 2008 355    3.57   11.04   70.44  114.46
 2008 356    3.57   11.06   56.41  114.61
 2008 357    3.57   11.08   42.38  114.76
 2008 358    3.56   11.11   28.34  114.91
 2008 359    3.56   11.13   14.31  115.06
 2008 360    3.56   11.15    0.27  115.21
 2008 361    3.56   11.18  346.24  115.36
 2008 362    3.56   11.20  332.21  115.51
 2008 363    3.56   11.22  318.17  115.66
 2008 364    3.55   11.25  304.14  115.81
 2008 365    3.55   11.27  290.11  115.96
 2008 366    3.55   11.29  276.07  116.11
 2008 366    3.55   11.32  262.04  116.27
 2009   1    3.55   11.34  248.01  116.42
 2009   2    3.55   11.36  233.98  116.57
 2009   3    3.54   11.38  219.94  116.72
 2009   4    3.54   11.41  205.91  116.87
 2009   5    3.54   11.43  191.88  117.03
 2009   6    3.54   11.45  177.85  117.18
 2009   7    3.54   11.47  163.82  117.33
 2009   8    3.54   11.50  149.78  117.49
 2009   9    3.53   11.52  135.75  117.64
 2009  10    3.53   11.54  121.72  117.79
 2009  11    3.53   11.56  107.69  117.95
 2009  12    3.53   11.59   93.66  118.10
 2009  13    3.53   11.61   79.63  118.25
 2009  14    3.53   11.63   65.60  118.41
 2009  15    3.52   11.65   51.57  118.56
 2009  16    3.52   11.67   37.54  118.72
 2009  17    3.52   11.70   23.51  118.87
 2009  18    3.52   11.72    9.48  119.03
 2009  19    3.52   11.74  355.45  119.18
 2009  20    3.52   11.76  341.42  119.34
 2009  21    3.51   11.78  327.39  119.49
 2009  22    3.51   11.80  313.36  119.65
 2009  23    3.51   11.83  299.33  119.80
 2009  24    3.51   11.85  285.31  119.96
 2009  25    3.51   11.87  271.28  120.11
 2009  26    3.51   11.89  257.25  120.27
 2009  27    3.50   11.91  243.22  120.43
 2009  28    3.50   11.93  229.19  120.58
 2009  29    3.50   11.95  215.16  120.74
 2009  30    3.50   11.97  201.14  120.90
 2009  31    3.50   12.00  187.11  121.05
 2009  32    3.50   12.02  173.08  121.21
 2009  33    3.49   12.04  159.06  121.37
 2009  34    3.49   12.06  145.03  121.52
 2009  35    3.49   12.08  131.00  121.68
 2009  36    3.49   12.10  116.97  121.84
 2009  37    3.49   12.12  102.95  122.00
 2009  38    3.49   12.14   88.92  122.16
 2009  39    3.49   12.16   74.90  122.31
 2009  40    3.48   12.18   60.87  122.47
 2009  41    3.48   12.20   46.84  122.63
 2009  42    3.48   12.22   32.82  122.79
 2009  43    3.48   12.24   18.79  122.95
 2009  44    3.48   12.26    4.77  123.11
 2009  45    3.48   12.28  350.74  123.27
 2009  46    3.47   12.30  336.72  123.43
 2009  47    3.47   12.32  322.69  123.59
 2009  48    3.47   12.34  308.67  123.75
 2009  49    3.47   12.36  294.64  123.91
 2009  50    3.47   12.38  280.62  124.07
 2009  51    3.47   12.40  266.60  124.23
 2009  52    3.46   12.42  252.57  124.39
 2009  53    3.46   12.44  238.55  124.55
 2009  54    3.46   12.46  224.53  124.71
 2009  55    3.46   12.48  210.50  124.87
 2009  56    3.46   12.50  196.48  125.03
 2009  57    3.46   12.52  182.46  125.19
 2009  58    3.45   12.53  168.43  125.35
 2009  59    3.45   12.55  154.41  125.52
 2009  60    3.45   12.57  140.39  125.68
 2009  61    3.45   12.59  126.37  125.84
 2009  62    3.45   12.61  112.34  126.00
 2009  63    3.45   12.63   98.32  126.16
 2009  64    3.45   12.65   84.30  126.33
 2009  65    3.44   12.67   70.28  126.49
 2009  66    3.44   12.68   56.26  126.65
 2009  67    3.44   12.70   42.24  126.82
 2009  68    3.44   12.72   28.21  126.98
 2009  69    3.44   12.74   14.19  127.14
 2009  70    3.44   12.76    0.17  127.31
 2009  71    3.43   12.77  346.15  127.47
 2009  72    3.43   12.79  332.13  127.63
 2009  73    3.43   12.81  318.11  127.80
 2009  74    3.43   12.83  304.09  127.96
 2009  75    3.43   12.85  290.07  128.13
 2009  76    3.43   12.86  276.05  128.29
 2009  77    3.42   12.88  262.03  128.46
 2009  78    3.42   12.90  248.01  128.62
 2009  79    3.42   12.91  233.99  128.79
 2009  80    3.42   12.93  219.97  128.95
 2009  81    3.42   12.95  205.96  129.12
 2009  82    3.42   12.97  191.94  129.28
 2009  83    3.42   12.98  177.92  129.45
 2009  84    3.41   13.00  163.90  129.62
 2009  85    3.41   13.02  149.88  129.78
 2009  86    3.41   13.03  135.86  129.95
 2009  87    3.41   13.05  121.85  130.12
 2009  88    3.41   13.07  107.83  130.28
 2009  89    3.41   13.08   93.81  130.45
 2009  90    3.40   13.10   79.79  130.62
 2009  91    3.40   13.11   65.78  130.78
 2009  92    3.40   13.13   51.76  130.95
 2009  93    3.40   13.15   37.74  131.12
 2009  94    3.40   13.16   23.73  131.29
 2009  95    3.40   13.18    9.71  131.45
 2009  96    3.40   13.19  355.69  131.62
 2009  97    3.39   13.21  341.68  131.79
 2009  98    3.39   13.23  327.66  131.96
 2009  99    3.39   13.24  313.65  132.13
 2009 100    3.39   13.26  299.63  132.30
 2009 101    3.39   13.27  285.62  132.47
 2009 102    3.39   13.29  271.60  132.63
 2009 103    3.38   13.30  257.59  132.80
 2009 104    3.38   13.32  243.57  132.97
 2009 105    3.38   13.33  229.56  133.14
 2009 106    3.38   13.35  215.54  133.31
 2009 107    3.38   13.36  201.53  133.48
 2009 108    3.38   13.37  187.51  133.65
 2009 109    3.38   13.39  173.50  133.82
 2009 110    3.37   13.40  159.48  133.99
 2009 111    3.37   13.42  145.47  134.17
 2009 112    3.37   13.43  131.46  134.34
 2009 113    3.37   13.45  117.44  134.51
 2009 114    3.37   13.46  103.43  134.68
 2009 115    3.37   13.47   89.42  134.85
 2009 116    3.37   13.49   75.41  135.02
 2009 117    3.36   13.50   61.39  135.19
 2009 118    3.36   13.51   47.38  135.37
 2009 119    3.36   13.53   33.37  135.54
 2009 120    3.36   13.54   19.36  135.71
 2009 121    3.36   13.55    5.34  135.88
 2009 122    3.36   13.57  351.33  136.05
 2009 123    3.36   13.58  337.32  136.23
 2009 124    3.35   13.59  323.31  136.40
 2009 125    3.35   13.61  309.30  136.57
 2009 126    3.35   13.62  295.29  136.75
 2009 127    3.35   13.63  281.28  136.92
 2009 128    3.35   13.64  267.26  137.09
 2009 129    3.35   13.65  253.25  137.27
 2009 130    3.35   13.67  239.24  137.44
 2009 131    3.34   13.68  225.23  137.62
 2009 132    3.34   13.69  211.22  137.79
 2009 133    3.34   13.70  197.21  137.96
 2009 134    3.34   13.71  183.20  138.14
 2009 135    3.34   13.73  169.19  138.31
 2009 136    3.34   13.74  155.18  138.49
 2009 137    3.34   13.75  141.17  138.66
 2009 138    3.33   13.76  127.17  138.84
 2009 139    3.33   13.77  113.16  139.01
 2009 140    3.33   13.78   99.15  139.19
 2009 141    3.33   13.79   85.14  139.37
 2009 142    3.33   13.80   71.13  139.54
 2009 143    3.33   13.82   57.12  139.72
 2009 144    3.33   13.83   43.11  139.89
 2009 145    3.32   13.84   29.11  140.07
 2009 146    3.32   13.85   15.10  140.25
 2009 147    3.32   13.86    1.09  140.42
 2009 148    3.32   13.87  347.08  140.60
 2009 149    3.32   13.88  333.08  140.78
 2009 150    3.32   13.89  319.07  140.95
 2009 151    3.32   13.90  305.06  141.13
 2009 152    3.31   13.91  291.05  141.31
 2009 153    3.31   13.92  277.05  141.49
 2009 154    3.31   13.92  263.04  141.66
 2009 155    3.31   13.93  249.04  141.84
 2009 156    3.31   13.94  235.03  142.02
 2009 157    3.31   13.95  221.02  142.20
 2009 158    3.31   13.96  207.02  142.38
 2009 159    3.30   13.97  193.01  142.56
 2009 160    3.30   13.98  179.01  142.74
 2009 161    3.30   13.99  165.00  142.91
 2009 162    3.30   14.00  150.99  143.09
 2009 163    3.30   14.00  136.99  143.27
 2009 164    3.30   14.01  122.98  143.45
 2009 165    3.30   14.02  108.98  143.63
 2009 166    3.30   14.03   94.98  143.81
 2009 167    3.29   14.04   80.97  143.99
 2009 168    3.29   14.04   66.97  144.17
 2009 169    3.29   14.05   52.96  144.35
 2009 170    3.29   14.06   38.96  144.53
 2009 171    3.29   14.07   24.95  144.71
 2009 172    3.29   14.07   10.95  144.89
 2009 173    3.29   14.08  356.95  145.07
 2009 174    3.29   14.09  342.94  145.25
 2009 175    3.28   14.09  328.94  145.44
 2009 176    3.28   14.10  314.94  145.62
 2009 177    3.28   14.11  300.93  145.80
 2009 178    3.28   14.11  286.93  145.98
 2009 179    3.28   14.12  272.93  146.16
 2009 180    3.28   14.13  258.93  146.34
 2009 181    3.28   14.13  244.92  146.53
 2009 182    3.28   14.14  230.92  146.71
 2009 183    3.27   14.14  216.92  146.89
 2009 184    3.27   14.15  202.92  147.07
 2009 185    3.27   14.15  188.92  147.26
 2009 186    3.27   14.16  174.91  147.44
 2009 187    3.27   14.16  160.91  147.62
 2009 189    3.27   14.17  146.91  147.80
 2009 190    3.27   14.17  132.91  147.99
 2009 191    3.27   14.18  118.91  148.17
 2009 192    3.26   14.18  104.91  148.35
 2009 193    3.26   14.19   90.91  148.54
 2009 194    3.26   14.19   76.91  148.72
 2009 195    3.26   14.20   62.91  148.91
 2009 196    3.26   14.20   48.91  149.09
 2009 197    3.26   14.20   34.91  149.27
 2009 198    3.26   14.21   20.91  149.46
 2009 199    3.26   14.21    6.91  149.64
 2009 200    3.25   14.22  352.91  149.83
 2009 201    3.25   14.22  338.91  150.01
 2009 202    3.25   14.22  324.91  150.20
 2009 203    3.25   14.23  310.91  150.38
 2009 204    3.25   14.23  296.91  150.57
 2009 205    3.25   14.23  282.91  150.75
 2009 206    3.25   14.23  268.91  150.94
 2009 207    3.25   14.24  254.91  151.13
 2009 208    3.24   14.24  240.91  151.31
 2009 209    3.24   14.24  226.92  151.50
 2009 210    3.24   14.24  212.92  151.68
 2009 211    3.24   14.24  198.92  151.87
 2009 212    3.24   14.25  184.92  152.06
 2009 213    3.24   14.25  170.92  152.24
 2009 214    3.24   14.25  156.93  152.43
 2009 215    3.24   14.25  142.93  152.62
 2009 216    3.24   14.25  128.93  152.80
 2009 217    3.23   14.25  114.93  152.99
 2009 218    3.23   14.25  100.94  153.18
 2009 219    3.23   14.26   86.94  153.36
 2009 220    3.23   14.26   72.94  153.55
 2009 221    3.23   14.26   58.95  153.74
 2009 222    3.23   14.26   44.95  153.93
 2009 223    3.23   14.26   30.95  154.11
 2009 224    3.23   14.26   16.96  154.30
 2009 225    3.23   14.26    2.96  154.49
 2009 226    3.22   14.26  348.96  154.68
 2009 227    3.22   14.26  334.97  154.87
 2009 228    3.22   14.26  320.97  155.06
 2009 229    3.22   14.26  306.98  155.24
 2009 230    3.22   14.25  292.98  155.43
 2009 231    3.22   14.25  278.98  155.62
 2009 232    3.22   14.25  264.99  155.81
 2009 233    3.22   14.25  250.99  156.00
 2009 234    3.22   14.25  237.00  156.19
 2009 235    3.21   14.25  223.00  156.38
 2009 236    3.21   14.25  209.01  156.57
 2009 237    3.21   14.24  195.01  156.76
 2009 238    3.21   14.24  181.02  156.95
 2009 239    3.21   14.24  167.02  157.14
 2009 240    3.21   14.24  153.03  157.33
 2009 241    3.21   14.24  139.04  157.52
 2009 242    3.21   14.23  125.04  157.71
 2009 243    3.21   14.23  111.05  157.90
 2009 244    3.21   14.23   97.05  158.09
 2009 245    3.20   14.22   83.06  158.28
 2009 246    3.20   14.22   69.07  158.47
 2009 247    3.20   14.22   55.07  158.66
 2009 248    3.20   14.21   41.08  158.85
 2009 249    3.20   14.21   27.08  159.04
 2009 250    3.20   14.21   13.09  159.23
 2009 251    3.20   14.20  359.10  159.42
 2009 252    3.20   14.20  345.10  159.61
 2009 253    3.20   14.19  331.11  159.81
 2009 254    3.20   14.19  317.12  160.00
 2009 255    3.19   14.19  303.13  160.19
 2009 256    3.19   14.18  289.13  160.38
 2009 257    3.19   14.18  275.14  160.57
 2009 258    3.19   14.17  261.15  160.76
 2009 259    3.19   14.17  247.16  160.96
 2009 260    3.19   14.16  233.16  161.15
 2009 261    3.19   14.15  219.17  161.34
 2009 262    3.19   14.15  205.18  161.53
 2009 263    3.19   14.14  191.19  161.73
 2009 264    3.19   14.14  177.20  161.92
 2009 265    3.18   14.13  163.20  162.11
 2009 266    3.18   14.12  149.21  162.30
 2009 267    3.18   14.12  135.22  162.50
 2009 268    3.18   14.11  121.23  162.69
 2009 269    3.18   14.10  107.24  162.88
 2009 270    3.18   14.10   93.25  163.08
 2009 271    3.18   14.09   79.26  163.27
 2009 272    3.18   14.08   65.26  163.46
 2009 273    3.18   14.08   51.27  163.66
 2009 274    3.18   14.07   37.28  163.85
 2009 275    3.18   14.06   23.29  164.04
 2009 276    3.18   14.05    9.30  164.24
 2009 277    3.17   14.04  355.31  164.43
 2009 278    3.17   14.04  341.32  164.62
 2009 279    3.17   14.03  327.33  164.82
 2009 280    3.17   14.02  313.34  165.01
 2009 281    3.17   14.01  299.35  165.21
 2009 282    3.17   14.00  285.36  165.40
 2009 283    3.17   13.99  271.37  165.60
 2009 284    3.17   13.98  257.38  165.79
 2009 285    3.17   13.97  243.39  165.98
 2009 286    3.17   13.96  229.40  166.18
 2009 287    3.17   13.95  215.41  166.37
 2009 288    3.17   13.95  201.42  166.57
 2009 289    3.16   13.94  187.43  166.76
 2009 290    3.16   13.92  173.44  166.96
 2009 291    3.16   13.91  159.45  167.15
 2009 292    3.16   13.90  145.46  167.35
 2009 293    3.16   13.89  131.47  167.54
 2009 294    3.16   13.88  117.48  167.74
 2009 295    3.16   13.87  103.50  167.93
 2009 296    3.16   13.86   89.51  168.13
 2009 297    3.16   13.85   75.52  168.33
 2009 298    3.16   13.84   61.53  168.52
 2009 299    3.16   13.83   47.54  168.72
 2009 300    3.16   13.81   33.55  168.91
 2009 301    3.16   13.80   19.56  169.11
 2009 302    3.15   13.79    5.57  169.30
 2009 303    3.15   13.78  351.59  169.50
 2009 304    3.15   13.77  337.60  169.70
 2009 305    3.15   13.75  323.61  169.89
 2009 306    3.15   13.74  309.62  170.09
 2009 307    3.15   13.73  295.63  170.28
 2009 308    3.15   13.71  281.64  170.48
 2009 309    3.15   13.70  267.66  170.68
 2009 310    3.15   13.69  253.67  170.87
 2009 311    3.15   13.67  239.68  171.07
 2009 312    3.15   13.66  225.69  171.27
 2009 313    3.15   13.65  211.71  171.46
 2009 314    3.15   13.63  197.72  171.66
 2009 315    3.15   13.62  183.73  171.86
 2009 316    3.14   13.60  169.74  172.05
 2009 317    3.14   13.59  155.75  172.25
 2009 318    3.14   13.58  141.77  172.45
 2009 319    3.14   13.56  127.78  172.64
 2009 320    3.14   13.55  113.79  172.84
 2009 321    3.14   13.53   99.80  173.04
 2009 322    3.14   13.52   85.82  173.24
 2009 323    3.14   13.50   71.83  173.43
 2009 324    3.14   13.48   57.84  173.63
 2009 325    3.14   13.47   43.86  173.83
 2009 326    3.14   13.45   29.87  174.02
 2009 327    3.14   13.44   15.88  174.22
 2009 328    3.14   13.42    1.90  174.42
 2009 329    3.14   13.40  347.91  174.62
 2009 330    3.14   13.39  333.92  174.81
 2009 331    3.14   13.37  319.93  175.01
 2009 332    3.13   13.35  305.95  175.21
 2009 333    3.13   13.34  291.96  175.41
 2009 334    3.13   13.32  277.97  175.60
 2009 335    3.13   13.30  263.99  175.80
 2009 336    3.13   13.28  250.00  176.00
 2009 337    3.13   13.27  236.01  176.20
 2009 338    3.13   13.25  222.03  176.40
 2009 339    3.13   13.23  208.04  176.59
 2009 340    3.13   13.21  194.06  176.79
 2009 341    3.13   13.19  180.07  176.99
 2009 342    3.13   13.18  166.08  177.19
 2009 343    3.13   13.16  152.10  177.39
 2009 344    3.13   13.14  138.11  177.58
 2009 345    3.13   13.12  124.12  177.78
 2009 346    3.13   13.10  110.14  177.98
 2009 347    3.13   13.08   96.15  178.18
 2009 348    3.13   13.06   82.16  178.38
 2009 349    3.13   13.04   68.18  178.57
 2009 350    3.13   13.02   54.19  178.77
 2009 351    3.12   13.00   40.21  178.97
 2009 352    3.12   12.98   26.22  179.17
 2009 353    3.12   12.96   12.23  179.37
 2009 354    3.12   12.94  358.25  179.57
 2009 355    3.12   12.92  344.26  179.76
 2009 356    3.12   12.90  330.28  179.96
 2009 357    3.12   12.88  316.29  180.16
 2009 358    3.12   12.86  302.30  180.36
 2009 359    3.12   12.84  288.32  180.56
 2009 360    3.12   12.82  274.33  180.76
 2009 361    3.12   12.80  260.35  180.96
 2009 362    3.12   12.77  246.36  181.15
 2009 363    3.12   12.75  232.38  181.35
 2009 364    3.12   12.73  218.39  181.55
 2009 365    3.12   12.71  204.40  181.75
 2009 365    3.12   12.69  190.42  181.95
 2010   1    3.12   12.66  176.43  182.15
 2010   2    3.12   12.64  162.45  182.35
 2010   3    3.12   12.62  148.46  182.54
 2010   4    3.12   12.60  134.48  182.74
 2010   5    3.12   12.57  120.49  182.94
 2010   6    3.12   12.55  106.50  183.14
 2010   7    3.12   12.53   92.52  183.34
 2010   8    3.12   12.50   78.53  183.54
 2010   9    3.12   12.48   64.55  183.74
 2010  10    3.11   12.46   50.56  183.94
 2010  11    3.11   12.43   36.58  184.13
 2010  12    3.11   12.41   22.59  184.33
 2010  13    3.11   12.38    8.60  184.53
 2010  14    3.11   12.36  354.62  184.73
 2010  15    3.11   12.33  340.63  184.93
 2010  16    3.11   12.31  326.65  185.13
 2010  17    3.11   12.29  312.66  185.33
 2010  18    3.11   12.26  298.68  185.53
 2010  19    3.11   12.24  284.69  185.72
 2010  20    3.11   12.21  270.70  185.92
 2010  21    3.11   12.19  256.72  186.12
 2010  22    3.11   12.16  242.73  186.32
 2010  23    3.11   12.13  228.75  186.52
 2010  24    3.11   12.11  214.76  186.72
 2010  25    3.11   12.08  200.78  186.92
 2010  26    3.11   12.06  186.79  187.12
 2010  27    3.11   12.03  172.80  187.31
 2010  28    3.11   12.00  158.82  187.51
 2010  29    3.11   11.98  144.83  187.71
 2010  30    3.11   11.95  130.85  187.91
 2010  31    3.11   11.92  116.86  188.11
 2010  32    3.11   11.90  102.88  188.31
 2010  33    3.11   11.87   88.89  188.51
 2010  34    3.11   11.84   74.90  188.71
 2010  35    3.11   11.81   60.92  188.90
 2010  36    3.11   11.79   46.93  189.10
 2010  37    3.11   11.76   32.95  189.30
 2010  38    3.11   11.73   18.96  189.50
 2010  39    3.11   11.70    4.98  189.70
 2010  40    3.11   11.68  350.99  189.90
 2010  41    3.11   11.65  337.00  190.09
 2010  42    3.11   11.62  323.02  190.29
 2010  43    3.11   11.59  309.03  190.49
 2010  44    3.11   11.56  295.05  190.69
 2010  45    3.11   11.53  281.06  190.89
 2010  46    3.11   11.50  267.07  191.09
 2010  47    3.11   11.48  253.09  191.29
 2010  48    3.11   11.45  239.10  191.48
 2010  49    3.11   11.42  225.12  191.68
 2010  50    3.11   11.39  211.13  191.88
 2010  51    3.11   11.36  197.14  192.08
 2010  52    3.11   11.33  183.16  192.28
 2010  53    3.11   11.30  169.17  192.47
 2010  54    3.11   11.27  155.18  192.67
 2010  55    3.11   11.24  141.20  192.87
 2010  56    3.11   11.21  127.21  193.07
 2010  57    3.11   11.18  113.23  193.27
 2010  58    3.11   11.15   99.24  193.47
 2010  59    3.11   11.12   85.25  193.66
 2010  60    3.11   11.09   71.27  193.86
 2010  61    3.11   11.05   57.28  194.06
 2010  62    3.11   11.02   43.29  194.26
 2010  63    3.11   10.99   29.31  194.45
 2010  64    3.11   10.96   15.32  194.65
 2010  65    3.11   10.93    1.33  194.85
 2010  66    3.11   10.90  347.35  195.05
 2010  67    3.11   10.87  333.36  195.25
 2010  68    3.11   10.83  319.37  195.44
 2010  69    3.11   10.80  305.39  195.64
 2010  70    3.11   10.77  291.40  195.84
 2010  71    3.11   10.74  277.41  196.04
 2010  72    3.11   10.71  263.43  196.23
 2010  73    3.11   10.67  249.44  196.43
 2010  74    3.11   10.64  235.45  196.63
 2010  75    3.11   10.61  221.46  196.83
 2010  76    3.11   10.58  207.48  197.02
 2010  77    3.11   10.54  193.49  197.22
 2010  78    3.11   10.51  179.50  197.42
 2010  79    3.11   10.48  165.52  197.61
 2010  80    3.11   10.44  151.53  197.81
 2010  81    3.11   10.41  137.54  198.01
 2010  82    3.11   10.38  123.55  198.20
 2010  83    3.11   10.34  109.57  198.40
 2010  84    3.11   10.31   95.58  198.60
 2010  85    3.11   10.28   81.59  198.80
 2010  86    3.11   10.24   67.60  198.99
 2010  87    3.11   10.21   53.62  199.19
 2010  88    3.11   10.17   39.63  199.39
 2010  89    3.11   10.14   25.64  199.58
 2010  90    3.11   10.10   11.65  199.78
 2010  91    3.11   10.07  357.66  199.97
 2010  92    3.11   10.04  343.68  200.17
 2010  93    3.11   10.00  329.69  200.37
 2010  94    3.11    9.97  315.70  200.56
 2010  95    3.11    9.93  301.71  200.76
 2010  96    3.11    9.90  287.72  200.96
 2010  97    3.11    9.86  273.73  201.15
 2010  98    3.11    9.82  259.75  201.35
 2010  99    3.11    9.79  245.76  201.54
 2010 100    3.11    9.75  231.77  201.74
 2010 101    3.11    9.72  217.78  201.94
 2010 102    3.11    9.68  203.79  202.13
 2010 103    3.11    9.65  189.80  202.33
 2010 104    3.11    9.61  175.81  202.52
 2010 105    3.11    9.57  161.83  202.72
 2010 106    3.11    9.54  147.84  202.91
 2010 107    3.11    9.50  133.85  203.11
 2010 108    3.11    9.47  119.86  203.30
 2010 109    3.11    9.43  105.87  203.50
 2010 110    3.11    9.39   91.88  203.69
 2010 111    3.11    9.36   77.89  203.89
 2010 112    3.11    9.32   63.90  204.08
 2010 113    3.11    9.28   49.91  204.28
 2010 114    3.11    9.25   35.92  204.47
 2010 115    3.11    9.21   21.93  204.67
 2010 116    3.11    9.17    7.94  204.86
 2010 117    3.11    9.13  353.95  205.06
 2010 118    3.11    9.10  339.96  205.25
 2010 119    3.11    9.06  325.97  205.45
 2010 120    3.11    9.02  311.98  205.64
 2010 121    3.11    8.98  297.99  205.84
 2010 122    3.11    8.95  284.00  206.03
 2010 123    3.12    8.91  270.01  206.22
 2010 124    3.12    8.87  256.02  206.42
 2010 125    3.12    8.83  242.03  206.61
 2010 126    3.12    8.79  228.04  206.81
 2010 127    3.12    8.76  214.05  207.00
 2010 128    3.12    8.72  200.06  207.19
 2010 129    3.12    8.68  186.07  207.39
 2010 130    3.12    8.64  172.08  207.58
 2010 131    3.12    8.60  158.09  207.77
 2010 132    3.12    8.56  144.10  207.97
 2010 133    3.12    8.52  130.11  208.16
 2010 134    3.12    8.49  116.11  208.35
 2010 135    3.12    8.45  102.12  208.55
 2010 136    3.12    8.41   88.13  208.74
 2010 137    3.12    8.37   74.14  208.93
 2010 138    3.12    8.33   60.15  209.13
 2010 139    3.12    8.29   46.16  209.32
 2010 140    3.12    8.25   32.16  209.51
 2010 141    3.12    8.21   18.17  209.70
 2010 142    3.12    8.17    4.18  209.90
 2010 143    3.12    8.13  350.19  210.09
 2010 144    3.12    8.09  336.20  210.28
 2010 145    3.12    8.05  322.20  210.47
 2010 146    3.12    8.01  308.21  210.67
 2010 147    3.12    7.97  294.22  210.86
 2010 148    3.13    7.93  280.23  211.05
 2010 149    3.13    7.89  266.24  211.24
 2010 150    3.13    7.85  252.24  211.43
 2010 151    3.13    7.81  238.25  211.62
 2010 152    3.13    7.77  224.26  211.82
 2010 153    3.13    7.73  210.26  212.01
 2010 154    3.13    7.69  196.27  212.20
 2010 155    3.13    7.65  182.28  212.39
 2010 156    3.13    7.61  168.28  212.58
 2010 157    3.13    7.57  154.29  212.77
 2010 158    3.13    7.53  140.30  212.96
 2010 159    3.13    7.49  126.30  213.15
 2010 160    3.13    7.45  112.31  213.34
 2010 161    3.13    7.41   98.32  213.54
 2010 162    3.13    7.37   84.32  213.73
 2010 163    3.13    7.33   70.33  213.92
 2010 164    3.13    7.28   56.33  214.11
 2010 165    3.13    7.24   42.34  214.30
 2010 166    3.13    7.20   28.35  214.49
 2010 167    3.14    7.16   14.35  214.68
 2010 168    3.14    7.12    0.36  214.87
 2010 169    3.14    7.08  346.36  215.06
 2010 170    3.14    7.04  332.37  215.25
 2010 171    3.14    7.00  318.37  215.44
 2010 172    3.14    6.95  304.38  215.63
 2010 173    3.14    6.91  290.38  215.81
 2010 174    3.14    6.87  276.39  216.00
 2010 175    3.14    6.83  262.39  216.19
 2010 176    3.14    6.79  248.40  216.38
 2010 177    3.14    6.75  234.40  216.57
 2010 178    3.14    6.70  220.41  216.76
 2010 179    3.14    6.66  206.41  216.95
 2010 180    3.14    6.62  192.41  217.14
 2010 181    3.14    6.58  178.42  217.33
 2010 182    3.14    6.54  164.42  217.51
 2010 183    3.15    6.49  150.43  217.70
 2010 184    3.15    6.45  136.43  217.89
 2010 185    3.15    6.41  122.43  218.08
 2010 186    3.15    6.37  108.44  218.27
 2010 187    3.15    6.32   94.44  218.45
 2010 188    3.15    6.28   80.44  218.64
 2010 190    3.15    6.24   66.45  218.83
 2010 191    3.15    6.20   52.45  219.02
 2010 192    3.15    6.15   38.45  219.20
 2010 193    3.15    6.11   24.46  219.39
 2010 194    3.15    6.07   10.46  219.58
 2010 195    3.15    6.03  356.46  219.77
 2010 196    3.15    5.98  342.46  219.95
 2010 197    3.15    5.94  328.47  220.14
 2010 198    3.16    5.90  314.47  220.33
 2010 199    3.16    5.85  300.47  220.51
 2010 200    3.16    5.81  286.47  220.70
 2010 201    3.16    5.77  272.48  220.89
 2010 202    3.16    5.73  258.48  221.07
 2010 203    3.16    5.68  244.48  221.26
 2010 204    3.16    5.64  230.48  221.44
 2010 205    3.16    5.60  216.48  221.63
 2010 206    3.16    5.55  202.48  221.82
 2010 207    3.16    5.51  188.48  222.00
 2010 208    3.16    5.47  174.49  222.19
 2010 209    3.16    5.42  160.49  222.37
 2010 210    3.16    5.38  146.49  222.56
 2010 211    3.17    5.34  132.49  222.74
 2010 212    3.17    5.29  118.49  222.93
 2010 213    3.17    5.25  104.49  223.11
 2010 214    3.17    5.21   90.49  223.30
 2010 215    3.17    5.16   76.49  223.48
 2010 216    3.17    5.12   62.49  223.67
 2010 217    3.17    5.08   48.49  223.85
 2010 218    3.17    5.03   34.49  224.04
 2010 219    3.17    4.99   20.49  224.22
 2010 220    3.17    4.95    6.49  224.40
 2010 221    3.17    4.90  352.49  224.59
 2010 222    3.17    4.86  338.49  224.77
 2010 223    3.18    4.81  324.49  224.95
 2010 224    3.18    4.77  310.49  225.14
 2010 225    3.18    4.73  296.49  225.32
 2010 226    3.18    4.68  282.48  225.51
 2010 227    3.18    4.64  268.48  225.69
 2010 228    3.18    4.60  254.48  225.87
 2010 229    3.18    4.55  240.48  226.05
 2010 230    3.18    4.51  226.48  226.24
 2010 231    3.18    4.46  212.48  226.42
 2010 232    3.18    4.42  198.48  226.60
 2010 233    3.18    4.38  184.47  226.78
 2010 234    3.19    4.33  170.47  226.97
 2010 235    3.19    4.29  156.47  227.15
 2010 236    3.19    4.24  142.47  227.33
 2010 237    3.19    4.20  128.46  227.51
 2010 238    3.19    4.16  114.46  227.69
 2010 239    3.19    4.11  100.46  227.88
 2010 240    3.19    4.07   86.46  228.06
 2010 241    3.19    4.02   72.45  228.24
 2010 242    3.19    3.98   58.45  228.42
 2010 243    3.19    3.94   44.45  228.60
 2010 244    3.19    3.89   30.44  228.78
 2010 245    3.20    3.85   16.44  228.96
 2010 246    3.20    3.80    2.44  229.14
 2010 247    3.20    3.76  348.43  229.33
 2010 248    3.20    3.72  334.43  229.51
 2010 249    3.20    3.67  320.42  229.69
 2010 250    3.20    3.63  306.42  229.87
 2010 251    3.20    3.58  292.42  230.05
 2010 252    3.20    3.54  278.41  230.23
 2010 253    3.20    3.49  264.41  230.41
 2010 254    3.20    3.45  250.40  230.59
 2010 255    3.21    3.41  236.40  230.77
 2010 256    3.21    3.36  222.39  230.95
 2010 257    3.21    3.32  208.39  231.12
 2010 258    3.21    3.27  194.38  231.30
 2010 259    3.21    3.23  180.38  231.48
 2010 260    3.21    3.18  166.37  231.66
 2010 261    3.21    3.14  152.37  231.84
 2010 262    3.21    3.10  138.36  232.02
 2010 263    3.21    3.05  124.35  232.20
 2010 264    3.21    3.01  110.35  232.38
 2010 265    3.22    2.96   96.34  232.55
 2010 266    3.22    2.92   82.34  232.73
 2010 267    3.22    2.88   68.33  232.91
 2010 268    3.22    2.83   54.32  233.09
 2010 269    3.22    2.79   40.32  233.27
 2010 270    3.22    2.74   26.31  233.44
 2010 271    3.22    2.70   12.30  233.62
 2010 272    3.22    2.65  358.30  233.80
 2010 273    3.22    2.61  344.29  233.98
 2010 274    3.23    2.57  330.28  234.15
 2010 275    3.23    2.52  316.27  234.33
 2010 276    3.23    2.48  302.27  234.51
 2010 277    3.23    2.43  288.26  234.68
 2010 278    3.23    2.39  274.25  234.86
 2010 279    3.23    2.35  260.24  235.04
 2010 280    3.23    2.30  246.24  235.21
 2010 281    3.23    2.26  232.23  235.39
 2010 282    3.23    2.21  218.22  235.57
 2010 283    3.24    2.17  204.21  235.74
 2010 284    3.24    2.12  190.20  235.92
 2010 285    3.24    2.08  176.19  236.09
 2010 286    3.24    2.04  162.18  236.27
 2010 287    3.24    1.99  148.18  236.44
 2010 288    3.24    1.95  134.17  236.62
 2010 289    3.24    1.90  120.16  236.79
 2010 290    3.24    1.86  106.15  236.97
 2010 291    3.25    1.82   92.14  237.14
 2010 292    3.25    1.77   78.13  237.32
 2010 293    3.25    1.73   64.12  237.49
 2010 294    3.25    1.68   50.11  237.67
 2010 295    3.25    1.64   36.10  237.84
 2010 296    3.25    1.60   22.09  238.02
 2010 297    3.25    1.55    8.08  238.19
 2010 298    3.25    1.51  354.07  238.36
 2010 299    3.25    1.46  340.06  238.54
 2010 300    3.26    1.42  326.05  238.71
 2010 301    3.26    1.38  312.03  238.88
 2010 302    3.26    1.33  298.02  239.06
 2010 303    3.26    1.29  284.01  239.23
 2010 304    3.26    1.25  270.00  239.40
 2010 305    3.26    1.20  255.99  239.58
 2010 306    3.26    1.16  241.98  239.75
 2010 307    3.26    1.11  227.97  239.92
 2010 308    3.27    1.07  213.95  240.10
 2010 309    3.27    1.03  199.94  240.27
 2010 310    3.27    0.98  185.93  240.44
 2010 311    3.27    0.94  171.92  240.61
 2010 312    3.27    0.90  157.91  240.78
 2010 313    3.27    0.85  143.89  240.96
 2010 314    3.27    0.81  129.88  241.13
 2010 315    3.27    0.77  115.87  241.30
 2010 316    3.28    0.72  101.85  241.47
 2010 317    3.28    0.68   87.84  241.64
 2010 318    3.28    0.63   73.83  241.81
 2010 319    3.28    0.59   59.81  241.98
 2010 320    3.28    0.55   45.80  242.16
 2010 321    3.28    0.50   31.79  242.33
 2010 322    3.28    0.46   17.77  242.50
 2010 323    3.28    0.42    3.76  242.67
 2010 324    3.29    0.37  349.75  242.84
 2010 325    3.29    0.33  335.73  243.01
 2010 326    3.29    0.29  321.72  243.18
 2010 327    3.29    0.24  307.70  243.35
 2010 328    3.29    0.20  293.69  243.52
 2010 329    3.29    0.16  279.67  243.69
 2010 330    3.29    0.12  265.66  243.86
 2010 331    3.29    0.07  251.64  244.03
 2010 332    3.30    0.03  237.63  244.20
 2010 333    3.30   -0.01  223.61  244.36
 2010 334    3.30   -0.06  209.60  244.53
 2010 335    3.30   -0.10  195.58  244.70
 2010 336    3.30   -0.14  181.57  244.87
 2010 337    3.30   -0.19  167.55  245.04
 2010 338    3.30   -0.23  153.54  245.21
 2010 339    3.31   -0.27  139.52  245.38
 2010 340    3.31   -0.31  125.50  245.54
 2010 341    3.31   -0.36  111.49  245.71
 2010 342    3.31   -0.40   97.47  245.88
 2010 343    3.31   -0.44   83.45  246.05
 2010 344    3.31   -0.48   69.44  246.22
 2010 345    3.31   -0.53   55.42  246.38
 2010 346    3.31   -0.57   41.40  246.55
 2010 347    3.32   -0.61   27.39  246.72
 2010 348    3.32   -0.65   13.37  246.89
 2010 349    3.32   -0.70  359.35  247.05
 2010 350    3.32   -0.74  345.33  247.22
 2010 351    3.32   -0.78  331.32  247.39
 2010 352    3.32   -0.82  317.30  247.55
 2010 353    3.32   -0.87  303.28  247.72
 2010 354    3.33   -0.91  289.26  247.89
 2010 355    3.33   -0.95  275.24  248.05
 2010 356    3.33   -0.99  261.23  248.22
 2010 357    3.33   -1.03  247.21  248.38
 2010 358    3.33   -1.08  233.19  248.55
 2010 359    3.33   -1.12  219.17  248.71
 2010 360    3.33   -1.16  205.15  248.88
 2010 361    3.34   -1.20  191.13  249.05
 2010 362    3.34   -1.24  177.11  249.21
 2010 363    3.34   -1.29  163.09  249.38
 2010 364    3.34   -1.33  149.07  249.54
 2010 365    3.34   -1.37  135.05  249.71
 2010 365    3.34   -1.41  121.03  249.87
 2011   1    3.34   -1.45  107.01  250.04
 2011   2    3.35   -1.49   92.99  250.20
 2011   3    3.35   -1.53   78.97  250.36
 2011   4    3.35   -1.58   64.95  250.53
 2011   5    3.35   -1.62   50.93  250.69
 2011   6    3.35   -1.66   36.91  250.86
 2011   7    3.35   -1.70   22.89  251.02
 2011   8    3.35   -1.74    8.87  251.18
 2011   9    3.36   -1.78  354.85  251.35
 2011  10    3.36   -1.82  340.83  251.51
 2011  11    3.36   -1.86  326.81  251.67
 2011  12    3.36   -1.91  312.79  251.84
 2011  13    3.36   -1.95  298.77  252.00
 2011  14    3.36   -1.99  284.74  252.16
 2011  15    3.36   -2.03  270.72  252.32
 2011  16    3.37   -2.07  256.70  252.49
 2011  17    3.37   -2.11  242.68  252.65
 2011  18    3.37   -2.15  228.66  252.81
 2011  19    3.37   -2.19  214.63  252.97
 2011  20    3.37   -2.23  200.61  253.14
 2011  21    3.37   -2.27  186.59  253.30
 2011  22    3.37   -2.31  172.57  253.46
 2011  23    3.38   -2.35  158.54  253.62
 2011  24    3.38   -2.39  144.52  253.78
 2011  25    3.38   -2.43  130.50  253.94
 2011  26    3.38   -2.48  116.48  254.11
 2011  27    3.38   -2.52  102.45  254.27
 2011  28    3.38   -2.56   88.43  254.43
 2011  29    3.39   -2.60   74.40  254.59
 2011  30    3.39   -2.64   60.38  254.75
 2011  31    3.39   -2.68   46.36  254.91
 2011  32    3.39   -2.72   32.33  255.07
 2011  33    3.39   -2.76   18.31  255.23
 2011  34    3.39   -2.80    4.29  255.39
 2011  35    3.39   -2.84  350.26  255.55
 2011  36    3.40   -2.87  336.24  255.71
 2011  37    3.40   -2.91  322.21  255.87
 2011  38    3.40   -2.95  308.19  256.03
 2011  39    3.40   -2.99  294.16  256.19
 2011  40    3.40   -3.03  280.14  256.35
 2011  41    3.40   -3.07  266.11  256.51
 2011  42    3.41   -3.11  252.09  256.67
 2011  43    3.41   -3.15  238.06  256.83
 2011  44    3.41   -3.19  224.04  256.98
 2011  45    3.41   -3.23  210.01  257.14
 2011  46    3.41   -3.27  195.98  257.30
 2011  47    3.41   -3.31  181.96  257.46
 2011  48    3.41   -3.35  167.93  257.62
 2011  49    3.42   -3.39  153.91  257.78
 2011  50    3.42   -3.43  139.88  257.93
 2011  51    3.42   -3.46  125.85  258.09
 2011  52    3.42   -3.50  111.83  258.25
 2011  53    3.42   -3.54   97.80  258.41
 2011  54    3.42   -3.58   83.77  258.57
 2011  55    3.43   -3.62   69.75  258.72
 2011  56    3.43   -3.66   55.72  258.88
 2011  57    3.43   -3.70   41.69  259.04
 2011  58    3.43   -3.73   27.66  259.19
 2011  59    3.43   -3.77   13.64  259.35
 2011  60    3.43   -3.81  359.61  259.51
 2011  61    3.43   -3.85  345.58  259.67
 2011  62    3.44   -3.89  331.55  259.82
 2011  63    3.44   -3.93  317.52  259.98
 2011  64    3.44   -3.96  303.50  260.13
 2011  65    3.44   -4.00  289.47  260.29
 2011  66    3.44   -4.04  275.44  260.45
 2011  67    3.44   -4.08  261.41  260.60
 2011  68    3.45   -4.11  247.38  260.76
 2011  69    3.45   -4.15  233.35  260.91
 2011  70    3.45   -4.19  219.33  261.07
 2011  71    3.45   -4.23  205.30  261.22
 2011  72    3.45   -4.27  191.27  261.38
 2011  73    3.45   -4.30  177.24  261.53
 2011  74    3.46   -4.34  163.21  261.69
 2011  75    3.46   -4.38  149.18  261.84
 2011  76    3.46   -4.41  135.15  262.00
 2011  77    3.46   -4.45  121.12  262.15
 2011  78    3.46   -4.49  107.09  262.31
 2011  79    3.46   -4.53   93.06  262.46
 2011  80    3.46   -4.56   79.03  262.62
 2011  81    3.47   -4.60   65.00  262.77
 2011  82    3.47   -4.64   50.97  262.92
 2011  83    3.47   -4.67   36.94  263.08
 2011  84    3.47   -4.71   22.91  263.23
 2011  85    3.47   -4.75    8.88  263.39
 2011  86    3.47   -4.78  354.84  263.54
 2011  87    3.48   -4.82  340.81  263.69
 2011  88    3.48   -4.86  326.78  263.85
 2011  89    3.48   -4.89  312.75  264.00
 2011  90    3.48   -4.93  298.72  264.15
 2011  91    3.48   -4.97  284.69  264.30
 2011  92    3.48   -5.00  270.66  264.46
 2011  93    3.49   -5.04  256.62  264.61
 2011  94    3.49   -5.07  242.59  264.76
 2011  95    3.49   -5.11  228.56  264.91
 2011  96    3.49   -5.15  214.53  265.07
 2011  97    3.49   -5.18  200.50  265.22
 2011  98    3.49   -5.22  186.46  265.37
 2011  99    3.50   -5.25  172.43  265.52
 2011 100    3.50   -5.29  158.40  265.67
 2011 101    3.50   -5.32  144.37  265.83
 2011 102    3.50   -5.36  130.33  265.98
 2011 103    3.50   -5.39  116.30  266.13
 2011 104    3.50   -5.43  102.27  266.28
 2011 105    3.51   -5.47   88.23  266.43
 2011 106    3.51   -5.50   74.20  266.58
 2011 107    3.51   -5.54   60.17  266.73
 2011 108    3.51   -5.57   46.13  266.88
 2011 109    3.51   -5.61   32.10  267.03
 2011 110    3.51   -5.64   18.06  267.18
 2011 111    3.52   -5.68    4.03  267.33
 2011 112    3.52   -5.71  350.00  267.48
 2011 113    3.52   -5.74  335.96  267.63
 2011 114    3.52   -5.78  321.93  267.78
 2011 115    3.52   -5.81  307.89  267.93
 2011 116    3.52   -5.85  293.86  268.08
 2011 117    3.53   -5.88  279.82  268.23
 2011 118    3.53   -5.92  265.79  268.38
 2011 119    3.53   -5.95  251.75  268.53
 2011 120    3.53   -5.99  237.72  268.68
 2011 121    3.53   -6.02  223.68  268.83
 2011 122    3.53   -6.05  209.65  268.98
 2011 123    3.54   -6.09  195.61  269.13
 2011 124    3.54   -6.12  181.58  269.28
 2011 125    3.54   -6.16  167.54  269.43
 2011 126    3.54   -6.19  153.50  269.57
 2011 127    3.54   -6.22  139.47  269.72
 2011 128    3.54   -6.26  125.43  269.87
 2011 129    3.55   -6.29  111.40  270.02
 2011 130    3.55   -6.32   97.36  270.17
 2011 131    3.55   -6.36   83.32  270.31
 2011 132    3.55   -6.39   69.29  270.46
 2011 133    3.55   -6.42   55.25  270.61
 2011 134    3.55   -6.46   41.21  270.76
 2011 135    3.56   -6.49   27.18  270.90
 2011 136    3.56   -6.52   13.14  271.05
 2011 137    3.56   -6.56  359.10  271.20
 2011 138    3.56   -6.59  345.06  271.35
 2011 139    3.56   -6.62  331.03  271.49
 2011 140    3.56   -6.65  316.99  271.64
 2011 141    3.57   -6.69  302.95  271.79
 2011 142    3.57   -6.72  288.91  271.93
 2011 143    3.57   -6.75  274.87  272.08
 2011 144    3.57   -6.78  260.84  272.23
 2011 145    3.57   -6.82  246.80  272.37
 2011 146    3.57   -6.85  232.76  272.52
 2011 147    3.58   -6.88  218.72  272.66
 2011 148    3.58   -6.91  204.68  272.81
 2011 149    3.58   -6.94  190.64  272.96
 2011 150    3.58   -6.98  176.61  273.10
 2011 151    3.58   -7.01  162.57  273.25
 2011 152    3.58   -7.04  148.53  273.39
 2011 153    3.59   -7.07  134.49  273.54
 2011 154    3.59   -7.10  120.45  273.68
 2011 155    3.59   -7.14  106.41  273.83
 2011 156    3.59   -7.17   92.37  273.97
 2011 157    3.59   -7.20   78.33  274.12
 2011 158    3.59   -7.23   64.29  274.26
 2011 159    3.60   -7.26   50.25  274.41
 2011 160    3.60   -7.29   36.21  274.55
 2011 161    3.60   -7.32   22.17  274.70
 2011 162    3.60   -7.35  368.13  274.84
 2011 163    3.60   -7.39  354.09  274.98
 2011 164    3.60   -7.42  340.05  275.13
 2011 165    3.61   -7.45  326.01  275.27
 2011 166    3.61   -7.48  311.97  275.41
 2011 167    3.61   -7.51  297.93  275.56
 2011 168    3.61   -7.54  283.89  275.70
 2011 169    3.61   -7.57  269.85  275.85
 2011 170    3.61   -7.60  255.81  275.99
 2011 171    3.62   -7.63  241.76  276.13
 2011 172    3.62   -7.66  227.72  276.27
 2011 173    3.62   -7.69  213.68  276.42
 2011 174    3.62   -7.72  199.64  276.56
 2011 175    3.62   -7.75  185.60  276.70
 2011 176    3.62   -7.78  171.56  276.85
 2011 177    3.63   -7.81  157.51  276.99
 2011 178    3.63   -7.84  143.47  277.13
 2011 179    3.63   -7.87  129.43  277.27
 2011 180    3.63   -7.90  115.39  277.42
 2011 181    3.63   -7.93  101.35  277.56
 2011 182    3.64   -7.96   87.30  277.70
 2011 183    3.64   -7.99   73.26  277.84
 2011 184    3.64   -8.02   59.22  277.98
 2011 185    3.64   -8.05   45.17  278.12
 2011 186    3.64   -8.08   31.13  278.27
 2011 187    3.64   -8.11   17.09  278.41
 2011 188    3.65   -8.14  363.05  278.55
 2011 190    3.65   -8.16  349.00  278.69
 2011 191    3.65   -8.19  334.96  278.83
 2011 192    3.65   -8.22  320.92  278.97
 2011 193    3.65   -8.25  306.87  279.11
 2011 194    3.65   -8.28  292.83  279.25
 2011 195    3.66   -8.31  278.78  279.39
 2011 196    3.66   -8.34  264.74  279.53
 2011 197    3.66   -8.37  250.70  279.67
 2011 198    3.66   -8.39  236.65  279.81
 2011 199    3.66   -8.42  222.61  279.95
 2011 200    3.66   -8.45  208.56  280.09
 2011 201    3.67   -8.48  194.52  280.23
 2011 202    3.67   -8.51  180.47  280.37
 2011 203    3.67   -8.54  166.43  280.51
 2011 204    3.67   -8.56  152.38  280.65
 2011 205    3.67   -8.59  138.34  280.79
 2011 206    3.67   -8.62  124.29  280.93
 2011 207    3.68   -8.65  110.25  281.07
 2011 208    3.68   -8.67   96.20  281.21
 2011 209    3.68   -8.70   82.16  281.35
 2011 210    3.68   -8.73   68.11  281.49
 2011 211    3.68   -8.76   54.07  281.63
 2011 212    3.68   -8.78   40.02  281.77
 2011 213    3.69   -8.81   25.98  281.90
 2011 214    3.69   -8.84  371.93  282.04
 2011 215    3.69   -8.87  357.88  282.18
 2011 216    3.69   -8.89  343.84  282.32
 2011 217    3.69   -8.92  329.79  282.46
 2011 218    3.70   -8.95  315.75  282.60
 2011 219    3.70   -8.97  301.70  282.73
 2011 220    3.70   -9.00  287.65  282.87
 2011 221    3.70   -9.03  273.61  283.01
 2011 222    3.70   -9.05  259.56  283.15
 2011 223    3.70   -9.08  245.51  283.28
 2011 224    3.71   -9.11  231.47  283.42
 2011 225    3.71   -9.13  217.42  283.56
 2011 226    3.71   -9.16  203.37  283.70
 2011 227    3.71   -9.19  189.32  283.83
 2011 228    3.71   -9.21  175.28  283.97
 2011 229    3.71   -9.24  161.23  284.11
 2011 230    3.72   -9.26  147.18  284.24
 2011 231    3.72   -9.29  133.13  284.38
 2011 232    3.72   -9.32  119.09  284.52
 2011 233    3.72   -9.34  105.04  284.65
 2011 234    3.72   -9.37   90.99  284.79
 2011 235    3.72   -9.39   76.94  284.93
 2011 236    3.73   -9.42   62.89  285.06
 2011 237    3.73   -9.44   48.84  285.20
 2011 238    3.73   -9.47   34.80  285.33
 2011 239    3.73   -9.49   20.75  285.47
 2011 240    3.73   -9.52  366.70  285.61
 2011 241    3.73   -9.54  352.65  285.74
 2011 242    3.74   -9.57  338.60  285.88
 2011 243    3.74   -9.59  324.55  286.01
 2011 244    3.74   -9.62  310.50  286.15
 2011 245    3.74   -9.64  296.45  286.28
 2011 246    3.74   -9.67  282.40  286.42
 2011 247    3.75   -9.69  268.35  286.55
 2011 248    3.75   -9.72  254.30  286.69
 2011 249    3.75   -9.74  240.26  286.82
 2011 250    3.75   -9.77  226.21  286.96
 2011 251    3.75   -9.79  212.16  287.09
 2011 252    3.75   -9.82  198.11  287.23
 2011 253    3.76   -9.84  184.06  287.36
 2011 254    3.76   -9.86  170.01  287.49
 2011 255    3.76   -9.89  155.96  287.63
 2011 256    3.76   -9.91  141.90  287.76
 2011 257    3.76   -9.94  127.85  287.90
 2011 258    3.76   -9.96  113.80  288.03
 2011 259    3.77   -9.98   99.75  288.16
 2011 260    3.77  -10.01   85.70  288.30
 2011 261    3.77  -10.03   71.65  288.43
 2011 262    3.77  -10.06   57.60  288.56
 2011 263    3.77  -10.08   43.55  288.70
 2011 264    3.77  -10.10   29.50  288.83
 2011 265    3.78  -10.13  375.45  288.96
 2011 266    3.78  -10.15  361.40  289.10
 2011 267    3.78  -10.17  347.34  289.23
 2011 268    3.78  -10.19  333.29  289.36
 2011 269    3.78  -10.22  319.24  289.50
 2011 270    3.78  -10.24  305.19  289.63
 2011 271    3.79  -10.26  291.14  289.76
 2011 272    3.79  -10.29  277.08  289.89
 2011 273    3.79  -10.31  263.03  290.02
 2011 274    3.79  -10.33  248.98  290.16
 2011 275    3.79  -10.35  234.93  290.29
 2011 276    3.79  -10.38  220.88  290.42
 2011 277    3.80  -10.40  206.82  290.55
 2011 278    3.80  -10.42  192.77  290.68
 2011 279    3.80  -10.44  178.72  290.82
 2011 280    3.80  -10.47  164.67  290.95
 2011 281    3.80  -10.49  150.61  291.08
 2011 282    3.81  -10.51  136.56  291.21
 2011 283    3.81  -10.53  122.51  291.34
 2011 284    3.81  -10.55  108.45  291.47
 2011 285    3.81  -10.58   94.40  291.60
 2011 286    3.81  -10.60   80.35  291.74
 2011 287    3.81  -10.62   66.29  291.87
 2011 288    3.82  -10.64   52.24  292.00
 2011 289    3.82  -10.66   38.19  292.13
 2011 290    3.82  -10.68  384.13  292.26
 2011 291    3.82  -10.71  370.08  292.39
 2011 292    3.82  -10.73  356.02  292.52
 2011 293    3.82  -10.75  341.97  292.65
 2011 294    3.83  -10.77  327.92  292.78
 2011 295    3.83  -10.79  313.86  292.91
 2011 296    3.83  -10.81  299.81  293.04
 2011 297    3.83  -10.83  285.75  293.17
 2011 298    3.83  -10.85  271.70  293.30
 2011 299    3.83  -10.87  257.64  293.43
 2011 300    3.84  -10.90  243.59  293.56
 2011 301    3.84  -10.92  229.53  293.69
 2011 302    3.84  -10.94  215.48  293.82
 2011 303    3.84  -10.96  201.42  293.95
 2011 304    3.84  -10.98  187.37  294.08
 2011 305    3.84  -11.00  173.31  294.21
 2011 306    3.85  -11.02  159.26  294.34
 2011 307    3.85  -11.04  145.20  294.46
 2011 308    3.85  -11.06  131.15  294.59
 2011 309    3.85  -11.08  117.09  294.72
 2011 310    3.85  -11.10  103.04  294.85
 2011 311    3.85  -11.12   88.98  294.98
 2011 312    3.86  -11.14   74.92  295.11
 2011 313    3.86  -11.16   60.87  295.24
 2011 314    3.86  -11.18   46.81  295.36
 2011 315    3.86  -11.20   32.76  295.49
 2011 316    3.86  -11.22  378.70  295.62
 2011 317    3.86  -11.24  364.64  295.75
 2011 318    3.87  -11.26  350.59  295.88
 2011 319    3.87  -11.28  336.53  296.00
 2011 320    3.87  -11.30  322.47  296.13
 2011 321    3.87  -11.32  308.42  296.26
 2011 322    3.87  -11.33  294.36  296.39
 2011 323    3.87  -11.35  280.30  296.52
 2011 324    3.88  -11.37  266.25  296.64
 2011 325    3.88  -11.39  252.19  296.77
 2011 326    3.88  -11.41  238.13  296.90
 2011 327    3.88  -11.43  224.07  297.02
 2011 328    3.88  -11.45  210.02  297.15
 2011 329    3.88  -11.47  195.96  297.28
 2011 330    3.89  -11.49  181.90  297.40
 2011 331    3.89  -11.50  167.84  297.53
 2011 332    3.89  -11.52  153.79  297.66
 2011 333    3.89  -11.54  139.73  297.78
 2011 334    3.89  -11.56  125.67  297.91
 2011 335    3.89  -11.58  111.61  298.04
 2011 336    3.90  -11.60   97.55  298.16
 2011 337    3.90  -11.61   83.50  298.29
 2011 338    3.90  -11.63   69.44  298.42
 2011 339    3.90  -11.65   55.38  298.54
 2011 340    3.90  -11.67   41.32  298.67
 2011 341    3.90  -11.69  387.26  298.79
 2011 342    3.91  -11.70  373.20  298.92
 2011 343    3.91  -11.72  359.15  299.04
 2011 344    3.91  -11.74  345.09  299.17
 2011 345    3.91  -11.76  331.03  299.30
 2011 346    3.91  -11.77  316.97  299.42
 2011 347    3.91  -11.79  302.91  299.55
 2011 348    3.92  -11.81  288.85  299.67
 2011 349    3.92  -11.83  274.79  299.80
 2011 350    3.92  -11.84  260.73  299.92
 2011 351    3.92  -11.86  246.67  300.05
 2011 352    3.92  -11.88  232.61  300.17
 2011 353    3.92  -11.89  218.55  300.30
 2011 354    3.93  -11.91  204.49  300.42
 2011 355    3.93  -11.93  190.43  300.55
 2011 356    3.93  -11.94  176.37  300.67
 2011 357    3.93  -11.96  162.31  300.79
 2011 358    3.93  -11.98  148.25  300.92
 2011 359    3.93  -11.99  134.19  301.04
 2011 360    3.94  -12.01  120.13  301.17
 2011 361    3.94  -12.03  106.07  301.29
 2011 362    3.94  -12.04   92.01  301.41
 2011 363    3.94  -12.06   77.95  301.54
 2011 364    3.94  -12.08   63.89  301.66
 2011 365    3.94  -12.09   49.83  301.79
 2012   1    3.95  -12.11   35.77  301.91
 2012   1    3.95  -12.12   21.71  302.03
 2012   2    3.95  -12.14    7.65  302.16
 2012   3    3.95  -12.16  353.59  302.28
 2012   4    3.95  -12.17  339.52  302.40
 2012   5    3.95  -12.19  325.46  302.53
 2012   6    3.96  -12.20  311.40  302.65
 2012   7    3.96  -12.22  297.34  302.77
 2012   8    3.96  -12.24  283.28  302.90
 2012   9    3.96  -12.25  269.22  303.02
 2012  10    3.96  -12.27  255.16  303.14
 2012  11    3.96  -12.28  241.09  303.26
 2012  12    3.96  -12.30  227.03  303.39
 2012  13    3.97  -12.31  212.97  303.51
 2012  14    3.97  -12.33  198.91  303.63
 2012  15    3.97  -12.34  184.85  303.75
 2012  16    3.97  -12.36  170.78  303.88
 2012  17    3.97  -12.37  156.72  304.00
 2012  18    3.97  -12.39  142.66  304.12
 2012  19    3.98  -12.40  128.60  304.24
 2012  20    3.98  -12.42  114.53  304.36
 2012  21    3.98  -12.43  100.47  304.49
 2012  22    3.98  -12.45   86.41  304.61
 2012  23    3.98  -12.46   72.35  304.73
 2012  24    3.98  -12.48   58.28  304.85
 2012  25    3.99  -12.49   44.22  304.97
 2012  26    3.99  -12.50   30.16  305.09
 2012  27    3.99  -12.52   16.09  305.21
 2012  28    3.99  -12.53    2.03  305.34
 2012  29    3.99  -12.55  347.97  305.46
 2012  30    3.99  -12.56  333.90  305.58
 2012  31    4.00  -12.58  319.84  305.70
 2012  32    4.00  -12.59  305.78  305.82
 2012  33    4.00  -12.60  291.71  305.94
 2012  34    4.00  -12.62  277.65  306.06
 2012  35    4.00  -12.63  263.59  306.18
 2012  36    4.00  -12.64  249.52  306.30
 2012  37    4.00  -12.66  235.46  306.42
 2012  38    4.01  -12.67  221.39  306.54
 2012  39    4.01  -12.69  207.33  306.66
 2012  40    4.01  -12.70  193.27  306.78
 2012  41    4.01  -12.71  179.20  306.90
 2012  42    4.01  -12.73  165.14  307.02
 2012  43    4.01  -12.74  151.07  307.14
 2012  44    4.02  -12.75  137.01  307.26
 2012  45    4.02  -12.76  122.94  307.38
 2012  46    4.02  -12.78  108.88  307.50
 2012  47    4.02  -12.79   94.81  307.62
 2012  48    4.02  -12.80   80.75  307.74
 2012  49    4.02  -12.82   66.68  307.86
 2012  50    4.03  -12.83   52.62  307.98
 2012  51    4.03  -12.84   38.55  308.10
 2012  52    4.03  -12.86   24.49  308.22
 2012  53    4.03  -12.87   10.42  308.34
 2012  54    4.03  -12.88  356.36  308.46
 2012  55    4.03  -12.89  342.29  308.58
 2012  56    4.03  -12.91  328.23  308.70
 2012  57    4.04  -12.92  314.16  308.81
 2012  58    4.04  -12.93  300.10  308.93
 2012  59    4.04  -12.94  286.03  309.05
 2012  60    4.04  -12.95  271.97  309.17
 2012  61    4.04  -12.97  257.90  309.29
 2012  62    4.04  -12.98  243.83  309.41
 2012  63    4.05  -12.99  229.77  309.53
 2012  64    4.05  -13.00  215.70  309.64
 2012  65    4.05  -13.01  201.63  309.76
 2012  66    4.05  -13.03  187.57  309.88
 2012  67    4.05  -13.04  173.50  310.00
 2012  68    4.05  -13.05  159.44  310.12
 2012  69    4.05  -13.06  145.37  310.23
 2012  70    4.06  -13.07  131.30  310.35
 2012  71    4.06  -13.08  117.24  310.47
 2012  72    4.06  -13.10  103.17  310.59
 2012  73    4.06  -13.11   89.10  310.70
 2012  74    4.06  -13.12   75.04  310.82
 2012  75    4.06  -13.13   60.97  310.94
 2012  76    4.07  -13.14   46.90  311.06
 2012  77    4.07  -13.15   32.83  311.17
 2012  78    4.07  -13.16   18.77  311.29
 2012  79    4.07  -13.17    4.70  311.41
 2012  80    4.07  -13.18  350.63  311.53
 2012  81    4.07  -13.20  336.56  311.64
 2012  82    4.07  -13.21  322.50  311.76
 2012  83    4.08  -13.22  308.43  311.88
 2012  84    4.08  -13.23  294.36  311.99
 2012  85    4.08  -13.24  280.29  312.11
 2012  86    4.08  -13.25  266.23  312.23
 2012  87    4.08  -13.26  252.16  312.34
 2012  88    4.08  -13.27  238.09  312.46
 2012  89    4.09  -13.28  224.02  312.57
 2012  90    4.09  -13.29  209.95  312.69
 2012  91    4.09  -13.30  195.89  312.81
 2012  92    4.09  -13.31  181.82  312.92
 2012  93    4.09  -13.32  167.75  313.04
 2012  94    4.09  -13.33  153.68  313.16
 2012  95    4.09  -13.34  139.61  313.27
 2012  96    4.10  -13.35  125.54  313.39
 2012  97    4.10  -13.36  111.48  313.50
 2012  98    4.10  -13.37   97.41  313.62
 2012  99    4.10  -13.38   83.34  313.73
 2012 100    4.10  -13.39   69.27  313.85
 2012 101    4.10  -13.40   55.20  313.96
 2012 102    4.10  -13.41   41.13  314.08
 2012 103    4.11  -13.42   27.06  314.20
 2012 104    4.11  -13.43   12.99  314.31
 2012 105    4.11  -13.44  358.92  314.43
 2012 106    4.11  -13.45  344.85  314.54
 2012 107    4.11  -13.46  330.78  314.66
 2012 108    4.11  -13.47  316.72  314.77
 2012 109    4.12  -13.48  302.65  314.89
 2012 110    4.12  -13.49  288.58  315.00
 2012 111    4.12  -13.49  274.51  315.12
 2012 112    4.12  -13.50  260.44  315.23
 2012 113    4.12  -13.51  246.37  315.34
 2012 114    4.12  -13.52  232.30  315.46
 2012 115    4.12  -13.53  218.23  315.57
 2012 116    4.13  -13.54  204.16  315.69
 2012 117    4.13  -13.55  190.09  315.80
 2012 118    4.13  -13.56  176.02  315.92
 2012 119    4.13  -13.56  161.95  316.03
 2012 120    4.13  -13.57  147.88  316.14
 2012 121    4.13  -13.58  133.81  316.26
 2012 122    4.13  -13.59  119.73  316.37
 2012 123    4.14  -13.60  105.66  316.49
 2012 124    4.14  -13.61   91.59  316.60
 2012 125    4.14  -13.62   77.52  316.71
 2012 126    4.14  -13.62   63.45  316.83
 2012 127    4.14  -13.63   49.38  316.94
 2012 128    4.14  -13.64   35.31  317.05
 2012 129    4.14  -13.65   21.24  317.17
 2012 130    4.15  -13.66    7.17  317.28
 2012 131    4.15  -13.66  353.10  317.39
 2012 132    4.15  -13.67  339.03  317.51
 2012 133    4.15  -13.68  324.95  317.62
 2012 134    4.15  -13.69  310.88  317.73
 2012 135    4.15  -13.69  296.81  317.85
 2012 136    4.15  -13.70  282.74  317.96
 2012 137    4.16  -13.71  268.67  318.07
 2012 138    4.16  -13.72  254.60  318.18
 2012 139    4.16  -13.73  240.53  318.30
 2012 140    4.16  -13.73  226.45  318.41
 2012 141    4.16  -13.74  212.38  318.52
 2012 142    4.16  -13.75  198.31  318.64
 2012 143    4.16  -13.75  184.24  318.75
 2012 144    4.17  -13.76  170.17  318.86
 2012 145    4.17  -13.77  156.09  318.97
 2012 146    4.17  -13.78  142.02  319.08
 2012 147    4.17  -13.78  127.95  319.20
 2012 148    4.17  -13.79  113.88  319.31
 2012 149    4.17  -13.80   99.80  319.42
 2012 150    4.17  -13.80   85.73  319.53
 2012 151    4.18  -13.81   71.66  319.64
 2012 152    4.18  -13.82   57.59  319.76
 2012 153    4.18  -13.82   43.51  319.87
 2012 154    4.18  -13.83   29.44  319.98
 2012 155    4.18  -13.84   15.37  320.09
 2012 156    4.18  -13.84    1.30  320.20
 2012 157    4.18  -13.85  347.22  320.31
 2012 158    4.18  -13.86  333.15  320.43
 2012 159    4.19  -13.86  319.08  320.54
 2012 160    4.19  -13.87  305.00  320.65
 2012 161    4.19  -13.88  290.93  320.76
 2012 162    4.19  -13.88  276.86  320.87
 2012 163    4.19  -13.89  262.78  320.98
 2012 164    4.19  -13.89  248.71  321.09
 2012 165    4.19  -13.90  234.64  321.20
 2012 166    4.20  -13.91  220.56  321.31
 2012 167    4.20  -13.91  206.49  321.43
 2012 168    4.20  -13.92  192.42  321.54
 2012 169    4.20  -13.92  178.34  321.65
 2012 170    4.20  -13.93  164.27  321.76
 2012 171    4.20  -13.94  150.20  321.87
 2012 172    4.20  -13.94  136.12  321.98
 2012 173    4.21  -13.95  122.05  322.09
 2012 174    4.21  -13.95  107.97  322.20
 2012 175    4.21  -13.96   93.90  322.31
 2012 176    4.21  -13.96   79.82  322.42
 2012 177    4.21  -13.97   65.75  322.53
 2012 178    4.21  -13.97   51.68  322.64
 2012 179    4.21  -13.98   37.60  322.75
 2012 180    4.21  -13.98   23.53  322.86
 2012 181    4.22  -13.99    9.45  322.97
 2012 182    4.22  -13.99  355.38  323.08
 2012 183    4.22  -14.00  341.30  323.19
 2012 184    4.22  -14.01  327.23  323.30
 2012 185    4.22  -14.01  313.15  323.41
 2012 186    4.22  -14.01  299.08  323.52
 2012 187    4.22  -14.02  285.00  323.63
 2012 188    4.23  -14.02  270.93  323.74
 2012 189    4.23  -14.03  256.85  323.85
 2012 190    4.23  -14.03  242.78  323.96
 2012 191    4.23  -14.04  228.70  324.06
 2012 192    4.23  -14.04  214.63  324.17
 2012 193    4.23  -14.05  200.55  324.28
 2012 194    4.23  -14.05  186.48  324.39
 2012 195    4.23  -14.06  172.40  324.50
 2012 196    4.24  -14.06  158.33  324.61
 2012 197    4.24  -14.07  144.25  324.72
 2012 198    4.24  -14.07  130.18  324.83
 2012 199    4.24  -14.07  116.10  324.94
 2012 200    4.24  -14.08  102.02  325.05
 2012 201    4.24  -14.08   87.95  325.15
 2012 202    4.24  -14.09   73.87  325.26
 2012 203    4.24  -14.09   59.80  325.37
 2012 204    4.25  -14.09   45.72  325.48
 2012 205    4.25  -14.10   31.65  325.59
 2012 206    4.25  -14.10   17.57  325.70
 2012 207    4.25  -14.11    3.49  325.80
 2012 208    4.25  -14.11  349.42  325.91
 2012 209    4.25  -14.11  335.34  326.02
 2012 210    4.25  -14.12  321.26  326.13
 2012 211    4.26  -14.12  307.19  326.24
 2012 212    4.26  -14.13  293.11  326.34
 2012 213    4.26  -14.13  279.03  326.45
 2012 214    4.26  -14.13  264.96  326.56
 2012 215    4.26  -14.14  250.88  326.67
 2012 216    4.26  -14.14  236.80  326.78
 2012 217    4.26  -14.14  222.73  326.88
 2012 218    4.26  -14.15  208.65  326.99
 2012 219    4.27  -14.15  194.57  327.10
 2012 220    4.27  -14.15  180.50  327.21
 2012 221    4.27  -14.16  166.42  327.31
 2012 222    4.27  -14.16  152.34  327.42
 2012 223    4.27  -14.16  138.27  327.53
 2012 224    4.27  -14.16  124.19  327.63
 2012 225    4.27  -14.17  110.11  327.74
 2012 226    4.27  -14.17   96.03  327.85
 2012 227    4.28  -14.17   81.96  327.96
 2012 228    4.28  -14.18   67.88  328.06
 2012 229    4.28  -14.18   53.80  328.17
 2012 230    4.28  -14.18   39.72  328.28
 2012 231    4.28  -14.18   25.65  328.38
 2012 232    4.28  -14.19   11.57  328.49
 2012 233    4.28  -14.19  357.49  328.60
 2012 234    4.28  -14.19  343.41  328.70
 2012 235    4.29  -14.19  329.34  328.81
 2012 236    4.29  -14.20  315.26  328.92
 2012 237    4.29  -14.20  301.18  329.02
 2012 238    4.29  -14.20  287.10  329.13
 2012 239    4.29  -14.20  273.02  329.24
 2012 240    4.29  -14.21  258.95  329.34
 2012 241    4.29  -14.21  244.87  329.45
 2012 242    4.29  -14.21  230.79  329.55
 2012 243    4.29  -14.21  216.71  329.66
 2012 244    4.30  -14.21  202.63  329.77
 2012 245    4.30  -14.22  188.55  329.87
 2012 246    4.30  -14.22  174.48  329.98
 2012 247    4.30  -14.22  160.40  330.08
 2012 248    4.30  -14.22  146.32  330.19
 2012 249    4.30  -14.22  132.24  330.30
 2012 250    4.30  -14.23  118.16  330.40
 2012 251    4.30  -14.23  104.08  330.51
 2012 252    4.31  -14.23   90.00  330.61
 2012 253    4.31  -14.23   75.93  330.72
 2012 254    4.31  -14.23   61.85  330.82
 2012 255    4.31  -14.23   47.77  330.93
 2012 256    4.31  -14.23   33.69  331.03
 2012 257    4.31  -14.24   19.61  331.14
 2012 258    4.31  -14.24    5.53  331.25
 2012 259    4.31  -14.24  351.45  331.35
 2012 260    4.31  -14.24  337.37  331.46
 2012 261    4.32  -14.24  323.29  331.56
 2012 262    4.32  -14.24  309.21  331.67
 2012 263    4.32  -14.24  295.13  331.77
 2012 264    4.32  -14.24  281.05  331.88
 2012 265    4.32  -14.25  266.97  331.98
 2012 266    4.32  -14.25  252.89  332.09
 2012 267    4.32  -14.25  238.82  332.19
 2012 268    4.32  -14.25  224.74  332.29
 2012 269    4.33  -14.25  210.66  332.40
 2012 270    4.33  -14.25  196.58  332.50
 2012 271    4.33  -14.25  182.50  332.61
 2012 272    4.33  -14.25  168.42  332.71
 2012 273    4.33  -14.25  154.34  332.82
 2012 274    4.33  -14.25  140.26  332.92
 2012 275    4.33  -14.25  126.18  333.03
 2012 276    4.33  -14.25  112.10  333.13
 2012 277    4.33  -14.25   98.02  333.23
 2012 278    4.34  -14.26   83.94  333.34
 2012 279    4.34  -14.26   69.86  333.44
 2012 280    4.34  -14.26   55.77  333.55
 2012 281    4.34  -14.26   41.69  333.65
 2012 282    4.34  -14.26   27.61  333.75
 2012 283    4.34  -14.26   13.53  333.86
 2012 284    4.34  -14.26  359.45  333.96
 2012 285    4.34  -14.26  345.37  334.07
 2012 286    4.34  -14.26  331.29  334.17
 2012 287    4.35  -14.26  317.21  334.27
 2012 288    4.35  -14.26  303.13  334.38
 2012 289    4.35  -14.26  289.05  334.48
 2012 290    4.35  -14.26  274.97  334.58
 2012 291    4.35  -14.26  260.89  334.69
 2012 292    4.35  -14.26  246.81  334.79
 2012 293    4.35  -14.26  232.73  334.89
 2012 294    4.35  -14.26  218.64  335.00
 2012 295    4.35  -14.26  204.56  335.10
 2012 296    4.36  -14.26  190.48  335.20
 2012 297    4.36  -14.26  176.40  335.31
 2012 298    4.36  -14.25  162.32  335.41
 2012 299    4.36  -14.25  148.24  335.51
 2012 300    4.36  -14.25  134.16  335.62
 2012 301    4.36  -14.25  120.08  335.72
 2012 302    4.36  -14.25  105.99  335.82
 2012 303    4.36  -14.25   91.91  335.93
 2012 304    4.36  -14.25   77.83  336.03
 2012 305    4.36  -14.25   63.75  336.13
 2012 306    4.37  -14.25   49.67  336.23
 2012 307    4.37  -14.25   35.59  336.34
 2012 308    4.37  -14.25   21.50  336.44
 2012 309    4.37  -14.25    7.42  336.54
 2012 310    4.37  -14.25  353.34  336.64
 2012 311    4.37  -14.24  339.26  336.75
 2012 312    4.37  -14.24  325.18  336.85
 2012 313    4.37  -14.24  311.09  336.95
 2012 314    4.37  -14.24  297.01  337.05
 2012 315    4.38  -14.24  282.93  337.16
 2012 316    4.38  -14.24  268.85  337.26
 2012 317    4.38  -14.24  254.77  337.36
 2012 318    4.38  -14.24  240.68  337.46
 2012 319    4.38  -14.24  226.60  337.56
 2012 320    4.38  -14.23  212.52  337.67
 2012 321    4.38  -14.23  198.44  337.77
 2012 322    4.38  -14.23  184.35  337.87
 2012 323    4.38  -14.23  170.27  337.97
 2012 324    4.38  -14.23  156.19  338.07
 2012 325    4.39  -14.23  142.11  338.18
 2012 326    4.39  -14.22  128.02  338.28
 2012 327    4.39  -14.22  113.94  338.38
 2012 328    4.39  -14.22   99.86  338.48
 2012 329    4.39  -14.22   85.77  338.58
 2012 330    4.39  -14.22   71.69  338.68
 2012 331    4.39  -14.22   57.61  338.78
 2012 332    4.39  -14.21   43.53  338.89
 2012 333    4.39  -14.21   29.44  338.99
 2012 334    4.39  -14.21   15.36  339.09
 2012 335    4.40  -14.21    1.28  339.19
 2012 336    4.40  -14.21  347.19  339.29
 2012 337    4.40  -14.20  333.11  339.39
 2012 338    4.40  -14.20  319.03  339.49
 2012 339    4.40  -14.20  304.94  339.59
 2012 340    4.40  -14.20  290.86  339.70
 2012 341    4.40  -14.19  276.78  339.80
 2012 342    4.40  -14.19  262.69  339.90
 2012 343    4.40  -14.19  248.61  340.00
 2012 344    4.40  -14.19  234.53  340.10
 2012 345    4.41  -14.19  220.44  340.20
 2012 346    4.41  -14.18  206.36  340.30
 2012 347    4.41  -14.18  192.27  340.40
 2012 348    4.41  -14.18  178.19  340.50
 2012 349    4.41  -14.17  164.11  340.60
 2012 350    4.41  -14.17  150.02  340.70
 2012 351    4.41  -14.17  135.94  340.80
 2012 352    4.41  -14.17  121.86  340.90
 2012 353    4.41  -14.16  107.77  341.00
 2012 354    4.41  -14.16   93.69  341.11
 2012 355    4.41  -14.16   79.60  341.21
 2012 356    4.42  -14.16   65.52  341.31
 2012 357    4.42  -14.15   51.44  341.41
 2012 358    4.42  -14.15   37.35  341.51
 2012 359    4.42  -14.15   23.27  341.61
 2012 360    4.42  -14.14    9.18  341.71
 2012 361    4.42  -14.14  355.10  341.81
 2012 362    4.42  -14.14  341.01  341.91
 2012 363    4.42  -14.13  326.93  342.01
 2012 364    4.42  -14.13  312.85  342.11
 2012 365    4.42  -14.13  298.76  342.21
